Log file open, 10/01/20 11:48:07
LogInit: Display: Running engine for game: UnrealVR
LogPlatformFile: Not using cached read wrapper
LogTaskGraph: Started task graph with 5 named threads and 14 total threads with 3 sets of task threads.
LogStats: Stats thread started at 0.220030
LogD3D11RHI: Loaded GFSDK_Aftermath_Lib.x64.dll
LogICUInternationalization: ICU TimeZone Detection - Raw Offset: +1:00, Platform Override: ''
LogPluginManager: Mounting plugin Paper2D
LogPluginManager: Mounting plugin AISupport
LogPluginManager: Mounting plugin LightPropagationVolume
LogPluginManager: Mounting plugin CameraShakePreviewer
LogPluginManager: Mounting plugin ActorLayerUtilities
LogPluginManager: Mounting plugin AnimationSharing
LogPluginManager: Mounting plugin CLionSourceCodeAccess
LogPluginManager: Mounting plugin CodeLiteSourceCodeAccess
LogPluginManager: Mounting plugin GitSourceControl
LogPluginManager: Mounting plugin KDevelopSourceCodeAccess
LogPluginManager: Mounting plugin NullSourceCodeAccess
LogPluginManager: Mounting plugin PerforceSourceControl
LogPluginManager: Mounting plugin PlasticSourceControl
LogPluginManager: Mounting plugin RiderSourceCodeAccess
LogPluginManager: Mounting plugin SubversionSourceControl
LogPluginManager: Mounting plugin UObjectPlugin
LogPluginManager: Mounting plugin VisualStudioCodeSourceCodeAccess
LogPluginManager: Mounting plugin VisualStudioSourceCodeAccess
LogPluginManager: Mounting plugin XCodeSourceCodeAccess
LogPluginManager: Mounting plugin AssetManagerEditor
LogPluginManager: Mounting plugin CryptoKeys
LogPluginManager: Mounting plugin CurveEditorTools
LogPluginManager: Mounting plugin DataValidation
LogPluginManager: Mounting plugin EditorScriptingUtilities
LogPluginManager: Mounting plugin FacialAnimation
LogPluginManager: Mounting plugin GameplayTagsEditor
LogPluginManager: Mounting plugin GeometryMode
LogPluginManager: Mounting plugin MacGraphicsSwitching
LogPluginManager: Mounting plugin MaterialAnalyzer
LogPluginManager: Mounting plugin MobileLauncherProfileWizard
LogPluginManager: Mounting plugin PluginBrowser
LogPluginManager: Mounting plugin SpeedTreeImporter
LogPluginManager: Mounting plugin DatasmithContent
LogPluginManager: Mounting plugin VariantManagerContent
LogPluginManager: Mounting plugin AlembicImporter
LogPluginManager: Mounting plugin AutomationUtils
LogPluginManager: Mounting plugin BackChannel
LogPluginManager: Mounting plugin ChaosCloth
LogPluginManager: Mounting plugin ChaosClothEditor
LogPluginManager: Mounting plugin ChaosEditor
LogPluginManager: Mounting plugin ChaosNiagara
LogPluginManager: Mounting plugin ChaosSolverPlugin
LogPluginManager: Mounting plugin CharacterAI
LogPluginManager: Mounting plugin GeometryCache
LogPluginManager: Mounting plugin GeometryCollectionPlugin
LogPluginManager: Mounting plugin GeometryProcessing
LogPluginManager: Mounting plugin PlanarCut
LogPluginManager: Mounting plugin PlatformCrypto
LogPluginManager: Mounting plugin ProxyLODPlugin
LogPluginManager: Mounting plugin SkeletalReduction
LogPluginManager: Mounting plugin Niagara
LogPluginManager: Mounting plugin MagicLeap
LogPluginManager: Mounting plugin MagicLeapLightEstimation
LogPluginManager: Mounting plugin MagicLeapMedia
LogPluginManager: Mounting plugin MagicLeapPassableWorld
LogPluginManager: Mounting plugin MLSDK
LogPluginManager: Mounting plugin UIWS
LogPluginManager: Mounting plugin AndroidMedia
LogPluginManager: Mounting plugin AvfMedia
LogPluginManager: Mounting plugin ImgMedia
LogPluginManager: Mounting plugin MediaCompositing
LogPluginManager: Mounting plugin MediaPlayerEditor
LogPluginManager: Mounting plugin WebMMedia
LogPluginManager: Mounting plugin WmfMedia
LogPluginManager: Mounting plugin MeshPainting
LogPluginManager: Mounting plugin TcpMessaging
LogPluginManager: Mounting plugin UdpMessaging
LogPluginManager: Mounting plugin ActorSequence
LogPluginManager: Mounting plugin LevelSequenceEditor
LogPluginManager: Mounting plugin MatineeToLevelSequence
LogPluginManager: Mounting plugin MovieRenderPipeline
LogPluginManager: Mounting plugin TemplateSequence
LogPluginManager: Mounting plugin NetcodeUnitTest
LogPluginManager: Mounting plugin NUTUnrealEngine4
LogPluginManager: Mounting plugin OnlineSubsystemGooglePlay
LogPluginManager: Mounting plugin OnlineSubsystemIOS
LogPluginManager: Mounting plugin OnlineSubsystem
LogPluginManager: Mounting plugin OnlineSubsystemNull
LogPluginManager: Mounting plugin OnlineSubsystemUtils
LogPluginManager: Mounting plugin LauncherChunkInstaller
LogPluginManager: Mounting plugin AndroidDeviceProfileSelector
LogPluginManager: Mounting plugin AndroidMoviePlayer
LogPluginManager: Mounting plugin AndroidPermission
LogPluginManager: Mounting plugin AppleImageUtils
LogPluginManager: Mounting plugin AppleMoviePlayer
LogPluginManager: Mounting plugin ArchVisCharacter
LogPluginManager: Mounting plugin AssetTags
LogPluginManager: Mounting plugin AudioCapture
LogPluginManager: Mounting plugin CableComponent
LogPluginManager: Mounting plugin CustomMeshComponent
LogPluginManager: Mounting plugin EditableMesh
LogPluginManager: Mounting plugin ExampleDeviceProfileSelector
LogPluginManager: Mounting plugin GoogleCloudMessaging
LogPluginManager: Mounting plugin GooglePAD
LogPluginManager: Mounting plugin IOSDeviceProfileSelector
LogPluginManager: Mounting plugin LinuxDeviceProfileSelector
LogPluginManager: Mounting plugin LocationServicesBPLibrary
LogPluginManager: Mounting plugin MobilePatchingUtils
LogPluginManager: Mounting plugin OculusVR
LogPluginManager: Mounting plugin PhysXVehicles
LogPluginManager: Mounting plugin PostSplashScreen
LogPluginManager: Mounting plugin ProceduralMeshComponent
LogPluginManager: Mounting plugin RuntimePhysXCooking
LogPluginManager: Mounting plugin SignificanceManager
LogPluginManager: Mounting plugin SoundFields
LogPluginManager: Mounting plugin SteamVR
LogPluginManager: Mounting plugin Synthesis
LogPluginManager: Mounting plugin WebMMoviePlayer
LogPluginManager: Mounting plugin WindowsMoviePlayer
LogPluginManager: Mounting plugin ScreenshotTools
LogInit: Using libcurl 7.55.1-DEV
LogInit:  - built for x86_64-pc-win32
LogInit:  - supports SSL with OpenSSL/1.1.1
LogInit:  - supports HTTP deflate (compression) using libz 1.2.8
LogInit:  - other features:
LogInit:      CURL_VERSION_SSL
LogInit:      CURL_VERSION_LIBZ
LogInit:      CURL_VERSION_IPV6
LogInit:      CURL_VERSION_ASYNCHDNS
LogInit:      CURL_VERSION_LARGEFILE
LogInit:      CURL_VERSION_IDN
LogInit:  CurlRequestOptions (configurable via config and command line):
LogInit:  - bVerifyPeer = true  - Libcurl will verify peer certificate
LogInit:  - bUseHttpProxy = false  - Libcurl will NOT use HTTP proxy
LogInit:  - bDontReuseConnections = false  - Libcurl will reuse connections
LogInit:  - MaxHostConnections = 16  - Libcurl will limit the number of connections to a host
LogInit:  - LocalHostAddr = Default
LogInit:  - BufferSize = 65536
LogOnline: OSS: Creating online subsystem instance for: NULL
LogInit: WinSock: version 1.1 (2.2), MaxSocks=32767, MaxUdp=65467
LogOnline: OSS: TryLoadSubsystemAndSetDefault: Loaded subsystem for module [NULL]
LogInit: Build: ++UE4+Release-4.25-CL-13942748
LogInit: Engine Version: 4.25.3-13942748+++UE4+Release-4.25
LogInit: Compatible Engine Version: 4.25.0-13144385+++UE4+Release-4.25
LogInit: Net CL: 13144385
LogInit: OS: Windows 10 (Release 1909) (), CPU: Intel(R) Core(TM) i5-6500 CPU @ 3.20GHz, GPU: NVIDIA GeForce GTX 1060 6GB
LogInit: Compiled (64-bit): Jul 25 2020 02:07:48
LogInit: Compiled with Visual C++: 19.24.28315.00
LogInit: Build Configuration: Development
LogInit: Branch Name: ++UE4+Release-4.25
LogInit: Command Line:  -EpicPortal -epicusername=Rimeh_ -epicuserid=3620de3b46744791bae9bb86c3c88c80 -epiclocale=en
LogInit: Base Directory: C:/Program Files/Epic Games/UE_4.25/Engine/Binaries/Win64/
LogInit: Allocator: TBB
LogInit: Installed Engine Build: 1
LogDevObjectVersion: Number of dev versions registered: 26
LogDevObjectVersion:   Dev-Blueprints (B0D832E4-1F89-4F0D-ACCF-7EB736FD4AA2): 10
LogDevObjectVersion:   Dev-Build (E1C64328-A22C-4D53-A36C-8E866417BD8C): 0
LogDevObjectVersion:   Dev-Core (375EC13C-06E4-48FB-B500-84F0262A717E): 4
LogDevObjectVersion:   Dev-Editor (E4B068ED-F494-42E9-A231-DA0B2E46BB41): 38
LogDevObjectVersion:   Dev-Framework (CFFC743F-43B0-4480-9391-14DF171D2073): 37
LogDevObjectVersion:   Dev-Mobile (B02B49B5-BB20-44E9-A304-32B752E40360): 2
LogDevObjectVersion:   Dev-Networking (A4E4105C-59A1-49B5-A7C5-40C4547EDFEE): 0
LogDevObjectVersion:   Dev-Online (39C831C9-5AE6-47DC-9A44-9C173E1C8E7C): 0
LogDevObjectVersion:   Dev-Physics (78F01B33-EBEA-4F98-B9B4-84EACCB95AA2): 4
LogDevObjectVersion:   Dev-Platform (6631380F-2D4D-43E0-8009-CF276956A95A): 0
LogDevObjectVersion:   Dev-Rendering (12F88B9F-8875-4AFC-A67C-D90C383ABD29): 43
LogDevObjectVersion:   Dev-Sequencer (7B5AE74C-D270-4C10-A958-57980B212A5A): 12
LogDevObjectVersion:   Dev-VR (D7296918-1DD6-4BDD-9DE2-64A83CC13884): 3
LogDevObjectVersion:   Dev-LoadTimes (C2A15278-BFE7-4AFE-6C17-90FF531DF755): 1
LogDevObjectVersion:   Private-Geometry (6EACA3D4-40EC-4CC1-B786-8BED09428FC5): 3
LogDevObjectVersion:   Dev-AnimPhys (29E575DD-E0A3-4627-9D10-D276232CDCEA): 17
LogDevObjectVersion:   Dev-Anim (AF43A65D-7FD3-4947-9873-3E8ED9C1BB05): 7
LogDevObjectVersion:   Dev-ReflectionCapture (6B266CEC-1EC7-4B8F-A30B-E4D90942FC07): 1
LogDevObjectVersion:   Dev-Automation (0DF73D61-A23F-47EA-B727-89E90C41499A): 1
LogDevObjectVersion:   FortniteMain (601D1886-AC64-4F84-AA16-D3DE0DEAC7D6): 31
LogDevObjectVersion:   Dev-Enterprise (9DFFBCD6-494F-0158-E221-12823C92A888): 10
LogDevObjectVersion:   Dev-Niagara (F2AED0AC-9AFE-416F-8664-AA7FFA26D6FC): 1
LogDevObjectVersion:   Dev-Destruction (174F1F0B-B4C6-45A5-B13F-2EE8D0FB917D): 10
LogDevObjectVersion:   Dev-Physics-Ext (35F94A83-E258-406C-A318-09F59610247C): 37
LogDevObjectVersion:   Dev-PhysicsMaterial-Chaos (B68FC16E-8B1B-42E2-B453-215C058844FE): 1
LogDevObjectVersion:   Dev-CineCamera (B2E18506-4273-CFC2-A54E-F4BB758BBA07): 1
LogInit: Presizing for max 25165824 objects, including 0 objects not considered by GC, pre-allocating 0 bytes for permanent pool.
LogConfig: Applying CVar settings from Section [/Script/Engine.StreamingSettings] File [C:/Users/454928/Documents/School/Year 4/SSS/Project/VRLivePerformance/UnrealVRLivePerformance/UnrealVR/Saved/Config/Windows/Engine.ini]
LogConfig: Setting CVar [[s.MinBulkDataSizeForAsyncLoading:131072]]
LogConfig: Setting CVar [[s.AsyncLoadingThreadEnabled:0]]
LogConfig: Setting CVar [[s.EventDrivenLoaderEnabled:1]]
LogConfig: Setting CVar [[s.WarnIfTimeLimitExceeded:0]]
LogConfig: Setting CVar [[s.TimeLimitExceededMultiplier:1.5]]
LogConfig: Setting CVar [[s.TimeLimitExceededMinTime:0.005]]
LogConfig: Setting CVar [[s.UseBackgroundLevelStreaming:1]]
LogConfig: Setting CVar [[s.PriorityAsyncLoadingExtraTime:15.0]]
LogConfig: Setting CVar [[s.LevelStreamingActorsUpdateTimeLimit:5.0]]
LogConfig: Setting CVar [[s.PriorityLevelStreamingActorsUpdateExtraTime:5.0]]
LogConfig: Setting CVar [[s.LevelStreamingComponentsRegistrationGranularity:10]]
LogConfig: Setting CVar [[s.UnregisterComponentsTimeLimit:1.0]]
LogConfig: Setting CVar [[s.LevelStreamingComponentsUnregistrationGranularity:5]]
LogConfig: Setting CVar [[s.FlushStreamingOnExit:1]]
LogInit: Object subsystem initialized
LogConfig: Setting CVar [[con.DebugEarlyDefault:1]]
LogConfig: Setting CVar [[r.setres:1280x720]]
[2020.10.01-09.48.07:369][  0]LogConfig: Setting CVar [[r.VSync:0]]
[2020.10.01-09.48.07:369][  0]LogConfig: Setting CVar [[r.RHICmdBypass:0]]
[2020.10.01-09.48.07:369][  0]LogConfig: Applying CVar settings from Section [/Script/Engine.RendererSettings] File [C:/Users/454928/Documents/School/Year 4/SSS/Project/VRLivePerformance/UnrealVRLivePerformance/UnrealVR/Saved/Config/Windows/Engine.ini]
[2020.10.01-09.48.07:369][  0]LogConfig: Setting CVar [[r.GPUCrashDebugging:0]]
[2020.10.01-09.48.07:369][  0]LogConfig: Setting CVar [[r.Mobile.DisableVertexFog:1]]
[2020.10.01-09.48.07:369][  0]LogConfig: Setting CVar [[r.Shadow.CSM.MaxMobileCascades:2]]
[2020.10.01-09.48.07:369][  0]LogConfig: Setting CVar [[r.MobileMSAA:1]]
[2020.10.01-09.48.07:369][  0]LogConfig: Setting CVar [[r.Mobile.UseLegacyShadingModel:0]]
[2020.10.01-09.48.07:369][  0]LogConfig: Setting CVar [[r.Mobile.AllowDitheredLODTransition:0]]
[2020.10.01-09.48.07:369][  0]LogConfig: Setting CVar [[r.Mobile.AllowSoftwareOcclusion:0]]
[2020.10.01-09.48.07:369][  0]LogConfig: Setting CVar [[r.Mobile.VirtualTextures:0]]
[2020.10.01-09.48.07:369][  0]LogConfig: Setting CVar [[r.DiscardUnusedQuality:0]]
[2020.10.01-09.48.07:369][  0]LogConfig: Setting CVar [[r.AllowOcclusionQueries:1]]
[2020.10.01-09.48.07:369][  0]LogConfig: Setting CVar [[r.MinScreenRadiusForLights:0.030000]]
[2020.10.01-09.48.07:369][  0]LogConfig: Setting CVar [[r.MinScreenRadiusForDepthPrepass:0.030000]]
[2020.10.01-09.48.07:369][  0]LogConfig: Setting CVar [[r.MinScreenRadiusForCSMDepth:0.010000]]
[2020.10.01-09.48.07:369][  0]LogConfig: Setting CVar [[r.PrecomputedVisibilityWarning:0]]
[2020.10.01-09.48.07:369][  0]LogConfig: Setting CVar [[r.TextureStreaming:1]]
[2020.10.01-09.48.07:369][  0]LogConfig: Setting CVar [[Compat.UseDXT5NormalMaps:0]]
[2020.10.01-09.48.07:369][  0]LogConfig: Setting CVar [[r.VirtualTextures:0]]
[2020.10.01-09.48.07:369][  0]LogConfig: Setting CVar [[r.VirtualTexturedLightmaps:0]]
[2020.10.01-09.48.07:369][  0]LogConfig: Setting CVar [[r.VT.TileSize:128]]
[2020.10.01-09.48.07:369][  0]LogConfig: Setting CVar [[r.VT.TileBorderSize:4]]
[2020.10.01-09.48.07:369][  0]LogConfig: Setting CVar [[r.vt.FeedbackFactor:16]]
[2020.10.01-09.48.07:369][  0]LogConfig: Setting CVar [[r.VT.EnableCompressZlib:1]]
[2020.10.01-09.48.07:369][  0]LogConfig: Setting CVar [[r.VT.EnableCompressCrunch:0]]
[2020.10.01-09.48.07:369][  0]LogConfig: Setting CVar [[r.ClearCoatNormal:0]]
[2020.10.01-09.48.07:369][  0]LogConfig: Setting CVar [[r.AnisotropicBRDF:0]]
[2020.10.01-09.48.07:369][  0]LogConfig: Setting CVar [[r.ReflectionCaptureResolution:128]]
[2020.10.01-09.48.07:369][  0]LogConfig: Setting CVar [[r.ReflectionEnvironmentLightmapMixBasedOnRoughness:1]]
[2020.10.01-09.48.07:369][  0]LogConfig: Setting CVar [[r.ForwardShading:0]]
[2020.10.01-09.48.07:369][  0]LogConfig: Setting CVar [[r.VertexFoggingForOpaque:1]]
[2020.10.01-09.48.07:369][  0]LogConfig: Setting CVar [[r.AllowStaticLighting:1]]
[2020.10.01-09.48.07:370][  0]LogConfig: Setting CVar [[r.NormalMapsForStaticLighting:0]]
[2020.10.01-09.48.07:370][  0]LogConfig: Setting CVar [[r.GenerateMeshDistanceFields:0]]
[2020.10.01-09.48.07:370][  0]LogConfig: Setting CVar [[r.DistanceFieldBuild.EightBit:0]]
[2020.10.01-09.48.07:370][  0]LogConfig: Setting CVar [[r.GenerateLandscapeGIData:0]]
[2020.10.01-09.48.07:370][  0]LogConfig: Setting CVar [[r.DistanceFieldBuild.Compress:0]]
[2020.10.01-09.48.07:370][  0]LogConfig: Setting CVar [[r.TessellationAdaptivePixelsPerTriangle:48.000000]]
[2020.10.01-09.48.07:370][  0]LogConfig: Setting CVar [[r.SeparateTranslucency:0]]
[2020.10.01-09.48.07:370][  0]LogConfig: Setting CVar [[r.TranslucentSortPolicy:0]]
[2020.10.01-09.48.07:370][  0]LogConfig: Setting CVar [[r.CustomDepth:1]]
[2020.10.01-09.48.07:370][  0]LogConfig: Setting CVar [[r.CustomDepthTemporalAAJitter:1]]
[2020.10.01-09.48.07:370][  0]LogConfig: Setting CVar [[r.PostProcessing.PropagateAlpha:0]]
[2020.10.01-09.48.07:370][  0]LogConfig: Setting CVar [[r.DefaultFeature.Bloom:0]]
[2020.10.01-09.48.07:370][  0]LogConfig: Setting CVar [[r.DefaultFeature.AmbientOcclusion:0]]
[2020.10.01-09.48.07:370][  0]LogConfig: Setting CVar [[r.DefaultFeature.AmbientOcclusionStaticFraction:0]]
[2020.10.01-09.48.07:370][  0]LogConfig: Setting CVar [[r.DefaultFeature.AutoExposure:0]]
[2020.10.01-09.48.07:370][  0]LogConfig: Setting CVar [[r.DefaultFeature.AutoExposure.Method:0]]
[2020.10.01-09.48.07:370][  0]LogConfig: Setting CVar [[r.DefaultFeature.AutoExposure.Bias:1.000000]]
[2020.10.01-09.48.07:370][  0]LogConfig: Setting CVar [[r.DefaultFeature.AutoExposure.ExtendDefaultLuminanceRange:0]]
[2020.10.01-09.48.07:370][  0]LogConfig: Setting CVar [[r.UsePreExposure:1]]
[2020.10.01-09.48.07:370][  0]LogConfig: Setting CVar [[r.EyeAdaptation.EditorOnly:0]]
[2020.10.01-09.48.07:370][  0]LogConfig: Setting CVar [[r.DefaultFeature.MotionBlur:0]]
[2020.10.01-09.48.07:370][  0]LogConfig: Setting CVar [[r.DefaultFeature.LensFlare:0]]
[2020.10.01-09.48.07:370][  0]LogConfig: Setting CVar [[r.TemporalAA.Upsampling:0]]
[2020.10.01-09.48.07:370][  0]LogConfig: Setting CVar [[r.SSGI.Enable:0]]
[2020.10.01-09.48.07:370][  0]LogConfig: Setting CVar [[r.DefaultFeature.AntiAliasing:0]]
[2020.10.01-09.48.07:370][  0]LogConfig: Setting CVar [[r.DefaultFeature.LightUnits:1]]
[2020.10.01-09.48.07:370][  0]LogConfig: Setting CVar [[r.DefaultBackBufferPixelFormat:4]]
[2020.10.01-09.48.07:370][  0]LogConfig: Setting CVar [[r.Shadow.UnbuiltPreviewInGame:1]]
[2020.10.01-09.48.07:370][  0]LogConfig: Setting CVar [[r.StencilForLODDither:0]]
[2020.10.01-09.48.07:370][  0]LogConfig: Setting CVar [[r.EarlyZPass:3]]
[2020.10.01-09.48.07:370][  0]LogConfig: Setting CVar [[r.EarlyZPassOnlyMaterialMasking:0]]
[2020.10.01-09.48.07:370][  0]LogConfig: Setting CVar [[r.DBuffer:1]]
[2020.10.01-09.48.07:370][  0]LogConfig: Setting CVar [[r.ClearSceneMethod:1]]
[2020.10.01-09.48.07:370][  0]LogConfig: Setting CVar [[r.BasePassOutputsVelocity:0]]
[2020.10.01-09.48.07:370][  0]LogConfig: Setting CVar [[r.VertexDeformationOutputsVelocity:0]]
[2020.10.01-09.48.07:370][  0]LogConfig: Setting CVar [[r.SelectiveBasePassOutputs:0]]
[2020.10.01-09.48.07:370][  0]LogConfig: Setting CVar [[fx.GPUSimulationTextureSizeX:1024]]
[2020.10.01-09.48.07:370][  0]LogConfig: Setting CVar [[fx.GPUSimulationTextureSizeY:1024]]
[2020.10.01-09.48.07:370][  0]LogConfig: Setting CVar [[r.AllowGlobalClipPlane:0]]
[2020.10.01-09.48.07:370][  0]LogConfig: Setting CVar [[r.GBufferFormat:1]]
[2020.10.01-09.48.07:370][  0]LogConfig: Setting CVar [[r.MorphTarget.Mode:1]]
[2020.10.01-09.48.07:370][  0]LogConfig: Setting CVar [[vr.InstancedStereo:1]]
[2020.10.01-09.48.07:370][  0]LogConfig: Setting CVar [[r.MobileHDR:1]]
[2020.10.01-09.48.07:370][  0]LogConfig: Setting CVar [[vr.MobileMultiView:0]]
[2020.10.01-09.48.07:370][  0]LogConfig: Setting CVar [[r.Mobile.UseHWsRGBEncoding:0]]
[2020.10.01-09.48.07:370][  0]LogConfig: Setting CVar [[vr.RoundRobinOcclusion:0]]
[2020.10.01-09.48.07:370][  0]LogConfig: Setting CVar [[vr.ODSCapture:0]]
[2020.10.01-09.48.07:370][  0]LogConfig: Setting CVar [[r.MeshStreaming:0]]
[2020.10.01-09.48.07:370][  0]LogConfig: Setting CVar [[r.WireframeCullThreshold:5.000000]]
[2020.10.01-09.48.07:370][  0]LogConfig: Setting CVar [[r.RayTracing:0]]
[2020.10.01-09.48.07:370][  0]LogConfig: Setting CVar [[r.RayTracing.UseTextureLod:0]]
[2020.10.01-09.48.07:370][  0]LogConfig: Setting CVar [[r.SupportStationarySkylight:1]]
[2020.10.01-09.48.07:370][  0]LogConfig: Setting CVar [[r.SupportLowQualityLightmaps:1]]
[2020.10.01-09.48.07:370][  0]LogConfig: Setting CVar [[r.SupportPointLightWholeSceneShadows:1]]
[2020.10.01-09.48.07:370][  0]LogConfig: Setting CVar [[r.SupportAtmosphericFog:1]]
[2020.10.01-09.48.07:370][  0]LogConfig: Setting CVar [[r.SupportSkyAtmosphere:1]]
[2020.10.01-09.48.07:370][  0]LogConfig: Setting CVar [[r.SupportSkyAtmosphereAffectsHeightFog:0]]
[2020.10.01-09.48.07:370][  0]LogConfig: Setting CVar [[r.SkinCache.CompileShaders:0]]
[2020.10.01-09.48.07:370][  0]LogConfig: Setting CVar [[r.SkinCache.DefaultBehavior:1]]
[2020.10.01-09.48.07:370][  0]LogConfig: Setting CVar [[r.SkinCache.SceneMemoryLimitInMB:128.000000]]
[2020.10.01-09.48.07:370][  0]LogConfig: Setting CVar [[r.Mobile.EnableStaticAndCSMShadowReceivers:1]]
[2020.10.01-09.48.07:370][  0]LogConfig: Setting CVar [[r.Mobile.EnableMovableLightCSMShaderCulling:1]]
[2020.10.01-09.48.07:371][  0]LogConfig: Setting CVar [[r.Mobile.AllowDistanceFieldShadows:1]]
[2020.10.01-09.48.07:371][  0]LogConfig: Setting CVar [[r.Mobile.AllowMovableDirectionalLights:1]]
[2020.10.01-09.48.07:371][  0]LogConfig: Setting CVar [[r.MobileNumDynamicPointLights:4]]
[2020.10.01-09.48.07:371][  0]LogConfig: Setting CVar [[r.MobileDynamicPointLightsUseStaticBranch:1]]
[2020.10.01-09.48.07:371][  0]LogConfig: Setting CVar [[r.Mobile.EnableMovableSpotlights:0]]
[2020.10.01-09.48.07:371][  0]LogConfig: Setting CVar [[r.GPUSkin.Support16BitBoneIndex:0]]
[2020.10.01-09.48.07:371][  0]LogConfig: Setting CVar [[r.GPUSkin.Limit2BoneInfluences:0]]
[2020.10.01-09.48.07:371][  0]LogConfig: Setting CVar [[r.SupportDepthOnlyIndexBuffers:1]]
[2020.10.01-09.48.07:371][  0]LogConfig: Setting CVar [[r.SupportReversedIndexBuffers:1]]
[2020.10.01-09.48.07:371][  0]LogConfig: Setting CVar [[r.SupportMaterialLayers:0]]
[2020.10.01-09.48.07:371][  0]LogConfig: Setting CVar [[r.LightPropagationVolume:0]]
[2020.10.01-09.48.07:371][  0]LogConfig: Applying CVar settings from Section [/Script/Engine.RendererOverrideSettings] File [C:/Users/454928/Documents/School/Year 4/SSS/Project/VRLivePerformance/UnrealVRLivePerformance/UnrealVR/Saved/Config/Windows/Engine.ini]
[2020.10.01-09.48.07:371][  0]LogConfig: Applying CVar settings from Section [/Script/Engine.StreamingSettings] File [C:/Users/454928/Documents/School/Year 4/SSS/Project/VRLivePerformance/UnrealVRLivePerformance/UnrealVR/Saved/Config/Windows/Engine.ini]
[2020.10.01-09.48.07:371][  0]LogConfig: Setting CVar [[s.MinBulkDataSizeForAsyncLoading:131072]]
[2020.10.01-09.48.07:371][  0]LogConfig: Setting CVar [[s.AsyncLoadingThreadEnabled:0]]
[2020.10.01-09.48.07:371][  0]LogConfig: Setting CVar [[s.EventDrivenLoaderEnabled:1]]
[2020.10.01-09.48.07:371][  0]LogConfig: Setting CVar [[s.WarnIfTimeLimitExceeded:0]]
[2020.10.01-09.48.07:371][  0]LogConfig: Setting CVar [[s.TimeLimitExceededMultiplier:1.5]]
[2020.10.01-09.48.07:371][  0]LogConfig: Setting CVar [[s.TimeLimitExceededMinTime:0.005]]
[2020.10.01-09.48.07:371][  0]LogConfig: Setting CVar [[s.UseBackgroundLevelStreaming:1]]
[2020.10.01-09.48.07:371][  0]LogConfig: Setting CVar [[s.PriorityAsyncLoadingExtraTime:15.0]]
[2020.10.01-09.48.07:371][  0]LogConfig: Setting CVar [[s.LevelStreamingActorsUpdateTimeLimit:5.0]]
[2020.10.01-09.48.07:371][  0]LogConfig: Setting CVar [[s.PriorityLevelStreamingActorsUpdateExtraTime:5.0]]
[2020.10.01-09.48.07:371][  0]LogConfig: Setting CVar [[s.LevelStreamingComponentsRegistrationGranularity:10]]
[2020.10.01-09.48.07:371][  0]LogConfig: Setting CVar [[s.UnregisterComponentsTimeLimit:1.0]]
[2020.10.01-09.48.07:371][  0]LogConfig: Setting CVar [[s.LevelStreamingComponentsUnregistrationGranularity:5]]
[2020.10.01-09.48.07:371][  0]LogConfig: Setting CVar [[s.FlushStreamingOnExit:1]]
[2020.10.01-09.48.07:371][  0]LogConfig: Applying CVar settings from Section [/Script/Engine.GarbageCollectionSettings] File [C:/Users/454928/Documents/School/Year 4/SSS/Project/VRLivePerformance/UnrealVRLivePerformance/UnrealVR/Saved/Config/Windows/Engine.ini]
[2020.10.01-09.48.07:371][  0]LogConfig: Setting CVar [[gc.MaxObjectsNotConsideredByGC:1]]
[2020.10.01-09.48.07:371][  0]LogConfig: Setting CVar [[gc.SizeOfPermanentObjectPool:0]]
[2020.10.01-09.48.07:371][  0]LogConfig: Setting CVar [[gc.FlushStreamingOnGC:0]]
[2020.10.01-09.48.07:371][  0]LogConfig: Setting CVar [[gc.NumRetriesBeforeForcingGC:10]]
[2020.10.01-09.48.07:371][  0]LogConfig: Setting CVar [[gc.AllowParallelGC:1]]
[2020.10.01-09.48.07:371][  0]LogConfig: Setting CVar [[gc.TimeBetweenPurgingPendingKillObjects:61.1]]
[2020.10.01-09.48.07:371][  0]LogConfig: Setting CVar [[gc.MaxObjectsInEditor:25165824]]
[2020.10.01-09.48.07:371][  0]LogConfig: Setting CVar [[gc.IncrementalBeginDestroyEnabled:1]]
[2020.10.01-09.48.07:371][  0]LogConfig: Setting CVar [[gc.CreateGCClusters:1]]
[2020.10.01-09.48.07:371][  0]LogConfig: Setting CVar [[gc.MinGCClusterSize:5]]
[2020.10.01-09.48.07:371][  0]LogConfig: Setting CVar [[gc.ActorClusteringEnabled:0]]
[2020.10.01-09.48.07:371][  0]LogConfig: Setting CVar [[gc.BlueprintClusteringEnabled:0]]
[2020.10.01-09.48.07:371][  0]LogConfig: Setting CVar [[gc.UseDisregardForGCOnDedicatedServers:0]]
[2020.10.01-09.48.07:371][  0]LogConfig: Applying CVar settings from Section [/Script/Engine.NetworkSettings] File [C:/Users/454928/Documents/School/Year 4/SSS/Project/VRLivePerformance/UnrealVRLivePerformance/UnrealVR/Saved/Config/Windows/Engine.ini]
[2020.10.01-09.48.07:371][  0]LogConfig: Applying CVar settings from Section [/Script/UnrealEd.CookerSettings] File [C:/Users/454928/Documents/School/Year 4/SSS/Project/VRLivePerformance/UnrealVRLivePerformance/UnrealVR/Saved/Config/Windows/Engine.ini]
[2020.10.01-09.48.07:383][  0]LogConfig: Applying CVar settings from Section [ViewDistanceQuality@3] File [C:/Users/454928/Documents/School/Year 4/SSS/Project/VRLivePerformance/UnrealVRLivePerformance/UnrealVR/Saved/Config/Windows/Scalability.ini]
[2020.10.01-09.48.07:383][  0]LogConfig: Setting CVar [[r.SkeletalMeshLODBias:0]]
[2020.10.01-09.48.07:383][  0]LogConfig: Setting CVar [[r.ViewDistanceScale:1.0]]
[2020.10.01-09.48.07:384][  0]LogConfig: Applying CVar settings from Section [AntiAliasingQuality@3] File [C:/Users/454928/Documents/School/Year 4/SSS/Project/VRLivePerformance/UnrealVRLivePerformance/UnrealVR/Saved/Config/Windows/Scalability.ini]
[2020.10.01-09.48.07:384][  0]LogConfig: Setting CVar [[r.PostProcessAAQuality:3]]
[2020.10.01-09.48.07:384][  0]LogConfig: Applying CVar settings from Section [ShadowQuality@3] File [C:/Users/454928/Documents/School/Year 4/SSS/Project/VRLivePerformance/UnrealVRLivePerformance/UnrealVR/Saved/Config/Windows/Scalability.ini]
[2020.10.01-09.48.07:384][  0]LogConfig: Setting CVar [[r.LightFunctionQuality:1]]
[2020.10.01-09.48.07:384][  0]LogConfig: Setting CVar [[r.ShadowQuality:5]]
[2020.10.01-09.48.07:384][  0]LogConfig: Setting CVar [[r.Shadow.CSM.MaxCascades:10]]
[2020.10.01-09.48.07:384][  0]LogConfig: Setting CVar [[r.Shadow.MaxResolution:2048]]
[2020.10.01-09.48.07:384][  0]LogConfig: Setting CVar [[r.Shadow.MaxCSMResolution:2048]]
[2020.10.01-09.48.07:384][  0]LogConfig: Setting CVar [[r.Shadow.RadiusThreshold:0.01]]
[2020.10.01-09.48.07:384][  0]LogConfig: Setting CVar [[r.Shadow.DistanceScale:1.0]]
[2020.10.01-09.48.07:384][  0]LogConfig: Setting CVar [[r.Shadow.CSM.TransitionScale:1.0]]
[2020.10.01-09.48.07:384][  0]LogConfig: Setting CVar [[r.Shadow.PreShadowResolutionFactor:1.0]]
[2020.10.01-09.48.07:384][  0]LogConfig: Setting CVar [[r.DistanceFieldShadowing:1]]
[2020.10.01-09.48.07:384][  0]LogConfig: Setting CVar [[r.DistanceFieldAO:1]]
[2020.10.01-09.48.07:384][  0]LogConfig: Setting CVar [[r.AOQuality:2]]
[2020.10.01-09.48.07:384][  0]LogConfig: Setting CVar [[r.VolumetricFog:1]]
[2020.10.01-09.48.07:384][  0]LogConfig: Setting CVar [[r.VolumetricFog.GridPixelSize:8]]
[2020.10.01-09.48.07:384][  0]LogConfig: Setting CVar [[r.VolumetricFog.GridSizeZ:128]]
[2020.10.01-09.48.07:384][  0]LogConfig: Setting CVar [[r.VolumetricFog.HistoryMissSupersampleCount:4]]
[2020.10.01-09.48.07:384][  0]LogConfig: Setting CVar [[r.LightMaxDrawDistanceScale:1]]
[2020.10.01-09.48.07:384][  0]LogConfig: Setting CVar [[r.CapsuleShadows:1]]
[2020.10.01-09.48.07:384][  0]LogConfig: Applying CVar settings from Section [PostProcessQuality@3] File [C:/Users/454928/Documents/School/Year 4/SSS/Project/VRLivePerformance/UnrealVRLivePerformance/UnrealVR/Saved/Config/Windows/Scalability.ini]
[2020.10.01-09.48.07:384][  0]LogConfig: Setting CVar [[r.MotionBlurQuality:0]]
[2020.10.01-09.48.07:384][  0]LogConfig: Setting CVar [[r.AmbientOcclusionMipLevelFactor:0.4]]
[2020.10.01-09.48.07:384][  0]LogConfig: Setting CVar [[r.AmbientOcclusionMaxQuality:100]]
[2020.10.01-09.48.07:384][  0]LogConfig: Setting CVar [[r.AmbientOcclusionLevels:0]]
[2020.10.01-09.48.07:384][  0]LogConfig: Setting CVar [[r.AmbientOcclusionRadiusScale:1.0]]
[2020.10.01-09.48.07:384][  0]LogConfig: Setting CVar [[r.DepthOfFieldQuality:0]]
[2020.10.01-09.48.07:384][  0]LogConfig: Setting CVar [[r.RenderTargetPoolMin:400]]
[2020.10.01-09.48.07:384][  0]LogConfig: Setting CVar [[r.LensFlareQuality:0]]
[2020.10.01-09.48.07:384][  0]LogConfig: Setting CVar [[r.SceneColorFringeQuality:0]]
[2020.10.01-09.48.07:384][  0]LogConfig: Setting CVar [[r.EyeAdaptationQuality:2]]
[2020.10.01-09.48.07:384][  0]LogConfig: Setting CVar [[r.BloomQuality:1]]
[2020.10.01-09.48.07:384][  0]LogConfig: Setting CVar [[r.FastBlurThreshold:0]]
[2020.10.01-09.48.07:384][  0]LogConfig: Setting CVar [[r.Upscale.Quality:3]]
[2020.10.01-09.48.07:384][  0]LogConfig: Setting CVar [[r.Tonemapper.GrainQuantization:1]]
[2020.10.01-09.48.07:384][  0]LogConfig: Setting CVar [[r.LightShaftQuality:1]]
[2020.10.01-09.48.07:384][  0]LogConfig: Setting CVar [[r.Filter.SizeScale:1]]
[2020.10.01-09.48.07:384][  0]LogConfig: Setting CVar [[r.Tonemapper.Quality:5]]
[2020.10.01-09.48.07:384][  0]LogConfig: Setting CVar [[r.DOF.Gather.AccumulatorQuality:1        ; higher gathering accumulator quality]]
[2020.10.01-09.48.07:384][  0]LogConfig: Setting CVar [[r.DOF.Gather.PostfilterMethod:1          ; Median3x3 postfilering method]]
[2020.10.01-09.48.07:384][  0]LogConfig: Setting CVar [[r.DOF.Gather.EnableBokehSettings:0       ; no bokeh simulation when gathering]]
[2020.10.01-09.48.07:384][  0]LogConfig: Setting CVar [[r.DOF.Gather.RingCount:4                 ; medium number of samples when gathering]]
[2020.10.01-09.48.07:384][  0]LogConfig: Setting CVar [[r.DOF.Scatter.ForegroundCompositing:1    ; additive foreground scattering]]
[2020.10.01-09.48.07:384][  0]LogConfig: Setting CVar [[r.DOF.Scatter.BackgroundCompositing:2    ; additive background scattering]]
[2020.10.01-09.48.07:384][  0]LogConfig: Setting CVar [[r.DOF.Scatter.EnableBokehSettings:1      ; bokeh simulation when scattering]]
[2020.10.01-09.48.07:384][  0]LogConfig: Setting CVar [[r.DOF.Scatter.MaxSpriteRatio:0.1         ; only a maximum of 10% of scattered bokeh]]
[2020.10.01-09.48.07:384][  0]LogConfig: Setting CVar [[r.DOF.Recombine.Quality:1                ; cheap slight out of focus]]
[2020.10.01-09.48.07:384][  0]LogConfig: Setting CVar [[r.DOF.Recombine.EnableBokehSettings:0    ; no bokeh simulation on slight out of focus]]
[2020.10.01-09.48.07:384][  0]LogConfig: Setting CVar [[r.DOF.TemporalAAQuality:1                ; more stable temporal accumulation]]
[2020.10.01-09.48.07:384][  0]LogConfig: Setting CVar [[r.DOF.Kernel.MaxForegroundRadius:0.025]]
[2020.10.01-09.48.07:385][  0]LogConfig: Setting CVar [[r.DOF.Kernel.MaxBackgroundRadius:0.025]]
[2020.10.01-09.48.07:385][  0]LogConfig: Applying CVar settings from Section [TextureQuality@3] File [C:/Users/454928/Documents/School/Year 4/SSS/Project/VRLivePerformance/UnrealVRLivePerformance/UnrealVR/Saved/Config/Windows/Scalability.ini]
[2020.10.01-09.48.07:385][  0]LogConfig: Setting CVar [[r.Streaming.MipBias:0]]
[2020.10.01-09.48.07:385][  0]LogConfig: Setting CVar [[r.Streaming.AmortizeCPUToGPUCopy:0]]
[2020.10.01-09.48.07:385][  0]LogConfig: Setting CVar [[r.Streaming.MaxNumTexturesToStreamPerFrame:0]]
[2020.10.01-09.48.07:385][  0]LogConfig: Setting CVar [[r.Streaming.Boost:1]]
[2020.10.01-09.48.07:385][  0]LogConfig: Setting CVar [[r.MaxAnisotropy:8]]
[2020.10.01-09.48.07:385][  0]LogConfig: Setting CVar [[r.VT.MaxAnisotropy:8]]
[2020.10.01-09.48.07:385][  0]LogConfig: Setting CVar [[r.Streaming.LimitPoolSizeToVRAM:0]]
[2020.10.01-09.48.07:385][  0]LogConfig: Setting CVar [[r.Streaming.PoolSize:1000]]
[2020.10.01-09.48.07:385][  0]LogConfig: Setting CVar [[r.Streaming.MaxEffectiveScreenSize:0]]
[2020.10.01-09.48.07:385][  0]LogConfig: Applying CVar settings from Section [EffectsQuality@3] File [C:/Users/454928/Documents/School/Year 4/SSS/Project/VRLivePerformance/UnrealVRLivePerformance/UnrealVR/Saved/Config/Windows/Scalability.ini]
[2020.10.01-09.48.07:385][  0]LogConfig: Setting CVar [[r.TranslucencyLightingVolumeDim:4]]
[2020.10.01-09.48.07:385][  0]LogConfig: Setting CVar [[r.RefractionQuality:2]]
[2020.10.01-09.48.07:385][  0]LogConfig: Setting CVar [[r.SSR.Quality:0]]
[2020.10.01-09.48.07:385][  0]LogConfig: Setting CVar [[r.SSR.HalfResSceneColor:0]]
[2020.10.01-09.48.07:385][  0]LogConfig: Setting CVar [[r.SceneColorFormat:2]]
[2020.10.01-09.48.07:385][  0]LogConfig: Setting CVar [[r.DetailMode:2]]
[2020.10.01-09.48.07:385][  0]LogConfig: Setting CVar [[r.TranslucencyVolumeBlur:0]]
[2020.10.01-09.48.07:385][  0]LogConfig: Setting CVar [[r.MaterialQualityLevel:1 ; High quality]]
[2020.10.01-09.48.07:385][  0]LogConfig: Setting CVar [[r.SSS.Scale:1]]
[2020.10.01-09.48.07:385][  0]LogConfig: Setting CVar [[r.SSS.SampleSet:2]]
[2020.10.01-09.48.07:385][  0]LogConfig: Setting CVar [[r.SSS.Quality:1]]
[2020.10.01-09.48.07:385][  0]LogConfig: Setting CVar [[r.SSS.HalfRes:0]]
[2020.10.01-09.48.07:385][  0]LogConfig: Setting CVar [[r.SSGI.Quality:3]]
[2020.10.01-09.48.07:385][  0]LogConfig: Setting CVar [[r.EmitterSpawnRateScale:1.0]]
[2020.10.01-09.48.07:385][  0]LogConfig: Setting CVar [[r.ParticleLightQuality:2]]
[2020.10.01-09.48.07:385][  0]LogConfig: Setting CVar [[r.SkyAtmosphere.AerialPerspectiveLUT.FastApplyOnOpaque:1 ; Always have FastSkyLUT 1 in this case to avoid wrong sky]]
[2020.10.01-09.48.07:385][  0]LogConfig: Setting CVar [[r.SkyAtmosphere.AerialPerspectiveLUT.SampleCountPerSlice:1]]
[2020.10.01-09.48.07:385][  0]LogConfig: Setting CVar [[r.SkyAtmosphere.AerialPerspectiveLUT.DepthResolution:16.0]]
[2020.10.01-09.48.07:385][  0]LogConfig: Setting CVar [[r.SkyAtmosphere.FastSkyLUT:1]]
[2020.10.01-09.48.07:385][  0]LogConfig: Setting CVar [[r.SkyAtmosphere.FastSkyLUT.SampleCountMin:4.0]]
[2020.10.01-09.48.07:385][  0]LogConfig: Setting CVar [[r.SkyAtmosphere.FastSkyLUT.SampleCountMax:32.0]]
[2020.10.01-09.48.07:385][  0]LogConfig: Setting CVar [[r.SkyAtmosphere.SampleCountMin:4.0]]
[2020.10.01-09.48.07:385][  0]LogConfig: Setting CVar [[r.SkyAtmosphere.SampleCountMax:32.0]]
[2020.10.01-09.48.07:385][  0]LogConfig: Setting CVar [[r.SkyAtmosphere.TransmittanceLUT.UseSmallFormat:0]]
[2020.10.01-09.48.07:385][  0]LogConfig: Setting CVar [[r.SkyAtmosphere.TransmittanceLUT.SampleCount:10.0]]
[2020.10.01-09.48.07:385][  0]LogConfig: Setting CVar [[r.SkyAtmosphere.MultiScatteringLUT.SampleCount:15.0]]
[2020.10.01-09.48.07:385][  0]LogConfig: Applying CVar settings from Section [FoliageQuality@3] File [C:/Users/454928/Documents/School/Year 4/SSS/Project/VRLivePerformance/UnrealVRLivePerformance/UnrealVR/Saved/Config/Windows/Scalability.ini]
[2020.10.01-09.48.07:385][  0]LogConfig: Setting CVar [[foliage.DensityScale:1.0]]
[2020.10.01-09.48.07:385][  0]LogConfig: Setting CVar [[grass.DensityScale:1.0]]
[2020.10.01-09.48.07:385][  0]LogConfig: Applying CVar settings from Section [ShadingQuality@3] File [C:/Users/454928/Documents/School/Year 4/SSS/Project/VRLivePerformance/UnrealVRLivePerformance/UnrealVR/Saved/Config/Windows/Scalability.ini]
[2020.10.01-09.48.07:385][  0]LogConfig: Setting CVar [[r.HairStrands.SkyLighting.SampleCount:16]]
[2020.10.01-09.48.07:385][  0]LogConfig: Setting CVar [[r.HairStrands.SkyLighting.JitterIntegration:0]]
[2020.10.01-09.48.07:385][  0]LogConfig: Setting CVar [[r.HairStrands.SkyAO.SampleCount:16]]
[2020.10.01-09.48.07:385][  0]LogConfig: Setting CVar [[r.HairStrands.DeepShadow.SuperSampling:0]]
[2020.10.01-09.48.07:385][  0]LogConfig: Setting CVar [[r.HairStrands.VisibilityPPLL:0]]
[2020.10.01-09.48.07:385][  0]LogConfig: Setting CVar [[r.HairStrands.RasterizationScale:0.5]]
[2020.10.01-09.48.07:385][  0]LogConfig: Setting CVar [[r.HairStrands.VelocityRasterizationScale:1]]
[2020.10.01-09.48.07:385][  0]LogInit: Selected Device Profile: [Windows]
[2020.10.01-09.48.07:385][  0]LogInit: Applying CVar settings loaded from the selected device profile: [Windows]
[2020.10.01-09.48.07:386][  0]LogHAL: Display: Platform has ~ 16 GB [17142865920 / 17179869184 / 16], which maps to Larger [LargestMinGB=32, LargerMinGB=12, DefaultMinGB=8, SmallerMinGB=6, SmallestMinGB=0)
[2020.10.01-09.48.07:386][  0]LogInit: Going up to parent DeviceProfile []
[2020.10.01-09.48.07:386][  0]LogConfig: Applying CVar settings from Section [ViewDistanceQuality@3] File [C:/Users/454928/Documents/School/Year 4/SSS/Project/VRLivePerformance/UnrealVRLivePerformance/UnrealVR/Saved/Config/Windows/Scalability.ini]
[2020.10.01-09.48.07:386][  0]LogConfig: Setting CVar [[r.SkeletalMeshLODBias:0]]
[2020.10.01-09.48.07:386][  0]LogConfig: Setting CVar [[r.ViewDistanceScale:1.0]]
[2020.10.01-09.48.07:386][  0]LogConfig: Applying CVar settings from Section [AntiAliasingQuality@3] File [C:/Users/454928/Documents/School/Year 4/SSS/Project/VRLivePerformance/UnrealVRLivePerformance/UnrealVR/Saved/Config/Windows/Scalability.ini]
[2020.10.01-09.48.07:386][  0]LogConfig: Setting CVar [[r.PostProcessAAQuality:3]]
[2020.10.01-09.48.07:386][  0]LogConfig: Applying CVar settings from Section [ShadowQuality@3] File [C:/Users/454928/Documents/School/Year 4/SSS/Project/VRLivePerformance/UnrealVRLivePerformance/UnrealVR/Saved/Config/Windows/Scalability.ini]
[2020.10.01-09.48.07:386][  0]LogConfig: Setting CVar [[r.LightFunctionQuality:1]]
[2020.10.01-09.48.07:386][  0]LogConfig: Setting CVar [[r.ShadowQuality:5]]
[2020.10.01-09.48.07:386][  0]LogConfig: Setting CVar [[r.Shadow.CSM.MaxCascades:10]]
[2020.10.01-09.48.07:386][  0]LogConfig: Setting CVar [[r.Shadow.MaxResolution:2048]]
[2020.10.01-09.48.07:386][  0]LogConfig: Setting CVar [[r.Shadow.MaxCSMResolution:2048]]
[2020.10.01-09.48.07:386][  0]LogConfig: Setting CVar [[r.Shadow.RadiusThreshold:0.01]]
[2020.10.01-09.48.07:386][  0]LogConfig: Setting CVar [[r.Shadow.DistanceScale:1.0]]
[2020.10.01-09.48.07:386][  0]LogConfig: Setting CVar [[r.Shadow.CSM.TransitionScale:1.0]]
[2020.10.01-09.48.07:386][  0]LogConfig: Setting CVar [[r.Shadow.PreShadowResolutionFactor:1.0]]
[2020.10.01-09.48.07:386][  0]LogConfig: Setting CVar [[r.DistanceFieldShadowing:1]]
[2020.10.01-09.48.07:386][  0]LogConfig: Setting CVar [[r.DistanceFieldAO:1]]
[2020.10.01-09.48.07:386][  0]LogConfig: Setting CVar [[r.AOQuality:2]]
[2020.10.01-09.48.07:386][  0]LogConfig: Setting CVar [[r.VolumetricFog:1]]
[2020.10.01-09.48.07:386][  0]LogConfig: Setting CVar [[r.VolumetricFog.GridPixelSize:8]]
[2020.10.01-09.48.07:386][  0]LogConfig: Setting CVar [[r.VolumetricFog.GridSizeZ:128]]
[2020.10.01-09.48.07:386][  0]LogConfig: Setting CVar [[r.VolumetricFog.HistoryMissSupersampleCount:4]]
[2020.10.01-09.48.07:386][  0]LogConfig: Setting CVar [[r.LightMaxDrawDistanceScale:1]]
[2020.10.01-09.48.07:386][  0]LogConfig: Setting CVar [[r.CapsuleShadows:1]]
[2020.10.01-09.48.07:386][  0]LogConfig: Applying CVar settings from Section [PostProcessQuality@3] File [C:/Users/454928/Documents/School/Year 4/SSS/Project/VRLivePerformance/UnrealVRLivePerformance/UnrealVR/Saved/Config/Windows/Scalability.ini]
[2020.10.01-09.48.07:386][  0]LogConfig: Setting CVar [[r.MotionBlurQuality:0]]
[2020.10.01-09.48.07:386][  0]LogConfig: Setting CVar [[r.AmbientOcclusionMipLevelFactor:0.4]]
[2020.10.01-09.48.07:386][  0]LogConfig: Setting CVar [[r.AmbientOcclusionMaxQuality:100]]
[2020.10.01-09.48.07:386][  0]LogConfig: Setting CVar [[r.AmbientOcclusionLevels:0]]
[2020.10.01-09.48.07:386][  0]LogConfig: Setting CVar [[r.AmbientOcclusionRadiusScale:1.0]]
[2020.10.01-09.48.07:386][  0]LogConfig: Setting CVar [[r.DepthOfFieldQuality:0]]
[2020.10.01-09.48.07:386][  0]LogConfig: Setting CVar [[r.RenderTargetPoolMin:400]]
[2020.10.01-09.48.07:386][  0]LogConfig: Setting CVar [[r.LensFlareQuality:0]]
[2020.10.01-09.48.07:386][  0]LogConfig: Setting CVar [[r.SceneColorFringeQuality:0]]
[2020.10.01-09.48.07:386][  0]LogConfig: Setting CVar [[r.EyeAdaptationQuality:2]]
[2020.10.01-09.48.07:386][  0]LogConfig: Setting CVar [[r.BloomQuality:1]]
[2020.10.01-09.48.07:386][  0]LogConfig: Setting CVar [[r.FastBlurThreshold:0]]
[2020.10.01-09.48.07:386][  0]LogConfig: Setting CVar [[r.Upscale.Quality:3]]
[2020.10.01-09.48.07:386][  0]LogConfig: Setting CVar [[r.Tonemapper.GrainQuantization:1]]
[2020.10.01-09.48.07:386][  0]LogConfig: Setting CVar [[r.LightShaftQuality:1]]
[2020.10.01-09.48.07:386][  0]LogConfig: Setting CVar [[r.Filter.SizeScale:1]]
[2020.10.01-09.48.07:386][  0]LogConfig: Setting CVar [[r.Tonemapper.Quality:5]]
[2020.10.01-09.48.07:386][  0]LogConfig: Setting CVar [[r.DOF.Gather.AccumulatorQuality:1        ; higher gathering accumulator quality]]
[2020.10.01-09.48.07:386][  0]LogConfig: Setting CVar [[r.DOF.Gather.PostfilterMethod:1          ; Median3x3 postfilering method]]
[2020.10.01-09.48.07:386][  0]LogConfig: Setting CVar [[r.DOF.Gather.EnableBokehSettings:0       ; no bokeh simulation when gathering]]
[2020.10.01-09.48.07:386][  0]LogConfig: Setting CVar [[r.DOF.Gather.RingCount:4                 ; medium number of samples when gathering]]
[2020.10.01-09.48.07:386][  0]LogConfig: Setting CVar [[r.DOF.Scatter.ForegroundCompositing:1    ; additive foreground scattering]]
[2020.10.01-09.48.07:387][  0]LogConfig: Setting CVar [[r.DOF.Scatter.BackgroundCompositing:2    ; additive background scattering]]
[2020.10.01-09.48.07:387][  0]LogConfig: Setting CVar [[r.DOF.Scatter.EnableBokehSettings:1      ; bokeh simulation when scattering]]
[2020.10.01-09.48.07:387][  0]LogConfig: Setting CVar [[r.DOF.Scatter.MaxSpriteRatio:0.1         ; only a maximum of 10% of scattered bokeh]]
[2020.10.01-09.48.07:387][  0]LogConfig: Setting CVar [[r.DOF.Recombine.Quality:1                ; cheap slight out of focus]]
[2020.10.01-09.48.07:387][  0]LogConfig: Setting CVar [[r.DOF.Recombine.EnableBokehSettings:0    ; no bokeh simulation on slight out of focus]]
[2020.10.01-09.48.07:387][  0]LogConfig: Setting CVar [[r.DOF.TemporalAAQuality:1                ; more stable temporal accumulation]]
[2020.10.01-09.48.07:387][  0]LogConfig: Setting CVar [[r.DOF.Kernel.MaxForegroundRadius:0.025]]
[2020.10.01-09.48.07:387][  0]LogConfig: Setting CVar [[r.DOF.Kernel.MaxBackgroundRadius:0.025]]
[2020.10.01-09.48.07:387][  0]LogConfig: Applying CVar settings from Section [TextureQuality@3] File [C:/Users/454928/Documents/School/Year 4/SSS/Project/VRLivePerformance/UnrealVRLivePerformance/UnrealVR/Saved/Config/Windows/Scalability.ini]
[2020.10.01-09.48.07:387][  0]LogConfig: Setting CVar [[r.Streaming.MipBias:0]]
[2020.10.01-09.48.07:387][  0]LogConfig: Setting CVar [[r.Streaming.AmortizeCPUToGPUCopy:0]]
[2020.10.01-09.48.07:387][  0]LogConfig: Setting CVar [[r.Streaming.MaxNumTexturesToStreamPerFrame:0]]
[2020.10.01-09.48.07:387][  0]LogConfig: Setting CVar [[r.Streaming.Boost:1]]
[2020.10.01-09.48.07:387][  0]LogConfig: Setting CVar [[r.MaxAnisotropy:8]]
[2020.10.01-09.48.07:387][  0]LogConfig: Setting CVar [[r.VT.MaxAnisotropy:8]]
[2020.10.01-09.48.07:387][  0]LogConfig: Setting CVar [[r.Streaming.LimitPoolSizeToVRAM:0]]
[2020.10.01-09.48.07:387][  0]LogConfig: Setting CVar [[r.Streaming.PoolSize:1000]]
[2020.10.01-09.48.07:387][  0]LogConfig: Setting CVar [[r.Streaming.MaxEffectiveScreenSize:0]]
[2020.10.01-09.48.07:387][  0]LogConfig: Applying CVar settings from Section [EffectsQuality@3] File [C:/Users/454928/Documents/School/Year 4/SSS/Project/VRLivePerformance/UnrealVRLivePerformance/UnrealVR/Saved/Config/Windows/Scalability.ini]
[2020.10.01-09.48.07:387][  0]LogConfig: Setting CVar [[r.TranslucencyLightingVolumeDim:4]]
[2020.10.01-09.48.07:387][  0]LogConfig: Setting CVar [[r.RefractionQuality:2]]
[2020.10.01-09.48.07:387][  0]LogConfig: Setting CVar [[r.SSR.Quality:0]]
[2020.10.01-09.48.07:387][  0]LogConfig: Setting CVar [[r.SSR.HalfResSceneColor:0]]
[2020.10.01-09.48.07:387][  0]LogConfig: Setting CVar [[r.SceneColorFormat:2]]
[2020.10.01-09.48.07:387][  0]LogConfig: Setting CVar [[r.DetailMode:2]]
[2020.10.01-09.48.07:387][  0]LogConfig: Setting CVar [[r.TranslucencyVolumeBlur:0]]
[2020.10.01-09.48.07:387][  0]LogConfig: Setting CVar [[r.MaterialQualityLevel:1 ; High quality]]
[2020.10.01-09.48.07:387][  0]LogConfig: Setting CVar [[r.SSS.Scale:1]]
[2020.10.01-09.48.07:387][  0]LogConfig: Setting CVar [[r.SSS.SampleSet:2]]
[2020.10.01-09.48.07:387][  0]LogConfig: Setting CVar [[r.SSS.Quality:1]]
[2020.10.01-09.48.07:387][  0]LogConfig: Setting CVar [[r.SSS.HalfRes:0]]
[2020.10.01-09.48.07:387][  0]LogConfig: Setting CVar [[r.SSGI.Quality:3]]
[2020.10.01-09.48.07:387][  0]LogConfig: Setting CVar [[r.EmitterSpawnRateScale:1.0]]
[2020.10.01-09.48.07:387][  0]LogConfig: Setting CVar [[r.ParticleLightQuality:2]]
[2020.10.01-09.48.07:387][  0]LogConfig: Setting CVar [[r.SkyAtmosphere.AerialPerspectiveLUT.FastApplyOnOpaque:1 ; Always have FastSkyLUT 1 in this case to avoid wrong sky]]
[2020.10.01-09.48.07:387][  0]LogConfig: Setting CVar [[r.SkyAtmosphere.AerialPerspectiveLUT.SampleCountPerSlice:1]]
[2020.10.01-09.48.07:387][  0]LogConfig: Setting CVar [[r.SkyAtmosphere.AerialPerspectiveLUT.DepthResolution:16.0]]
[2020.10.01-09.48.07:387][  0]LogConfig: Setting CVar [[r.SkyAtmosphere.FastSkyLUT:1]]
[2020.10.01-09.48.07:387][  0]LogConfig: Setting CVar [[r.SkyAtmosphere.FastSkyLUT.SampleCountMin:4.0]]
[2020.10.01-09.48.07:387][  0]LogConfig: Setting CVar [[r.SkyAtmosphere.FastSkyLUT.SampleCountMax:32.0]]
[2020.10.01-09.48.07:387][  0]LogConfig: Setting CVar [[r.SkyAtmosphere.SampleCountMin:4.0]]
[2020.10.01-09.48.07:387][  0]LogConfig: Setting CVar [[r.SkyAtmosphere.SampleCountMax:32.0]]
[2020.10.01-09.48.07:387][  0]LogConfig: Setting CVar [[r.SkyAtmosphere.TransmittanceLUT.UseSmallFormat:0]]
[2020.10.01-09.48.07:387][  0]LogConfig: Setting CVar [[r.SkyAtmosphere.TransmittanceLUT.SampleCount:10.0]]
[2020.10.01-09.48.07:387][  0]LogConfig: Setting CVar [[r.SkyAtmosphere.MultiScatteringLUT.SampleCount:15.0]]
[2020.10.01-09.48.07:387][  0]LogConfig: Applying CVar settings from Section [FoliageQuality@3] File [C:/Users/454928/Documents/School/Year 4/SSS/Project/VRLivePerformance/UnrealVRLivePerformance/UnrealVR/Saved/Config/Windows/Scalability.ini]
[2020.10.01-09.48.07:387][  0]LogConfig: Setting CVar [[foliage.DensityScale:1.0]]
[2020.10.01-09.48.07:387][  0]LogConfig: Setting CVar [[grass.DensityScale:1.0]]
[2020.10.01-09.48.07:387][  0]LogConfig: Applying CVar settings from Section [ShadingQuality@3] File [C:/Users/454928/Documents/School/Year 4/SSS/Project/VRLivePerformance/UnrealVRLivePerformance/UnrealVR/Saved/Config/Windows/Scalability.ini]
[2020.10.01-09.48.07:387][  0]LogConfig: Setting CVar [[r.HairStrands.SkyLighting.SampleCount:16]]
[2020.10.01-09.48.07:387][  0]LogConfig: Setting CVar [[r.HairStrands.SkyLighting.JitterIntegration:0]]
[2020.10.01-09.48.07:387][  0]LogConfig: Setting CVar [[r.HairStrands.SkyAO.SampleCount:16]]
[2020.10.01-09.48.07:387][  0]LogConfig: Setting CVar [[r.HairStrands.DeepShadow.SuperSampling:0]]
[2020.10.01-09.48.07:387][  0]LogConfig: Setting CVar [[r.HairStrands.VisibilityPPLL:0]]
[2020.10.01-09.48.07:387][  0]LogConfig: Setting CVar [[r.HairStrands.RasterizationScale:0.5]]
[2020.10.01-09.48.07:387][  0]LogConfig: Setting CVar [[r.HairStrands.VelocityRasterizationScale:1]]
[2020.10.01-09.48.07:387][  0]LogConfig: Applying CVar settings from Section [Startup] File [../../../Engine/Config/ConsoleVariables.ini]
[2020.10.01-09.48.07:388][  0]LogConfig: Setting CVar [[net.UseAdaptiveNetUpdateFrequency:0]]
[2020.10.01-09.48.07:388][  0]LogConfig: Setting CVar [[p.chaos.AllowCreatePhysxBodies:1]]
[2020.10.01-09.48.07:388][  0]LogConfig: Setting CVar [[fx.SkipVectorVMBackendOptimizations:1]]
[2020.10.01-09.48.07:388][  0]LogConfig: Applying CVar settings from Section [ConsoleVariables] File [C:/Users/454928/Documents/School/Year 4/SSS/Project/VRLivePerformance/UnrealVRLivePerformance/UnrealVR/Saved/Config/Windows/Engine.ini]
[2020.10.01-09.48.07:388][  0]LogInit: Computer: DESKTOP-MHPMF2O
[2020.10.01-09.48.07:388][  0]LogInit: User: 454928
[2020.10.01-09.48.07:388][  0]LogInit: CPU Page size=4096, Cores=4
[2020.10.01-09.48.07:388][  0]LogInit: High frequency timer resolution =10.000000 MHz
[2020.10.01-09.48.07:388][  0]LogMemory: Memory total: Physical=16.0GB (16GB approx)
[2020.10.01-09.48.07:388][  0]LogMemory: Platform Memory Stats for Windows
[2020.10.01-09.48.07:388][  0]LogMemory: Process Physical Memory: 117.94 MB used, 117.95 MB peak
[2020.10.01-09.48.07:388][  0]LogMemory: Process Virtual Memory: 103.68 MB used, 103.68 MB peak
[2020.10.01-09.48.07:388][  0]LogMemory: Physical Memory: 7828.01 MB used,  8520.70 MB free, 16348.71 MB total
[2020.10.01-09.48.07:388][  0]LogMemory: Virtual Memory: 5135.57 MB used,  134212592.00 MB free, 134217728.00 MB total
[2020.10.01-09.48.07:394][  0]LogWindows: WindowsPlatformFeatures enabled
[2020.10.01-09.48.07:452][  0]LogInit: Physics initialised using underlying interface: PhysX
[2020.10.01-09.48.07:453][  0]LogInit: Using OS detected language (en-US).
[2020.10.01-09.48.07:453][  0]LogInit: Using OS detected locale (en-NL).
[2020.10.01-09.48.07:456][  0]LogTextLocalizationManager: No specific localization for 'en-US' exists, so the 'en' localization will be used.
[2020.10.01-09.48.07:682][  0]LogInit: Setting process to per monitor DPI aware
[2020.10.01-09.48.07:725][  0]LogSlate: New Slate User Created.  User Index 0, Is Virtual User: 0
[2020.10.01-09.48.07:725][  0]LogSlate: Slate User Registered.  User Index 0, Is Virtual User: 0
[2020.10.01-09.48.07:889][  0]LogHMD: Failed to initialize OpenVR with code 110
[2020.10.01-09.48.07:889][  0]LogD3D11RHI: D3D11 min allowed feature level: 11_0
[2020.10.01-09.48.07:889][  0]LogD3D11RHI: D3D11 max allowed feature level: 11_0
[2020.10.01-09.48.07:889][  0]LogD3D11RHI: D3D11 adapters:
[2020.10.01-09.48.07:959][  0]LogD3D11RHI:    0. 'NVIDIA GeForce GTX 1060 6GB' (Feature Level 11_0)
[2020.10.01-09.48.07:959][  0]LogD3D11RHI:       6052/0/8174 MB DedicatedVideo/DedicatedSystem/SharedSystem, Outputs:3, VendorId:0x10de
[2020.10.01-09.48.07:963][  0]LogD3D11RHI:    1. 'Microsoft Basic Render Driver' (Feature Level 11_0)
[2020.10.01-09.48.07:963][  0]LogD3D11RHI:       0/0/8174 MB DedicatedVideo/DedicatedSystem/SharedSystem, Outputs:0, VendorId:0x1414
[2020.10.01-09.48.07:963][  0]LogD3D11RHI: Chosen D3D11 Adapter: 0
[2020.10.01-09.48.07:970][  0]LogD3D11RHI: Creating new Direct3DDevice
[2020.10.01-09.48.07:970][  0]LogD3D11RHI:     GPU DeviceId: 0x1c03 (for the marketing name, search the web for "GPU Device Id")
[2020.10.01-09.48.07:970][  0]LogWindows: EnumDisplayDevices:
[2020.10.01-09.48.07:970][  0]LogWindows:    0. 'NVIDIA GeForce GTX 1060 6GB' (P:1 D:1)
[2020.10.01-09.48.07:971][  0]LogWindows:    1. 'NVIDIA GeForce GTX 1060 6GB' (P:0 D:1)
[2020.10.01-09.48.07:971][  0]LogWindows:    2. 'NVIDIA GeForce GTX 1060 6GB' (P:0 D:1)
[2020.10.01-09.48.07:971][  0]LogWindows:    3. 'NVIDIA GeForce GTX 1060 6GB' (P:0 D:0)
[2020.10.01-09.48.07:972][  0]LogWindows: DebugString: FoundDriverCount:4 
[2020.10.01-09.48.07:972][  0]LogD3D11RHI:     Adapter Name: NVIDIA GeForce GTX 1060 6GB
[2020.10.01-09.48.07:972][  0]LogD3D11RHI:   Driver Version: 456.38 (internal:27.21.14.5638, unified:456.38)
[2020.10.01-09.48.07:972][  0]LogD3D11RHI:      Driver Date: 9-14-2020
[2020.10.01-09.48.07:972][  0]LogRHI: Texture pool is 4236 MB (70% of 6052 MB)
[2020.10.01-09.48.08:017][  0]LogD3D11RHI: RHI has support for 64 bit atomics
[2020.10.01-09.48.08:020][  0]LogD3D11RHI: [Aftermath] Enabled and primed
[2020.10.01-09.48.08:020][  0]LogD3D11RHI: Async texture creation enabled
[2020.10.01-09.48.08:020][  0]LogD3D11RHI: Array index from any shader is supported
[2020.10.01-09.48.08:022][  0]LogD3D11RHI: HDR output is supported on display 0 (NvId: 0x80061082).
[2020.10.01-09.48.08:050][  0]LogD3D11RHI: GPU Timing Frequency: 1000.000000 (Debug: 2 1)
[2020.10.01-09.48.08:383][  0]LogTargetPlatformManager: Display: Loaded TargetPlatform 'AllDesktop'
[2020.10.01-09.48.08:411][  0]LogTargetPlatformManager: Display: Loaded TargetPlatform 'Android'
[2020.10.01-09.48.08:411][  0]LogTargetPlatformManager: Display: Loaded TargetPlatform 'Android_ASTC'
[2020.10.01-09.48.08:411][  0]LogTargetPlatformManager: Display: Loaded TargetPlatform 'Android_DXT'
[2020.10.01-09.48.08:411][  0]LogTargetPlatformManager: Display: Loaded TargetPlatform 'Android_ETC2'
[2020.10.01-09.48.08:412][  0]LogTargetPlatformManager: Display: Loaded TargetPlatform 'AndroidClient'
[2020.10.01-09.48.08:412][  0]LogTargetPlatformManager: Display: Loaded TargetPlatform 'Android_ASTCClient'
[2020.10.01-09.48.08:412][  0]LogTargetPlatformManager: Display: Loaded TargetPlatform 'Android_DXTClient'
[2020.10.01-09.48.08:412][  0]LogTargetPlatformManager: Display: Loaded TargetPlatform 'Android_ETC2Client'
[2020.10.01-09.48.08:412][  0]LogTargetPlatformManager: Display: Loaded TargetPlatform 'Android_Multi'
[2020.10.01-09.48.08:412][  0]LogTargetPlatformManager: Display: Loaded TargetPlatform 'Android_MultiClient'
[2020.10.01-09.48.08:437][  0]LogTargetPlatformManager: Display: Loaded TargetPlatform 'IOSClient'
[2020.10.01-09.48.08:437][  0]LogTargetPlatformManager: Display: Loaded TargetPlatform 'IOS'
[2020.10.01-09.48.08:448][  0]LogTargetPlatformManager: Display: Loaded TargetPlatform 'Linux'
[2020.10.01-09.48.08:459][  0]LogTargetPlatformManager: Display: Loaded TargetPlatform 'LinuxNoEditor'
[2020.10.01-09.48.08:471][  0]LogTargetPlatformManager: Display: Loaded TargetPlatform 'LinuxClient'
[2020.10.01-09.48.08:481][  0]LogTargetPlatformManager: Display: Loaded TargetPlatform 'LinuxServer'
[2020.10.01-09.48.08:491][  0]LogTargetPlatformManager: Display: Loaded TargetPlatform 'LinuxAArch64NoEditor'
[2020.10.01-09.48.08:502][  0]LogTargetPlatformManager: Display: Loaded TargetPlatform 'LinuxAArch64Client'
[2020.10.01-09.48.08:513][  0]LogTargetPlatformManager: Display: Loaded TargetPlatform 'LinuxAArch64Server'
[2020.10.01-09.48.08:548][  0]LogTargetPlatformManager: Display: Loaded TargetPlatform 'Lumin'
[2020.10.01-09.48.08:548][  0]LogTargetPlatformManager: Display: Loaded TargetPlatform 'LuminClient'
[2020.10.01-09.48.08:569][  0]LogTargetPlatformManager: Display: Loaded TargetPlatform 'TVOSClient'
[2020.10.01-09.48.08:569][  0]LogTargetPlatformManager: Display: Loaded TargetPlatform 'TVOS'
[2020.10.01-09.48.08:580][  0]LogTargetPlatformManager: Display: Loaded TargetPlatform 'WindowsNoEditor'
[2020.10.01-09.48.08:591][  0]LogTargetPlatformManager: Display: Loaded TargetPlatform 'Windows'
[2020.10.01-09.48.08:601][  0]LogTargetPlatformManager: Display: Loaded TargetPlatform 'WindowsClient'
[2020.10.01-09.48.08:611][  0]LogTargetPlatformManager: Display: Loaded TargetPlatform 'WindowsServer'
[2020.10.01-09.48.08:611][  0]LogTargetPlatformManager: Display: Building Assets For Windows
[2020.10.01-09.48.08:619][  0]LogAudioDebug: Display: Lib vorbis DLL was dynamically loaded.
[2020.10.01-09.48.08:681][  0]LogShaderCompilers: Guid format shader working directory is -71 characters bigger than the processId version (../../../../../../Users/454928/Documents/School/Year 4/SSS/Project/VRLivePerformance/UnrealVRLivePerformance/UnrealVR/Intermediate/Shaders/WorkingDirectory/14180/).
[2020.10.01-09.48.08:681][  0]LogShaderCompilers: Cleaned the shader compiler working directory 'C:/Users/454928/AppData/Local/Temp/UnrealShaderWorkingDir/F4E3119B40C57C9E4EDBF8A5FA6A47B8/'.
[2020.10.01-09.48.08:681][  0]LogXGEController: Cannot use XGE Controller as Incredibuild is not installed on this machine.
[2020.10.01-09.48.08:681][  0]LogShaderCompilers: Cannot use XGE Shader Compiler as Incredibuild is not installed on this machine.
[2020.10.01-09.48.08:681][  0]LogShaderCompilers: Display: Using Local Shader Compiler.
[2020.10.01-09.48.09:558][  0]LogDerivedDataCache: Display: Max Cache Size: 512 MB
[2020.10.01-09.48.09:638][  0]LogDerivedDataCache: Loaded boot cache 0.08s 105MB C:/Users/454928/AppData/Local/UnrealEngine/4.25/DerivedDataCache/Boot.ddc.
[2020.10.01-09.48.09:638][  0]LogDerivedDataCache: Display: Loaded Boot cache: C:/Users/454928/AppData/Local/UnrealEngine/4.25/DerivedDataCache/Boot.ddc
[2020.10.01-09.48.09:638][  0]LogDerivedDataCache: FDerivedDataBackendGraph:  Pak pak cache file ../../../../../../Users/454928/Documents/School/Year 4/SSS/Project/VRLivePerformance/UnrealVRLivePerformance/UnrealVR/DerivedDataCache/DDC.ddp not found, will not use a pak cache.
[2020.10.01-09.48.09:638][  0]LogDerivedDataCache: Unable to find inner node Pak for hierarchical cache Hierarchy.
[2020.10.01-09.48.09:638][  0]LogDerivedDataCache: FDerivedDataBackendGraph:  CompressedPak pak cache file ../../../../../../Users/454928/Documents/School/Year 4/SSS/Project/VRLivePerformance/UnrealVRLivePerformance/UnrealVR/DerivedDataCache/Compressed.ddp not found, will not use a pak cache.
[2020.10.01-09.48.09:638][  0]LogDerivedDataCache: Unable to find inner node CompressedPak for hierarchical cache Hierarchy.
[2020.10.01-09.48.09:651][  0]LogDerivedDataCache: Display: Pak cache opened for reading ../../../Engine/DerivedDataCache/Compressed.ddp.
[2020.10.01-09.48.09:651][  0]LogDerivedDataCache: FDerivedDataBackendGraph:  EnterprisePak pak cache file ../../../Enterprise/DerivedDataCache/Compressed.ddp not found, will not use a pak cache.
[2020.10.01-09.48.09:651][  0]LogDerivedDataCache: Unable to find inner node EnterprisePak for hierarchical cache Hierarchy.
[2020.10.01-09.48.09:652][  0]LogDerivedDataCache: Using Local data cache path C:/Users/454928/AppData/Local/UnrealEngine/Common/DerivedDataCache: Writable
[2020.10.01-09.48.09:652][  0]LogDerivedDataCache: Shared data cache path not found in *engine.ini, will not use an Shared cache.
[2020.10.01-09.48.09:652][  0]LogDerivedDataCache: Unable to find inner node Shared for hierarchical cache Hierarchy.
[2020.10.01-09.48.11:187][  0]LogSlate: Using FreeType 2.10.0
[2020.10.01-09.48.11:188][  0]LogSlate: SlateFontServices - WITH_FREETYPE: 1, WITH_HARFBUZZ: 1
[2020.10.01-09.48.11:220][  0]LogShaderCompilers: Display: Worker (1/3): shaders left to compile 2715
[2020.10.01-09.48.11:220][  0]LogShaderCompilers: Display: Worker (2/3): shaders left to compile 2714
[2020.10.01-09.48.11:220][  0]LogShaderCompilers: Display: Worker (3/3): shaders left to compile 2713
[2020.10.01-09.48.11:220][  0]LogAssetRegistry: FAssetRegistry took 0.0032 seconds to start up
[2020.10.01-09.48.11:483][  0]LogInit: Selected Device Profile: [Windows]
[2020.10.01-09.48.11:532][  0]LogMeshReduction: Using QuadricMeshReduction for automatic static mesh reduction
[2020.10.01-09.48.11:532][  0]LogMeshReduction: Using SimplygonMeshReduction for automatic skeletal mesh reduction
[2020.10.01-09.48.11:532][  0]LogMeshReduction: Using ProxyLODMeshReduction for automatic mesh merging
[2020.10.01-09.48.11:532][  0]LogMeshReduction: No distributed automatic mesh merging module available
[2020.10.01-09.48.11:532][  0]LogMeshMerging: No distributed automatic mesh merging module available
[2020.10.01-09.48.11:590][  0]LogMaterial: Display: Missing cached shader map for material WorldGridMaterial, compiling. Is special engine material.
[2020.10.01-09.48.12:713][  0]LogShaderCompilers: Display: Worker (1/3): shaders left to compile 3591
[2020.10.01-09.48.12:713][  0]LogShaderCompilers: Display: Worker (2/3): shaders left to compile 3590
[2020.10.01-09.48.12:713][  0]LogShaderCompilers: Display: Worker (3/3): shaders left to compile 3589
[2020.10.01-09.48.13:272][  0]LogShaderCompilers: Display: Worker (1/3): shaders left to compile 3588
[2020.10.01-09.48.13:272][  0]LogShaderCompilers: Display: Worker (2/3): shaders left to compile 3587
[2020.10.01-09.48.13:272][  0]LogShaderCompilers: Display: Worker (3/3): shaders left to compile 3586
[2020.10.01-09.48.13:272][  0]LogShaderCompilers: Display: Worker (1/3): shaders left to compile 3585
[2020.10.01-09.48.13:272][  0]LogShaderCompilers: Display: Worker (2/3): shaders left to compile 3584
[2020.10.01-09.48.13:272][  0]LogShaderCompilers: Display: Worker (3/3): shaders left to compile 3583
[2020.10.01-09.48.13:272][  0]LogShaderCompilers: Display: Worker (1/3): shaders left to compile 3582
[2020.10.01-09.48.13:272][  0]LogShaderCompilers: Display: Worker (3/3): shaders left to compile 3581
[2020.10.01-09.48.13:272][  0]LogShaderCompilers: Display: Worker (1/3): shaders left to compile 3580
[2020.10.01-09.48.13:272][  0]LogShaderCompilers: Display: Worker (2/3): shaders left to compile 3579
[2020.10.01-09.48.13:831][  0]LogShaderCompilers: Display: Worker (3/3): shaders left to compile 3578
[2020.10.01-09.48.13:831][  0]LogShaderCompilers: Display: Worker (1/3): shaders left to compile 3577
[2020.10.01-09.48.13:831][  0]LogShaderCompilers: Display: Worker (2/3): shaders left to compile 3576
[2020.10.01-09.48.13:831][  0]LogShaderCompilers: Display: Worker (3/3): shaders left to compile 3575
[2020.10.01-09.48.13:831][  0]LogShaderCompilers: Display: Worker (1/3): shaders left to compile 3574
[2020.10.01-09.48.13:831][  0]LogShaderCompilers: Display: Worker (2/3): shaders left to compile 3573
[2020.10.01-09.48.13:831][  0]LogShaderCompilers: Display: Worker (3/3): shaders left to compile 3572
[2020.10.01-09.48.13:831][  0]LogShaderCompilers: Display: Worker (1/3): shaders left to compile 3571
[2020.10.01-09.48.13:831][  0]LogShaderCompilers: Display: Worker (2/3): shaders left to compile 3570
[2020.10.01-09.48.14:391][  0]LogShaderCompilers: Display: Worker (3/3): shaders left to compile 3569
[2020.10.01-09.48.14:391][  0]LogShaderCompilers: Display: Worker (1/3): shaders left to compile 3568
[2020.10.01-09.48.14:391][  0]LogShaderCompilers: Display: Worker (2/3): shaders left to compile 3567
[2020.10.01-09.48.14:391][  0]LogShaderCompilers: Display: Worker (3/3): shaders left to compile 3566
[2020.10.01-09.48.14:391][  0]LogShaderCompilers: Display: Worker (2/3): shaders left to compile 3565
[2020.10.01-09.48.14:391][  0]LogShaderCompilers: Display: Worker (1/3): shaders left to compile 3564
[2020.10.01-09.48.14:391][  0]LogShaderCompilers: Display: Worker (3/3): shaders left to compile 3563
[2020.10.01-09.48.14:391][  0]LogShaderCompilers: Display: Worker (2/3): shaders left to compile 3562
[2020.10.01-09.48.14:946][  0]LogShaderCompilers: Display: Worker (1/3): shaders left to compile 3561
[2020.10.01-09.48.14:946][  0]LogShaderCompilers: Display: Worker (3/3): shaders left to compile 3560
[2020.10.01-09.48.14:946][  0]LogShaderCompilers: Display: Worker (2/3): shaders left to compile 3559
[2020.10.01-09.48.14:946][  0]LogShaderCompilers: Display: Worker (1/3): shaders left to compile 3558
[2020.10.01-09.48.14:946][  0]LogShaderCompilers: Display: Worker (3/3): shaders left to compile 3557
[2020.10.01-09.48.14:946][  0]LogShaderCompilers: Display: Worker (2/3): shaders left to compile 3556
[2020.10.01-09.48.14:946][  0]LogShaderCompilers: Display: Worker (1/3): shaders left to compile 3555
[2020.10.01-09.48.14:946][  0]LogShaderCompilers: Display: Worker (2/3): shaders left to compile 3554
[2020.10.01-09.48.14:946][  0]LogShaderCompilers: Display: Worker (1/3): shaders left to compile 3553
[2020.10.01-09.48.15:501][  0]LogShaderCompilers: Display: Worker (2/3): shaders left to compile 3552
[2020.10.01-09.48.15:501][  0]LogShaderCompilers: Display: Worker (1/3): shaders left to compile 3551
[2020.10.01-09.48.15:501][  0]LogShaderCompilers: Display: Worker (2/3): shaders left to compile 3550
[2020.10.01-09.48.15:501][  0]LogShaderCompilers: Display: Worker (1/3): shaders left to compile 3549
[2020.10.01-09.48.15:501][  0]LogShaderCompilers: Display: Worker (2/3): shaders left to compile 3548
[2020.10.01-09.48.15:501][  0]LogShaderCompilers: Display: Worker (1/3): shaders left to compile 3547
[2020.10.01-09.48.15:501][  0]LogShaderCompilers: Display: Worker (3/3): shaders left to compile 3546
[2020.10.01-09.48.15:501][  0]LogShaderCompilers: Display: Worker (2/3): shaders left to compile 3545
[2020.10.01-09.48.15:501][  0]LogShaderCompilers: Display: Worker (1/3): shaders left to compile 3544
[2020.10.01-09.48.16:057][  0]LogShaderCompilers: Display: Worker (3/3): shaders left to compile 3543
[2020.10.01-09.48.16:057][  0]LogShaderCompilers: Display: Worker (2/3): shaders left to compile 3542
[2020.10.01-09.48.16:057][  0]LogShaderCompilers: Display: Worker (1/3): shaders left to compile 3541
[2020.10.01-09.48.16:057][  0]LogShaderCompilers: Display: Worker (3/3): shaders left to compile 3540
[2020.10.01-09.48.16:057][  0]LogShaderCompilers: Display: Worker (2/3): shaders left to compile 3539
[2020.10.01-09.48.16:057][  0]LogShaderCompilers: Display: Worker (3/3): shaders left to compile 3538
[2020.10.01-09.48.16:057][  0]LogShaderCompilers: Display: Worker (1/3): shaders left to compile 3537
[2020.10.01-09.48.16:057][  0]LogShaderCompilers: Display: Worker (2/3): shaders left to compile 3536
[2020.10.01-09.48.16:057][  0]LogShaderCompilers: Display: Worker (3/3): shaders left to compile 3535
[2020.10.01-09.48.16:616][  0]LogShaderCompilers: Display: Worker (1/3): shaders left to compile 3534
[2020.10.01-09.48.16:616][  0]LogShaderCompilers: Display: Worker (3/3): shaders left to compile 3533
[2020.10.01-09.48.16:616][  0]LogShaderCompilers: Display: Worker (2/3): shaders left to compile 3532
[2020.10.01-09.48.16:616][  0]LogShaderCompilers: Display: Worker (2/3): shaders left to compile 3531
[2020.10.01-09.48.16:616][  0]LogShaderCompilers: Display: Worker (1/3): shaders left to compile 3530
[2020.10.01-09.48.16:616][  0]LogShaderCompilers: Display: Worker (3/3): shaders left to compile 3529
[2020.10.01-09.48.16:616][  0]LogShaderCompilers: Display: Worker (1/3): shaders left to compile 3528
[2020.10.01-09.48.16:616][  0]LogShaderCompilers: Display: Worker (2/3): shaders left to compile 3527
[2020.10.01-09.48.16:616][  0]LogShaderCompilers: Display: Worker (3/3): shaders left to compile 3526
[2020.10.01-09.48.17:176][  0]LogShaderCompilers: Display: Worker (1/3): shaders left to compile 3525
[2020.10.01-09.48.17:176][  0]LogShaderCompilers: Display: Worker (3/3): shaders left to compile 3524
[2020.10.01-09.48.17:176][  0]LogShaderCompilers: Display: Worker (2/3): shaders left to compile 3523
[2020.10.01-09.48.17:176][  0]LogShaderCompilers: Display: Worker (1/3): shaders left to compile 3522
[2020.10.01-09.48.17:176][  0]LogShaderCompilers: Display: Worker (2/3): shaders left to compile 3521
[2020.10.01-09.48.17:176][  0]LogShaderCompilers: Display: Worker (3/3): shaders left to compile 3520
[2020.10.01-09.48.17:176][  0]LogShaderCompilers: Display: Worker (1/3): shaders left to compile 3519
[2020.10.01-09.48.17:176][  0]LogShaderCompilers: Display: Worker (2/3): shaders left to compile 3518
[2020.10.01-09.48.17:176][  0]LogShaderCompilers: Display: Worker (2/3): shaders left to compile 3517
[2020.10.01-09.48.17:176][  0]LogShaderCompilers: Display: Worker (3/3): shaders left to compile 3516
[2020.10.01-09.48.17:176][  0]LogShaderCompilers: Display: Worker (2/3): shaders left to compile 3515
[2020.10.01-09.48.17:176][  0]LogShaderCompilers: Display: Worker (3/3): shaders left to compile 3514
[2020.10.01-09.48.17:176][  0]LogShaderCompilers: Display: Worker (2/3): shaders left to compile 3513
[2020.10.01-09.48.17:734][  0]LogShaderCompilers: Display: Worker (1/3): shaders left to compile 3512
[2020.10.01-09.48.17:734][  0]LogShaderCompilers: Display: Worker (3/3): shaders left to compile 3511
[2020.10.01-09.48.17:734][  0]LogShaderCompilers: Display: Worker (2/3): shaders left to compile 3510
[2020.10.01-09.48.17:734][  0]LogShaderCompilers: Display: Worker (2/3): shaders left to compile 3509
[2020.10.01-09.48.17:734][  0]LogShaderCompilers: Display: Worker (1/3): shaders left to compile 3508
[2020.10.01-09.48.17:734][  0]LogShaderCompilers: Display: Worker (2/3): shaders left to compile 3507
[2020.10.01-09.48.17:734][  0]LogShaderCompilers: Display: Worker (1/3): shaders left to compile 3506
[2020.10.01-09.48.17:734][  0]LogShaderCompilers: Display: Worker (2/3): shaders left to compile 3505
[2020.10.01-09.48.17:734][  0]LogShaderCompilers: Display: Worker (1/3): shaders left to compile 3504
[2020.10.01-09.48.17:734][  0]LogShaderCompilers: Display: Worker (3/3): shaders left to compile 3503
[2020.10.01-09.48.17:734][  0]LogShaderCompilers: Display: Worker (2/3): shaders left to compile 3502
[2020.10.01-09.48.18:850][  0]LogShaderCompilers: Display: Worker (2/3): shaders left to compile 3501
[2020.10.01-09.48.18:850][  0]LogShaderCompilers: Display: Worker (3/3): shaders left to compile 3500
[2020.10.01-09.48.18:850][  0]LogShaderCompilers: Display: Worker (1/3): shaders left to compile 3499
[2020.10.01-09.48.19:409][  0]LogShaderCompilers: Display: Worker (2/3): shaders left to compile 3498
[2020.10.01-09.48.19:409][  0]LogShaderCompilers: Display: Worker (1/3): shaders left to compile 3497
[2020.10.01-09.48.19:409][  0]LogShaderCompilers: Display: Worker (3/3): shaders left to compile 3496
[2020.10.01-09.48.19:409][  0]LogShaderCompilers: Display: Worker (2/3): shaders left to compile 3495
[2020.10.01-09.48.20:528][  0]LogShaderCompilers: Display: Worker (2/3): shaders left to compile 3494
[2020.10.01-09.48.20:528][  0]LogShaderCompilers: Display: Worker (2/3): shaders left to compile 3493
[2020.10.01-09.48.21:088][  0]LogShaderCompilers: Display: Worker (2/3): shaders left to compile 3492
[2020.10.01-09.48.21:088][  0]LogShaderCompilers: Display: Worker (3/3): shaders left to compile 3491
[2020.10.01-09.48.21:088][  0]LogShaderCompilers: Display: Worker (2/3): shaders left to compile 3490
[2020.10.01-09.48.21:088][  0]LogShaderCompilers: Display: Worker (3/3): shaders left to compile 3489
[2020.10.01-09.48.21:088][  0]LogShaderCompilers: Display: Worker (2/3): shaders left to compile 3488
[2020.10.01-09.48.21:088][  0]LogShaderCompilers: Display: Worker (3/3): shaders left to compile 3487
[2020.10.01-09.48.21:647][  0]LogShaderCompilers: Display: Worker (2/3): shaders left to compile 3486
[2020.10.01-09.48.21:647][  0]LogShaderCompilers: Display: Worker (3/3): shaders left to compile 3485
[2020.10.01-09.48.21:647][  0]LogShaderCompilers: Display: Worker (3/3): shaders left to compile 3484
[2020.10.01-09.48.21:647][  0]LogShaderCompilers: Display: Worker (2/3): shaders left to compile 3483
[2020.10.01-09.48.21:647][  0]LogShaderCompilers: Display: Worker (3/3): shaders left to compile 3482
[2020.10.01-09.48.21:647][  0]LogShaderCompilers: Display: Worker (2/3): shaders left to compile 3481
[2020.10.01-09.48.21:647][  0]LogShaderCompilers: Display: Worker (3/3): shaders left to compile 3480
[2020.10.01-09.48.22:200][  0]LogShaderCompilers: Display: Worker (2/3): shaders left to compile 3479
[2020.10.01-09.48.22:200][  0]LogShaderCompilers: Display: Worker (3/3): shaders left to compile 3478
[2020.10.01-09.48.22:200][  0]LogShaderCompilers: Display: Worker (3/3): shaders left to compile 3477
[2020.10.01-09.48.22:760][  0]LogShaderCompilers: Display: Worker (3/3): shaders left to compile 3476
[2020.10.01-09.48.22:760][  0]LogShaderCompilers: Display: Worker (2/3): shaders left to compile 3475
[2020.10.01-09.48.22:760][  0]LogShaderCompilers: Display: Worker (2/3): shaders left to compile 3474
[2020.10.01-09.48.22:760][  0]LogShaderCompilers: Display: Worker (3/3): shaders left to compile 3473
[2020.10.01-09.48.22:760][  0]LogShaderCompilers: Display: Worker (2/3): shaders left to compile 3472
[2020.10.01-09.48.22:760][  0]LogShaderCompilers: Display: Worker (3/3): shaders left to compile 3471
[2020.10.01-09.48.22:760][  0]LogShaderCompilers: Display: Worker (2/3): shaders left to compile 3470
[2020.10.01-09.48.23:315][  0]LogShaderCompilers: Display: Worker (3/3): shaders left to compile 3469
[2020.10.01-09.48.23:315][  0]LogShaderCompilers: Display: Worker (2/3): shaders left to compile 3468
[2020.10.01-09.48.23:315][  0]LogShaderCompilers: Display: Worker (3/3): shaders left to compile 3467
[2020.10.01-09.48.23:315][  0]LogShaderCompilers: Display: Worker (2/3): shaders left to compile 3466
[2020.10.01-09.48.23:315][  0]LogShaderCompilers: Display: Worker (3/3): shaders left to compile 3465
[2020.10.01-09.48.23:315][  0]LogShaderCompilers: Display: Worker (2/3): shaders left to compile 3464
[2020.10.01-09.48.23:315][  0]LogShaderCompilers: Display: Worker (3/3): shaders left to compile 3463
[2020.10.01-09.48.23:871][  0]LogShaderCompilers: Display: Worker (2/3): shaders left to compile 3462
[2020.10.01-09.48.23:871][  0]LogShaderCompilers: Display: Worker (3/3): shaders left to compile 3461
[2020.10.01-09.48.23:871][  0]LogShaderCompilers: Display: Worker (2/3): shaders left to compile 3460
[2020.10.01-09.48.23:871][  0]LogShaderCompilers: Display: Worker (3/3): shaders left to compile 3459
[2020.10.01-09.48.23:871][  0]LogShaderCompilers: Display: Worker (2/3): shaders left to compile 3458
[2020.10.01-09.48.24:430][  0]LogShaderCompilers: Display: Worker (3/3): shaders left to compile 3457
[2020.10.01-09.48.24:430][  0]LogShaderCompilers: Display: Worker (2/3): shaders left to compile 3456
[2020.10.01-09.48.24:430][  0]LogShaderCompilers: Display: Worker (3/3): shaders left to compile 3455
[2020.10.01-09.48.24:430][  0]LogShaderCompilers: Display: Worker (2/3): shaders left to compile 3454
[2020.10.01-09.48.24:430][  0]LogShaderCompilers: Display: Worker (3/3): shaders left to compile 3453
[2020.10.01-09.48.24:430][  0]LogShaderCompilers: Display: Worker (2/3): shaders left to compile 3452
[2020.10.01-09.48.24:985][  0]LogShaderCompilers: Display: Worker (3/3): shaders left to compile 3451
[2020.10.01-09.48.24:985][  0]LogShaderCompilers: Display: Worker (2/3): shaders left to compile 3450
[2020.10.01-09.48.24:985][  0]LogShaderCompilers: Display: Worker (3/3): shaders left to compile 3449
[2020.10.01-09.48.24:985][  0]LogShaderCompilers: Display: Worker (2/3): shaders left to compile 3448
[2020.10.01-09.48.24:985][  0]LogShaderCompilers: Display: Worker (3/3): shaders left to compile 3447
[2020.10.01-09.48.24:985][  0]LogShaderCompilers: Display: Worker (2/3): shaders left to compile 3446
[2020.10.01-09.48.24:985][  0]LogShaderCompilers: Display: Worker (3/3): shaders left to compile 3445
[2020.10.01-09.48.24:985][  0]LogShaderCompilers: Display: Worker (2/3): shaders left to compile 3444
[2020.10.01-09.48.25:541][  0]LogShaderCompilers: Display: Worker (3/3): shaders left to compile 3443
[2020.10.01-09.48.25:541][  0]LogShaderCompilers: Display: Worker (2/3): shaders left to compile 3442
[2020.10.01-09.48.25:541][  0]LogShaderCompilers: Display: Worker (3/3): shaders left to compile 3441
[2020.10.01-09.48.25:541][  0]LogShaderCompilers: Display: Worker (2/3): shaders left to compile 3440
[2020.10.01-09.48.25:541][  0]LogShaderCompilers: Display: Worker (3/3): shaders left to compile 3439
[2020.10.01-09.48.25:541][  0]LogShaderCompilers: Display: Worker (2/3): shaders left to compile 3438
[2020.10.01-09.48.25:541][  0]LogShaderCompilers: Display: Worker (3/3): shaders left to compile 3437
[2020.10.01-09.48.26:099][  0]LogShaderCompilers: Display: Worker (2/3): shaders left to compile 3436
[2020.10.01-09.48.26:099][  0]LogShaderCompilers: Display: Worker (3/3): shaders left to compile 3435
[2020.10.01-09.48.27:770][  0]LogShaderCompilers: Display: Worker (3/3): shaders left to compile 3434
[2020.10.01-09.48.27:770][  0]LogShaderCompilers: Display: Worker (2/3): shaders left to compile 3433
[2020.10.01-09.48.27:770][  0]LogShaderCompilers: Display: Worker (2/3): shaders left to compile 3432
[2020.10.01-09.48.28:326][  0]LogShaderCompilers: Display: Worker (2/3): shaders left to compile 3431
[2020.10.01-09.48.28:326][  0]LogShaderCompilers: Display: Worker (3/3): shaders left to compile 3430
[2020.10.01-09.48.29:438][  0]LogShaderCompilers: Display: Worker (2/3): shaders left to compile 3429
[2020.10.01-09.48.29:438][  0]LogShaderCompilers: Display: Worker (3/3): shaders left to compile 3428
[2020.10.01-09.48.29:990][  0]LogShaderCompilers: Display: Worker (1/3): shaders left to compile 3427
[2020.10.01-09.48.31:104][  0]LogShaderCompilers: Display: Worker (2/3): shaders left to compile 3426
[2020.10.01-09.48.31:104][  0]LogShaderCompilers: Display: Worker (3/3): shaders left to compile 3425
[2020.10.01-09.48.31:660][  0]LogShaderCompilers: Display: Worker (1/3): shaders left to compile 3424
[2020.10.01-09.48.32:218][  0]LogShaderCompilers: Display: Worker (2/3): shaders left to compile 3423
[2020.10.01-09.48.32:218][  0]LogShaderCompilers: Display: Worker (3/3): shaders left to compile 3422
[2020.10.01-09.48.32:770][  0]LogShaderCompilers: Display: Worker (1/3): shaders left to compile 3421
[2020.10.01-09.48.33:317][  0]LogShaderCompilers: Display: Worker (2/3): shaders left to compile 3420
[2020.10.01-09.48.33:869][  0]LogShaderCompilers: Display: Worker (3/3): shaders left to compile 3419
[2020.10.01-09.48.33:869][  0]LogShaderCompilers: Display: Worker (1/3): shaders left to compile 3418
[2020.10.01-09.48.34:424][  0]LogShaderCompilers: Display: Worker (2/3): shaders left to compile 3417
[2020.10.01-09.48.34:979][  0]LogShaderCompilers: Display: Worker (3/3): shaders left to compile 3416
[2020.10.01-09.48.34:979][  0]LogShaderCompilers: Display: Worker (1/3): shaders left to compile 3415
[2020.10.01-09.48.35:533][  0]LogShaderCompilers: Display: Worker (2/3): shaders left to compile 3414
[2020.10.01-09.48.36:089][  0]LogShaderCompilers: Display: Worker (3/3): shaders left to compile 3413
[2020.10.01-09.48.36:089][  0]LogShaderCompilers: Display: Worker (1/3): shaders left to compile 3412
[2020.10.01-09.48.37:198][  0]LogShaderCompilers: Display: Worker (2/3): shaders left to compile 3411
[2020.10.01-09.48.37:753][  0]LogShaderCompilers: Display: Worker (3/3): shaders left to compile 3410
[2020.10.01-09.48.38:863][  0]LogShaderCompilers: Display: Worker (1/3): shaders left to compile 3409
[2020.10.01-09.48.40:530][  0]LogShaderCompilers: Display: Worker (2/3): shaders left to compile 3408
[2020.10.01-09.48.42:817][  0]LogShaderCompilers: Display: Worker (3/3): shaders left to compile 3407
[2020.10.01-09.48.44:486][  0]LogShaderCompilers: Display: Worker (1/3): shaders left to compile 3406
[2020.10.01-09.48.45:600][  0]LogShaderCompilers: Display: Worker (2/3): shaders left to compile 3405
[2020.10.01-09.48.47:823][  0]LogShaderCompilers: Display: Worker (3/3): shaders left to compile 3404
