Log file open, 10/08/20 15:34:40
LogInit: Display: Running engine for game: UnrealVR
LogPlatformFile: Not using cached read wrapper
LogTaskGraph: Started task graph with 5 named threads and 14 total threads with 3 sets of task threads.
LogStats: Stats thread started at 0.233006
LogD3D11RHI: Loaded GFSDK_Aftermath_Lib.x64.dll
LogICUInternationalization: ICU TimeZone Detection - Raw Offset: +1:00, Platform Override: ''
LogPluginManager: Mounting plugin Paper2D
LogPluginManager: Mounting plugin AISupport
LogPluginManager: Mounting plugin LightPropagationVolume
LogPluginManager: Mounting plugin CameraShakePreviewer
LogPluginManager: Mounting plugin ActorLayerUtilities
LogPluginManager: Mounting plugin AnimationSharing
LogPluginManager: Mounting plugin CLionSourceCodeAccess
LogPluginManager: Mounting plugin CodeLiteSourceCodeAccess
LogPluginManager: Mounting plugin GitSourceControl
LogPluginManager: Mounting plugin KDevelopSourceCodeAccess
LogPluginManager: Mounting plugin NullSourceCodeAccess
LogPluginManager: Mounting plugin PerforceSourceControl
LogPluginManager: Mounting plugin PlasticSourceControl
LogPluginManager: Mounting plugin RiderSourceCodeAccess
LogPluginManager: Mounting plugin SubversionSourceControl
LogPluginManager: Mounting plugin UObjectPlugin
LogPluginManager: Mounting plugin VisualStudioCodeSourceCodeAccess
LogPluginManager: Mounting plugin VisualStudioSourceCodeAccess
LogPluginManager: Mounting plugin XCodeSourceCodeAccess
LogPluginManager: Mounting plugin AssetManagerEditor
LogPluginManager: Mounting plugin CryptoKeys
LogPluginManager: Mounting plugin CurveEditorTools
LogPluginManager: Mounting plugin DataValidation
LogPluginManager: Mounting plugin EditorScriptingUtilities
LogPluginManager: Mounting plugin FacialAnimation
LogPluginManager: Mounting plugin GameplayTagsEditor
LogPluginManager: Mounting plugin GeometryMode
LogPluginManager: Mounting plugin MacGraphicsSwitching
LogPluginManager: Mounting plugin MaterialAnalyzer
LogPluginManager: Mounting plugin MobileLauncherProfileWizard
LogPluginManager: Mounting plugin PluginBrowser
LogPluginManager: Mounting plugin SpeedTreeImporter
LogPluginManager: Mounting plugin DatasmithContent
LogPluginManager: Mounting plugin VariantManagerContent
LogPluginManager: Mounting plugin AlembicImporter
LogPluginManager: Mounting plugin AutomationUtils
LogPluginManager: Mounting plugin BackChannel
LogPluginManager: Mounting plugin ChaosCloth
LogPluginManager: Mounting plugin ChaosClothEditor
LogPluginManager: Mounting plugin ChaosEditor
LogPluginManager: Mounting plugin ChaosNiagara
LogPluginManager: Mounting plugin ChaosSolverPlugin
LogPluginManager: Mounting plugin CharacterAI
LogPluginManager: Mounting plugin GeometryCache
LogPluginManager: Mounting plugin GeometryCollectionPlugin
LogPluginManager: Mounting plugin GeometryProcessing
LogPluginManager: Mounting plugin PlanarCut
LogPluginManager: Mounting plugin PlatformCrypto
LogPluginManager: Mounting plugin ProxyLODPlugin
LogPluginManager: Mounting plugin SkeletalReduction
LogPluginManager: Mounting plugin Niagara
LogPluginManager: Mounting plugin MagicLeap
LogPluginManager: Mounting plugin MagicLeapLightEstimation
LogPluginManager: Mounting plugin MagicLeapMedia
LogPluginManager: Mounting plugin MagicLeapPassableWorld
LogPluginManager: Mounting plugin MLSDK
LogPluginManager: Mounting plugin UIWS
LogPluginManager: Mounting plugin AndroidMedia
LogPluginManager: Mounting plugin AvfMedia
LogPluginManager: Mounting plugin ImgMedia
LogPluginManager: Mounting plugin MediaCompositing
LogPluginManager: Mounting plugin MediaPlayerEditor
LogPluginManager: Mounting plugin WebMMedia
LogPluginManager: Mounting plugin WmfMedia
LogPluginManager: Mounting plugin MeshPainting
LogPluginManager: Mounting plugin TcpMessaging
LogPluginManager: Mounting plugin UdpMessaging
LogPluginManager: Mounting plugin ActorSequence
LogPluginManager: Mounting plugin LevelSequenceEditor
LogPluginManager: Mounting plugin MatineeToLevelSequence
LogPluginManager: Mounting plugin MovieRenderPipeline
LogPluginManager: Mounting plugin TemplateSequence
LogPluginManager: Mounting plugin NetcodeUnitTest
LogPluginManager: Mounting plugin NUTUnrealEngine4
LogPluginManager: Mounting plugin OnlineSubsystemGooglePlay
LogPluginManager: Mounting plugin OnlineSubsystemIOS
LogPluginManager: Mounting plugin OnlineSubsystem
LogPluginManager: Mounting plugin OnlineSubsystemNull
LogPluginManager: Mounting plugin OnlineSubsystemUtils
LogPluginManager: Mounting plugin LauncherChunkInstaller
LogPluginManager: Mounting plugin AndroidDeviceProfileSelector
LogPluginManager: Mounting plugin AndroidMoviePlayer
LogPluginManager: Mounting plugin AndroidPermission
LogPluginManager: Mounting plugin AppleImageUtils
LogPluginManager: Mounting plugin AppleMoviePlayer
LogPluginManager: Mounting plugin ArchVisCharacter
LogPluginManager: Mounting plugin AssetTags
LogPluginManager: Mounting plugin AudioCapture
LogPluginManager: Mounting plugin CableComponent
LogPluginManager: Mounting plugin CustomMeshComponent
LogPluginManager: Mounting plugin EditableMesh
LogPluginManager: Mounting plugin ExampleDeviceProfileSelector
LogPluginManager: Mounting plugin GoogleCloudMessaging
LogPluginManager: Mounting plugin GooglePAD
LogPluginManager: Mounting plugin IOSDeviceProfileSelector
LogPluginManager: Mounting plugin LinuxDeviceProfileSelector
LogPluginManager: Mounting plugin LocationServicesBPLibrary
LogPluginManager: Mounting plugin MobilePatchingUtils
LogPluginManager: Mounting plugin OculusVR
LogPluginManager: Mounting plugin PhysXVehicles
LogPluginManager: Mounting plugin PostSplashScreen
LogPluginManager: Mounting plugin ProceduralMeshComponent
LogPluginManager: Mounting plugin RuntimePhysXCooking
LogPluginManager: Mounting plugin SignificanceManager
LogPluginManager: Mounting plugin SoundFields
LogPluginManager: Mounting plugin SteamVR
LogPluginManager: Mounting plugin Synthesis
LogPluginManager: Mounting plugin WebMMoviePlayer
LogPluginManager: Mounting plugin WindowsMoviePlayer
LogPluginManager: Mounting plugin ScreenshotTools
LogInit: Using libcurl 7.55.1-DEV
LogInit:  - built for x86_64-pc-win32
LogInit:  - supports SSL with OpenSSL/1.1.1
LogInit:  - supports HTTP deflate (compression) using libz 1.2.8
LogInit:  - other features:
LogInit:      CURL_VERSION_SSL
LogInit:      CURL_VERSION_LIBZ
LogInit:      CURL_VERSION_IPV6
LogInit:      CURL_VERSION_ASYNCHDNS
LogInit:      CURL_VERSION_LARGEFILE
LogInit:      CURL_VERSION_IDN
LogInit:  CurlRequestOptions (configurable via config and command line):
LogInit:  - bVerifyPeer = true  - Libcurl will verify peer certificate
LogInit:  - bUseHttpProxy = false  - Libcurl will NOT use HTTP proxy
LogInit:  - bDontReuseConnections = false  - Libcurl will reuse connections
LogInit:  - MaxHostConnections = 16  - Libcurl will limit the number of connections to a host
LogInit:  - LocalHostAddr = Default
LogInit:  - BufferSize = 65536
LogOnline: OSS: Creating online subsystem instance for: NULL
LogInit: WinSock: version 1.1 (2.2), MaxSocks=32767, MaxUdp=65467
LogOnline: OSS: TryLoadSubsystemAndSetDefault: Loaded subsystem for module [NULL]
LogOculusPluginWrapper: OculusPlugin initialized successfully
LogInit: Build: ++UE4+Release-4.25-CL-13942748
LogInit: Engine Version: 4.25.3-13942748+++UE4+Release-4.25
LogInit: Compatible Engine Version: 4.25.0-13144385+++UE4+Release-4.25
LogInit: Net CL: 13144385
LogInit: OS: Windows 10 (Release 1909) (), CPU: Intel(R) Core(TM) i5-6500 CPU @ 3.20GHz, GPU: NVIDIA GeForce GTX 1060 6GB
LogInit: Compiled (64-bit): Jul 25 2020 02:07:48
LogInit: Compiled with Visual C++: 19.24.28315.00
LogInit: Build Configuration: Development
LogInit: Branch Name: ++UE4+Release-4.25
LogInit: Command Line:  -EpicPortal -epicusername=Rimeh_ -epicuserid=3620de3b46744791bae9bb86c3c88c80 -epiclocale=en
LogInit: Base Directory: C:/Program Files/Epic Games/UE_4.25/Engine/Binaries/Win64/
LogInit: Allocator: TBB
LogInit: Installed Engine Build: 1
LogDevObjectVersion: Number of dev versions registered: 26
LogDevObjectVersion:   Dev-Blueprints (B0D832E4-1F89-4F0D-ACCF-7EB736FD4AA2): 10
LogDevObjectVersion:   Dev-Build (E1C64328-A22C-4D53-A36C-8E866417BD8C): 0
LogDevObjectVersion:   Dev-Core (375EC13C-06E4-48FB-B500-84F0262A717E): 4
LogDevObjectVersion:   Dev-Editor (E4B068ED-F494-42E9-A231-DA0B2E46BB41): 38
LogDevObjectVersion:   Dev-Framework (CFFC743F-43B0-4480-9391-14DF171D2073): 37
LogDevObjectVersion:   Dev-Mobile (B02B49B5-BB20-44E9-A304-32B752E40360): 2
LogDevObjectVersion:   Dev-Networking (A4E4105C-59A1-49B5-A7C5-40C4547EDFEE): 0
LogDevObjectVersion:   Dev-Online (39C831C9-5AE6-47DC-9A44-9C173E1C8E7C): 0
LogDevObjectVersion:   Dev-Physics (78F01B33-EBEA-4F98-B9B4-84EACCB95AA2): 4
LogDevObjectVersion:   Dev-Platform (6631380F-2D4D-43E0-8009-CF276956A95A): 0
LogDevObjectVersion:   Dev-Rendering (12F88B9F-8875-4AFC-A67C-D90C383ABD29): 43
LogDevObjectVersion:   Dev-Sequencer (7B5AE74C-D270-4C10-A958-57980B212A5A): 12
LogDevObjectVersion:   Dev-VR (D7296918-1DD6-4BDD-9DE2-64A83CC13884): 3
LogDevObjectVersion:   Dev-LoadTimes (C2A15278-BFE7-4AFE-6C17-90FF531DF755): 1
LogDevObjectVersion:   Private-Geometry (6EACA3D4-40EC-4CC1-B786-8BED09428FC5): 3
LogDevObjectVersion:   Dev-AnimPhys (29E575DD-E0A3-4627-9D10-D276232CDCEA): 17
LogDevObjectVersion:   Dev-Anim (AF43A65D-7FD3-4947-9873-3E8ED9C1BB05): 7
LogDevObjectVersion:   Dev-ReflectionCapture (6B266CEC-1EC7-4B8F-A30B-E4D90942FC07): 1
LogDevObjectVersion:   Dev-Automation (0DF73D61-A23F-47EA-B727-89E90C41499A): 1
LogDevObjectVersion:   FortniteMain (601D1886-AC64-4F84-AA16-D3DE0DEAC7D6): 31
LogDevObjectVersion:   Dev-Enterprise (9DFFBCD6-494F-0158-E221-12823C92A888): 10
LogDevObjectVersion:   Dev-Niagara (F2AED0AC-9AFE-416F-8664-AA7FFA26D6FC): 1
LogDevObjectVersion:   Dev-Destruction (174F1F0B-B4C6-45A5-B13F-2EE8D0FB917D): 10
LogDevObjectVersion:   Dev-Physics-Ext (35F94A83-E258-406C-A318-09F59610247C): 37
LogDevObjectVersion:   Dev-PhysicsMaterial-Chaos (B68FC16E-8B1B-42E2-B453-215C058844FE): 1
LogDevObjectVersion:   Dev-CineCamera (B2E18506-4273-CFC2-A54E-F4BB758BBA07): 1
LogInit: Presizing for max 25165824 objects, including 0 objects not considered by GC, pre-allocating 0 bytes for permanent pool.
LogConfig: Applying CVar settings from Section [/Script/Engine.StreamingSettings] File [C:/Users/454928/Documents/School/Year 4/SSS/Project/VRLivePerformance/UnrealVRLivePerformance/UnrealVR/Saved/Config/Windows/Engine.ini]
LogConfig: Setting CVar [[s.MinBulkDataSizeForAsyncLoading:131072]]
LogConfig: Setting CVar [[s.AsyncLoadingThreadEnabled:0]]
LogConfig: Setting CVar [[s.EventDrivenLoaderEnabled:1]]
LogConfig: Setting CVar [[s.WarnIfTimeLimitExceeded:0]]
LogConfig: Setting CVar [[s.TimeLimitExceededMultiplier:1.5]]
LogConfig: Setting CVar [[s.TimeLimitExceededMinTime:0.005]]
LogConfig: Setting CVar [[s.UseBackgroundLevelStreaming:1]]
LogConfig: Setting CVar [[s.PriorityAsyncLoadingExtraTime:15.0]]
LogConfig: Setting CVar [[s.LevelStreamingActorsUpdateTimeLimit:5.0]]
LogConfig: Setting CVar [[s.PriorityLevelStreamingActorsUpdateExtraTime:5.0]]
LogConfig: Setting CVar [[s.LevelStreamingComponentsRegistrationGranularity:10]]
LogConfig: Setting CVar [[s.UnregisterComponentsTimeLimit:1.0]]
LogConfig: Setting CVar [[s.LevelStreamingComponentsUnregistrationGranularity:5]]
LogConfig: Setting CVar [[s.FlushStreamingOnExit:1]]
LogInit: Object subsystem initialized
LogConfig: Setting CVar [[con.DebugEarlyDefault:1]]
LogConfig: Setting CVar [[r.setres:1280x720]]
[2020.10.08-13.34.40:866][  0]LogConfig: Setting CVar [[r.VSync:0]]
[2020.10.08-13.34.40:866][  0]LogConfig: Setting CVar [[r.RHICmdBypass:0]]
[2020.10.08-13.34.40:866][  0]LogConfig: Applying CVar settings from Section [/Script/Engine.RendererSettings] File [C:/Users/454928/Documents/School/Year 4/SSS/Project/VRLivePerformance/UnrealVRLivePerformance/UnrealVR/Saved/Config/Windows/Engine.ini]
[2020.10.08-13.34.40:866][  0]LogConfig: Setting CVar [[r.GPUCrashDebugging:0]]
[2020.10.08-13.34.40:866][  0]LogConfig: Applying CVar settings from Section [/Script/Engine.RendererOverrideSettings] File [C:/Users/454928/Documents/School/Year 4/SSS/Project/VRLivePerformance/UnrealVRLivePerformance/UnrealVR/Saved/Config/Windows/Engine.ini]
[2020.10.08-13.34.40:866][  0]LogConfig: Applying CVar settings from Section [/Script/Engine.StreamingSettings] File [C:/Users/454928/Documents/School/Year 4/SSS/Project/VRLivePerformance/UnrealVRLivePerformance/UnrealVR/Saved/Config/Windows/Engine.ini]
[2020.10.08-13.34.40:866][  0]LogConfig: Setting CVar [[s.MinBulkDataSizeForAsyncLoading:131072]]
[2020.10.08-13.34.40:866][  0]LogConfig: Setting CVar [[s.AsyncLoadingThreadEnabled:0]]
[2020.10.08-13.34.40:866][  0]LogConfig: Setting CVar [[s.EventDrivenLoaderEnabled:1]]
[2020.10.08-13.34.40:866][  0]LogConfig: Setting CVar [[s.WarnIfTimeLimitExceeded:0]]
[2020.10.08-13.34.40:866][  0]LogConfig: Setting CVar [[s.TimeLimitExceededMultiplier:1.5]]
[2020.10.08-13.34.40:866][  0]LogConfig: Setting CVar [[s.TimeLimitExceededMinTime:0.005]]
[2020.10.08-13.34.40:866][  0]LogConfig: Setting CVar [[s.UseBackgroundLevelStreaming:1]]
[2020.10.08-13.34.40:866][  0]LogConfig: Setting CVar [[s.PriorityAsyncLoadingExtraTime:15.0]]
[2020.10.08-13.34.40:866][  0]LogConfig: Setting CVar [[s.LevelStreamingActorsUpdateTimeLimit:5.0]]
[2020.10.08-13.34.40:866][  0]LogConfig: Setting CVar [[s.PriorityLevelStreamingActorsUpdateExtraTime:5.0]]
[2020.10.08-13.34.40:866][  0]LogConfig: Setting CVar [[s.LevelStreamingComponentsRegistrationGranularity:10]]
[2020.10.08-13.34.40:866][  0]LogConfig: Setting CVar [[s.UnregisterComponentsTimeLimit:1.0]]
[2020.10.08-13.34.40:866][  0]LogConfig: Setting CVar [[s.LevelStreamingComponentsUnregistrationGranularity:5]]
[2020.10.08-13.34.40:866][  0]LogConfig: Setting CVar [[s.FlushStreamingOnExit:1]]
[2020.10.08-13.34.40:866][  0]LogConfig: Applying CVar settings from Section [/Script/Engine.GarbageCollectionSettings] File [C:/Users/454928/Documents/School/Year 4/SSS/Project/VRLivePerformance/UnrealVRLivePerformance/UnrealVR/Saved/Config/Windows/Engine.ini]
[2020.10.08-13.34.40:866][  0]LogConfig: Setting CVar [[gc.MaxObjectsNotConsideredByGC:1]]
[2020.10.08-13.34.40:866][  0]LogConfig: Setting CVar [[gc.SizeOfPermanentObjectPool:0]]
[2020.10.08-13.34.40:866][  0]LogConfig: Setting CVar [[gc.FlushStreamingOnGC:0]]
[2020.10.08-13.34.40:867][  0]LogConfig: Setting CVar [[gc.NumRetriesBeforeForcingGC:10]]
[2020.10.08-13.34.40:867][  0]LogConfig: Setting CVar [[gc.AllowParallelGC:1]]
[2020.10.08-13.34.40:867][  0]LogConfig: Setting CVar [[gc.TimeBetweenPurgingPendingKillObjects:61.1]]
[2020.10.08-13.34.40:867][  0]LogConfig: Setting CVar [[gc.MaxObjectsInEditor:25165824]]
[2020.10.08-13.34.40:867][  0]LogConfig: Setting CVar [[gc.IncrementalBeginDestroyEnabled:1]]
[2020.10.08-13.34.40:867][  0]LogConfig: Setting CVar [[gc.CreateGCClusters:1]]
[2020.10.08-13.34.40:867][  0]LogConfig: Setting CVar [[gc.MinGCClusterSize:5]]
[2020.10.08-13.34.40:867][  0]LogConfig: Setting CVar [[gc.ActorClusteringEnabled:0]]
[2020.10.08-13.34.40:867][  0]LogConfig: Setting CVar [[gc.BlueprintClusteringEnabled:0]]
[2020.10.08-13.34.40:867][  0]LogConfig: Setting CVar [[gc.UseDisregardForGCOnDedicatedServers:0]]
[2020.10.08-13.34.40:867][  0]LogConfig: Applying CVar settings from Section [/Script/Engine.NetworkSettings] File [C:/Users/454928/Documents/School/Year 4/SSS/Project/VRLivePerformance/UnrealVRLivePerformance/UnrealVR/Saved/Config/Windows/Engine.ini]
[2020.10.08-13.34.40:867][  0]LogConfig: Applying CVar settings from Section [/Script/UnrealEd.CookerSettings] File [C:/Users/454928/Documents/School/Year 4/SSS/Project/VRLivePerformance/UnrealVRLivePerformance/UnrealVR/Saved/Config/Windows/Engine.ini]
[2020.10.08-13.34.40:879][  0]LogConfig: Applying CVar settings from Section [ViewDistanceQuality@3] File [C:/Users/454928/Documents/School/Year 4/SSS/Project/VRLivePerformance/UnrealVRLivePerformance/UnrealVR/Saved/Config/Windows/Scalability.ini]
[2020.10.08-13.34.40:879][  0]LogConfig: Setting CVar [[r.SkeletalMeshLODBias:0]]
[2020.10.08-13.34.40:879][  0]LogConfig: Setting CVar [[r.ViewDistanceScale:1.0]]
[2020.10.08-13.34.40:879][  0]LogConfig: Applying CVar settings from Section [AntiAliasingQuality@3] File [C:/Users/454928/Documents/School/Year 4/SSS/Project/VRLivePerformance/UnrealVRLivePerformance/UnrealVR/Saved/Config/Windows/Scalability.ini]
[2020.10.08-13.34.40:879][  0]LogConfig: Setting CVar [[r.PostProcessAAQuality:4]]
[2020.10.08-13.34.40:879][  0]LogConfig: Applying CVar settings from Section [ShadowQuality@3] File [C:/Users/454928/Documents/School/Year 4/SSS/Project/VRLivePerformance/UnrealVRLivePerformance/UnrealVR/Saved/Config/Windows/Scalability.ini]
[2020.10.08-13.34.40:879][  0]LogConfig: Setting CVar [[r.LightFunctionQuality:1]]
[2020.10.08-13.34.40:879][  0]LogConfig: Setting CVar [[r.ShadowQuality:5]]
[2020.10.08-13.34.40:879][  0]LogConfig: Setting CVar [[r.Shadow.CSM.MaxCascades:10]]
[2020.10.08-13.34.40:879][  0]LogConfig: Setting CVar [[r.Shadow.MaxResolution:2048]]
[2020.10.08-13.34.40:879][  0]LogConfig: Setting CVar [[r.Shadow.MaxCSMResolution:2048]]
[2020.10.08-13.34.40:880][  0]LogConfig: Setting CVar [[r.Shadow.RadiusThreshold:0.01]]
[2020.10.08-13.34.40:880][  0]LogConfig: Setting CVar [[r.Shadow.DistanceScale:1.0]]
[2020.10.08-13.34.40:880][  0]LogConfig: Setting CVar [[r.Shadow.CSM.TransitionScale:1.0]]
[2020.10.08-13.34.40:880][  0]LogConfig: Setting CVar [[r.Shadow.PreShadowResolutionFactor:1.0]]
[2020.10.08-13.34.40:880][  0]LogConfig: Setting CVar [[r.DistanceFieldShadowing:1]]
[2020.10.08-13.34.40:880][  0]LogConfig: Setting CVar [[r.DistanceFieldAO:1]]
[2020.10.08-13.34.40:880][  0]LogConfig: Setting CVar [[r.AOQuality:2]]
[2020.10.08-13.34.40:880][  0]LogConfig: Setting CVar [[r.VolumetricFog:1]]
[2020.10.08-13.34.40:880][  0]LogConfig: Setting CVar [[r.VolumetricFog.GridPixelSize:8]]
[2020.10.08-13.34.40:880][  0]LogConfig: Setting CVar [[r.VolumetricFog.GridSizeZ:128]]
[2020.10.08-13.34.40:880][  0]LogConfig: Setting CVar [[r.VolumetricFog.HistoryMissSupersampleCount:4]]
[2020.10.08-13.34.40:880][  0]LogConfig: Setting CVar [[r.LightMaxDrawDistanceScale:1]]
[2020.10.08-13.34.40:880][  0]LogConfig: Setting CVar [[r.CapsuleShadows:1]]
[2020.10.08-13.34.40:880][  0]LogConfig: Applying CVar settings from Section [PostProcessQuality@3] File [C:/Users/454928/Documents/School/Year 4/SSS/Project/VRLivePerformance/UnrealVRLivePerformance/UnrealVR/Saved/Config/Windows/Scalability.ini]
[2020.10.08-13.34.40:880][  0]LogConfig: Setting CVar [[r.MotionBlurQuality:4]]
[2020.10.08-13.34.40:880][  0]LogConfig: Setting CVar [[r.AmbientOcclusionMipLevelFactor:0.4]]
[2020.10.08-13.34.40:880][  0]LogConfig: Setting CVar [[r.AmbientOcclusionMaxQuality:100]]
[2020.10.08-13.34.40:880][  0]LogConfig: Setting CVar [[r.AmbientOcclusionLevels:-1]]
[2020.10.08-13.34.40:880][  0]LogConfig: Setting CVar [[r.AmbientOcclusionRadiusScale:1.0]]
[2020.10.08-13.34.40:880][  0]LogConfig: Setting CVar [[r.DepthOfFieldQuality:2]]
[2020.10.08-13.34.40:880][  0]LogConfig: Setting CVar [[r.RenderTargetPoolMin:400]]
[2020.10.08-13.34.40:880][  0]LogConfig: Setting CVar [[r.LensFlareQuality:2]]
[2020.10.08-13.34.40:880][  0]LogConfig: Setting CVar [[r.SceneColorFringeQuality:1]]
[2020.10.08-13.34.40:880][  0]LogConfig: Setting CVar [[r.EyeAdaptationQuality:2]]
[2020.10.08-13.34.40:880][  0]LogConfig: Setting CVar [[r.BloomQuality:5]]
[2020.10.08-13.34.40:880][  0]LogConfig: Setting CVar [[r.FastBlurThreshold:100]]
[2020.10.08-13.34.40:880][  0]LogConfig: Setting CVar [[r.Upscale.Quality:3]]
[2020.10.08-13.34.40:880][  0]LogConfig: Setting CVar [[r.Tonemapper.GrainQuantization:1]]
[2020.10.08-13.34.40:880][  0]LogConfig: Setting CVar [[r.LightShaftQuality:1]]
[2020.10.08-13.34.40:880][  0]LogConfig: Setting CVar [[r.Filter.SizeScale:1]]
[2020.10.08-13.34.40:880][  0]LogConfig: Setting CVar [[r.Tonemapper.Quality:5]]
[2020.10.08-13.34.40:880][  0]LogConfig: Setting CVar [[r.DOF.Gather.AccumulatorQuality:1        ; higher gathering accumulator quality]]
[2020.10.08-13.34.40:880][  0]LogConfig: Setting CVar [[r.DOF.Gather.PostfilterMethod:1          ; Median3x3 postfilering method]]
[2020.10.08-13.34.40:880][  0]LogConfig: Setting CVar [[r.DOF.Gather.EnableBokehSettings:0       ; no bokeh simulation when gathering]]
[2020.10.08-13.34.40:881][  0]LogConfig: Setting CVar [[r.DOF.Gather.RingCount:4                 ; medium number of samples when gathering]]
[2020.10.08-13.34.40:881][  0]LogConfig: Setting CVar [[r.DOF.Scatter.ForegroundCompositing:1    ; additive foreground scattering]]
[2020.10.08-13.34.40:881][  0]LogConfig: Setting CVar [[r.DOF.Scatter.BackgroundCompositing:2    ; additive background scattering]]
[2020.10.08-13.34.40:881][  0]LogConfig: Setting CVar [[r.DOF.Scatter.EnableBokehSettings:1      ; bokeh simulation when scattering]]
[2020.10.08-13.34.40:881][  0]LogConfig: Setting CVar [[r.DOF.Scatter.MaxSpriteRatio:0.1         ; only a maximum of 10% of scattered bokeh]]
[2020.10.08-13.34.40:881][  0]LogConfig: Setting CVar [[r.DOF.Recombine.Quality:1                ; cheap slight out of focus]]
[2020.10.08-13.34.40:881][  0]LogConfig: Setting CVar [[r.DOF.Recombine.EnableBokehSettings:0    ; no bokeh simulation on slight out of focus]]
[2020.10.08-13.34.40:881][  0]LogConfig: Setting CVar [[r.DOF.TemporalAAQuality:1                ; more stable temporal accumulation]]
[2020.10.08-13.34.40:881][  0]LogConfig: Setting CVar [[r.DOF.Kernel.MaxForegroundRadius:0.025]]
[2020.10.08-13.34.40:881][  0]LogConfig: Setting CVar [[r.DOF.Kernel.MaxBackgroundRadius:0.025]]
[2020.10.08-13.34.40:881][  0]LogConfig: Applying CVar settings from Section [TextureQuality@3] File [C:/Users/454928/Documents/School/Year 4/SSS/Project/VRLivePerformance/UnrealVRLivePerformance/UnrealVR/Saved/Config/Windows/Scalability.ini]
[2020.10.08-13.34.40:881][  0]LogConfig: Setting CVar [[r.Streaming.MipBias:0]]
[2020.10.08-13.34.40:881][  0]LogConfig: Setting CVar [[r.Streaming.AmortizeCPUToGPUCopy:0]]
[2020.10.08-13.34.40:881][  0]LogConfig: Setting CVar [[r.Streaming.MaxNumTexturesToStreamPerFrame:0]]
[2020.10.08-13.34.40:881][  0]LogConfig: Setting CVar [[r.Streaming.Boost:1]]
[2020.10.08-13.34.40:881][  0]LogConfig: Setting CVar [[r.MaxAnisotropy:8]]
[2020.10.08-13.34.40:881][  0]LogConfig: Setting CVar [[r.VT.MaxAnisotropy:8]]
[2020.10.08-13.34.40:881][  0]LogConfig: Setting CVar [[r.Streaming.LimitPoolSizeToVRAM:0]]
[2020.10.08-13.34.40:881][  0]LogConfig: Setting CVar [[r.Streaming.PoolSize:1000]]
[2020.10.08-13.34.40:881][  0]LogConfig: Setting CVar [[r.Streaming.MaxEffectiveScreenSize:0]]
[2020.10.08-13.34.40:881][  0]LogConfig: Applying CVar settings from Section [EffectsQuality@3] File [C:/Users/454928/Documents/School/Year 4/SSS/Project/VRLivePerformance/UnrealVRLivePerformance/UnrealVR/Saved/Config/Windows/Scalability.ini]
[2020.10.08-13.34.40:881][  0]LogConfig: Setting CVar [[r.TranslucencyLightingVolumeDim:64]]
[2020.10.08-13.34.40:881][  0]LogConfig: Setting CVar [[r.RefractionQuality:2]]
[2020.10.08-13.34.40:881][  0]LogConfig: Setting CVar [[r.SSR.Quality:3]]
[2020.10.08-13.34.40:881][  0]LogConfig: Setting CVar [[r.SSR.HalfResSceneColor:0]]
[2020.10.08-13.34.40:881][  0]LogConfig: Setting CVar [[r.SceneColorFormat:4]]
[2020.10.08-13.34.40:881][  0]LogConfig: Setting CVar [[r.DetailMode:2]]
[2020.10.08-13.34.40:881][  0]LogConfig: Setting CVar [[r.TranslucencyVolumeBlur:1]]
[2020.10.08-13.34.40:881][  0]LogConfig: Setting CVar [[r.MaterialQualityLevel:1 ; High quality]]
[2020.10.08-13.34.40:881][  0]LogConfig: Setting CVar [[r.SSS.Scale:1]]
[2020.10.08-13.34.40:881][  0]LogConfig: Setting CVar [[r.SSS.SampleSet:2]]
[2020.10.08-13.34.40:881][  0]LogConfig: Setting CVar [[r.SSS.Quality:1]]
[2020.10.08-13.34.40:881][  0]LogConfig: Setting CVar [[r.SSS.HalfRes:0]]
[2020.10.08-13.34.40:881][  0]LogConfig: Setting CVar [[r.SSGI.Quality:3]]
[2020.10.08-13.34.40:881][  0]LogConfig: Setting CVar [[r.EmitterSpawnRateScale:1.0]]
[2020.10.08-13.34.40:881][  0]LogConfig: Setting CVar [[r.ParticleLightQuality:2]]
[2020.10.08-13.34.40:881][  0]LogConfig: Setting CVar [[r.SkyAtmosphere.AerialPerspectiveLUT.FastApplyOnOpaque:1 ; Always have FastSkyLUT 1 in this case to avoid wrong sky]]
[2020.10.08-13.34.40:881][  0]LogConfig: Setting CVar [[r.SkyAtmosphere.AerialPerspectiveLUT.SampleCountPerSlice:1]]
[2020.10.08-13.34.40:881][  0]LogConfig: Setting CVar [[r.SkyAtmosphere.AerialPerspectiveLUT.DepthResolution:16.0]]
[2020.10.08-13.34.40:881][  0]LogConfig: Setting CVar [[r.SkyAtmosphere.FastSkyLUT:1]]
[2020.10.08-13.34.40:881][  0]LogConfig: Setting CVar [[r.SkyAtmosphere.FastSkyLUT.SampleCountMin:4.0]]
[2020.10.08-13.34.40:882][  0]LogConfig: Setting CVar [[r.SkyAtmosphere.FastSkyLUT.SampleCountMax:32.0]]
[2020.10.08-13.34.40:882][  0]LogConfig: Setting CVar [[r.SkyAtmosphere.SampleCountMin:4.0]]
[2020.10.08-13.34.40:882][  0]LogConfig: Setting CVar [[r.SkyAtmosphere.SampleCountMax:32.0]]
[2020.10.08-13.34.40:882][  0]LogConfig: Setting CVar [[r.SkyAtmosphere.TransmittanceLUT.UseSmallFormat:0]]
[2020.10.08-13.34.40:882][  0]LogConfig: Setting CVar [[r.SkyAtmosphere.TransmittanceLUT.SampleCount:10.0]]
[2020.10.08-13.34.40:882][  0]LogConfig: Setting CVar [[r.SkyAtmosphere.MultiScatteringLUT.SampleCount:15.0]]
[2020.10.08-13.34.40:882][  0]LogConfig: Applying CVar settings from Section [FoliageQuality@3] File [C:/Users/454928/Documents/School/Year 4/SSS/Project/VRLivePerformance/UnrealVRLivePerformance/UnrealVR/Saved/Config/Windows/Scalability.ini]
[2020.10.08-13.34.40:882][  0]LogConfig: Setting CVar [[foliage.DensityScale:1.0]]
[2020.10.08-13.34.40:882][  0]LogConfig: Setting CVar [[grass.DensityScale:1.0]]
[2020.10.08-13.34.40:882][  0]LogConfig: Applying CVar settings from Section [ShadingQuality@3] File [C:/Users/454928/Documents/School/Year 4/SSS/Project/VRLivePerformance/UnrealVRLivePerformance/UnrealVR/Saved/Config/Windows/Scalability.ini]
[2020.10.08-13.34.40:882][  0]LogConfig: Setting CVar [[r.HairStrands.SkyLighting.SampleCount:16]]
[2020.10.08-13.34.40:882][  0]LogConfig: Setting CVar [[r.HairStrands.SkyLighting.JitterIntegration:0]]
[2020.10.08-13.34.40:882][  0]LogConfig: Setting CVar [[r.HairStrands.SkyAO.SampleCount:16]]
[2020.10.08-13.34.40:882][  0]LogConfig: Setting CVar [[r.HairStrands.DeepShadow.SuperSampling:0]]
[2020.10.08-13.34.40:882][  0]LogConfig: Setting CVar [[r.HairStrands.VisibilityPPLL:0]]
[2020.10.08-13.34.40:882][  0]LogConfig: Setting CVar [[r.HairStrands.RasterizationScale:0.5]]
[2020.10.08-13.34.40:882][  0]LogConfig: Setting CVar [[r.HairStrands.VelocityRasterizationScale:1]]
[2020.10.08-13.34.40:882][  0]LogInit: Selected Device Profile: [Windows]
[2020.10.08-13.34.40:882][  0]LogInit: Applying CVar settings loaded from the selected device profile: [Windows]
[2020.10.08-13.34.40:882][  0]LogHAL: Display: Platform has ~ 16 GB [17142865920 / 17179869184 / 16], which maps to Larger [LargestMinGB=32, LargerMinGB=12, DefaultMinGB=8, SmallerMinGB=6, SmallestMinGB=0)
[2020.10.08-13.34.40:882][  0]LogInit: Going up to parent DeviceProfile []
[2020.10.08-13.34.40:882][  0]LogConfig: Applying CVar settings from Section [ViewDistanceQuality@3] File [C:/Users/454928/Documents/School/Year 4/SSS/Project/VRLivePerformance/UnrealVRLivePerformance/UnrealVR/Saved/Config/Windows/Scalability.ini]
[2020.10.08-13.34.40:882][  0]LogConfig: Setting CVar [[r.SkeletalMeshLODBias:0]]
[2020.10.08-13.34.40:882][  0]LogConfig: Setting CVar [[r.ViewDistanceScale:1.0]]
[2020.10.08-13.34.40:882][  0]LogConfig: Applying CVar settings from Section [AntiAliasingQuality@3] File [C:/Users/454928/Documents/School/Year 4/SSS/Project/VRLivePerformance/UnrealVRLivePerformance/UnrealVR/Saved/Config/Windows/Scalability.ini]
[2020.10.08-13.34.40:882][  0]LogConfig: Setting CVar [[r.PostProcessAAQuality:4]]
[2020.10.08-13.34.40:882][  0]LogConfig: Applying CVar settings from Section [ShadowQuality@3] File [C:/Users/454928/Documents/School/Year 4/SSS/Project/VRLivePerformance/UnrealVRLivePerformance/UnrealVR/Saved/Config/Windows/Scalability.ini]
[2020.10.08-13.34.40:882][  0]LogConfig: Setting CVar [[r.LightFunctionQuality:1]]
[2020.10.08-13.34.40:882][  0]LogConfig: Setting CVar [[r.ShadowQuality:5]]
[2020.10.08-13.34.40:882][  0]LogConfig: Setting CVar [[r.Shadow.CSM.MaxCascades:10]]
[2020.10.08-13.34.40:882][  0]LogConfig: Setting CVar [[r.Shadow.MaxResolution:2048]]
[2020.10.08-13.34.40:882][  0]LogConfig: Setting CVar [[r.Shadow.MaxCSMResolution:2048]]
[2020.10.08-13.34.40:882][  0]LogConfig: Setting CVar [[r.Shadow.RadiusThreshold:0.01]]
[2020.10.08-13.34.40:882][  0]LogConfig: Setting CVar [[r.Shadow.DistanceScale:1.0]]
[2020.10.08-13.34.40:882][  0]LogConfig: Setting CVar [[r.Shadow.CSM.TransitionScale:1.0]]
[2020.10.08-13.34.40:882][  0]LogConfig: Setting CVar [[r.Shadow.PreShadowResolutionFactor:1.0]]
[2020.10.08-13.34.40:882][  0]LogConfig: Setting CVar [[r.DistanceFieldShadowing:1]]
[2020.10.08-13.34.40:882][  0]LogConfig: Setting CVar [[r.DistanceFieldAO:1]]
[2020.10.08-13.34.40:882][  0]LogConfig: Setting CVar [[r.AOQuality:2]]
[2020.10.08-13.34.40:882][  0]LogConfig: Setting CVar [[r.VolumetricFog:1]]
[2020.10.08-13.34.40:882][  0]LogConfig: Setting CVar [[r.VolumetricFog.GridPixelSize:8]]
[2020.10.08-13.34.40:882][  0]LogConfig: Setting CVar [[r.VolumetricFog.GridSizeZ:128]]
[2020.10.08-13.34.40:882][  0]LogConfig: Setting CVar [[r.VolumetricFog.HistoryMissSupersampleCount:4]]
[2020.10.08-13.34.40:882][  0]LogConfig: Setting CVar [[r.LightMaxDrawDistanceScale:1]]
[2020.10.08-13.34.40:882][  0]LogConfig: Setting CVar [[r.CapsuleShadows:1]]
[2020.10.08-13.34.40:882][  0]LogConfig: Applying CVar settings from Section [PostProcessQuality@3] File [C:/Users/454928/Documents/School/Year 4/SSS/Project/VRLivePerformance/UnrealVRLivePerformance/UnrealVR/Saved/Config/Windows/Scalability.ini]
[2020.10.08-13.34.40:882][  0]LogConfig: Setting CVar [[r.MotionBlurQuality:4]]
[2020.10.08-13.34.40:882][  0]LogConfig: Setting CVar [[r.AmbientOcclusionMipLevelFactor:0.4]]
[2020.10.08-13.34.40:882][  0]LogConfig: Setting CVar [[r.AmbientOcclusionMaxQuality:100]]
[2020.10.08-13.34.40:882][  0]LogConfig: Setting CVar [[r.AmbientOcclusionLevels:-1]]
[2020.10.08-13.34.40:882][  0]LogConfig: Setting CVar [[r.AmbientOcclusionRadiusScale:1.0]]
[2020.10.08-13.34.40:882][  0]LogConfig: Setting CVar [[r.DepthOfFieldQuality:2]]
[2020.10.08-13.34.40:883][  0]LogConfig: Setting CVar [[r.RenderTargetPoolMin:400]]
[2020.10.08-13.34.40:883][  0]LogConfig: Setting CVar [[r.LensFlareQuality:2]]
[2020.10.08-13.34.40:883][  0]LogConfig: Setting CVar [[r.SceneColorFringeQuality:1]]
[2020.10.08-13.34.40:883][  0]LogConfig: Setting CVar [[r.EyeAdaptationQuality:2]]
[2020.10.08-13.34.40:883][  0]LogConfig: Setting CVar [[r.BloomQuality:5]]
[2020.10.08-13.34.40:883][  0]LogConfig: Setting CVar [[r.FastBlurThreshold:100]]
[2020.10.08-13.34.40:883][  0]LogConfig: Setting CVar [[r.Upscale.Quality:3]]
[2020.10.08-13.34.40:883][  0]LogConfig: Setting CVar [[r.Tonemapper.GrainQuantization:1]]
[2020.10.08-13.34.40:883][  0]LogConfig: Setting CVar [[r.LightShaftQuality:1]]
[2020.10.08-13.34.40:883][  0]LogConfig: Setting CVar [[r.Filter.SizeScale:1]]
[2020.10.08-13.34.40:883][  0]LogConfig: Setting CVar [[r.Tonemapper.Quality:5]]
[2020.10.08-13.34.40:883][  0]LogConfig: Setting CVar [[r.DOF.Gather.AccumulatorQuality:1        ; higher gathering accumulator quality]]
[2020.10.08-13.34.40:883][  0]LogConfig: Setting CVar [[r.DOF.Gather.PostfilterMethod:1          ; Median3x3 postfilering method]]
[2020.10.08-13.34.40:883][  0]LogConfig: Setting CVar [[r.DOF.Gather.EnableBokehSettings:0       ; no bokeh simulation when gathering]]
[2020.10.08-13.34.40:883][  0]LogConfig: Setting CVar [[r.DOF.Gather.RingCount:4                 ; medium number of samples when gathering]]
[2020.10.08-13.34.40:883][  0]LogConfig: Setting CVar [[r.DOF.Scatter.ForegroundCompositing:1    ; additive foreground scattering]]
[2020.10.08-13.34.40:883][  0]LogConfig: Setting CVar [[r.DOF.Scatter.BackgroundCompositing:2    ; additive background scattering]]
[2020.10.08-13.34.40:883][  0]LogConfig: Setting CVar [[r.DOF.Scatter.EnableBokehSettings:1      ; bokeh simulation when scattering]]
[2020.10.08-13.34.40:883][  0]LogConfig: Setting CVar [[r.DOF.Scatter.MaxSpriteRatio:0.1         ; only a maximum of 10% of scattered bokeh]]
[2020.10.08-13.34.40:883][  0]LogConfig: Setting CVar [[r.DOF.Recombine.Quality:1                ; cheap slight out of focus]]
[2020.10.08-13.34.40:883][  0]LogConfig: Setting CVar [[r.DOF.Recombine.EnableBokehSettings:0    ; no bokeh simulation on slight out of focus]]
[2020.10.08-13.34.40:883][  0]LogConfig: Setting CVar [[r.DOF.TemporalAAQuality:1                ; more stable temporal accumulation]]
[2020.10.08-13.34.40:883][  0]LogConfig: Setting CVar [[r.DOF.Kernel.MaxForegroundRadius:0.025]]
[2020.10.08-13.34.40:883][  0]LogConfig: Setting CVar [[r.DOF.Kernel.MaxBackgroundRadius:0.025]]
[2020.10.08-13.34.40:883][  0]LogConfig: Applying CVar settings from Section [TextureQuality@3] File [C:/Users/454928/Documents/School/Year 4/SSS/Project/VRLivePerformance/UnrealVRLivePerformance/UnrealVR/Saved/Config/Windows/Scalability.ini]
[2020.10.08-13.34.40:883][  0]LogConfig: Setting CVar [[r.Streaming.MipBias:0]]
[2020.10.08-13.34.40:883][  0]LogConfig: Setting CVar [[r.Streaming.AmortizeCPUToGPUCopy:0]]
[2020.10.08-13.34.40:883][  0]LogConfig: Setting CVar [[r.Streaming.MaxNumTexturesToStreamPerFrame:0]]
[2020.10.08-13.34.40:883][  0]LogConfig: Setting CVar [[r.Streaming.Boost:1]]
[2020.10.08-13.34.40:883][  0]LogConfig: Setting CVar [[r.MaxAnisotropy:8]]
[2020.10.08-13.34.40:883][  0]LogConfig: Setting CVar [[r.VT.MaxAnisotropy:8]]
[2020.10.08-13.34.40:883][  0]LogConfig: Setting CVar [[r.Streaming.LimitPoolSizeToVRAM:0]]
[2020.10.08-13.34.40:883][  0]LogConfig: Setting CVar [[r.Streaming.PoolSize:1000]]
[2020.10.08-13.34.40:883][  0]LogConfig: Setting CVar [[r.Streaming.MaxEffectiveScreenSize:0]]
[2020.10.08-13.34.40:883][  0]LogConfig: Applying CVar settings from Section [EffectsQuality@3] File [C:/Users/454928/Documents/School/Year 4/SSS/Project/VRLivePerformance/UnrealVRLivePerformance/UnrealVR/Saved/Config/Windows/Scalability.ini]
[2020.10.08-13.34.40:883][  0]LogConfig: Setting CVar [[r.TranslucencyLightingVolumeDim:64]]
[2020.10.08-13.34.40:883][  0]LogConfig: Setting CVar [[r.RefractionQuality:2]]
[2020.10.08-13.34.40:883][  0]LogConfig: Setting CVar [[r.SSR.Quality:3]]
[2020.10.08-13.34.40:883][  0]LogConfig: Setting CVar [[r.SSR.HalfResSceneColor:0]]
[2020.10.08-13.34.40:883][  0]LogConfig: Setting CVar [[r.SceneColorFormat:4]]
[2020.10.08-13.34.40:883][  0]LogConfig: Setting CVar [[r.DetailMode:2]]
[2020.10.08-13.34.40:883][  0]LogConfig: Setting CVar [[r.TranslucencyVolumeBlur:1]]
[2020.10.08-13.34.40:883][  0]LogConfig: Setting CVar [[r.MaterialQualityLevel:1 ; High quality]]
[2020.10.08-13.34.40:883][  0]LogConfig: Setting CVar [[r.SSS.Scale:1]]
[2020.10.08-13.34.40:883][  0]LogConfig: Setting CVar [[r.SSS.SampleSet:2]]
[2020.10.08-13.34.40:883][  0]LogConfig: Setting CVar [[r.SSS.Quality:1]]
[2020.10.08-13.34.40:883][  0]LogConfig: Setting CVar [[r.SSS.HalfRes:0]]
[2020.10.08-13.34.40:883][  0]LogConfig: Setting CVar [[r.SSGI.Quality:3]]
[2020.10.08-13.34.40:883][  0]LogConfig: Setting CVar [[r.EmitterSpawnRateScale:1.0]]
[2020.10.08-13.34.40:883][  0]LogConfig: Setting CVar [[r.ParticleLightQuality:2]]
[2020.10.08-13.34.40:883][  0]LogConfig: Setting CVar [[r.SkyAtmosphere.AerialPerspectiveLUT.FastApplyOnOpaque:1 ; Always have FastSkyLUT 1 in this case to avoid wrong sky]]
[2020.10.08-13.34.40:883][  0]LogConfig: Setting CVar [[r.SkyAtmosphere.AerialPerspectiveLUT.SampleCountPerSlice:1]]
[2020.10.08-13.34.40:883][  0]LogConfig: Setting CVar [[r.SkyAtmosphere.AerialPerspectiveLUT.DepthResolution:16.0]]
[2020.10.08-13.34.40:883][  0]LogConfig: Setting CVar [[r.SkyAtmosphere.FastSkyLUT:1]]
[2020.10.08-13.34.40:883][  0]LogConfig: Setting CVar [[r.SkyAtmosphere.FastSkyLUT.SampleCountMin:4.0]]
[2020.10.08-13.34.40:883][  0]LogConfig: Setting CVar [[r.SkyAtmosphere.FastSkyLUT.SampleCountMax:32.0]]
[2020.10.08-13.34.40:883][  0]LogConfig: Setting CVar [[r.SkyAtmosphere.SampleCountMin:4.0]]
[2020.10.08-13.34.40:883][  0]LogConfig: Setting CVar [[r.SkyAtmosphere.SampleCountMax:32.0]]
[2020.10.08-13.34.40:883][  0]LogConfig: Setting CVar [[r.SkyAtmosphere.TransmittanceLUT.UseSmallFormat:0]]
[2020.10.08-13.34.40:883][  0]LogConfig: Setting CVar [[r.SkyAtmosphere.TransmittanceLUT.SampleCount:10.0]]
[2020.10.08-13.34.40:883][  0]LogConfig: Setting CVar [[r.SkyAtmosphere.MultiScatteringLUT.SampleCount:15.0]]
[2020.10.08-13.34.40:884][  0]LogConfig: Applying CVar settings from Section [FoliageQuality@3] File [C:/Users/454928/Documents/School/Year 4/SSS/Project/VRLivePerformance/UnrealVRLivePerformance/UnrealVR/Saved/Config/Windows/Scalability.ini]
[2020.10.08-13.34.40:884][  0]LogConfig: Setting CVar [[foliage.DensityScale:1.0]]
[2020.10.08-13.34.40:884][  0]LogConfig: Setting CVar [[grass.DensityScale:1.0]]
[2020.10.08-13.34.40:884][  0]LogConfig: Applying CVar settings from Section [ShadingQuality@3] File [C:/Users/454928/Documents/School/Year 4/SSS/Project/VRLivePerformance/UnrealVRLivePerformance/UnrealVR/Saved/Config/Windows/Scalability.ini]
[2020.10.08-13.34.40:884][  0]LogConfig: Setting CVar [[r.HairStrands.SkyLighting.SampleCount:16]]
[2020.10.08-13.34.40:884][  0]LogConfig: Setting CVar [[r.HairStrands.SkyLighting.JitterIntegration:0]]
[2020.10.08-13.34.40:884][  0]LogConfig: Setting CVar [[r.HairStrands.SkyAO.SampleCount:16]]
[2020.10.08-13.34.40:884][  0]LogConfig: Setting CVar [[r.HairStrands.DeepShadow.SuperSampling:0]]
[2020.10.08-13.34.40:884][  0]LogConfig: Setting CVar [[r.HairStrands.VisibilityPPLL:0]]
[2020.10.08-13.34.40:884][  0]LogConfig: Setting CVar [[r.HairStrands.RasterizationScale:0.5]]
[2020.10.08-13.34.40:884][  0]LogConfig: Setting CVar [[r.HairStrands.VelocityRasterizationScale:1]]
[2020.10.08-13.34.40:884][  0]LogConfig: Applying CVar settings from Section [Startup] File [../../../Engine/Config/ConsoleVariables.ini]
[2020.10.08-13.34.40:884][  0]LogConfig: Setting CVar [[net.UseAdaptiveNetUpdateFrequency:0]]
[2020.10.08-13.34.40:884][  0]LogConfig: Setting CVar [[p.chaos.AllowCreatePhysxBodies:1]]
[2020.10.08-13.34.40:884][  0]LogConfig: Setting CVar [[fx.SkipVectorVMBackendOptimizations:1]]
[2020.10.08-13.34.40:884][  0]LogConfig: Applying CVar settings from Section [ConsoleVariables] File [C:/Users/454928/Documents/School/Year 4/SSS/Project/VRLivePerformance/UnrealVRLivePerformance/UnrealVR/Saved/Config/Windows/Engine.ini]
[2020.10.08-13.34.40:884][  0]LogInit: Computer: DESKTOP-MHPMF2O
[2020.10.08-13.34.40:884][  0]LogInit: User: 454928
[2020.10.08-13.34.40:884][  0]LogInit: CPU Page size=4096, Cores=4
[2020.10.08-13.34.40:884][  0]LogInit: High frequency timer resolution =10.000000 MHz
[2020.10.08-13.34.40:884][  0]LogMemory: Memory total: Physical=16.0GB (16GB approx)
[2020.10.08-13.34.40:884][  0]LogMemory: Platform Memory Stats for Windows
[2020.10.08-13.34.40:884][  0]LogMemory: Process Physical Memory: 120.91 MB used, 120.91 MB peak
[2020.10.08-13.34.40:885][  0]LogMemory: Process Virtual Memory: 106.32 MB used, 106.32 MB peak
[2020.10.08-13.34.40:885][  0]LogMemory: Physical Memory: 9705.36 MB used,  6643.35 MB free, 16348.71 MB total
[2020.10.08-13.34.40:885][  0]LogMemory: Virtual Memory: 5180.20 MB used,  134212544.00 MB free, 134217728.00 MB total
[2020.10.08-13.34.40:891][  0]LogWindows: WindowsPlatformFeatures enabled
[2020.10.08-13.34.40:949][  0]LogInit: Physics initialised using underlying interface: PhysX
[2020.10.08-13.34.40:951][  0]LogInit: Using OS detected language (en-US).
[2020.10.08-13.34.40:951][  0]LogInit: Using OS detected locale (en-NL).
[2020.10.08-13.34.40:954][  0]LogTextLocalizationManager: No specific localization for 'en-US' exists, so the 'en' localization will be used.
[2020.10.08-13.34.41:192][  0]LogInit: Setting process to per monitor DPI aware
[2020.10.08-13.34.41:238][  0]LogSlate: New Slate User Created.  User Index 0, Is Virtual User: 0
[2020.10.08-13.34.41:238][  0]LogSlate: Slate User Registered.  User Index 0, Is Virtual User: 0
[2020.10.08-13.34.41:389][  0]LogD3D11RHI: D3D11 min allowed feature level: 11_0
[2020.10.08-13.34.41:389][  0]LogD3D11RHI: D3D11 max allowed feature level: 11_0
[2020.10.08-13.34.41:389][  0]LogD3D11RHI: D3D11 adapters:
[2020.10.08-13.34.41:449][  0]LogD3D11RHI:    0. 'NVIDIA GeForce GTX 1060 6GB' (Feature Level 11_0)
[2020.10.08-13.34.41:449][  0]LogD3D11RHI:       6052/0/8174 MB DedicatedVideo/DedicatedSystem/SharedSystem, Outputs:3, VendorId:0x10de
[2020.10.08-13.34.41:453][  0]LogD3D11RHI:    1. 'Microsoft Basic Render Driver' (Feature Level 11_0)
[2020.10.08-13.34.41:453][  0]LogD3D11RHI:       0/0/8174 MB DedicatedVideo/DedicatedSystem/SharedSystem, Outputs:0, VendorId:0x1414
[2020.10.08-13.34.41:453][  0]LogD3D11RHI: Chosen D3D11 Adapter: 0
[2020.10.08-13.34.41:462][  0]LogD3D11RHI: Creating new Direct3DDevice
[2020.10.08-13.34.41:462][  0]LogD3D11RHI:     GPU DeviceId: 0x1c03 (for the marketing name, search the web for "GPU Device Id")
[2020.10.08-13.34.41:462][  0]LogWindows: EnumDisplayDevices:
[2020.10.08-13.34.41:462][  0]LogWindows:    0. 'NVIDIA GeForce GTX 1060 6GB' (P:1 D:1)
[2020.10.08-13.34.41:463][  0]LogWindows:    1. 'NVIDIA GeForce GTX 1060 6GB' (P:0 D:1)
[2020.10.08-13.34.41:463][  0]LogWindows:    2. 'NVIDIA GeForce GTX 1060 6GB' (P:0 D:1)
[2020.10.08-13.34.41:464][  0]LogWindows:    3. 'NVIDIA GeForce GTX 1060 6GB' (P:0 D:0)
[2020.10.08-13.34.41:464][  0]LogWindows: DebugString: FoundDriverCount:4 
[2020.10.08-13.34.41:464][  0]LogD3D11RHI:     Adapter Name: NVIDIA GeForce GTX 1060 6GB
[2020.10.08-13.34.41:464][  0]LogD3D11RHI:   Driver Version: 456.55 (internal:27.21.14.5655, unified:456.55)
[2020.10.08-13.34.41:464][  0]LogD3D11RHI:      Driver Date: 9-24-2020
[2020.10.08-13.34.41:464][  0]LogRHI: Texture pool is 4236 MB (70% of 6052 MB)
[2020.10.08-13.34.41:510][  0]LogD3D11RHI: RHI has support for 64 bit atomics
[2020.10.08-13.34.41:513][  0]LogD3D11RHI: [Aftermath] Enabled and primed
[2020.10.08-13.34.41:513][  0]LogD3D11RHI: Async texture creation enabled
[2020.10.08-13.34.41:513][  0]LogD3D11RHI: Array index from any shader is supported
[2020.10.08-13.34.41:515][  0]LogD3D11RHI: HDR output is supported on display 0 (NvId: 0x80061082).
[2020.10.08-13.34.41:540][  0]LogD3D11RHI: GPU Timing Frequency: 1000.000000 (Debug: 2 1)
[2020.10.08-13.34.41:906][  0]LogTargetPlatformManager: Display: Loaded TargetPlatform 'AllDesktop'
[2020.10.08-13.34.41:933][  0]LogTargetPlatformManager: Display: Loaded TargetPlatform 'Android'
[2020.10.08-13.34.41:933][  0]LogTargetPlatformManager: Display: Loaded TargetPlatform 'Android_ASTC'
[2020.10.08-13.34.41:934][  0]LogTargetPlatformManager: Display: Loaded TargetPlatform 'Android_DXT'
[2020.10.08-13.34.41:934][  0]LogTargetPlatformManager: Display: Loaded TargetPlatform 'Android_ETC2'
[2020.10.08-13.34.41:934][  0]LogTargetPlatformManager: Display: Loaded TargetPlatform 'AndroidClient'
[2020.10.08-13.34.41:934][  0]LogTargetPlatformManager: Display: Loaded TargetPlatform 'Android_ASTCClient'
[2020.10.08-13.34.41:934][  0]LogTargetPlatformManager: Display: Loaded TargetPlatform 'Android_DXTClient'
[2020.10.08-13.34.41:934][  0]LogTargetPlatformManager: Display: Loaded TargetPlatform 'Android_ETC2Client'
[2020.10.08-13.34.41:934][  0]LogTargetPlatformManager: Display: Loaded TargetPlatform 'Android_Multi'
[2020.10.08-13.34.41:934][  0]LogTargetPlatformManager: Display: Loaded TargetPlatform 'Android_MultiClient'
[2020.10.08-13.34.41:960][  0]LogTargetPlatformManager: Display: Loaded TargetPlatform 'IOSClient'
[2020.10.08-13.34.41:960][  0]LogTargetPlatformManager: Display: Loaded TargetPlatform 'IOS'
[2020.10.08-13.34.41:972][  0]LogTargetPlatformManager: Display: Loaded TargetPlatform 'Linux'
[2020.10.08-13.34.41:983][  0]LogTargetPlatformManager: Display: Loaded TargetPlatform 'LinuxNoEditor'
[2020.10.08-13.34.41:993][  0]LogTargetPlatformManager: Display: Loaded TargetPlatform 'LinuxClient'
[2020.10.08-13.34.42:004][  0]LogTargetPlatformManager: Display: Loaded TargetPlatform 'LinuxServer'
[2020.10.08-13.34.42:015][  0]LogTargetPlatformManager: Display: Loaded TargetPlatform 'LinuxAArch64NoEditor'
[2020.10.08-13.34.42:025][  0]LogTargetPlatformManager: Display: Loaded TargetPlatform 'LinuxAArch64Client'
[2020.10.08-13.34.42:036][  0]LogTargetPlatformManager: Display: Loaded TargetPlatform 'LinuxAArch64Server'
[2020.10.08-13.34.42:067][  0]LogTargetPlatformManager: Display: Loaded TargetPlatform 'Lumin'
[2020.10.08-13.34.42:067][  0]LogTargetPlatformManager: Display: Loaded TargetPlatform 'LuminClient'
[2020.10.08-13.34.42:086][  0]LogTargetPlatformManager: Display: Loaded TargetPlatform 'TVOSClient'
[2020.10.08-13.34.42:086][  0]LogTargetPlatformManager: Display: Loaded TargetPlatform 'TVOS'
[2020.10.08-13.34.42:097][  0]LogTargetPlatformManager: Display: Loaded TargetPlatform 'WindowsNoEditor'
[2020.10.08-13.34.42:107][  0]LogTargetPlatformManager: Display: Loaded TargetPlatform 'Windows'
[2020.10.08-13.34.42:118][  0]LogTargetPlatformManager: Display: Loaded TargetPlatform 'WindowsClient'
[2020.10.08-13.34.42:129][  0]LogTargetPlatformManager: Display: Loaded TargetPlatform 'WindowsServer'
[2020.10.08-13.34.42:129][  0]LogTargetPlatformManager: Display: Building Assets For Windows
[2020.10.08-13.34.42:137][  0]LogAudioDebug: Display: Lib vorbis DLL was dynamically loaded.
[2020.10.08-13.34.42:200][  0]LogShaderCompilers: Guid format shader working directory is -71 characters bigger than the processId version (../../../../../../Users/454928/Documents/School/Year 4/SSS/Project/VRLivePerformance/UnrealVRLivePerformance/UnrealVR/Intermediate/Shaders/WorkingDirectory/14644/).
[2020.10.08-13.34.42:200][  0]LogShaderCompilers: Cleaned the shader compiler working directory 'C:/Users/454928/AppData/Local/Temp/UnrealShaderWorkingDir/960E0B8A45E6E0EC798B9FBD3A530A29/'.
[2020.10.08-13.34.42:200][  0]LogXGEController: Cleaning working directory: C:/Users/454928/AppData/Local/Temp/UnrealXGEWorkingDir/
[2020.10.08-13.34.42:201][  0]LogXGEController: Cannot use XGE Controller as Incredibuild is not installed on this machine.
[2020.10.08-13.34.42:201][  0]LogShaderCompilers: Cannot use XGE Shader Compiler as Incredibuild is not installed on this machine.
[2020.10.08-13.34.42:201][  0]LogShaderCompilers: Display: Using Local Shader Compiler.
[2020.10.08-13.34.43:106][  0]LogDerivedDataCache: Display: Max Cache Size: 512 MB
[2020.10.08-13.34.43:187][  0]LogDerivedDataCache: Loaded boot cache 0.08s 94MB C:/Users/454928/AppData/Local/UnrealEngine/4.25/DerivedDataCache/Boot.ddc.
[2020.10.08-13.34.43:187][  0]LogDerivedDataCache: Display: Loaded Boot cache: C:/Users/454928/AppData/Local/UnrealEngine/4.25/DerivedDataCache/Boot.ddc
[2020.10.08-13.34.43:187][  0]LogDerivedDataCache: FDerivedDataBackendGraph:  Pak pak cache file ../../../../../../Users/454928/Documents/School/Year 4/SSS/Project/VRLivePerformance/UnrealVRLivePerformance/UnrealVR/DerivedDataCache/DDC.ddp not found, will not use a pak cache.
[2020.10.08-13.34.43:187][  0]LogDerivedDataCache: Unable to find inner node Pak for hierarchical cache Hierarchy.
[2020.10.08-13.34.43:187][  0]LogDerivedDataCache: FDerivedDataBackendGraph:  CompressedPak pak cache file ../../../../../../Users/454928/Documents/School/Year 4/SSS/Project/VRLivePerformance/UnrealVRLivePerformance/UnrealVR/DerivedDataCache/Compressed.ddp not found, will not use a pak cache.
[2020.10.08-13.34.43:187][  0]LogDerivedDataCache: Unable to find inner node CompressedPak for hierarchical cache Hierarchy.
[2020.10.08-13.34.43:199][  0]LogDerivedDataCache: Display: Pak cache opened for reading ../../../Engine/DerivedDataCache/Compressed.ddp.
[2020.10.08-13.34.43:199][  0]LogDerivedDataCache: FDerivedDataBackendGraph:  EnterprisePak pak cache file ../../../Enterprise/DerivedDataCache/Compressed.ddp not found, will not use a pak cache.
[2020.10.08-13.34.43:199][  0]LogDerivedDataCache: Unable to find inner node EnterprisePak for hierarchical cache Hierarchy.
[2020.10.08-13.34.43:201][  0]LogDerivedDataCache: Using Local data cache path C:/Users/454928/AppData/Local/UnrealEngine/Common/DerivedDataCache: Writable
[2020.10.08-13.34.43:201][  0]LogDerivedDataCache: Shared data cache path not found in *engine.ini, will not use an Shared cache.
[2020.10.08-13.34.43:201][  0]LogDerivedDataCache: Unable to find inner node Shared for hierarchical cache Hierarchy.
[2020.10.08-13.34.43:268][  0]LogSlate: Using FreeType 2.10.0
[2020.10.08-13.34.43:269][  0]LogSlate: SlateFontServices - WITH_FREETYPE: 1, WITH_HARFBUZZ: 1
[2020.10.08-13.34.43:299][  0]LogAssetRegistry: FAssetRegistry took 0.0032 seconds to start up
[2020.10.08-13.34.43:577][  0]LogInit: Selected Device Profile: [Windows]
[2020.10.08-13.34.43:707][  0]LogMeshReduction: Using QuadricMeshReduction for automatic static mesh reduction
[2020.10.08-13.34.43:707][  0]LogMeshReduction: Using SimplygonMeshReduction for automatic skeletal mesh reduction
[2020.10.08-13.34.43:707][  0]LogMeshReduction: Using ProxyLODMeshReduction for automatic mesh merging
[2020.10.08-13.34.43:707][  0]LogMeshReduction: No distributed automatic mesh merging module available
[2020.10.08-13.34.43:707][  0]LogMeshMerging: No distributed automatic mesh merging module available
[2020.10.08-13.34.43:735][  0]LogNetVersion: UnrealVR 1.0.0, NetCL: 13144385, EngineNetVer: 14, GameNetVer: 0 (Checksum: 2192167523)
[2020.10.08-13.34.44:269][  0]LogAISub: UAISubsystem::UAISubsystem AISubsystem (0000023B56370380), frame # 0
[2020.10.08-13.34.44:269][  0]LogAISub: UAISubsystem::UAISubsystem AIPerceptionSystem (0000023B562B5080), frame # 0
[2020.10.08-13.34.44:271][  0]LogAISub: UAISubsystem::UAISubsystem EnvQueryManager (0000023B56305C00), frame # 0
[2020.10.08-13.34.44:348][  0]LogPackageLocalizationCache: Processed 20 localized package path(s) for 1 prioritized culture(s) in 0.068113 seconds
[2020.10.08-13.34.44:353][  0]LogUObjectArray: 15917 objects as part of root set at end of initial load.
[2020.10.08-13.34.44:353][  0]LogUObjectAllocator: 3965568 out of 0 bytes used by permanent object pool.
[2020.10.08-13.34.44:353][  0]LogUObjectArray: CloseDisregardForGC: 0/0 objects in disregard for GC pool
[2020.10.08-13.34.44:719][  0]LogTcpMessaging: Initializing TcpMessaging bridge
[2020.10.08-13.34.44:724][  0]LogUdpMessaging: Initializing bridge on interface 0.0.0.0:0 to multicast group 230.0.0.1:6666.
[2020.10.08-13.34.44:812][  0]SourceControl: Source control is disabled
[2020.10.08-13.34.44:812][  0]SourceControl: Source control is disabled
[2020.10.08-13.34.44:816][  0]SourceControl: Source control is disabled
[2020.10.08-13.34.44:819][  0]SourceControl: Source control is disabled
[2020.10.08-13.34.44:827][  0]SourceControl: Source control is disabled
[2020.10.08-13.34.45:221][  0]LogAndroidPermission: UAndroidPermissionCallbackProxy::GetInstance
[2020.10.08-13.34.45:242][  0]LogAudioCaptureCore: Display: No Audio Capture implementations found. Audio input will be silent.
[2020.10.08-13.34.45:242][  0]LogAudioCaptureCore: Display: No Audio Capture implementations found. Audio input will be silent.
[2020.10.08-13.34.45:296][  0]LogOcInput: OculusInput pre-init called
[2020.10.08-13.34.45:596][  0]LogEngine: Initializing Engine...
[2020.10.08-13.34.45:597][  0]LogHMD: Oculus plugin initialized. Version: 4.25.3-13942748+++UE4+Release-4.25, OVRPlugin: 1.44.0
[2020.10.08-13.34.45:598][  0]LogStats: UGameplayTagsManager::InitializeManager -  0.000 s
[2020.10.08-13.34.45:742][  0]LogInit: Initializing FReadOnlyCVARCache
[2020.10.08-13.34.45:750][  0]LogAIModule: Creating AISystem for world Untitled
[2020.10.08-13.34.45:751][  0]LogAISub: UAISubsystem::UAISubsystem EnvQueryManager (0000023B5B28CC00), frame # 0
[2020.10.08-13.34.45:751][  0]LogAISub: UAISubsystem::UAISubsystem AIPerceptionSystem (0000023B5B2C8F40), frame # 0
[2020.10.08-13.34.45:784][  0]LogAudioMixer: Display: Audio Mixer Platform Settings:
[2020.10.08-13.34.45:784][  0]LogAudioMixer: Display: 	Sample Rate:						  48000
[2020.10.08-13.34.45:784][  0]LogAudioMixer: Display: 	Callback Buffer Frame Size Requested: 1024
[2020.10.08-13.34.45:784][  0]LogAudioMixer: Display: 	Callback Buffer Frame Size To Use:	  1024
[2020.10.08-13.34.45:784][  0]LogAudioMixer: Display: 	Number of buffers to queue:			  2
[2020.10.08-13.34.45:784][  0]LogAudioMixer: Display: 	Max Channels (voices):				  32
[2020.10.08-13.34.45:784][  0]LogAudioMixer: Display: 	Number of Async Source Workers:		  0
[2020.10.08-13.34.45:784][  0]LogAudio: Display: AudioDevice MaxSources: 32
[2020.10.08-13.34.45:784][  0]LogAudio: Display: Using built-in audio occlusion.
[2020.10.08-13.34.45:784][  0]LogAudioMixer: Display: Initializing audio mixer.
[2020.10.08-13.34.45:810][  0]LogAudioMixer: Display: 0: FrontLeft
[2020.10.08-13.34.45:810][  0]LogAudioMixer: Display: 1: FrontRight
[2020.10.08-13.34.45:901][  0]LogAudioMixer: Display: Using Audio Device Headphones (Arctis 7 Game)
[2020.10.08-13.34.45:904][  0]LogAudioMixer: Display: Initializing Sound Submixes...
[2020.10.08-13.34.45:906][  0]LogAudioMixer: Display: Creating Master Submix 'MasterSubmixDefault'
[2020.10.08-13.34.45:906][  0]LogAudioMixer: Display: Creating Master Submix 'MasterReverbSubmixDefault'
[2020.10.08-13.34.45:908][  0]LogAudioMixer: Display: Creating Master Submix 'MasterEQSubmixDefault'
[2020.10.08-13.34.45:909][  0]LogInit: FAudioDevice initialized.
[2020.10.08-13.34.45:909][  0]LogNetVersion: Set ProjectVersion to 1.0.0.0. Version Checksum will be recalculated on next use.
[2020.10.08-13.34.46:421][  0]LogDerivedDataCache: Saved boot cache 0.51s 94MB C:/Users/454928/AppData/Local/UnrealEngine/4.25/DerivedDataCache/Boot.ddc.
[2020.10.08-13.34.46:426][  0]LogInit: Texture streaming: Enabled
[2020.10.08-13.34.46:443][  0]LogEngineSessionManager: EngineSessionManager initialized
[2020.10.08-13.34.46:443][  0]LogEngineSessionManager: EngineSessionManager sent abnormal shutdown report. Type=Crashed, SessionId={9123A806-4388-CE53-1DE9-0DA355453659}
[2020.10.08-13.34.46:443][  0]LogEditorSessionSummary: Verbose: Initializing EditorSessionSummaryWriter for editor session tracking
[2020.10.08-13.34.46:445][  0]LogEditorSessionSummary: EditorSessionSummaryWriter initialized
[2020.10.08-13.34.46:524][  0]LogInit: Transaction tracking system initialized
[2020.10.08-13.34.46:546][  0]BlueprintLog: New page: Editor Load
[2020.10.08-13.34.46:617][  0]LocalizationService: Localization service is disabled
[2020.10.08-13.34.46:786][  0]LogCook: Display: Max memory allowance for cook 16384mb min free memory 0mb
[2020.10.08-13.34.46:786][  0]LogCook: Display: Mobile HDR setting 1
[2020.10.08-13.34.46:796][  0]LogFileCache: Scanning file cache for directory 'C:/Users/454928/Documents/School/Year 4/SSS/Project/VRLivePerformance/UnrealVRLivePerformance/UnrealVR/Content/' took 0.00s
[2020.10.08-13.34.47:167][  0]SourceControl: Source control is disabled
[2020.10.08-13.34.47:168][  0]LogUnrealEdMisc: Loading editor; pre map load, took 8.157
[2020.10.08-13.34.47:168][  0]Cmd: MAP LOAD FILE="../../../Engine/Content/Maps/Templates/Template_Default.umap" TEMPLATE=1 SHOWPROGRESS=1 FEATURELEVEL=3
[2020.10.08-13.34.47:168][  0]LightingResults: New page: Lighting Build
[2020.10.08-13.34.47:169][  0]LogWorld: UWorld::CleanupWorld for Untitled, bSessionEnded=true, bCleanupResources=true
[2020.10.08-13.34.47:169][  0]LogSlate: InvalidateAllWidgets triggered.  All widgets were invalidated
[2020.10.08-13.34.47:169][  0]MapCheck: New page: Map Check
[2020.10.08-13.34.47:169][  0]LightingResults: New page: Lighting Build
[2020.10.08-13.34.47:178][  0]LogAISub: UAISubsystem::~UAISubsystem EnvQueryManager (0000023B5B28CC00), frame # 0
[2020.10.08-13.34.47:178][  0]LogAISub: UAISubsystem::~UAISubsystem AIPerceptionSystem (0000023B5B2C8F40), frame # 0
[2020.10.08-13.34.47:179][  0]LogUObjectHash: Compacting FUObjectHashTables data took   0.79ms
[2020.10.08-13.34.47:258][  0]LogAIModule: Creating AISystem for world Untitled_1
[2020.10.08-13.34.47:258][  0]LogAISub: UAISubsystem::UAISubsystem EnvQueryManager (0000023B45594E00), frame # 0
[2020.10.08-13.34.47:258][  0]LogAISub: UAISubsystem::UAISubsystem AIPerceptionSystem (0000023B6DE25F80), frame # 0
[2020.10.08-13.34.47:265][  0]LogEditorServer: Finished looking for orphan Actors (0.000 secs)
[2020.10.08-13.34.47:278][  0]LogUObjectHash: Compacting FUObjectHashTables data took   0.81ms
[2020.10.08-13.34.47:278][  0]Cmd: MAP CHECKDEP NOCLEARLOG
[2020.10.08-13.34.47:278][  0]MapCheck: Map check complete: 0 Error(s), 0 Warning(s), took 0,184ms to complete.
[2020.10.08-13.34.47:278][  0]LogFileHelpers: Loading map 'Template_Default' took 0.111
[2020.10.08-13.34.47:281][  0]LogUnrealEdMisc: Total Editor Startup Time, took 8.270
[2020.10.08-13.34.47:434][  0]LogSlate: Updating window title bar state: overlay mode, drag disabled, window buttons hidden, title bar hidden
[2020.10.08-13.34.47:442][  0]LogSlate: Updating window title bar state: overlay mode, drag disabled, window buttons hidden, title bar hidden
[2020.10.08-13.34.47:450][  0]LogSlate: Updating window title bar state: overlay mode, drag disabled, window buttons hidden, title bar hidden
[2020.10.08-13.34.47:459][  0]LogSlate: Updating window title bar state: overlay mode, drag disabled, window buttons hidden, title bar hidden
[2020.10.08-13.34.47:467][  0]LogCollectionManager: Loaded 0 collections in 0.001868 seconds
[2020.10.08-13.34.47:484][  0]LogFileCache: Scanning file cache for directory 'C:/Users/454928/Documents/School/Year 4/SSS/Project/VRLivePerformance/UnrealVRLivePerformance/UnrealVR/Saved/Collections/' took 0.00s
[2020.10.08-13.34.47:484][  0]LogFileCache: Scanning file cache for directory 'C:/Users/454928/Documents/School/Year 4/SSS/Project/VRLivePerformance/UnrealVRLivePerformance/UnrealVR/Content/Developers/454928/Collections/' took 0.00s
[2020.10.08-13.34.47:484][  0]LogFileCache: Scanning file cache for directory 'C:/Users/454928/Documents/School/Year 4/SSS/Project/VRLivePerformance/UnrealVRLivePerformance/UnrealVR/Content/Collections/' took 0.00s
[2020.10.08-13.34.47:484][  0]LogContentBrowser: Native class hierarchy populated in 0.0109 seconds. Added 3435 classes and 827 folders.
[2020.10.08-13.34.47:487][  0]LogContentBrowser: Native class hierarchy updated for 'WidgetCarousel' in 0.0004 seconds. Added 0 classes and 0 folders.
[2020.10.08-13.34.47:547][  0]LogContentBrowser: Native class hierarchy updated for 'AddContentDialog' in 0.0010 seconds. Added 0 classes and 0 folders.
[2020.10.08-13.34.47:549][  0]LogContentBrowser: Native class hierarchy updated for 'SceneOutliner' in 0.0005 seconds. Added 2 classes and 0 folders.
[2020.10.08-13.34.47:639][  0]LogSlate: Took 0.000170 seconds to synchronously load lazily loaded font '../../../Engine/Content/Slate/Fonts/Roboto-Regular.ttf' (155K)
[2020.10.08-13.34.47:640][  0]LogSlate: Took 0.000132 seconds to synchronously load lazily loaded font '../../../Engine/Content/Slate/Fonts/Roboto-Bold.ttf' (160K)
[2020.10.08-13.34.47:645][  0]LogSlate: Took 0.000162 seconds to synchronously load lazily loaded font '../../../Engine/Content/Editor/Slate/Fonts/FontAwesome.ttf' (139K)
[2020.10.08-13.34.47:753][  0]LogRenderer: Reallocating scene render targets to support 1208x572 Format 10 NumSamples 1 (Frame:1).
[2020.10.08-13.34.47:875][  0]LogContentBrowser: Native class hierarchy updated for 'HierarchicalLODOutliner' in 0.0005 seconds. Added 0 classes and 0 folders.
[2020.10.08-13.34.47:875][  0]LogLoad: (Engine Initialization) Total time: 8.86 seconds
[2020.10.08-13.34.47:875][  0]LogLoad: (Engine Initialization) Total Blueprint compile time: 0.00 seconds
[2020.10.08-13.34.47:888][  0]LogOcInput: OculusInput is initialized
[2020.10.08-13.34.47:926][  0]LogAssetRegistry: Asset discovery search completed in 4.6283 seconds
[2020.10.08-13.34.47:932][  0]LogCollectionManager: Fixed up redirectors for 0 collections in 0.000004 seconds (updated 0 objects)
[2020.10.08-13.34.47:933][  0]LogContentStreaming: Texture pool size now 1000 MB
[2020.10.08-13.34.47:952][  0]LogSlate: Took 0.000157 seconds to synchronously load lazily loaded font '../../../Engine/Content/Slate/Fonts/Roboto-Light.ttf' (167K)
[2020.10.08-13.34.47:958][  1]LogFileCache: Retrieving MD5 hashes for directory 'C:/Users/454928/Documents/School/Year 4/SSS/Project/VRLivePerformance/UnrealVRLivePerformance/UnrealVR/Content/' took 0.07s
[2020.10.08-13.34.48:941][106]LogSlate: Took 0.000152 seconds to synchronously load lazily loaded font '../../../Engine/Content/Slate/Fonts/Roboto-Light.ttf' (167K)
[2020.10.08-13.34.52:908][513]LogAssetEditorSubsystem: Opening Asset editor for World /Game/Maps/MainMap.MainMap
[2020.10.08-13.34.52:918][513]LogUObjectHash: Compacting FUObjectHashTables data took   0.88ms
[2020.10.08-13.34.52:920][513]LightingResults: New page: Lighting Build
[2020.10.08-13.34.52:920][513]LoadErrors: New page: Loading map: MainMap.umap
[2020.10.08-13.34.52:941][513]LogWorld: UWorld::CleanupWorld for Untitled_1, bSessionEnded=true, bCleanupResources=true
[2020.10.08-13.34.52:941][513]LogSlate: InvalidateAllWidgets triggered.  All widgets were invalidated
[2020.10.08-13.34.52:941][513]MapCheck: New page: Map Check
[2020.10.08-13.34.52:941][513]LightingResults: New page: Lighting Build
[2020.10.08-13.34.52:951][513]LogAISub: UAISubsystem::~UAISubsystem EnvQueryManager (0000023B45594E00), frame # 513
[2020.10.08-13.34.52:951][513]LogAISub: UAISubsystem::~UAISubsystem AIPerceptionSystem (0000023B6DE25F80), frame # 513
[2020.10.08-13.34.52:952][513]LogUObjectHash: Compacting FUObjectHashTables data took   0.73ms
[2020.10.08-13.34.52:955][513]LogStreaming: Display: ULevelStreaming::RequestLevel(/Game/Maps/EnvironmentMaps/SkyscraperMap/StageLevel) is flushing async loading
[2020.10.08-13.34.52:955][513]LogStreaming: Display: Flushing async loaders.
[2020.10.08-13.34.53:215][513]LogUObjectGlobals: Warning: Calling StaticLoadObject("Class /Script/CoreUObject.Object", "None", "/Engine/Animation/DefaultAnimBoneCompressionSettings") during PostLoad of AnimSequence /Game/VirtualReality/Mannequin/Animations/MannequinHand_Right_CanGrab.MannequinHand_Right_CanGrab may result in hitches during streaming.
[2020.10.08-13.34.53:358][513]LogEditorServer: Finished looking for orphan Actors (0.000 secs)
[2020.10.08-13.34.53:358][513]LogAIModule: Creating AISystem for world MainMap
[2020.10.08-13.34.53:359][513]LogAISub: UAISubsystem::UAISubsystem EnvQueryManager (0000023B04C1F600), frame # 513
[2020.10.08-13.34.53:359][513]LogAISub: UAISubsystem::UAISubsystem AIPerceptionSystem (0000023B0460FC40), frame # 513
[2020.10.08-13.34.53:372][513]LogUObjectHash: Compacting FUObjectHashTables data took   0.90ms
[2020.10.08-13.34.53:422][513]Cmd: MAP CHECKDEP NOCLEARLOG
[2020.10.08-13.34.53:422][513]MapCheck: Map check complete: 0 Error(s), 0 Warning(s), took 0,237ms to complete.
[2020.10.08-13.34.53:422][513]LogFileHelpers: Loading map 'MainMap' took 0.503
[2020.10.08-13.34.54:302][606]LogAssetEditorSubsystem: Opening Asset editor for WidgetBlueprint /Game/Maps/MainMapUI.MainMapUI
[2020.10.08-13.34.54:521][606]LogContentBrowser: Native class hierarchy updated for 'BlueprintGraph' in 0.0010 seconds. Added 125 classes and 0 folders.
[2020.10.08-13.34.56:090][606]LogSlate: Took 0.000168 seconds to synchronously load lazily loaded font '../../../Engine/Content/Slate/Fonts/Roboto-BoldCondensed.ttf' (158K)
[2020.10.08-13.35.00:363][969]LogSlate: Took 0.000176 seconds to synchronously load lazily loaded font '../../../Engine/Content/Slate/Fonts/Roboto-Italic.ttf' (157K)
[2020.10.08-13.35.06:937][619]BlueprintLog: New page: Compile MainMapUI
[2020.10.08-13.35.07:004][619]LogUObjectHash: Compacting FUObjectHashTables data took   4.41ms
[2020.10.08-13.35.07:919][702]LogSavePackage: Moving '../../../../../../Users/454928/Documents/School/Year 4/SSS/Project/VRLivePerformance/UnrealVRLivePerformance/UnrealVR/Saved/MainMapUIB08777A546C05C6DC3EF12A778CFA1FD.tmp' to '../../../../../../Users/454928/Documents/School/Year 4/SSS/Project/VRLivePerformance/UnrealVRLivePerformance/UnrealVR/Content/Maps/MainMapUI.uasset'
[2020.10.08-13.35.07:942][702]AssetCheck: New page: Asset Save: MainMapUI
[2020.10.08-13.35.07:942][702]LogContentValidation: Display: Validating WidgetBlueprint /Game/Maps/MainMapUI.MainMapUI
[2020.10.08-13.35.23:868][385]LogTemp: Repeating last play command: Simulate
[2020.10.08-13.35.23:902][385]LogPlayLevel: PlayLevel: No blueprints needed recompiling
[2020.10.08-13.35.23:902][385]PIE: New page: SIE session: MainMap (8 Oct 2020, 17:35:23)
[2020.10.08-13.35.23:903][385]LogOnline: OSS: Creating online subsystem instance for: NULL
[2020.10.08-13.35.23:904][385]LogOnline: OSS: TryLoadSubsystemAndSetDefault: Loaded subsystem for module [NULL]
[2020.10.08-13.35.23:904][385]LogPlayLevel: Creating play world package: /Game/Maps/UEDPIE_0_MainMap
[2020.10.08-13.35.23:906][385]LogPlayLevel: PIE: StaticDuplicateObject took: (0.001309s)
[2020.10.08-13.35.23:907][385]LogAIModule: Creating AISystem for world MainMap
[2020.10.08-13.35.23:907][385]LogAISub: UAISubsystem::UAISubsystem EnvQueryManager (0000023B6A7A8E00), frame # 3385
[2020.10.08-13.35.23:907][385]LogAISub: UAISubsystem::UAISubsystem AIPerceptionSystem (0000023B04696980), frame # 3385
[2020.10.08-13.35.23:907][385]LogPlayLevel: PIE: World Init took: (0.001237s)
[2020.10.08-13.35.23:907][385]LogPlayLevel: PIE: Created PIE world by copying editor world from /Game/Maps/MainMap.MainMap to /Game/Maps/UEDPIE_0_MainMap.MainMap (0.002685s)
[2020.10.08-13.35.23:936][385]LogUObjectHash: Compacting FUObjectHashTables data took   3.47ms
[2020.10.08-13.35.23:940][385]LogAudioMixer: Display: Audio Mixer Platform Settings:
[2020.10.08-13.35.23:940][385]LogAudioMixer: Display: 	Sample Rate:						  48000
[2020.10.08-13.35.23:940][385]LogAudioMixer: Display: 	Callback Buffer Frame Size Requested: 1024
[2020.10.08-13.35.23:940][385]LogAudioMixer: Display: 	Callback Buffer Frame Size To Use:	  1024
[2020.10.08-13.35.23:940][385]LogAudioMixer: Display: 	Number of buffers to queue:			  2
[2020.10.08-13.35.23:940][385]LogAudioMixer: Display: 	Max Channels (voices):				  32
[2020.10.08-13.35.23:940][385]LogAudioMixer: Display: 	Number of Async Source Workers:		  0
[2020.10.08-13.35.23:940][385]LogAudio: Display: AudioDevice MaxSources: 32
[2020.10.08-13.35.23:941][385]LogAudio: Display: Using built-in audio occlusion.
[2020.10.08-13.35.23:941][385]LogAudioMixer: Display: Initializing audio mixer.
[2020.10.08-13.35.23:950][385]LogAudioMixer: Display: 0: FrontLeft
[2020.10.08-13.35.23:950][385]LogAudioMixer: Display: 1: FrontRight
[2020.10.08-13.35.24:020][385]LogAudioMixer: Display: Using Audio Device Headphones (Arctis 7 Game)
[2020.10.08-13.35.24:020][385]LogAudioMixer: Display: Initializing Sound Submixes...
[2020.10.08-13.35.24:020][385]LogAudioMixer: Display: Creating Master Submix 'MasterSubmixDefault'
[2020.10.08-13.35.24:020][385]LogAudioMixer: Display: Creating Master Submix 'MasterReverbSubmixDefault'
[2020.10.08-13.35.24:022][385]LogAudioMixer: Display: Creating Master Submix 'MasterEQSubmixDefault'
[2020.10.08-13.35.24:040][385]LogInit: FAudioDevice initialized.
[2020.10.08-13.35.24:054][385]LogLoad: Game class is 'GameModeBase'
[2020.10.08-13.35.24:055][385]LogWorld: Bringing World /Game/Maps/UEDPIE_0_MainMap.MainMap up for play (max tick rate 0) at 2020.10.08-15.35.24
[2020.10.08-13.35.24:056][385]LogWorld: Bringing up level for play took: 0.000655
[2020.10.08-13.35.24:056][385]LogOnline: OSS: Creating online subsystem instance for: :Context_3
[2020.10.08-13.35.24:057][385]LogGameMode: FindPlayerStart: PATHS NOT DEFINED or NO PLAYERSTART with positive rating
[2020.10.08-13.35.24:059][385]LogContentBrowser: Native class hierarchy updated for 'MovieSceneCapture' in 0.0005 seconds. Added 20 classes and 0 folders.
[2020.10.08-13.35.24:060][385]PIE: Server logged in
[2020.10.08-13.35.24:062][385]PIE: Play in editor total start time 0,165 seconds.
[2020.10.08-13.35.24:969][426]LogLongPackageNames: Warning: URL: \Game\Content\Maps\Lobby\Lobby: Name may not contain the following characters: '\'
[2020.10.08-13.35.24:971][426]LogLongPackageNames: Warning: URL: \Game\Content\Maps\Lobby\Lobby: Name may not contain the following characters: '\'
[2020.10.08-13.35.24:971][426]LogNet: Browse: /Engine/Maps/Entry
[2020.10.08-13.35.24:972][426]LogNet: Warning: Travel Failure: [InvalidURL]: Invalid URL: /Engine/Maps/Entry
[2020.10.08-13.35.24:972][426]LogNet: Warning: TravelFailure: InvalidURL, Reason for Failure: 'Invalid URL: /Engine/Maps/Entry'. Shutting down PIE.
[2020.10.08-13.35.24:972][426]PIE: Warning: TravelFailure: InvalidURL, Reason for Failure: 'Invalid URL: /Engine/Maps/Entry'. Shutting down PIE.
[2020.10.08-13.35.24:972][426]LogNet: Warning: Travel Failure: [ClientTravelFailure]: Invalid URL: /Engine/Maps/Entry
[2020.10.08-13.35.24:972][426]LogNet: Warning: TravelFailure: ClientTravelFailure, Reason for Failure: 'Invalid URL: /Engine/Maps/Entry'. Shutting down PIE.
[2020.10.08-13.35.24:972][426]PIE: Warning: TravelFailure: ClientTravelFailure, Reason for Failure: 'Invalid URL: /Engine/Maps/Entry'. Shutting down PIE.
[2020.10.08-13.35.25:022][426]LogSlate: Updating window title bar state: overlay mode, drag disabled, window buttons hidden, title bar hidden
[2020.10.08-13.35.25:022][426]LogWorld: BeginTearingDown for /Game/Maps/UEDPIE_0_MainMap
[2020.10.08-13.35.25:023][426]LogWorld: UWorld::CleanupWorld for MainMap, bSessionEnded=true, bCleanupResources=true
[2020.10.08-13.35.25:023][426]LogSlate: InvalidateAllWidgets triggered.  All widgets were invalidated
[2020.10.08-13.35.25:033][426]LogPlayLevel: Display: Shutting down PIE online subsystems
[2020.10.08-13.35.25:038][426]LogSlate: InvalidateAllWidgets triggered.  All widgets were invalidated
[2020.10.08-13.35.25:100][426]LogSlate: Updating window title bar state: overlay mode, drag disabled, window buttons hidden, title bar hidden
[2020.10.08-13.35.25:102][426]LogAISub: UAISubsystem::~UAISubsystem AIPerceptionSystem (0000023B04696980), frame # 3426
[2020.10.08-13.35.25:102][426]LogAISub: UAISubsystem::~UAISubsystem EnvQueryManager (0000023B6A7A8E00), frame # 3426
[2020.10.08-13.35.25:139][426]LogUObjectHash: Compacting FUObjectHashTables data took   4.10ms
[2020.10.08-13.35.25:237][426]LogSlate: Took 0.009365 seconds to synchronously load lazily loaded font '../../../Engine/Content/Slate/Fonts/DroidSansMono.ttf' (77K)
[2020.10.08-13.35.25:247][427]LogPlayLevel: Display: Destroying online subsystem :Context_3
[2020.10.08-13.35.28:694][806]LogSlate: Window 'Message Log' being destroyed
[2020.10.08-13.35.28:704][806]LogSlate: Window 'Message Log' being destroyed
[2020.10.08-13.35.30:665][  2]LogUObjectHash: Compacting FUObjectHashTables data took   2.89ms
[2020.10.08-13.35.56:800][103]LogSlate: Window 'MainMapUI' being destroyed
[2020.10.08-13.35.56:809][103]LogSlate: Window 'MainMapUI' being destroyed
[2020.10.08-13.35.56:841][103]LogWorld: UWorld::CleanupWorld for World_1, bSessionEnded=true, bCleanupResources=true
[2020.10.08-13.35.56:841][103]LogSlate: InvalidateAllWidgets triggered.  All widgets were invalidated
[2020.10.08-13.35.56:845][103]LogWorld: UWorld::CleanupWorld for World_0, bSessionEnded=true, bCleanupResources=true
[2020.10.08-13.35.56:845][103]LogSlate: InvalidateAllWidgets triggered.  All widgets were invalidated
[2020.10.08-13.35.59:721][397]LogBlueprint: Warning: [Compiler PersistentLevel.Lobby] Node  Unknown  is not referencing a valid level actor
[2020.10.08-13.35.59:783][397]LogAssetEditorSubsystem: Opening Asset editor for World /Game/Maps/Lobby/Lobby.Lobby
[2020.10.08-13.35.59:835][397]LogUObjectHash: Compacting FUObjectHashTables data took   2.88ms
[2020.10.08-13.35.59:837][397]LightingResults: New page: Lighting Build
[2020.10.08-13.35.59:837][397]LoadErrors: New page: Loading map: Lobby.umap
[2020.10.08-13.35.59:871][397]LogWorld: UWorld::CleanupWorld for MainMap, bSessionEnded=true, bCleanupResources=true
[2020.10.08-13.35.59:872][397]LogSlate: InvalidateAllWidgets triggered.  All widgets were invalidated
[2020.10.08-13.35.59:872][397]LogWorld: UWorld::CleanupWorld for StageLevel, bSessionEnded=true, bCleanupResources=true
[2020.10.08-13.35.59:872][397]LogSlate: InvalidateAllWidgets triggered.  All widgets were invalidated
[2020.10.08-13.35.59:872][397]MapCheck: New page: Map Check
[2020.10.08-13.35.59:872][397]LightingResults: New page: Lighting Build
[2020.10.08-13.35.59:899][397]LogAISub: UAISubsystem::~UAISubsystem EnvQueryManager (0000023B04C1F600), frame # 5397
[2020.10.08-13.35.59:899][397]LogAISub: UAISubsystem::~UAISubsystem AIPerceptionSystem (0000023B0460FC40), frame # 5397
[2020.10.08-13.35.59:913][397]LogUObjectHash: Compacting FUObjectHashTables data took   3.60ms
[2020.10.08-13.36.00:023][397]LogEditorServer: Finished looking for orphan Actors (0.000 secs)
[2020.10.08-13.36.00:023][397]LogAIModule: Creating AISystem for world Lobby
[2020.10.08-13.36.00:023][397]LogAISub: UAISubsystem::UAISubsystem EnvQueryManager (0000023B87C59800), frame # 5397
[2020.10.08-13.36.00:023][397]LogAISub: UAISubsystem::UAISubsystem AIPerceptionSystem (0000023B80037EC0), frame # 5397
[2020.10.08-13.36.00:045][397]LogUObjectHash: Compacting FUObjectHashTables data took   1.76ms
[2020.10.08-13.36.00:094][397]Cmd: MAP CHECKDEP NOCLEARLOG
[2020.10.08-13.36.00:094][397]MapCheck: Map check complete: 0 Error(s), 0 Warning(s), took 0,141ms to complete.
[2020.10.08-13.36.00:094][397]LogFileHelpers: Loading map 'Lobby' took 0.257
[2020.10.08-13.36.00:172][397]LogUObjectHash: Compacting FUObjectHashTables data took   0.54ms
[2020.10.08-13.36.01:874][581]LogEditorViewport: Clicking on Actor (LMB): InteractableObject_C (InteractableCube)
[2020.10.08-13.36.04:185][812]LogAssetEditorSubsystem: Opening Asset editor for Blueprint /Game/Blueprints/Temp/InteractableObject.InteractableObject
[2020.10.08-13.36.24:756][374]BlueprintLog: New page: Compile InteractableObject
[2020.10.08-13.36.24:814][374]LogUObjectHash: Compacting FUObjectHashTables data took   2.10ms
[2020.10.08-13.36.56:272][700]BlueprintLog: New page: Compile InteractableObject
[2020.10.08-13.36.56:325][700]LogUObjectHash: Compacting FUObjectHashTables data took   2.84ms
[2020.10.08-13.36.56:963][731]LogSavePackage: Moving '../../../../../../Users/454928/Documents/School/Year 4/SSS/Project/VRLivePerformance/UnrealVRLivePerformance/UnrealVR/Saved/InteractableObjectBCFCD17D4F7C442F76E0C1A36BC9F1A6.tmp' to '../../../../../../Users/454928/Documents/School/Year 4/SSS/Project/VRLivePerformance/UnrealVRLivePerformance/UnrealVR/Content/Blueprints/Temp/InteractableObject.uasset'
[2020.10.08-13.36.56:984][731]AssetCheck: New page: Asset Save: InteractableObject
[2020.10.08-13.36.56:984][731]LogContentValidation: Display: Validating Blueprint /Game/Blueprints/Temp/InteractableObject.InteractableObject
[2020.10.08-13.36.57:255][749]LogSavePackage: Moving '../../../../../../Users/454928/Documents/School/Year 4/SSS/Project/VRLivePerformance/UnrealVRLivePerformance/UnrealVR/Saved/InteractableObjectA56A3E1744FA3C044D7AB19C620A11DA.tmp' to '../../../../../../Users/454928/Documents/School/Year 4/SSS/Project/VRLivePerformance/UnrealVRLivePerformance/UnrealVR/Content/Blueprints/Temp/InteractableObject.uasset'
[2020.10.08-13.36.57:273][749]AssetCheck: New page: Asset Save: InteractableObject
[2020.10.08-13.36.57:273][749]LogContentValidation: Display: Validating Blueprint /Game/Blueprints/Temp/InteractableObject.InteractableObject
[2020.10.08-13.36.57:875][796]LogSavePackage: Moving '../../../../../../Users/454928/Documents/School/Year 4/SSS/Project/VRLivePerformance/UnrealVRLivePerformance/UnrealVR/Saved/InteractableObject479AE8BE4664CA62294A02B26CC31D73.tmp' to '../../../../../../Users/454928/Documents/School/Year 4/SSS/Project/VRLivePerformance/UnrealVRLivePerformance/UnrealVR/Content/Blueprints/Temp/InteractableObject.uasset'
[2020.10.08-13.36.57:895][796]AssetCheck: New page: Asset Save: InteractableObject
[2020.10.08-13.36.57:895][796]LogContentValidation: Display: Validating Blueprint /Game/Blueprints/Temp/InteractableObject.InteractableObject
[2020.10.08-13.37.12:486][134]LogPlayLevel: PlayLevel: No blueprints needed recompiling
[2020.10.08-13.37.12:486][134]LogHMD: Initializing OVRPlugin session
[2020.10.08-13.37.12:705][134]LogHMD: Allocating Oculus 3008 x 1616 rendertarget swapchain
[2020.10.08-13.37.12:706][134]PIE: New page: PIE session: Lobby (8 Oct 2020, 17:37:12)
[2020.10.08-13.37.12:706][134]LogPlayLevel: Creating play world package: /Game/Maps/Lobby/UEDPIE_0_Lobby
[2020.10.08-13.37.12:711][134]LogPlayLevel: PIE: StaticDuplicateObject took: (0.004155s)
[2020.10.08-13.37.12:712][134]LogAIModule: Creating AISystem for world Lobby
[2020.10.08-13.37.12:712][134]LogAISub: UAISubsystem::UAISubsystem EnvQueryManager (0000023B7E80AE00), frame # 10134
[2020.10.08-13.37.12:712][134]LogAISub: UAISubsystem::UAISubsystem AIPerceptionSystem (0000023B00200900), frame # 10134
[2020.10.08-13.37.12:712][134]LogPlayLevel: PIE: World Init took: (0.001742s)
[2020.10.08-13.37.12:713][134]LogPlayLevel: PIE: Created PIE world by copying editor world from /Game/Maps/Lobby/Lobby.Lobby to /Game/Maps/Lobby/UEDPIE_0_Lobby.Lobby (0.006167s)
[2020.10.08-13.37.12:737][134]LogUObjectHash: Compacting FUObjectHashTables data took   2.59ms
[2020.10.08-13.37.12:739][134]LogAudioMixer: Display: Audio Mixer Platform Settings:
[2020.10.08-13.37.12:739][134]LogAudioMixer: Display: 	Sample Rate:						  48000
[2020.10.08-13.37.12:739][134]LogAudioMixer: Display: 	Callback Buffer Frame Size Requested: 1024
[2020.10.08-13.37.12:739][134]LogAudioMixer: Display: 	Callback Buffer Frame Size To Use:	  1024
[2020.10.08-13.37.12:739][134]LogAudioMixer: Display: 	Number of buffers to queue:			  2
[2020.10.08-13.37.12:739][134]LogAudioMixer: Display: 	Max Channels (voices):				  32
[2020.10.08-13.37.12:739][134]LogAudioMixer: Display: 	Number of Async Source Workers:		  0
[2020.10.08-13.37.12:739][134]LogAudio: Display: AudioDevice MaxSources: 32
[2020.10.08-13.37.12:740][134]LogAudio: Display: Using built-in audio occlusion.
[2020.10.08-13.37.12:740][134]LogAudioMixer: Display: Initializing audio mixer.
[2020.10.08-13.37.12:747][134]LogAudioMixer: Display: 0: FrontLeft
[2020.10.08-13.37.12:747][134]LogAudioMixer: Display: 1: FrontRight
[2020.10.08-13.37.12:749][134]LogAudioMixer: Display: 0: FrontLeft
[2020.10.08-13.37.12:749][134]LogAudioMixer: Display: 1: FrontRight
[2020.10.08-13.37.12:751][134]LogAudioMixer: Display: 0: FrontLeft
[2020.10.08-13.37.12:752][134]LogAudioMixer: Display: 1: FrontRight
[2020.10.08-13.37.12:754][134]LogAudioMixer: Display: 0: FrontLeft
[2020.10.08-13.37.12:754][134]LogAudioMixer: Display: 1: FrontRight
[2020.10.08-13.37.12:757][134]LogAudioMixer: Display: 0: FrontLeft
[2020.10.08-13.37.12:757][134]LogAudioMixer: Display: 1: FrontRight
[2020.10.08-13.37.12:765][134]LogAudioMixer: Display: 0: FrontLeft
[2020.10.08-13.37.12:765][134]LogAudioMixer: Display: 1: FrontRight
[2020.10.08-13.37.12:896][134]LogAudioMixer: Display: Using Audio Device Headphones (2- Rift S)
[2020.10.08-13.37.12:896][134]LogAudioMixer: Display: Initializing Sound Submixes...
[2020.10.08-13.37.12:896][134]LogAudioMixer: Display: Creating Master Submix 'MasterSubmixDefault'
[2020.10.08-13.37.12:896][134]LogAudioMixer: Display: Creating Master Submix 'MasterReverbSubmixDefault'
[2020.10.08-13.37.12:896][134]LogAudioMixer: Display: Creating Master Submix 'MasterEQSubmixDefault'
[2020.10.08-13.37.12:898][134]LogInit: FAudioDevice initialized.
[2020.10.08-13.37.12:915][134]LogSlate: Updating window title bar state: overlay mode, drag disabled, window buttons hidden, title bar hidden
[2020.10.08-13.37.13:021][134]LogLoad: Game class is 'GameModeBase'
[2020.10.08-13.37.13:022][134]LogWorld: Bringing World /Game/Maps/Lobby/UEDPIE_0_Lobby.Lobby up for play (max tick rate 0) at 2020.10.08-15.37.13
[2020.10.08-13.37.13:022][134]LogWorld: Bringing up level for play took: 0.000963
[2020.10.08-13.37.13:023][134]LogOnline: OSS: Creating online subsystem instance for: :Context_6
[2020.10.08-13.37.13:037][134]PIE: Server logged in
[2020.10.08-13.37.13:042][134]PIE: Play in editor total start time 0,561 seconds.
[2020.10.08-13.37.13:042][134]LogEngine: Changing dynamic resolution state.
[2020.10.08-13.37.13:050][134]LogRenderer: Warning: Resizing VR buffer to 3008 by 1616
[2020.10.08-13.37.13:050][134]LogRenderer: Reallocating scene render targets to support 3008x1616 Format 10 NumSamples 1 (Frame:1).
[2020.10.08-13.37.13:050][134]LogHMD: Allocating Oculus 3008 x 1616 depth rendertarget swapchain
[2020.10.08-13.37.19:132][587]LogBlueprintUserMessages: [InteractableCube] OnSelect
[2020.10.08-13.37.19:147][589]LogProfilingDebugging: Allocated a 1024 x 1024 texture for HMD canvas layer
[2020.10.08-13.37.19:968][653]LogLongPackageNames: Warning: URL: \Game\Content\Maps\EnvironmentMaps\SkyscraperMap\StageLevel: Name may not contain the following characters: '\'
[2020.10.08-13.37.19:980][654]LogLongPackageNames: Warning: URL: \Game\Content\Maps\EnvironmentMaps\SkyscraperMap\StageLevel: Name may not contain the following characters: '\'
[2020.10.08-13.37.19:980][654]LogNet: Browse: /Engine/Maps/Entry
[2020.10.08-13.37.19:980][654]LogNet: Warning: Travel Failure: [InvalidURL]: Invalid URL: /Engine/Maps/Entry
[2020.10.08-13.37.19:980][654]LogNet: Warning: TravelFailure: InvalidURL, Reason for Failure: 'Invalid URL: /Engine/Maps/Entry'. Shutting down PIE.
[2020.10.08-13.37.19:980][654]PIE: Warning: TravelFailure: InvalidURL, Reason for Failure: 'Invalid URL: /Engine/Maps/Entry'. Shutting down PIE.
[2020.10.08-13.37.19:980][654]LogNet: Warning: Travel Failure: [ClientTravelFailure]: Invalid URL: /Engine/Maps/Entry
[2020.10.08-13.37.19:981][654]LogNet: Warning: TravelFailure: ClientTravelFailure, Reason for Failure: 'Invalid URL: /Engine/Maps/Entry'. Shutting down PIE.
[2020.10.08-13.37.19:981][654]PIE: Warning: TravelFailure: ClientTravelFailure, Reason for Failure: 'Invalid URL: /Engine/Maps/Entry'. Shutting down PIE.
[2020.10.08-13.37.20:116][654]LogSlate: Updating window title bar state: overlay mode, drag disabled, window buttons hidden, title bar hidden
[2020.10.08-13.37.20:116][654]LogWorld: BeginTearingDown for /Game/Maps/Lobby/UEDPIE_0_Lobby
[2020.10.08-13.37.20:169][654]LogSlate: Window 'UnrealVR Preview [NetMode: Standalone] (64-bit/Windows) OculusHMD' being destroyed
[2020.10.08-13.37.20:211][654]LogWorld: UWorld::CleanupWorld for Lobby, bSessionEnded=true, bCleanupResources=true
[2020.10.08-13.37.20:212][654]LogSlate: InvalidateAllWidgets triggered.  All widgets were invalidated
[2020.10.08-13.37.20:225][654]LogPlayLevel: Display: Shutting down PIE online subsystems
[2020.10.08-13.37.20:230][654]LogSlate: InvalidateAllWidgets triggered.  All widgets were invalidated
[2020.10.08-13.37.20:286][654]LogAISub: UAISubsystem::~UAISubsystem AIPerceptionSystem (0000023B00200900), frame # 10654
[2020.10.08-13.37.20:286][654]LogAISub: UAISubsystem::~UAISubsystem EnvQueryManager (0000023B7E80AE00), frame # 10654
[2020.10.08-13.37.20:288][654]LogUObjectHash: Compacting FUObjectHashTables data took   1.95ms
[2020.10.08-13.37.20:388][655]LogPlayLevel: Display: Destroying online subsystem :Context_6
[2020.10.08-13.37.20:396][655]LogEngine: Changing dynamic resolution state.
[2020.10.08-13.37.31:752][760]LogSlate: Window 'Message Log' being destroyed
[2020.10.08-13.37.31:761][760]LogSlate: Window 'Message Log' being destroyed
[2020.10.08-13.37.34:222][966]LogEditorViewport: Clicking on Actor (LMB): InteractableObject_C (InteractableCube)
[2020.10.08-13.37.56:631][840]BlueprintLog: New page: Compile InteractableObject
[2020.10.08-13.37.56:685][840]LogUObjectHash: Compacting FUObjectHashTables data took   2.26ms
[2020.10.08-13.37.57:247][867]LogSavePackage: Moving '../../../../../../Users/454928/Documents/School/Year 4/SSS/Project/VRLivePerformance/UnrealVRLivePerformance/UnrealVR/Saved/InteractableObject52E7D50B4FD71AE070D43D9711611DAB.tmp' to '../../../../../../Users/454928/Documents/School/Year 4/SSS/Project/VRLivePerformance/UnrealVRLivePerformance/UnrealVR/Content/Blueprints/Temp/InteractableObject.uasset'
[2020.10.08-13.37.57:273][867]AssetCheck: New page: Asset Save: InteractableObject
[2020.10.08-13.37.57:273][867]LogContentValidation: Display: Validating Blueprint /Game/Blueprints/Temp/InteractableObject.InteractableObject
[2020.10.08-13.37.58:821][981]LogSlate: Window 'InteractableObject' being destroyed
[2020.10.08-13.37.58:832][981]LogSlate: Window 'InteractableObject' being destroyed
[2020.10.08-13.37.58:833][981]LogWorld: UWorld::CleanupWorld for World_2, bSessionEnded=true, bCleanupResources=true
[2020.10.08-13.37.58:833][981]LogSlate: InvalidateAllWidgets triggered.  All widgets were invalidated
[2020.10.08-13.38.00:132][ 68]LogTemp: Repeating last play command: VR Preview
[2020.10.08-13.38.00:164][ 68]LogPlayLevel: PlayLevel: No blueprints needed recompiling
[2020.10.08-13.38.00:164][ 68]LogHMD: Initializing OVRPlugin session
[2020.10.08-13.38.00:323][ 68]LogHMD: Allocating Oculus 3008 x 1616 rendertarget swapchain
[2020.10.08-13.38.00:324][ 68]PIE: New page: PIE session: Lobby (8 Oct 2020, 17:38:00)
[2020.10.08-13.38.00:324][ 68]LogPlayLevel: Creating play world package: /Game/Maps/Lobby/UEDPIE_0_Lobby
[2020.10.08-13.38.00:328][ 68]LogPlayLevel: PIE: StaticDuplicateObject took: (0.003876s)
[2020.10.08-13.38.00:329][ 68]LogAIModule: Creating AISystem for world Lobby
[2020.10.08-13.38.00:329][ 68]LogAISub: UAISubsystem::UAISubsystem EnvQueryManager (0000023B6CF42600), frame # 14068
[2020.10.08-13.38.00:329][ 68]LogAISub: UAISubsystem::UAISubsystem AIPerceptionSystem (0000023B82F49800), frame # 14068
[2020.10.08-13.38.00:329][ 68]LogPlayLevel: PIE: World Init took: (0.001182s)
[2020.10.08-13.38.00:329][ 68]LogPlayLevel: PIE: Created PIE world by copying editor world from /Game/Maps/Lobby/Lobby.Lobby to /Game/Maps/Lobby/UEDPIE_0_Lobby.Lobby (0.005191s)
[2020.10.08-13.38.00:353][ 68]LogUObjectHash: Compacting FUObjectHashTables data took   2.56ms
[2020.10.08-13.38.00:355][ 68]LogAudioMixer: Display: Audio Mixer Platform Settings:
[2020.10.08-13.38.00:355][ 68]LogAudioMixer: Display: 	Sample Rate:						  48000
[2020.10.08-13.38.00:355][ 68]LogAudioMixer: Display: 	Callback Buffer Frame Size Requested: 1024
[2020.10.08-13.38.00:355][ 68]LogAudioMixer: Display: 	Callback Buffer Frame Size To Use:	  1024
[2020.10.08-13.38.00:355][ 68]LogAudioMixer: Display: 	Number of buffers to queue:			  2
[2020.10.08-13.38.00:355][ 68]LogAudioMixer: Display: 	Max Channels (voices):				  32
[2020.10.08-13.38.00:355][ 68]LogAudioMixer: Display: 	Number of Async Source Workers:		  0
[2020.10.08-13.38.00:355][ 68]LogAudio: Display: AudioDevice MaxSources: 32
[2020.10.08-13.38.00:356][ 68]LogAudio: Display: Using built-in audio occlusion.
[2020.10.08-13.38.00:356][ 68]LogAudioMixer: Display: Initializing audio mixer.
[2020.10.08-13.38.00:360][ 68]LogAudioMixer: Display: 0: FrontLeft
[2020.10.08-13.38.00:360][ 68]LogAudioMixer: Display: 1: FrontRight
[2020.10.08-13.38.00:363][ 68]LogAudioMixer: Display: 0: FrontLeft
[2020.10.08-13.38.00:363][ 68]LogAudioMixer: Display: 1: FrontRight
[2020.10.08-13.38.00:365][ 68]LogAudioMixer: Display: 0: FrontLeft
[2020.10.08-13.38.00:365][ 68]LogAudioMixer: Display: 1: FrontRight
[2020.10.08-13.38.00:368][ 68]LogAudioMixer: Display: 0: FrontLeft
[2020.10.08-13.38.00:368][ 68]LogAudioMixer: Display: 1: FrontRight
[2020.10.08-13.38.00:370][ 68]LogAudioMixer: Display: 0: FrontLeft
[2020.10.08-13.38.00:370][ 68]LogAudioMixer: Display: 1: FrontRight
[2020.10.08-13.38.00:375][ 68]LogAudioMixer: Display: 0: FrontLeft
[2020.10.08-13.38.00:375][ 68]LogAudioMixer: Display: 1: FrontRight
[2020.10.08-13.38.00:442][ 68]LogAudioMixer: Display: Using Audio Device Headphones (2- Rift S)
[2020.10.08-13.38.00:442][ 68]LogAudioMixer: Display: Initializing Sound Submixes...
[2020.10.08-13.38.00:442][ 68]LogAudioMixer: Display: Creating Master Submix 'MasterSubmixDefault'
[2020.10.08-13.38.00:442][ 68]LogAudioMixer: Display: Creating Master Submix 'MasterReverbSubmixDefault'
[2020.10.08-13.38.00:443][ 68]LogAudioMixer: Display: Creating Master Submix 'MasterEQSubmixDefault'
[2020.10.08-13.38.00:461][ 68]LogInit: FAudioDevice initialized.
[2020.10.08-13.38.00:475][ 68]LogSlate: Updating window title bar state: overlay mode, drag disabled, window buttons hidden, title bar hidden
[2020.10.08-13.38.00:550][ 68]LogLoad: Game class is 'GameModeBase'
[2020.10.08-13.38.00:551][ 68]LogWorld: Bringing World /Game/Maps/Lobby/UEDPIE_0_Lobby.Lobby up for play (max tick rate 0) at 2020.10.08-15.38.00
[2020.10.08-13.38.00:552][ 68]LogWorld: Bringing up level for play took: 0.000994
[2020.10.08-13.38.00:552][ 68]LogOnline: OSS: Creating online subsystem instance for: :Context_7
[2020.10.08-13.38.00:560][ 68]PIE: Server logged in
[2020.10.08-13.38.00:562][ 68]PIE: Play in editor total start time 0,402 seconds.
[2020.10.08-13.38.00:563][ 68]LogEngine: Changing dynamic resolution state.
[2020.10.08-13.38.00:569][ 68]LogHMD: Allocating Oculus 3008 x 1616 depth rendertarget swapchain
[2020.10.08-13.38.07:308][635]LogBlueprintUserMessages: [InteractableCube] OnSelect
[2020.10.08-13.38.07:326][637]LogProfilingDebugging: Allocated a 1024 x 1024 texture for HMD canvas layer
[2020.10.08-13.38.08:859][759]LogLevel: Warning: WARNING: The map '/Game/Content/Maps/EnvironmentMaps/SkyscraperMap/StageLevel' does not exist.
[2020.10.08-13.38.08:871][760]LogNet: Browse: /Game/Content/Maps/EnvironmentMaps/SkyscraperMap/StageLevel
[2020.10.08-13.38.08:871][760]LogLoadingSplash: Loading texture for splash rp_manuel_animated_001_dif...
[2020.10.08-13.38.08:871][760]LogLoadingSplash: ...Success. 
[2020.10.08-13.38.08:871][760]LogHMD: FSplash::OnShow
[2020.10.08-13.38.08:871][760]LogLoad: LoadMap: /Game/Content/Maps/EnvironmentMaps/SkyscraperMap/StageLevel
[2020.10.08-13.38.08:871][760]LogWorld: BeginTearingDown for /Game/Maps/Lobby/UEDPIE_0_Lobby
[2020.10.08-13.38.08:872][760]LogWorld: UWorld::CleanupWorld for Lobby, bSessionEnded=true, bCleanupResources=true
[2020.10.08-13.38.08:872][760]LogSlate: InvalidateAllWidgets triggered.  All widgets were invalidated
