Log file open, 10/19/20 11:40:14
LogInit: Display: Running engine for game: UnrealVR
LogPlatformFile: Not using cached read wrapper
LogTaskGraph: Started task graph with 5 named threads and 47 total threads with 3 sets of task threads.
LogStats: Stats thread started at 0.161444
LogD3D11RHI: Loaded GFSDK_Aftermath_Lib.x64.dll
LogICUInternationalization: ICU TimeZone Detection - Raw Offset: +1:00, Platform Override: ''
LogPluginManager: Mounting plugin Paper2D
LogPluginManager: Mounting plugin AISupport
LogPluginManager: Mounting plugin LightPropagationVolume
LogPluginManager: Mounting plugin CameraShakePreviewer
LogPluginManager: Mounting plugin ActorLayerUtilities
LogPluginManager: Mounting plugin AnimationSharing
LogPluginManager: Mounting plugin CLionSourceCodeAccess
LogPluginManager: Mounting plugin CodeLiteSourceCodeAccess
LogPluginManager: Mounting plugin GitSourceControl
LogPluginManager: Mounting plugin KDevelopSourceCodeAccess
LogPluginManager: Mounting plugin NullSourceCodeAccess
LogPluginManager: Mounting plugin PerforceSourceControl
LogPluginManager: Mounting plugin PlasticSourceControl
LogPluginManager: Mounting plugin RiderSourceCodeAccess
LogPluginManager: Mounting plugin SubversionSourceControl
LogPluginManager: Mounting plugin UObjectPlugin
LogPluginManager: Mounting plugin VisualStudioCodeSourceCodeAccess
LogPluginManager: Mounting plugin VisualStudioSourceCodeAccess
LogPluginManager: Mounting plugin XCodeSourceCodeAccess
LogPluginManager: Mounting plugin AssetManagerEditor
LogPluginManager: Mounting plugin CryptoKeys
LogPluginManager: Mounting plugin CurveEditorTools
LogPluginManager: Mounting plugin DataValidation
LogPluginManager: Mounting plugin EditorScriptingUtilities
LogPluginManager: Mounting plugin FacialAnimation
LogPluginManager: Mounting plugin GameplayTagsEditor
LogPluginManager: Mounting plugin GeometryMode
LogPluginManager: Mounting plugin MacGraphicsSwitching
LogPluginManager: Mounting plugin MaterialAnalyzer
LogPluginManager: Mounting plugin MobileLauncherProfileWizard
LogPluginManager: Mounting plugin PluginBrowser
LogPluginManager: Mounting plugin SpeedTreeImporter
LogPluginManager: Mounting plugin DatasmithContent
LogPluginManager: Mounting plugin VariantManagerContent
LogPluginManager: Mounting plugin AlembicImporter
LogPluginManager: Mounting plugin AutomationUtils
LogPluginManager: Mounting plugin BackChannel
LogPluginManager: Mounting plugin ChaosCloth
LogPluginManager: Mounting plugin ChaosClothEditor
LogPluginManager: Mounting plugin ChaosEditor
LogPluginManager: Mounting plugin ChaosNiagara
LogPluginManager: Mounting plugin ChaosSolverPlugin
LogPluginManager: Mounting plugin CharacterAI
LogPluginManager: Mounting plugin GeometryCache
LogPluginManager: Mounting plugin GeometryCollectionPlugin
LogPluginManager: Mounting plugin GeometryProcessing
LogPluginManager: Mounting plugin PlanarCut
LogPluginManager: Mounting plugin PlatformCrypto
LogPluginManager: Mounting plugin ProxyLODPlugin
LogPluginManager: Mounting plugin SkeletalReduction
LogPluginManager: Mounting plugin Niagara
LogPluginManager: Mounting plugin MagicLeap
LogPluginManager: Mounting plugin MagicLeapLightEstimation
LogPluginManager: Mounting plugin MagicLeapMedia
LogPluginManager: Mounting plugin MagicLeapPassableWorld
LogPluginManager: Mounting plugin MLSDK
LogPluginManager: Mounting plugin UIWS
LogPluginManager: Mounting plugin AndroidMedia
LogPluginManager: Mounting plugin AvfMedia
LogPluginManager: Mounting plugin ImgMedia
LogPluginManager: Mounting plugin MediaCompositing
LogPluginManager: Mounting plugin MediaPlayerEditor
LogPluginManager: Mounting plugin WebMMedia
LogPluginManager: Mounting plugin WmfMedia
LogPluginManager: Mounting plugin MeshPainting
LogPluginManager: Mounting plugin TcpMessaging
LogPluginManager: Mounting plugin UdpMessaging
LogPluginManager: Mounting plugin ActorSequence
LogPluginManager: Mounting plugin LevelSequenceEditor
LogPluginManager: Mounting plugin MatineeToLevelSequence
LogPluginManager: Mounting plugin MovieRenderPipeline
LogPluginManager: Mounting plugin TemplateSequence
LogPluginManager: Mounting plugin NetcodeUnitTest
LogPluginManager: Mounting plugin NUTUnrealEngine4
LogPluginManager: Mounting plugin OnlineSubsystemGooglePlay
LogPluginManager: Mounting plugin OnlineSubsystemIOS
LogPluginManager: Mounting plugin OnlineSubsystem
LogPluginManager: Mounting plugin OnlineSubsystemNull
LogPluginManager: Mounting plugin OnlineSubsystemUtils
LogPluginManager: Mounting plugin LauncherChunkInstaller
LogPluginManager: Mounting plugin AndroidDeviceProfileSelector
LogPluginManager: Mounting plugin AndroidMoviePlayer
LogPluginManager: Mounting plugin AndroidPermission
LogPluginManager: Mounting plugin AppleImageUtils
LogPluginManager: Mounting plugin AppleMoviePlayer
LogPluginManager: Mounting plugin ArchVisCharacter
LogPluginManager: Mounting plugin AssetTags
LogPluginManager: Mounting plugin AudioCapture
LogPluginManager: Mounting plugin CableComponent
LogPluginManager: Mounting plugin CustomMeshComponent
LogPluginManager: Mounting plugin EditableMesh
LogPluginManager: Mounting plugin ExampleDeviceProfileSelector
LogPluginManager: Mounting plugin GoogleCloudMessaging
LogPluginManager: Mounting plugin GooglePAD
LogPluginManager: Mounting plugin IOSDeviceProfileSelector
LogPluginManager: Mounting plugin LinuxDeviceProfileSelector
LogPluginManager: Mounting plugin LocationServicesBPLibrary
LogPluginManager: Mounting plugin MobilePatchingUtils
LogPluginManager: Mounting plugin OculusVR
LogPluginManager: Mounting plugin PhysXVehicles
LogPluginManager: Mounting plugin PostSplashScreen
LogPluginManager: Mounting plugin ProceduralMeshComponent
LogPluginManager: Mounting plugin RuntimePhysXCooking
LogPluginManager: Mounting plugin SignificanceManager
LogPluginManager: Mounting plugin SoundFields
LogPluginManager: Mounting plugin SteamVR
LogPluginManager: Mounting plugin Synthesis
LogPluginManager: Mounting plugin WebMMoviePlayer
LogPluginManager: Mounting plugin WindowsMoviePlayer
LogPluginManager: Mounting plugin ScreenshotTools
LogInit: Using libcurl 7.55.1-DEV
LogInit:  - built for x86_64-pc-win32
LogInit:  - supports SSL with OpenSSL/1.1.1
LogInit:  - supports HTTP deflate (compression) using libz 1.2.8
LogInit:  - other features:
LogInit:      CURL_VERSION_SSL
LogInit:      CURL_VERSION_LIBZ
LogInit:      CURL_VERSION_IPV6
LogInit:      CURL_VERSION_ASYNCHDNS
LogInit:      CURL_VERSION_LARGEFILE
LogInit:      CURL_VERSION_IDN
LogInit:  CurlRequestOptions (configurable via config and command line):
LogInit:  - bVerifyPeer = true  - Libcurl will verify peer certificate
LogInit:  - bUseHttpProxy = false  - Libcurl will NOT use HTTP proxy
LogInit:  - bDontReuseConnections = false  - Libcurl will reuse connections
LogInit:  - MaxHostConnections = 16  - Libcurl will limit the number of connections to a host
LogInit:  - LocalHostAddr = Default
LogInit:  - BufferSize = 65536
LogOnline: OSS: Creating online subsystem instance for: NULL
LogInit: WinSock: version 1.1 (2.2), MaxSocks=32767, MaxUdp=65467
LogOnline: OSS: TryLoadSubsystemAndSetDefault: Loaded subsystem for module [NULL]
LogOculusPluginWrapper: OculusPlugin initialized successfully
LogInit: Build: ++UE4+Release-4.25-CL-13942748
LogInit: Engine Version: 4.25.3-13942748+++UE4+Release-4.25
LogInit: Compatible Engine Version: 4.25.0-13144385+++UE4+Release-4.25
LogInit: Net CL: 13144385
LogInit: OS: Windows 10 (Release 2004) (), CPU: Intel(R) Core(TM) i7-7820X CPU @ 3.60GHz, GPU: NVIDIA GeForce RTX 2080 Ti
LogInit: Compiled (64-bit): Jul 25 2020 02:07:48
LogInit: Compiled with Visual C++: 19.24.28315.00
LogInit: Build Configuration: Development
LogInit: Branch Name: ++UE4+Release-4.25
LogInit: Command Line:  -EpicPortal -epicusername=Rimeh_ -epicuserid=3620de3b46744791bae9bb86c3c88c80 -epiclocale=en
LogInit: Base Directory: C:/Program Files/Epic Games/UE_4.25/Engine/Binaries/Win64/
LogInit: Allocator: TBB
LogInit: Installed Engine Build: 1
LogDevObjectVersion: Number of dev versions registered: 26
LogDevObjectVersion:   Dev-Blueprints (B0D832E4-1F89-4F0D-ACCF-7EB736FD4AA2): 10
LogDevObjectVersion:   Dev-Build (E1C64328-A22C-4D53-A36C-8E866417BD8C): 0
LogDevObjectVersion:   Dev-Core (375EC13C-06E4-48FB-B500-84F0262A717E): 4
LogDevObjectVersion:   Dev-Editor (E4B068ED-F494-42E9-A231-DA0B2E46BB41): 38
LogDevObjectVersion:   Dev-Framework (CFFC743F-43B0-4480-9391-14DF171D2073): 37
LogDevObjectVersion:   Dev-Mobile (B02B49B5-BB20-44E9-A304-32B752E40360): 2
LogDevObjectVersion:   Dev-Networking (A4E4105C-59A1-49B5-A7C5-40C4547EDFEE): 0
LogDevObjectVersion:   Dev-Online (39C831C9-5AE6-47DC-9A44-9C173E1C8E7C): 0
LogDevObjectVersion:   Dev-Physics (78F01B33-EBEA-4F98-B9B4-84EACCB95AA2): 4
LogDevObjectVersion:   Dev-Platform (6631380F-2D4D-43E0-8009-CF276956A95A): 0
LogDevObjectVersion:   Dev-Rendering (12F88B9F-8875-4AFC-A67C-D90C383ABD29): 43
LogDevObjectVersion:   Dev-Sequencer (7B5AE74C-D270-4C10-A958-57980B212A5A): 12
LogDevObjectVersion:   Dev-VR (D7296918-1DD6-4BDD-9DE2-64A83CC13884): 3
LogDevObjectVersion:   Dev-LoadTimes (C2A15278-BFE7-4AFE-6C17-90FF531DF755): 1
LogDevObjectVersion:   Private-Geometry (6EACA3D4-40EC-4CC1-B786-8BED09428FC5): 3
LogDevObjectVersion:   Dev-AnimPhys (29E575DD-E0A3-4627-9D10-D276232CDCEA): 17
LogDevObjectVersion:   Dev-Anim (AF43A65D-7FD3-4947-9873-3E8ED9C1BB05): 7
LogDevObjectVersion:   Dev-ReflectionCapture (6B266CEC-1EC7-4B8F-A30B-E4D90942FC07): 1
LogDevObjectVersion:   Dev-Automation (0DF73D61-A23F-47EA-B727-89E90C41499A): 1
LogDevObjectVersion:   FortniteMain (601D1886-AC64-4F84-AA16-D3DE0DEAC7D6): 31
LogDevObjectVersion:   Dev-Enterprise (9DFFBCD6-494F-0158-E221-12823C92A888): 10
LogDevObjectVersion:   Dev-Niagara (F2AED0AC-9AFE-416F-8664-AA7FFA26D6FC): 1
LogDevObjectVersion:   Dev-Destruction (174F1F0B-B4C6-45A5-B13F-2EE8D0FB917D): 10
LogDevObjectVersion:   Dev-Physics-Ext (35F94A83-E258-406C-A318-09F59610247C): 37
LogDevObjectVersion:   Dev-PhysicsMaterial-Chaos (B68FC16E-8B1B-42E2-B453-215C058844FE): 1
LogDevObjectVersion:   Dev-CineCamera (B2E18506-4273-CFC2-A54E-F4BB758BBA07): 1
LogInit: Presizing for max 25165824 objects, including 0 objects not considered by GC, pre-allocating 0 bytes for permanent pool.
LogConfig: Applying CVar settings from Section [/Script/Engine.StreamingSettings] File [C:/Users/Student 2020/Documents/VRLivePerformance/UnrealVRLivePerformance/UnrealVR/Saved/Config/Windows/Engine.ini]
LogConfig: Setting CVar [[s.MinBulkDataSizeForAsyncLoading:131072]]
LogConfig: Setting CVar [[s.AsyncLoadingThreadEnabled:0]]
LogConfig: Setting CVar [[s.EventDrivenLoaderEnabled:1]]
LogConfig: Setting CVar [[s.WarnIfTimeLimitExceeded:0]]
LogConfig: Setting CVar [[s.TimeLimitExceededMultiplier:1.5]]
LogConfig: Setting CVar [[s.TimeLimitExceededMinTime:0.005]]
LogConfig: Setting CVar [[s.UseBackgroundLevelStreaming:1]]
LogConfig: Setting CVar [[s.PriorityAsyncLoadingExtraTime:15.0]]
LogConfig: Setting CVar [[s.LevelStreamingActorsUpdateTimeLimit:5.0]]
LogConfig: Setting CVar [[s.PriorityLevelStreamingActorsUpdateExtraTime:5.0]]
LogConfig: Setting CVar [[s.LevelStreamingComponentsRegistrationGranularity:10]]
LogConfig: Setting CVar [[s.UnregisterComponentsTimeLimit:1.0]]
LogConfig: Setting CVar [[s.LevelStreamingComponentsUnregistrationGranularity:5]]
LogConfig: Setting CVar [[s.FlushStreamingOnExit:1]]
LogInit: Object subsystem initialized
LogConfig: Setting CVar [[con.DebugEarlyDefault:1]]
LogConfig: Setting CVar [[r.setres:1280x720]]
[2020.10.19-09.40.14:495][  0]LogConfig: Setting CVar [[r.VSync:0]]
[2020.10.19-09.40.14:495][  0]LogConfig: Setting CVar [[r.RHICmdBypass:0]]
[2020.10.19-09.40.14:495][  0]LogConfig: Applying CVar settings from Section [/Script/Engine.RendererSettings] File [C:/Users/Student 2020/Documents/VRLivePerformance/UnrealVRLivePerformance/UnrealVR/Saved/Config/Windows/Engine.ini]
[2020.10.19-09.40.14:495][  0]LogConfig: Setting CVar [[r.GPUCrashDebugging:0]]
[2020.10.19-09.40.14:495][  0]LogConfig: Applying CVar settings from Section [/Script/Engine.RendererOverrideSettings] File [C:/Users/Student 2020/Documents/VRLivePerformance/UnrealVRLivePerformance/UnrealVR/Saved/Config/Windows/Engine.ini]
[2020.10.19-09.40.14:495][  0]LogConfig: Applying CVar settings from Section [/Script/Engine.StreamingSettings] File [C:/Users/Student 2020/Documents/VRLivePerformance/UnrealVRLivePerformance/UnrealVR/Saved/Config/Windows/Engine.ini]
[2020.10.19-09.40.14:495][  0]LogConfig: Setting CVar [[s.MinBulkDataSizeForAsyncLoading:131072]]
[2020.10.19-09.40.14:495][  0]LogConfig: Setting CVar [[s.AsyncLoadingThreadEnabled:0]]
[2020.10.19-09.40.14:495][  0]LogConfig: Setting CVar [[s.EventDrivenLoaderEnabled:1]]
[2020.10.19-09.40.14:495][  0]LogConfig: Setting CVar [[s.WarnIfTimeLimitExceeded:0]]
[2020.10.19-09.40.14:495][  0]LogConfig: Setting CVar [[s.TimeLimitExceededMultiplier:1.5]]
[2020.10.19-09.40.14:495][  0]LogConfig: Setting CVar [[s.TimeLimitExceededMinTime:0.005]]
[2020.10.19-09.40.14:495][  0]LogConfig: Setting CVar [[s.UseBackgroundLevelStreaming:1]]
[2020.10.19-09.40.14:495][  0]LogConfig: Setting CVar [[s.PriorityAsyncLoadingExtraTime:15.0]]
[2020.10.19-09.40.14:495][  0]LogConfig: Setting CVar [[s.LevelStreamingActorsUpdateTimeLimit:5.0]]
[2020.10.19-09.40.14:495][  0]LogConfig: Setting CVar [[s.PriorityLevelStreamingActorsUpdateExtraTime:5.0]]
[2020.10.19-09.40.14:495][  0]LogConfig: Setting CVar [[s.LevelStreamingComponentsRegistrationGranularity:10]]
[2020.10.19-09.40.14:495][  0]LogConfig: Setting CVar [[s.UnregisterComponentsTimeLimit:1.0]]
[2020.10.19-09.40.14:495][  0]LogConfig: Setting CVar [[s.LevelStreamingComponentsUnregistrationGranularity:5]]
[2020.10.19-09.40.14:495][  0]LogConfig: Setting CVar [[s.FlushStreamingOnExit:1]]
[2020.10.19-09.40.14:495][  0]LogConfig: Applying CVar settings from Section [/Script/Engine.GarbageCollectionSettings] File [C:/Users/Student 2020/Documents/VRLivePerformance/UnrealVRLivePerformance/UnrealVR/Saved/Config/Windows/Engine.ini]
[2020.10.19-09.40.14:495][  0]LogConfig: Setting CVar [[gc.MaxObjectsNotConsideredByGC:1]]
[2020.10.19-09.40.14:495][  0]LogConfig: Setting CVar [[gc.SizeOfPermanentObjectPool:0]]
[2020.10.19-09.40.14:495][  0]LogConfig: Setting CVar [[gc.FlushStreamingOnGC:0]]
[2020.10.19-09.40.14:495][  0]LogConfig: Setting CVar [[gc.NumRetriesBeforeForcingGC:10]]
[2020.10.19-09.40.14:495][  0]LogConfig: Setting CVar [[gc.AllowParallelGC:1]]
[2020.10.19-09.40.14:495][  0]LogConfig: Setting CVar [[gc.TimeBetweenPurgingPendingKillObjects:61.1]]
[2020.10.19-09.40.14:495][  0]LogConfig: Setting CVar [[gc.MaxObjectsInEditor:25165824]]
[2020.10.19-09.40.14:495][  0]LogConfig: Setting CVar [[gc.IncrementalBeginDestroyEnabled:1]]
[2020.10.19-09.40.14:495][  0]LogConfig: Setting CVar [[gc.CreateGCClusters:1]]
[2020.10.19-09.40.14:495][  0]LogConfig: Setting CVar [[gc.MinGCClusterSize:5]]
[2020.10.19-09.40.14:495][  0]LogConfig: Setting CVar [[gc.ActorClusteringEnabled:0]]
[2020.10.19-09.40.14:495][  0]LogConfig: Setting CVar [[gc.BlueprintClusteringEnabled:0]]
[2020.10.19-09.40.14:495][  0]LogConfig: Setting CVar [[gc.UseDisregardForGCOnDedicatedServers:0]]
[2020.10.19-09.40.14:495][  0]LogConfig: Applying CVar settings from Section [/Script/Engine.NetworkSettings] File [C:/Users/Student 2020/Documents/VRLivePerformance/UnrealVRLivePerformance/UnrealVR/Saved/Config/Windows/Engine.ini]
[2020.10.19-09.40.14:496][  0]LogConfig: Applying CVar settings from Section [/Script/UnrealEd.CookerSettings] File [C:/Users/Student 2020/Documents/VRLivePerformance/UnrealVRLivePerformance/UnrealVR/Saved/Config/Windows/Engine.ini]
[2020.10.19-09.40.14:499][  0]LogConfig: Applying CVar settings from Section [ViewDistanceQuality@3] File [C:/Users/Student 2020/Documents/VRLivePerformance/UnrealVRLivePerformance/UnrealVR/Saved/Config/Windows/Scalability.ini]
[2020.10.19-09.40.14:499][  0]LogConfig: Setting CVar [[r.SkeletalMeshLODBias:0]]
[2020.10.19-09.40.14:499][  0]LogConfig: Setting CVar [[r.ViewDistanceScale:1.0]]
[2020.10.19-09.40.14:499][  0]LogConfig: Applying CVar settings from Section [AntiAliasingQuality@3] File [C:/Users/Student 2020/Documents/VRLivePerformance/UnrealVRLivePerformance/UnrealVR/Saved/Config/Windows/Scalability.ini]
[2020.10.19-09.40.14:499][  0]LogConfig: Setting CVar [[r.PostProcessAAQuality:4]]
[2020.10.19-09.40.14:499][  0]LogConfig: Applying CVar settings from Section [ShadowQuality@3] File [C:/Users/Student 2020/Documents/VRLivePerformance/UnrealVRLivePerformance/UnrealVR/Saved/Config/Windows/Scalability.ini]
[2020.10.19-09.40.14:499][  0]LogConfig: Setting CVar [[r.LightFunctionQuality:1]]
[2020.10.19-09.40.14:499][  0]LogConfig: Setting CVar [[r.ShadowQuality:5]]
[2020.10.19-09.40.14:499][  0]LogConfig: Setting CVar [[r.Shadow.CSM.MaxCascades:10]]
[2020.10.19-09.40.14:499][  0]LogConfig: Setting CVar [[r.Shadow.MaxResolution:2048]]
[2020.10.19-09.40.14:499][  0]LogConfig: Setting CVar [[r.Shadow.MaxCSMResolution:2048]]
[2020.10.19-09.40.14:499][  0]LogConfig: Setting CVar [[r.Shadow.RadiusThreshold:0.01]]
[2020.10.19-09.40.14:499][  0]LogConfig: Setting CVar [[r.Shadow.DistanceScale:1.0]]
[2020.10.19-09.40.14:499][  0]LogConfig: Setting CVar [[r.Shadow.CSM.TransitionScale:1.0]]
[2020.10.19-09.40.14:499][  0]LogConfig: Setting CVar [[r.Shadow.PreShadowResolutionFactor:1.0]]
[2020.10.19-09.40.14:499][  0]LogConfig: Setting CVar [[r.DistanceFieldShadowing:1]]
[2020.10.19-09.40.14:499][  0]LogConfig: Setting CVar [[r.DistanceFieldAO:1]]
[2020.10.19-09.40.14:499][  0]LogConfig: Setting CVar [[r.AOQuality:2]]
[2020.10.19-09.40.14:499][  0]LogConfig: Setting CVar [[r.VolumetricFog:1]]
[2020.10.19-09.40.14:499][  0]LogConfig: Setting CVar [[r.VolumetricFog.GridPixelSize:8]]
[2020.10.19-09.40.14:499][  0]LogConfig: Setting CVar [[r.VolumetricFog.GridSizeZ:128]]
[2020.10.19-09.40.14:499][  0]LogConfig: Setting CVar [[r.VolumetricFog.HistoryMissSupersampleCount:4]]
[2020.10.19-09.40.14:499][  0]LogConfig: Setting CVar [[r.LightMaxDrawDistanceScale:1]]
[2020.10.19-09.40.14:499][  0]LogConfig: Setting CVar [[r.CapsuleShadows:1]]
[2020.10.19-09.40.14:499][  0]LogConfig: Applying CVar settings from Section [PostProcessQuality@3] File [C:/Users/Student 2020/Documents/VRLivePerformance/UnrealVRLivePerformance/UnrealVR/Saved/Config/Windows/Scalability.ini]
[2020.10.19-09.40.14:499][  0]LogConfig: Setting CVar [[r.MotionBlurQuality:4]]
[2020.10.19-09.40.14:499][  0]LogConfig: Setting CVar [[r.AmbientOcclusionMipLevelFactor:0.4]]
[2020.10.19-09.40.14:499][  0]LogConfig: Setting CVar [[r.AmbientOcclusionMaxQuality:100]]
[2020.10.19-09.40.14:499][  0]LogConfig: Setting CVar [[r.AmbientOcclusionLevels:-1]]
[2020.10.19-09.40.14:499][  0]LogConfig: Setting CVar [[r.AmbientOcclusionRadiusScale:1.0]]
[2020.10.19-09.40.14:499][  0]LogConfig: Setting CVar [[r.DepthOfFieldQuality:2]]
[2020.10.19-09.40.14:499][  0]LogConfig: Setting CVar [[r.RenderTargetPoolMin:400]]
[2020.10.19-09.40.14:499][  0]LogConfig: Setting CVar [[r.LensFlareQuality:2]]
[2020.10.19-09.40.14:499][  0]LogConfig: Setting CVar [[r.SceneColorFringeQuality:1]]
[2020.10.19-09.40.14:499][  0]LogConfig: Setting CVar [[r.EyeAdaptationQuality:2]]
[2020.10.19-09.40.14:499][  0]LogConfig: Setting CVar [[r.BloomQuality:5]]
[2020.10.19-09.40.14:499][  0]LogConfig: Setting CVar [[r.FastBlurThreshold:100]]
[2020.10.19-09.40.14:499][  0]LogConfig: Setting CVar [[r.Upscale.Quality:3]]
[2020.10.19-09.40.14:499][  0]LogConfig: Setting CVar [[r.Tonemapper.GrainQuantization:1]]
[2020.10.19-09.40.14:499][  0]LogConfig: Setting CVar [[r.LightShaftQuality:1]]
[2020.10.19-09.40.14:499][  0]LogConfig: Setting CVar [[r.Filter.SizeScale:1]]
[2020.10.19-09.40.14:499][  0]LogConfig: Setting CVar [[r.Tonemapper.Quality:5]]
[2020.10.19-09.40.14:499][  0]LogConfig: Setting CVar [[r.DOF.Gather.AccumulatorQuality:1        ; higher gathering accumulator quality]]
[2020.10.19-09.40.14:499][  0]LogConfig: Setting CVar [[r.DOF.Gather.PostfilterMethod:1          ; Median3x3 postfilering method]]
[2020.10.19-09.40.14:499][  0]LogConfig: Setting CVar [[r.DOF.Gather.EnableBokehSettings:0       ; no bokeh simulation when gathering]]
[2020.10.19-09.40.14:499][  0]LogConfig: Setting CVar [[r.DOF.Gather.RingCount:4                 ; medium number of samples when gathering]]
[2020.10.19-09.40.14:499][  0]LogConfig: Setting CVar [[r.DOF.Scatter.ForegroundCompositing:1    ; additive foreground scattering]]
[2020.10.19-09.40.14:499][  0]LogConfig: Setting CVar [[r.DOF.Scatter.BackgroundCompositing:2    ; additive background scattering]]
[2020.10.19-09.40.14:499][  0]LogConfig: Setting CVar [[r.DOF.Scatter.EnableBokehSettings:1      ; bokeh simulation when scattering]]
[2020.10.19-09.40.14:499][  0]LogConfig: Setting CVar [[r.DOF.Scatter.MaxSpriteRatio:0.1         ; only a maximum of 10% of scattered bokeh]]
[2020.10.19-09.40.14:499][  0]LogConfig: Setting CVar [[r.DOF.Recombine.Quality:1                ; cheap slight out of focus]]
[2020.10.19-09.40.14:499][  0]LogConfig: Setting CVar [[r.DOF.Recombine.EnableBokehSettings:0    ; no bokeh simulation on slight out of focus]]
[2020.10.19-09.40.14:499][  0]LogConfig: Setting CVar [[r.DOF.TemporalAAQuality:1                ; more stable temporal accumulation]]
[2020.10.19-09.40.14:499][  0]LogConfig: Setting CVar [[r.DOF.Kernel.MaxForegroundRadius:0.025]]
[2020.10.19-09.40.14:499][  0]LogConfig: Setting CVar [[r.DOF.Kernel.MaxBackgroundRadius:0.025]]
[2020.10.19-09.40.14:499][  0]LogConfig: Applying CVar settings from Section [TextureQuality@3] File [C:/Users/Student 2020/Documents/VRLivePerformance/UnrealVRLivePerformance/UnrealVR/Saved/Config/Windows/Scalability.ini]
[2020.10.19-09.40.14:499][  0]LogConfig: Setting CVar [[r.Streaming.MipBias:0]]
[2020.10.19-09.40.14:499][  0]LogConfig: Setting CVar [[r.Streaming.AmortizeCPUToGPUCopy:0]]
[2020.10.19-09.40.14:500][  0]LogConfig: Setting CVar [[r.Streaming.MaxNumTexturesToStreamPerFrame:0]]
[2020.10.19-09.40.14:500][  0]LogConfig: Setting CVar [[r.Streaming.Boost:1]]
[2020.10.19-09.40.14:500][  0]LogConfig: Setting CVar [[r.MaxAnisotropy:8]]
[2020.10.19-09.40.14:500][  0]LogConfig: Setting CVar [[r.VT.MaxAnisotropy:8]]
[2020.10.19-09.40.14:500][  0]LogConfig: Setting CVar [[r.Streaming.LimitPoolSizeToVRAM:0]]
[2020.10.19-09.40.14:500][  0]LogConfig: Setting CVar [[r.Streaming.PoolSize:1000]]
[2020.10.19-09.40.14:500][  0]LogConfig: Setting CVar [[r.Streaming.MaxEffectiveScreenSize:0]]
[2020.10.19-09.40.14:500][  0]LogConfig: Applying CVar settings from Section [EffectsQuality@3] File [C:/Users/Student 2020/Documents/VRLivePerformance/UnrealVRLivePerformance/UnrealVR/Saved/Config/Windows/Scalability.ini]
[2020.10.19-09.40.14:500][  0]LogConfig: Setting CVar [[r.TranslucencyLightingVolumeDim:64]]
[2020.10.19-09.40.14:500][  0]LogConfig: Setting CVar [[r.RefractionQuality:2]]
[2020.10.19-09.40.14:500][  0]LogConfig: Setting CVar [[r.SSR.Quality:3]]
[2020.10.19-09.40.14:500][  0]LogConfig: Setting CVar [[r.SSR.HalfResSceneColor:0]]
[2020.10.19-09.40.14:500][  0]LogConfig: Setting CVar [[r.SceneColorFormat:4]]
[2020.10.19-09.40.14:500][  0]LogConfig: Setting CVar [[r.DetailMode:2]]
[2020.10.19-09.40.14:500][  0]LogConfig: Setting CVar [[r.TranslucencyVolumeBlur:1]]
[2020.10.19-09.40.14:500][  0]LogConfig: Setting CVar [[r.MaterialQualityLevel:1 ; High quality]]
[2020.10.19-09.40.14:500][  0]LogConfig: Setting CVar [[r.SSS.Scale:1]]
[2020.10.19-09.40.14:500][  0]LogConfig: Setting CVar [[r.SSS.SampleSet:2]]
[2020.10.19-09.40.14:500][  0]LogConfig: Setting CVar [[r.SSS.Quality:1]]
[2020.10.19-09.40.14:500][  0]LogConfig: Setting CVar [[r.SSS.HalfRes:0]]
[2020.10.19-09.40.14:500][  0]LogConfig: Setting CVar [[r.SSGI.Quality:3]]
[2020.10.19-09.40.14:500][  0]LogConfig: Setting CVar [[r.EmitterSpawnRateScale:1.0]]
[2020.10.19-09.40.14:500][  0]LogConfig: Setting CVar [[r.ParticleLightQuality:2]]
[2020.10.19-09.40.14:500][  0]LogConfig: Setting CVar [[r.SkyAtmosphere.AerialPerspectiveLUT.FastApplyOnOpaque:1 ; Always have FastSkyLUT 1 in this case to avoid wrong sky]]
[2020.10.19-09.40.14:500][  0]LogConfig: Setting CVar [[r.SkyAtmosphere.AerialPerspectiveLUT.SampleCountPerSlice:1]]
[2020.10.19-09.40.14:500][  0]LogConfig: Setting CVar [[r.SkyAtmosphere.AerialPerspectiveLUT.DepthResolution:16.0]]
[2020.10.19-09.40.14:500][  0]LogConfig: Setting CVar [[r.SkyAtmosphere.FastSkyLUT:1]]
[2020.10.19-09.40.14:500][  0]LogConfig: Setting CVar [[r.SkyAtmosphere.FastSkyLUT.SampleCountMin:4.0]]
[2020.10.19-09.40.14:500][  0]LogConfig: Setting CVar [[r.SkyAtmosphere.FastSkyLUT.SampleCountMax:32.0]]
[2020.10.19-09.40.14:500][  0]LogConfig: Setting CVar [[r.SkyAtmosphere.SampleCountMin:4.0]]
[2020.10.19-09.40.14:500][  0]LogConfig: Setting CVar [[r.SkyAtmosphere.SampleCountMax:32.0]]
[2020.10.19-09.40.14:500][  0]LogConfig: Setting CVar [[r.SkyAtmosphere.TransmittanceLUT.UseSmallFormat:0]]
[2020.10.19-09.40.14:500][  0]LogConfig: Setting CVar [[r.SkyAtmosphere.TransmittanceLUT.SampleCount:10.0]]
[2020.10.19-09.40.14:500][  0]LogConfig: Setting CVar [[r.SkyAtmosphere.MultiScatteringLUT.SampleCount:15.0]]
[2020.10.19-09.40.14:500][  0]LogConfig: Applying CVar settings from Section [FoliageQuality@3] File [C:/Users/Student 2020/Documents/VRLivePerformance/UnrealVRLivePerformance/UnrealVR/Saved/Config/Windows/Scalability.ini]
[2020.10.19-09.40.14:500][  0]LogConfig: Setting CVar [[foliage.DensityScale:1.0]]
[2020.10.19-09.40.14:500][  0]LogConfig: Setting CVar [[grass.DensityScale:1.0]]
[2020.10.19-09.40.14:500][  0]LogConfig: Applying CVar settings from Section [ShadingQuality@3] File [C:/Users/Student 2020/Documents/VRLivePerformance/UnrealVRLivePerformance/UnrealVR/Saved/Config/Windows/Scalability.ini]
[2020.10.19-09.40.14:500][  0]LogConfig: Setting CVar [[r.HairStrands.SkyLighting.SampleCount:16]]
[2020.10.19-09.40.14:500][  0]LogConfig: Setting CVar [[r.HairStrands.SkyLighting.JitterIntegration:0]]
[2020.10.19-09.40.14:500][  0]LogConfig: Setting CVar [[r.HairStrands.SkyAO.SampleCount:16]]
[2020.10.19-09.40.14:500][  0]LogConfig: Setting CVar [[r.HairStrands.DeepShadow.SuperSampling:0]]
[2020.10.19-09.40.14:500][  0]LogConfig: Setting CVar [[r.HairStrands.VisibilityPPLL:0]]
[2020.10.19-09.40.14:500][  0]LogConfig: Setting CVar [[r.HairStrands.RasterizationScale:0.5]]
[2020.10.19-09.40.14:500][  0]LogConfig: Setting CVar [[r.HairStrands.VelocityRasterizationScale:1]]
[2020.10.19-09.40.14:500][  0]LogInit: Selected Device Profile: [Windows]
[2020.10.19-09.40.14:500][  0]LogInit: Applying CVar settings loaded from the selected device profile: [Windows]
[2020.10.19-09.40.14:500][  0]LogHAL: Display: Platform has ~ 64 GB [68423581696 / 68719476736 / 64], which maps to Largest [LargestMinGB=32, LargerMinGB=12, DefaultMinGB=8, SmallerMinGB=6, SmallestMinGB=0)
[2020.10.19-09.40.14:500][  0]LogInit: Going up to parent DeviceProfile []
[2020.10.19-09.40.14:500][  0]LogConfig: Applying CVar settings from Section [ViewDistanceQuality@3] File [C:/Users/Student 2020/Documents/VRLivePerformance/UnrealVRLivePerformance/UnrealVR/Saved/Config/Windows/Scalability.ini]
[2020.10.19-09.40.14:500][  0]LogConfig: Setting CVar [[r.SkeletalMeshLODBias:0]]
[2020.10.19-09.40.14:500][  0]LogConfig: Setting CVar [[r.ViewDistanceScale:1.0]]
[2020.10.19-09.40.14:500][  0]LogConfig: Applying CVar settings from Section [AntiAliasingQuality@3] File [C:/Users/Student 2020/Documents/VRLivePerformance/UnrealVRLivePerformance/UnrealVR/Saved/Config/Windows/Scalability.ini]
[2020.10.19-09.40.14:500][  0]LogConfig: Setting CVar [[r.PostProcessAAQuality:4]]
[2020.10.19-09.40.14:500][  0]LogConfig: Applying CVar settings from Section [ShadowQuality@3] File [C:/Users/Student 2020/Documents/VRLivePerformance/UnrealVRLivePerformance/UnrealVR/Saved/Config/Windows/Scalability.ini]
[2020.10.19-09.40.14:500][  0]LogConfig: Setting CVar [[r.LightFunctionQuality:1]]
[2020.10.19-09.40.14:500][  0]LogConfig: Setting CVar [[r.ShadowQuality:5]]
[2020.10.19-09.40.14:500][  0]LogConfig: Setting CVar [[r.Shadow.CSM.MaxCascades:10]]
[2020.10.19-09.40.14:500][  0]LogConfig: Setting CVar [[r.Shadow.MaxResolution:2048]]
[2020.10.19-09.40.14:500][  0]LogConfig: Setting CVar [[r.Shadow.MaxCSMResolution:2048]]
[2020.10.19-09.40.14:500][  0]LogConfig: Setting CVar [[r.Shadow.RadiusThreshold:0.01]]
[2020.10.19-09.40.14:500][  0]LogConfig: Setting CVar [[r.Shadow.DistanceScale:1.0]]
[2020.10.19-09.40.14:500][  0]LogConfig: Setting CVar [[r.Shadow.CSM.TransitionScale:1.0]]
[2020.10.19-09.40.14:500][  0]LogConfig: Setting CVar [[r.Shadow.PreShadowResolutionFactor:1.0]]
[2020.10.19-09.40.14:500][  0]LogConfig: Setting CVar [[r.DistanceFieldShadowing:1]]
[2020.10.19-09.40.14:500][  0]LogConfig: Setting CVar [[r.DistanceFieldAO:1]]
[2020.10.19-09.40.14:500][  0]LogConfig: Setting CVar [[r.AOQuality:2]]
[2020.10.19-09.40.14:500][  0]LogConfig: Setting CVar [[r.VolumetricFog:1]]
[2020.10.19-09.40.14:500][  0]LogConfig: Setting CVar [[r.VolumetricFog.GridPixelSize:8]]
[2020.10.19-09.40.14:500][  0]LogConfig: Setting CVar [[r.VolumetricFog.GridSizeZ:128]]
[2020.10.19-09.40.14:500][  0]LogConfig: Setting CVar [[r.VolumetricFog.HistoryMissSupersampleCount:4]]
[2020.10.19-09.40.14:500][  0]LogConfig: Setting CVar [[r.LightMaxDrawDistanceScale:1]]
[2020.10.19-09.40.14:500][  0]LogConfig: Setting CVar [[r.CapsuleShadows:1]]
[2020.10.19-09.40.14:500][  0]LogConfig: Applying CVar settings from Section [PostProcessQuality@3] File [C:/Users/Student 2020/Documents/VRLivePerformance/UnrealVRLivePerformance/UnrealVR/Saved/Config/Windows/Scalability.ini]
[2020.10.19-09.40.14:500][  0]LogConfig: Setting CVar [[r.MotionBlurQuality:4]]
[2020.10.19-09.40.14:500][  0]LogConfig: Setting CVar [[r.AmbientOcclusionMipLevelFactor:0.4]]
[2020.10.19-09.40.14:500][  0]LogConfig: Setting CVar [[r.AmbientOcclusionMaxQuality:100]]
[2020.10.19-09.40.14:500][  0]LogConfig: Setting CVar [[r.AmbientOcclusionLevels:-1]]
[2020.10.19-09.40.14:500][  0]LogConfig: Setting CVar [[r.AmbientOcclusionRadiusScale:1.0]]
[2020.10.19-09.40.14:500][  0]LogConfig: Setting CVar [[r.DepthOfFieldQuality:2]]
[2020.10.19-09.40.14:500][  0]LogConfig: Setting CVar [[r.RenderTargetPoolMin:400]]
[2020.10.19-09.40.14:501][  0]LogConfig: Setting CVar [[r.LensFlareQuality:2]]
[2020.10.19-09.40.14:501][  0]LogConfig: Setting CVar [[r.SceneColorFringeQuality:1]]
[2020.10.19-09.40.14:501][  0]LogConfig: Setting CVar [[r.EyeAdaptationQuality:2]]
[2020.10.19-09.40.14:501][  0]LogConfig: Setting CVar [[r.BloomQuality:5]]
[2020.10.19-09.40.14:501][  0]LogConfig: Setting CVar [[r.FastBlurThreshold:100]]
[2020.10.19-09.40.14:501][  0]LogConfig: Setting CVar [[r.Upscale.Quality:3]]
[2020.10.19-09.40.14:501][  0]LogConfig: Setting CVar [[r.Tonemapper.GrainQuantization:1]]
[2020.10.19-09.40.14:501][  0]LogConfig: Setting CVar [[r.LightShaftQuality:1]]
[2020.10.19-09.40.14:501][  0]LogConfig: Setting CVar [[r.Filter.SizeScale:1]]
[2020.10.19-09.40.14:501][  0]LogConfig: Setting CVar [[r.Tonemapper.Quality:5]]
[2020.10.19-09.40.14:501][  0]LogConfig: Setting CVar [[r.DOF.Gather.AccumulatorQuality:1        ; higher gathering accumulator quality]]
[2020.10.19-09.40.14:501][  0]LogConfig: Setting CVar [[r.DOF.Gather.PostfilterMethod:1          ; Median3x3 postfilering method]]
[2020.10.19-09.40.14:501][  0]LogConfig: Setting CVar [[r.DOF.Gather.EnableBokehSettings:0       ; no bokeh simulation when gathering]]
[2020.10.19-09.40.14:501][  0]LogConfig: Setting CVar [[r.DOF.Gather.RingCount:4                 ; medium number of samples when gathering]]
[2020.10.19-09.40.14:501][  0]LogConfig: Setting CVar [[r.DOF.Scatter.ForegroundCompositing:1    ; additive foreground scattering]]
[2020.10.19-09.40.14:501][  0]LogConfig: Setting CVar [[r.DOF.Scatter.BackgroundCompositing:2    ; additive background scattering]]
[2020.10.19-09.40.14:501][  0]LogConfig: Setting CVar [[r.DOF.Scatter.EnableBokehSettings:1      ; bokeh simulation when scattering]]
[2020.10.19-09.40.14:501][  0]LogConfig: Setting CVar [[r.DOF.Scatter.MaxSpriteRatio:0.1         ; only a maximum of 10% of scattered bokeh]]
[2020.10.19-09.40.14:501][  0]LogConfig: Setting CVar [[r.DOF.Recombine.Quality:1                ; cheap slight out of focus]]
[2020.10.19-09.40.14:501][  0]LogConfig: Setting CVar [[r.DOF.Recombine.EnableBokehSettings:0    ; no bokeh simulation on slight out of focus]]
[2020.10.19-09.40.14:501][  0]LogConfig: Setting CVar [[r.DOF.TemporalAAQuality:1                ; more stable temporal accumulation]]
[2020.10.19-09.40.14:501][  0]LogConfig: Setting CVar [[r.DOF.Kernel.MaxForegroundRadius:0.025]]
[2020.10.19-09.40.14:501][  0]LogConfig: Setting CVar [[r.DOF.Kernel.MaxBackgroundRadius:0.025]]
[2020.10.19-09.40.14:501][  0]LogConfig: Applying CVar settings from Section [TextureQuality@3] File [C:/Users/Student 2020/Documents/VRLivePerformance/UnrealVRLivePerformance/UnrealVR/Saved/Config/Windows/Scalability.ini]
[2020.10.19-09.40.14:501][  0]LogConfig: Setting CVar [[r.Streaming.MipBias:0]]
[2020.10.19-09.40.14:501][  0]LogConfig: Setting CVar [[r.Streaming.AmortizeCPUToGPUCopy:0]]
[2020.10.19-09.40.14:501][  0]LogConfig: Setting CVar [[r.Streaming.MaxNumTexturesToStreamPerFrame:0]]
[2020.10.19-09.40.14:501][  0]LogConfig: Setting CVar [[r.Streaming.Boost:1]]
[2020.10.19-09.40.14:501][  0]LogConfig: Setting CVar [[r.MaxAnisotropy:8]]
[2020.10.19-09.40.14:501][  0]LogConfig: Setting CVar [[r.VT.MaxAnisotropy:8]]
[2020.10.19-09.40.14:501][  0]LogConfig: Setting CVar [[r.Streaming.LimitPoolSizeToVRAM:0]]
[2020.10.19-09.40.14:501][  0]LogConfig: Setting CVar [[r.Streaming.PoolSize:1000]]
[2020.10.19-09.40.14:501][  0]LogConfig: Setting CVar [[r.Streaming.MaxEffectiveScreenSize:0]]
[2020.10.19-09.40.14:501][  0]LogConfig: Applying CVar settings from Section [EffectsQuality@3] File [C:/Users/Student 2020/Documents/VRLivePerformance/UnrealVRLivePerformance/UnrealVR/Saved/Config/Windows/Scalability.ini]
[2020.10.19-09.40.14:501][  0]LogConfig: Setting CVar [[r.TranslucencyLightingVolumeDim:64]]
[2020.10.19-09.40.14:501][  0]LogConfig: Setting CVar [[r.RefractionQuality:2]]
[2020.10.19-09.40.14:501][  0]LogConfig: Setting CVar [[r.SSR.Quality:3]]
[2020.10.19-09.40.14:501][  0]LogConfig: Setting CVar [[r.SSR.HalfResSceneColor:0]]
[2020.10.19-09.40.14:501][  0]LogConfig: Setting CVar [[r.SceneColorFormat:4]]
[2020.10.19-09.40.14:501][  0]LogConfig: Setting CVar [[r.DetailMode:2]]
[2020.10.19-09.40.14:501][  0]LogConfig: Setting CVar [[r.TranslucencyVolumeBlur:1]]
[2020.10.19-09.40.14:501][  0]LogConfig: Setting CVar [[r.MaterialQualityLevel:1 ; High quality]]
[2020.10.19-09.40.14:501][  0]LogConfig: Setting CVar [[r.SSS.Scale:1]]
[2020.10.19-09.40.14:501][  0]LogConfig: Setting CVar [[r.SSS.SampleSet:2]]
[2020.10.19-09.40.14:501][  0]LogConfig: Setting CVar [[r.SSS.Quality:1]]
[2020.10.19-09.40.14:501][  0]LogConfig: Setting CVar [[r.SSS.HalfRes:0]]
[2020.10.19-09.40.14:501][  0]LogConfig: Setting CVar [[r.SSGI.Quality:3]]
[2020.10.19-09.40.14:501][  0]LogConfig: Setting CVar [[r.EmitterSpawnRateScale:1.0]]
[2020.10.19-09.40.14:501][  0]LogConfig: Setting CVar [[r.ParticleLightQuality:2]]
[2020.10.19-09.40.14:501][  0]LogConfig: Setting CVar [[r.SkyAtmosphere.AerialPerspectiveLUT.FastApplyOnOpaque:1 ; Always have FastSkyLUT 1 in this case to avoid wrong sky]]
[2020.10.19-09.40.14:501][  0]LogConfig: Setting CVar [[r.SkyAtmosphere.AerialPerspectiveLUT.SampleCountPerSlice:1]]
[2020.10.19-09.40.14:501][  0]LogConfig: Setting CVar [[r.SkyAtmosphere.AerialPerspectiveLUT.DepthResolution:16.0]]
[2020.10.19-09.40.14:501][  0]LogConfig: Setting CVar [[r.SkyAtmosphere.FastSkyLUT:1]]
[2020.10.19-09.40.14:501][  0]LogConfig: Setting CVar [[r.SkyAtmosphere.FastSkyLUT.SampleCountMin:4.0]]
[2020.10.19-09.40.14:501][  0]LogConfig: Setting CVar [[r.SkyAtmosphere.FastSkyLUT.SampleCountMax:32.0]]
[2020.10.19-09.40.14:501][  0]LogConfig: Setting CVar [[r.SkyAtmosphere.SampleCountMin:4.0]]
[2020.10.19-09.40.14:501][  0]LogConfig: Setting CVar [[r.SkyAtmosphere.SampleCountMax:32.0]]
[2020.10.19-09.40.14:501][  0]LogConfig: Setting CVar [[r.SkyAtmosphere.TransmittanceLUT.UseSmallFormat:0]]
[2020.10.19-09.40.14:501][  0]LogConfig: Setting CVar [[r.SkyAtmosphere.TransmittanceLUT.SampleCount:10.0]]
[2020.10.19-09.40.14:501][  0]LogConfig: Setting CVar [[r.SkyAtmosphere.MultiScatteringLUT.SampleCount:15.0]]
[2020.10.19-09.40.14:501][  0]LogConfig: Applying CVar settings from Section [FoliageQuality@3] File [C:/Users/Student 2020/Documents/VRLivePerformance/UnrealVRLivePerformance/UnrealVR/Saved/Config/Windows/Scalability.ini]
[2020.10.19-09.40.14:501][  0]LogConfig: Setting CVar [[foliage.DensityScale:1.0]]
[2020.10.19-09.40.14:501][  0]LogConfig: Setting CVar [[grass.DensityScale:1.0]]
[2020.10.19-09.40.14:501][  0]LogConfig: Applying CVar settings from Section [ShadingQuality@3] File [C:/Users/Student 2020/Documents/VRLivePerformance/UnrealVRLivePerformance/UnrealVR/Saved/Config/Windows/Scalability.ini]
[2020.10.19-09.40.14:501][  0]LogConfig: Setting CVar [[r.HairStrands.SkyLighting.SampleCount:16]]
[2020.10.19-09.40.14:501][  0]LogConfig: Setting CVar [[r.HairStrands.SkyLighting.JitterIntegration:0]]
[2020.10.19-09.40.14:501][  0]LogConfig: Setting CVar [[r.HairStrands.SkyAO.SampleCount:16]]
[2020.10.19-09.40.14:501][  0]LogConfig: Setting CVar [[r.HairStrands.DeepShadow.SuperSampling:0]]
[2020.10.19-09.40.14:501][  0]LogConfig: Setting CVar [[r.HairStrands.VisibilityPPLL:0]]
[2020.10.19-09.40.14:501][  0]LogConfig: Setting CVar [[r.HairStrands.RasterizationScale:0.5]]
[2020.10.19-09.40.14:501][  0]LogConfig: Setting CVar [[r.HairStrands.VelocityRasterizationScale:1]]
[2020.10.19-09.40.14:501][  0]LogConfig: Applying CVar settings from Section [Startup] File [../../../Engine/Config/ConsoleVariables.ini]
[2020.10.19-09.40.14:501][  0]LogConfig: Setting CVar [[net.UseAdaptiveNetUpdateFrequency:0]]
[2020.10.19-09.40.14:501][  0]LogConfig: Setting CVar [[p.chaos.AllowCreatePhysxBodies:1]]
[2020.10.19-09.40.14:502][  0]LogConfig: Setting CVar [[fx.SkipVectorVMBackendOptimizations:1]]
[2020.10.19-09.40.14:502][  0]LogConfig: Applying CVar settings from Section [ConsoleVariables] File [C:/Users/Student 2020/Documents/VRLivePerformance/UnrealVRLivePerformance/UnrealVR/Saved/Config/Windows/Engine.ini]
[2020.10.19-09.40.14:502][  0]LogInit: Computer: DESKTOP-S32ASB4
[2020.10.19-09.40.14:502][  0]LogInit: User: Student2020
[2020.10.19-09.40.14:502][  0]LogInit: CPU Page size=4096, Cores=8
[2020.10.19-09.40.14:502][  0]LogInit: High frequency timer resolution =10.000000 MHz
[2020.10.19-09.40.14:502][  0]LogMemory: Memory total: Physical=63.7GB (64GB approx)
[2020.10.19-09.40.14:502][  0]LogMemory: Platform Memory Stats for Windows
[2020.10.19-09.40.14:502][  0]LogMemory: Process Physical Memory: 124.06 MB used, 124.06 MB peak
[2020.10.19-09.40.14:502][  0]LogMemory: Process Virtual Memory: 109.67 MB used, 109.67 MB peak
[2020.10.19-09.40.14:502][  0]LogMemory: Physical Memory: 9870.70 MB used,  55383.11 MB free, 65253.81 MB total
[2020.10.19-09.40.14:502][  0]LogMemory: Virtual Memory: 5238.89 MB used,  134212488.00 MB free, 134217728.00 MB total
[2020.10.19-09.40.14:506][  0]LogWindows: WindowsPlatformFeatures enabled
[2020.10.19-09.40.14:529][  0]LogInit: Physics initialised using underlying interface: PhysX
[2020.10.19-09.40.14:530][  0]LogInit: Using OS detected language (en-US).
[2020.10.19-09.40.14:530][  0]LogInit: Using OS detected locale (en-US).
[2020.10.19-09.40.14:532][  0]LogTextLocalizationManager: No specific localization for 'en-US' exists, so the 'en' localization will be used.
[2020.10.19-09.40.14:705][  0]LogInit: Setting process to per monitor DPI aware
[2020.10.19-09.40.14:732][  0]LogSlate: New Slate User Created.  User Index 0, Is Virtual User: 0
[2020.10.19-09.40.14:732][  0]LogSlate: Slate User Registered.  User Index 0, Is Virtual User: 0
[2020.10.19-09.40.14:829][  0]LogD3D11RHI: D3D11 min allowed feature level: 11_0
[2020.10.19-09.40.14:829][  0]LogD3D11RHI: D3D11 max allowed feature level: 11_0
[2020.10.19-09.40.14:829][  0]LogD3D11RHI: D3D11 adapters:
[2020.10.19-09.40.14:908][  0]LogD3D11RHI:    0. 'NVIDIA GeForce RTX 2080 Ti' (Feature Level 11_0)
[2020.10.19-09.40.14:908][  0]LogD3D11RHI:       11049/0/32626 MB DedicatedVideo/DedicatedSystem/SharedSystem, Outputs:2, VendorId:0x10de
[2020.10.19-09.40.14:911][  0]LogD3D11RHI:    1. 'Microsoft Basic Render Driver' (Feature Level 11_0)
[2020.10.19-09.40.14:911][  0]LogD3D11RHI:       0/0/32626 MB DedicatedVideo/DedicatedSystem/SharedSystem, Outputs:0, VendorId:0x1414
[2020.10.19-09.40.14:911][  0]LogD3D11RHI: Chosen D3D11 Adapter: 0
[2020.10.19-09.40.14:920][  0]LogD3D11RHI: Creating new Direct3DDevice
[2020.10.19-09.40.14:920][  0]LogD3D11RHI:     GPU DeviceId: 0x1e04 (for the marketing name, search the web for "GPU Device Id")
[2020.10.19-09.40.14:920][  0]LogWindows: EnumDisplayDevices:
[2020.10.19-09.40.14:920][  0]LogWindows:    0. 'NVIDIA GeForce RTX 2080 Ti' (P:1 D:1)
[2020.10.19-09.40.14:920][  0]LogWindows:    1. 'NVIDIA GeForce RTX 2080 Ti' (P:0 D:1)
[2020.10.19-09.40.14:921][  0]LogWindows:    2. 'NVIDIA GeForce RTX 2080 Ti' (P:0 D:0)
[2020.10.19-09.40.14:921][  0]LogWindows:    3. 'NVIDIA GeForce RTX 2080 Ti' (P:0 D:0)
[2020.10.19-09.40.14:921][  0]LogWindows: DebugString: FoundDriverCount:4 
[2020.10.19-09.40.14:921][  0]LogD3D11RHI:     Adapter Name: NVIDIA GeForce RTX 2080 Ti
[2020.10.19-09.40.14:921][  0]LogD3D11RHI:   Driver Version: 452.06 (internal:27.21.14.5206, unified:452.06)
[2020.10.19-09.40.14:921][  0]LogD3D11RHI:      Driver Date: 8-12-2020
[2020.10.19-09.40.14:921][  0]LogRHI: Texture pool is 7734 MB (70% of 11049 MB)
[2020.10.19-09.40.14:978][  0]LogD3D11RHI: RHI has support for 64 bit atomics
[2020.10.19-09.40.14:979][  0]LogD3D11RHI: [Aftermath] Enabled and primed
[2020.10.19-09.40.14:979][  0]LogD3D11RHI: Async texture creation enabled
[2020.10.19-09.40.14:979][  0]LogD3D11RHI: Array index from any shader is supported
[2020.10.19-09.40.15:001][  0]LogD3D11RHI: GPU Timing Frequency: 1000.000000 (Debug: 2 2)
[2020.10.19-09.40.15:249][  0]LogTargetPlatformManager: Display: Loaded TargetPlatform 'AllDesktop'
[2020.10.19-09.40.15:270][  0]LogTargetPlatformManager: Display: Loaded TargetPlatform 'Android'
[2020.10.19-09.40.15:270][  0]LogTargetPlatformManager: Display: Loaded TargetPlatform 'Android_ASTC'
[2020.10.19-09.40.15:270][  0]LogTargetPlatformManager: Display: Loaded TargetPlatform 'Android_DXT'
[2020.10.19-09.40.15:270][  0]LogTargetPlatformManager: Display: Loaded TargetPlatform 'Android_ETC2'
[2020.10.19-09.40.15:270][  0]LogTargetPlatformManager: Display: Loaded TargetPlatform 'AndroidClient'
[2020.10.19-09.40.15:270][  0]LogTargetPlatformManager: Display: Loaded TargetPlatform 'Android_ASTCClient'
[2020.10.19-09.40.15:270][  0]LogTargetPlatformManager: Display: Loaded TargetPlatform 'Android_DXTClient'
[2020.10.19-09.40.15:270][  0]LogTargetPlatformManager: Display: Loaded TargetPlatform 'Android_ETC2Client'
[2020.10.19-09.40.15:270][  0]LogTargetPlatformManager: Display: Loaded TargetPlatform 'Android_Multi'
[2020.10.19-09.40.15:270][  0]LogTargetPlatformManager: Display: Loaded TargetPlatform 'Android_MultiClient'
[2020.10.19-09.40.15:291][  0]LogTargetPlatformManager: Display: Loaded TargetPlatform 'IOSClient'
[2020.10.19-09.40.15:291][  0]LogTargetPlatformManager: Display: Loaded TargetPlatform 'IOS'
[2020.10.19-09.40.15:300][  0]LogTargetPlatformManager: Display: Loaded TargetPlatform 'Linux'
[2020.10.19-09.40.15:308][  0]LogTargetPlatformManager: Display: Loaded TargetPlatform 'LinuxNoEditor'
[2020.10.19-09.40.15:315][  0]LogTargetPlatformManager: Display: Loaded TargetPlatform 'LinuxClient'
[2020.10.19-09.40.15:323][  0]LogTargetPlatformManager: Display: Loaded TargetPlatform 'LinuxServer'
[2020.10.19-09.40.15:331][  0]LogTargetPlatformManager: Display: Loaded TargetPlatform 'LinuxAArch64NoEditor'
[2020.10.19-09.40.15:339][  0]LogTargetPlatformManager: Display: Loaded TargetPlatform 'LinuxAArch64Client'
[2020.10.19-09.40.15:346][  0]LogTargetPlatformManager: Display: Loaded TargetPlatform 'LinuxAArch64Server'
[2020.10.19-09.40.15:369][  0]LogTargetPlatformManager: Display: Loaded TargetPlatform 'Lumin'
[2020.10.19-09.40.15:369][  0]LogTargetPlatformManager: Display: Loaded TargetPlatform 'LuminClient'
[2020.10.19-09.40.15:382][  0]LogTargetPlatformManager: Display: Loaded TargetPlatform 'TVOSClient'
[2020.10.19-09.40.15:382][  0]LogTargetPlatformManager: Display: Loaded TargetPlatform 'TVOS'
[2020.10.19-09.40.15:389][  0]LogTargetPlatformManager: Display: Loaded TargetPlatform 'WindowsNoEditor'
[2020.10.19-09.40.15:398][  0]LogTargetPlatformManager: Display: Loaded TargetPlatform 'Windows'
[2020.10.19-09.40.15:405][  0]LogTargetPlatformManager: Display: Loaded TargetPlatform 'WindowsClient'
[2020.10.19-09.40.15:413][  0]LogTargetPlatformManager: Display: Loaded TargetPlatform 'WindowsServer'
[2020.10.19-09.40.15:413][  0]LogTargetPlatformManager: Display: Building Assets For Windows
[2020.10.19-09.40.15:418][  0]LogAudioDebug: Display: Lib vorbis DLL was dynamically loaded.
[2020.10.19-09.40.15:482][  0]LogShaderCompilers: Guid format shader working directory is -45 characters bigger than the processId version (../../../../../../Users/Student 2020/Documents/VRLivePerformance/UnrealVRLivePerformance/UnrealVR/Intermediate/Shaders/WorkingDirectory/17204/).
[2020.10.19-09.40.15:482][  0]LogShaderCompilers: Cleaned the shader compiler working directory 'C:/Users/Student 2020/AppData/Local/Temp/UnrealShaderWorkingDir/F76DAADB42B07AF3F260C69BC8078638/'.
[2020.10.19-09.40.15:482][  0]LogXGEController: Cannot use XGE Controller as Incredibuild is not installed on this machine.
[2020.10.19-09.40.15:482][  0]LogShaderCompilers: Cannot use XGE Shader Compiler as Incredibuild is not installed on this machine.
[2020.10.19-09.40.15:482][  0]LogShaderCompilers: Display: Using Local Shader Compiler.
[2020.10.19-09.40.16:145][  0]LogDerivedDataCache: Display: Max Cache Size: 512 MB
[2020.10.19-09.40.16:208][  0]LogDerivedDataCache: Loaded boot cache 0.06s 94MB C:/Users/Student 2020/AppData/Local/UnrealEngine/4.25/DerivedDataCache/Boot.ddc.
[2020.10.19-09.40.16:208][  0]LogDerivedDataCache: Display: Loaded Boot cache: C:/Users/Student 2020/AppData/Local/UnrealEngine/4.25/DerivedDataCache/Boot.ddc
[2020.10.19-09.40.16:208][  0]LogDerivedDataCache: FDerivedDataBackendGraph:  Pak pak cache file ../../../../../../Users/Student 2020/Documents/VRLivePerformance/UnrealVRLivePerformance/UnrealVR/DerivedDataCache/DDC.ddp not found, will not use a pak cache.
[2020.10.19-09.40.16:208][  0]LogDerivedDataCache: Unable to find inner node Pak for hierarchical cache Hierarchy.
[2020.10.19-09.40.16:208][  0]LogDerivedDataCache: FDerivedDataBackendGraph:  CompressedPak pak cache file ../../../../../../Users/Student 2020/Documents/VRLivePerformance/UnrealVRLivePerformance/UnrealVR/DerivedDataCache/Compressed.ddp not found, will not use a pak cache.
[2020.10.19-09.40.16:208][  0]LogDerivedDataCache: Unable to find inner node CompressedPak for hierarchical cache Hierarchy.
[2020.10.19-09.40.16:218][  0]LogDerivedDataCache: Display: Pak cache opened for reading ../../../Engine/DerivedDataCache/Compressed.ddp.
[2020.10.19-09.40.16:218][  0]LogDerivedDataCache: FDerivedDataBackendGraph:  EnterprisePak pak cache file ../../../Enterprise/DerivedDataCache/Compressed.ddp not found, will not use a pak cache.
[2020.10.19-09.40.16:218][  0]LogDerivedDataCache: Unable to find inner node EnterprisePak for hierarchical cache Hierarchy.
[2020.10.19-09.40.16:219][  0]LogDerivedDataCache: Using Local data cache path C:/Users/Student 2020/AppData/Local/UnrealEngine/Common/DerivedDataCache: Writable
[2020.10.19-09.40.16:219][  0]LogDerivedDataCache: Shared data cache path not found in *engine.ini, will not use an Shared cache.
[2020.10.19-09.40.16:219][  0]LogDerivedDataCache: Unable to find inner node Shared for hierarchical cache Hierarchy.
[2020.10.19-09.40.16:265][  0]LogSlate: Using FreeType 2.10.0
[2020.10.19-09.40.16:265][  0]LogSlate: SlateFontServices - WITH_FREETYPE: 1, WITH_HARFBUZZ: 1
[2020.10.19-09.40.16:289][  0]LogAssetRegistry: FAssetRegistry took 0.0029 seconds to start up
[2020.10.19-09.40.16:501][  0]LogInit: Selected Device Profile: [Windows]
[2020.10.19-09.40.16:599][  0]LogMeshReduction: Using QuadricMeshReduction for automatic static mesh reduction
[2020.10.19-09.40.16:599][  0]LogMeshReduction: Using SimplygonMeshReduction for automatic skeletal mesh reduction
[2020.10.19-09.40.16:599][  0]LogMeshReduction: Using ProxyLODMeshReduction for automatic mesh merging
[2020.10.19-09.40.16:599][  0]LogMeshReduction: No distributed automatic mesh merging module available
[2020.10.19-09.40.16:599][  0]LogMeshMerging: No distributed automatic mesh merging module available
[2020.10.19-09.40.16:615][  0]LogNetVersion: UnrealVR 1.0.0, NetCL: 13144385, EngineNetVer: 14, GameNetVer: 0 (Checksum: 2192167523)
[2020.10.19-09.40.16:994][  0]LogAISub: UAISubsystem::UAISubsystem AISubsystem (000002478EA4C340), frame # 0
[2020.10.19-09.40.16:994][  0]LogAISub: UAISubsystem::UAISubsystem AIPerceptionSystem (000002478E9A0CC0), frame # 0
[2020.10.19-09.40.16:995][  0]LogAISub: UAISubsystem::UAISubsystem EnvQueryManager (000002478EA10A00), frame # 0
[2020.10.19-09.40.17:045][  0]LogPackageLocalizationCache: Processed 20 localized package path(s) for 1 prioritized culture(s) in 0.043909 seconds
[2020.10.19-09.40.17:050][  0]LogUObjectArray: 15917 objects as part of root set at end of initial load.
[2020.10.19-09.40.17:050][  0]LogUObjectAllocator: 3965568 out of 0 bytes used by permanent object pool.
[2020.10.19-09.40.17:050][  0]LogUObjectArray: CloseDisregardForGC: 0/0 objects in disregard for GC pool
[2020.10.19-09.40.17:338][  0]LogTcpMessaging: Initializing TcpMessaging bridge
[2020.10.19-09.40.17:342][  0]LogUdpMessaging: Initializing bridge on interface 0.0.0.0:0 to multicast group 230.0.0.1:6666.
[2020.10.19-09.40.17:413][  0]SourceControl: Source control is disabled
[2020.10.19-09.40.17:413][  0]SourceControl: Source control is disabled
[2020.10.19-09.40.17:415][  0]SourceControl: Source control is disabled
[2020.10.19-09.40.17:418][  0]SourceControl: Source control is disabled
[2020.10.19-09.40.17:423][  0]SourceControl: Source control is disabled
[2020.10.19-09.40.17:732][  0]LogAndroidPermission: UAndroidPermissionCallbackProxy::GetInstance
[2020.10.19-09.40.17:748][  0]LogAudioCaptureCore: Display: No Audio Capture implementations found. Audio input will be silent.
[2020.10.19-09.40.17:749][  0]LogAudioCaptureCore: Display: No Audio Capture implementations found. Audio input will be silent.
[2020.10.19-09.40.17:789][  0]LogOcInput: OculusInput pre-init called
[2020.10.19-09.40.18:016][  0]LogEngine: Initializing Engine...
[2020.10.19-09.40.18:017][  0]LogHMD: Oculus plugin initialized. Version: 4.25.3-13942748+++UE4+Release-4.25, OVRPlugin: 1.44.0
[2020.10.19-09.40.18:017][  0]LogStats: UGameplayTagsManager::InitializeManager -  0.000 s
[2020.10.19-09.40.18:120][  0]LogInit: Initializing FReadOnlyCVARCache
[2020.10.19-09.40.18:126][  0]LogAIModule: Creating AISystem for world Untitled
[2020.10.19-09.40.18:126][  0]LogAISub: UAISubsystem::UAISubsystem EnvQueryManager (000002479E4DFC00), frame # 0
[2020.10.19-09.40.18:126][  0]LogAISub: UAISubsystem::UAISubsystem AIPerceptionSystem (000002479E54A0C0), frame # 0
[2020.10.19-09.40.18:145][  0]LogAudioMixer: Display: Audio Mixer Platform Settings:
[2020.10.19-09.40.18:145][  0]LogAudioMixer: Display: 	Sample Rate:						  48000
[2020.10.19-09.40.18:145][  0]LogAudioMixer: Display: 	Callback Buffer Frame Size Requested: 1024
[2020.10.19-09.40.18:145][  0]LogAudioMixer: Display: 	Callback Buffer Frame Size To Use:	  1024
[2020.10.19-09.40.18:145][  0]LogAudioMixer: Display: 	Number of buffers to queue:			  2
[2020.10.19-09.40.18:145][  0]LogAudioMixer: Display: 	Max Channels (voices):				  32
[2020.10.19-09.40.18:145][  0]LogAudioMixer: Display: 	Number of Async Source Workers:		  0
[2020.10.19-09.40.18:145][  0]LogAudio: Display: AudioDevice MaxSources: 32
[2020.10.19-09.40.18:146][  0]LogAudio: Display: Using built-in audio occlusion.
[2020.10.19-09.40.18:146][  0]LogAudioMixer: Display: Initializing audio mixer.
[2020.10.19-09.40.18:162][  0]LogAudioMixer: Display: 0: FrontLeft
[2020.10.19-09.40.18:162][  0]LogAudioMixer: Display: 1: FrontRight
[2020.10.19-09.40.18:200][  0]LogAudioMixer: Display: Using Audio Device Headphones (2- Arctis 7 Game)
[2020.10.19-09.40.18:201][  0]LogAudioMixer: Display: Initializing Sound Submixes...
[2020.10.19-09.40.18:203][  0]LogAudioMixer: Display: Creating Master Submix 'MasterSubmixDefault'
[2020.10.19-09.40.18:203][  0]LogAudioMixer: Display: Creating Master Submix 'MasterReverbSubmixDefault'
[2020.10.19-09.40.18:204][  0]LogAudioMixer: Display: Creating Master Submix 'MasterEQSubmixDefault'
[2020.10.19-09.40.18:204][  0]LogInit: FAudioDevice initialized.
[2020.10.19-09.40.18:205][  0]LogNetVersion: Set ProjectVersion to 1.0.0.0. Version Checksum will be recalculated on next use.
[2020.10.19-09.40.18:254][  0]LogDerivedDataCache: Saved boot cache 0.05s 94MB C:/Users/Student 2020/AppData/Local/UnrealEngine/4.25/DerivedDataCache/Boot.ddc.
[2020.10.19-09.40.18:258][  0]LogInit: Texture streaming: Enabled
[2020.10.19-09.40.18:272][  0]LogEngineSessionManager: EngineSessionManager initialized
[2020.10.19-09.40.18:272][  0]LogEditorSessionSummary: Verbose: Initializing EditorSessionSummaryWriter for editor session tracking
[2020.10.19-09.40.18:273][  0]LogEditorSessionSummary: EditorSessionSummaryWriter initialized
[2020.10.19-09.40.18:337][  0]LogInit: Transaction tracking system initialized
[2020.10.19-09.40.18:353][  0]BlueprintLog: New page: Editor Load
[2020.10.19-09.40.18:409][  0]LocalizationService: Localization service is disabled
[2020.10.19-09.40.18:532][  0]LogCook: Display: Max memory allowance for cook 16384mb min free memory 0mb
[2020.10.19-09.40.18:533][  0]LogCook: Display: Mobile HDR setting 1
[2020.10.19-09.40.18:646][  0]LogFileCache: Scanning file cache for directory 'C:/Users/Student 2020/Documents/VRLivePerformance/UnrealVRLivePerformance/UnrealVR/Content/' took 0.00s
[2020.10.19-09.40.18:819][  0]SourceControl: Source control is disabled
[2020.10.19-09.40.18:819][  0]LogUnrealEdMisc: Loading editor; pre map load, took 5.566
[2020.10.19-09.40.18:820][  0]Cmd: MAP LOAD FILE="../../../../../../Users/Student 2020/Documents/VRLivePerformance/UnrealVRLivePerformance/UnrealVR/Content/Maps/Lobby/Lobby.umap" TEMPLATE=0 SHOWPROGRESS=1 FEATURELEVEL=3
[2020.10.19-09.40.18:820][  0]LightingResults: New page: Lighting Build
[2020.10.19-09.40.18:820][  0]LogWorld: UWorld::CleanupWorld for Untitled, bSessionEnded=true, bCleanupResources=true
[2020.10.19-09.40.18:820][  0]LogSlate: InvalidateAllWidgets triggered.  All widgets were invalidated
[2020.10.19-09.40.18:821][  0]MapCheck: New page: Map Check
[2020.10.19-09.40.18:821][  0]LightingResults: New page: Lighting Build
[2020.10.19-09.40.18:841][  0]LogAISub: UAISubsystem::~UAISubsystem EnvQueryManager (000002479E4DFC00), frame # 0
[2020.10.19-09.40.18:841][  0]LogAISub: UAISubsystem::~UAISubsystem AIPerceptionSystem (000002479E54A0C0), frame # 0
[2020.10.19-09.40.18:842][  0]LogUObjectHash: Compacting FUObjectHashTables data took   0.69ms
[2020.10.19-09.40.19:008][  0]LogBlueprint: Warning: [Compiler PersistentLevel.Lobby] Node  Unknown  is not referencing a valid level actor
[2020.10.19-09.40.19:047][  0]LogAIModule: Creating AISystem for world Lobby
[2020.10.19-09.40.19:047][  0]LogAISub: UAISubsystem::UAISubsystem EnvQueryManager (0000024784F0D400), frame # 0
[2020.10.19-09.40.19:047][  0]LogAISub: UAISubsystem::UAISubsystem AIPerceptionSystem (0000024784B40B80), frame # 0
[2020.10.19-09.40.19:053][  0]LogEditorServer: Finished looking for orphan Actors (0.000 secs)
[2020.10.19-09.40.19:070][  0]LogUObjectHash: Compacting FUObjectHashTables data took   0.92ms
[2020.10.19-09.40.19:071][  0]Cmd: MAP CHECKDEP NOCLEARLOG
[2020.10.19-09.40.19:071][  0]MapCheck: Map check complete: 0 Error(s), 0 Warning(s), took 0.163ms to complete.
[2020.10.19-09.40.19:071][  0]LogFileHelpers: Loading map 'Lobby' took 0.252
[2020.10.19-09.40.19:073][  0]LogUnrealEdMisc: Total Editor Startup Time, took 5.821
[2020.10.19-09.40.19:223][  0]LogSlate: Updating window title bar state: overlay mode, drag disabled, window buttons hidden, title bar hidden
[2020.10.19-09.40.19:229][  0]LogSlate: Updating window title bar state: overlay mode, drag disabled, window buttons hidden, title bar hidden
[2020.10.19-09.40.19:235][  0]LogSlate: Updating window title bar state: overlay mode, drag disabled, window buttons hidden, title bar hidden
[2020.10.19-09.40.19:241][  0]LogSlate: Updating window title bar state: overlay mode, drag disabled, window buttons hidden, title bar hidden
[2020.10.19-09.40.19:247][  0]LogCollectionManager: Loaded 0 collections in 0.001716 seconds
[2020.10.19-09.40.19:262][  0]LogFileCache: Scanning file cache for directory 'C:/Users/Student 2020/Documents/VRLivePerformance/UnrealVRLivePerformance/UnrealVR/Saved/Collections/' took 0.00s
[2020.10.19-09.40.19:263][  0]LogFileCache: Scanning file cache for directory 'C:/Users/Student 2020/Documents/VRLivePerformance/UnrealVRLivePerformance/UnrealVR/Content/Developers/Student2020/Collections/' took 0.00s
[2020.10.19-09.40.19:263][  0]LogFileCache: Scanning file cache for directory 'C:/Users/Student 2020/Documents/VRLivePerformance/UnrealVRLivePerformance/UnrealVR/Content/Collections/' took 0.00s
[2020.10.19-09.40.19:263][  0]LogContentBrowser: Native class hierarchy populated in 0.0097 seconds. Added 3435 classes and 827 folders.
[2020.10.19-09.40.19:265][  0]LogContentBrowser: Native class hierarchy updated for 'WidgetCarousel' in 0.0004 seconds. Added 0 classes and 0 folders.
[2020.10.19-09.40.19:302][  0]LogContentBrowser: Native class hierarchy updated for 'AddContentDialog' in 0.0004 seconds. Added 0 classes and 0 folders.
[2020.10.19-09.40.19:304][  0]LogContentBrowser: Native class hierarchy updated for 'SceneOutliner' in 0.0004 seconds. Added 2 classes and 0 folders.
[2020.10.19-09.40.19:348][  0]LogSlate: Took 0.000118 seconds to synchronously load lazily loaded font '../../../Engine/Content/Slate/Fonts/Roboto-Regular.ttf' (155K)
[2020.10.19-09.40.19:349][  0]LogSlate: Took 0.000123 seconds to synchronously load lazily loaded font '../../../Engine/Content/Slate/Fonts/Roboto-Bold.ttf' (160K)
[2020.10.19-09.40.19:352][  0]LogSlate: Took 0.000111 seconds to synchronously load lazily loaded font '../../../Engine/Content/Editor/Slate/Fonts/FontAwesome.ttf' (139K)
[2020.10.19-09.40.19:413][  0]LogRenderer: Reallocating scene render targets to support 1616x808 Format 10 NumSamples 1 (Frame:1).
[2020.10.19-09.40.19:539][  0]LogContentBrowser: Native class hierarchy updated for 'HierarchicalLODOutliner' in 0.0004 seconds. Added 0 classes and 0 folders.
[2020.10.19-09.40.19:539][  0]LogLoad: (Engine Initialization) Total time: 6.29 seconds
[2020.10.19-09.40.19:539][  0]LogLoad: (Engine Initialization) Total Blueprint compile time: 0.00 seconds
[2020.10.19-09.40.19:550][  0]LogOcInput: OculusInput is initialized
[2020.10.19-09.40.19:580][  0]LogAssetRegistry: Asset discovery search completed in 3.2929 seconds
[2020.10.19-09.40.19:584][  0]LogCollectionManager: Fixed up redirectors for 0 collections in 0.000003 seconds (updated 0 objects)
[2020.10.19-09.40.19:586][  0]LogContentStreaming: Texture pool size now 1000 MB
[2020.10.19-09.40.20:570][106]LogSlate: Took 0.000133 seconds to synchronously load lazily loaded font '../../../Engine/Content/Slate/Fonts/Roboto-Light.ttf' (167K)
[2020.10.19-09.40.24:638][548]LogFileCache: Retrieving MD5 hashes for directory 'C:/Users/Student 2020/Documents/VRLivePerformance/UnrealVRLivePerformance/UnrealVR/Content/' took 5.09s
[2020.10.19-09.40.31:910][395]LogAssetEditorSubsystem: Opening Asset editor for World /Game/Maps/MainMap.MainMap
[2020.10.19-09.40.31:931][395]LogUObjectHash: Compacting FUObjectHashTables data took   0.77ms
[2020.10.19-09.40.31:932][395]Cmd: MAP LOAD FILE="../../../../../../Users/Student 2020/Documents/VRLivePerformance/UnrealVRLivePerformance/UnrealVR/Content/Maps/MainMap.umap" TEMPLATE=0 SHOWPROGRESS=1 FEATURELEVEL=3
[2020.10.19-09.40.31:932][395]LightingResults: New page: Lighting Build
[2020.10.19-09.40.31:933][395]LoadErrors: New page: Loading map: MainMap.umap
[2020.10.19-09.40.31:965][395]LogWorld: UWorld::CleanupWorld for Lobby, bSessionEnded=true, bCleanupResources=true
[2020.10.19-09.40.31:965][395]LogSlate: InvalidateAllWidgets triggered.  All widgets were invalidated
[2020.10.19-09.40.31:965][395]MapCheck: New page: Map Check
[2020.10.19-09.40.31:965][395]LightingResults: New page: Lighting Build
[2020.10.19-09.40.31:978][395]LogAISub: UAISubsystem::~UAISubsystem EnvQueryManager (0000024784F0D400), frame # 1395
[2020.10.19-09.40.31:978][395]LogAISub: UAISubsystem::~UAISubsystem AIPerceptionSystem (0000024784B40B80), frame # 1395
[2020.10.19-09.40.31:979][395]LogUObjectHash: Compacting FUObjectHashTables data took   0.81ms
[2020.10.19-09.40.31:981][395]LogStreaming: Display: ULevelStreaming::RequestLevel(/Game/Maps/EnvironmentMaps/SkyscraperMap/StageLevel) is flushing async loading
[2020.10.19-09.40.31:981][395]LogStreaming: Display: Flushing async loaders.
[2020.10.19-09.40.32:082][395]LogEditorServer: Finished looking for orphan Actors (0.000 secs)
[2020.10.19-09.40.32:082][395]LogAIModule: Creating AISystem for world MainMap
[2020.10.19-09.40.32:082][395]LogAISub: UAISubsystem::UAISubsystem EnvQueryManager (0000024785030600), frame # 1395
[2020.10.19-09.40.32:082][395]LogAISub: UAISubsystem::UAISubsystem AIPerceptionSystem (000002478D23D580), frame # 1395
[2020.10.19-09.40.32:097][395]LogUObjectHash: Compacting FUObjectHashTables data took   0.78ms
[2020.10.19-09.40.32:134][395]Cmd: MAP CHECKDEP NOCLEARLOG
[2020.10.19-09.40.32:135][395]MapCheck: Map check complete: 0 Error(s), 0 Warning(s), took 1.451ms to complete.
[2020.10.19-09.40.32:136][395]LogFileHelpers: Loading map 'MainMap' took 0.203
[2020.10.19-09.41.16:089][ 47]LogSlate: Window 'Project Settings' being destroyed
[2020.10.19-09.41.16:093][ 47]LogSlate: Window 'Project Settings' being destroyed
[2020.10.19-09.41.17:623][215]LogUObjectHash: Compacting FUObjectHashTables data took   0.43ms
[2020.10.19-09.41.17:658][215]LogSavePackage: Moving '../../../../../../Users/Student 2020/Documents/VRLivePerformance/UnrealVRLivePerformance/UnrealVR/Saved/MainMapAC1D09384897F163BAB7989D74B198CD.tmp' to '../../../../../../Users/Student 2020/Documents/VRLivePerformance/UnrealVRLivePerformance/UnrealVR/Content/Maps/MainMap.umap'
[2020.10.19-09.41.17:708][215]AssetCheck: New page: Asset Save: MainMap
[2020.10.19-09.41.17:708][215]LogContentValidation: Display: Validating World /Game/Maps/MainMap.MainMap
[2020.10.19-09.41.21:308][630]LogAssetEditorSubsystem: Opening Asset editor for WidgetBlueprint /Game/Maps/MainMapUI.MainMapUI
[2020.10.19-09.41.21:495][630]LogContentBrowser: Native class hierarchy updated for 'BlueprintGraph' in 0.0008 seconds. Added 125 classes and 0 folders.
[2020.10.19-09.41.22:562][630]LogSlate: Took 0.000181 seconds to synchronously load lazily loaded font '../../../Engine/Content/Slate/Fonts/Roboto-BoldCondensed.ttf' (158K)
[2020.10.19-09.41.26:035][993]LogSlate: Took 0.000137 seconds to synchronously load lazily loaded font '../../../Engine/Content/Slate/Fonts/Roboto-Italic.ttf' (157K)
[2020.10.19-09.41.42:613][932]BlueprintLog: New page: Compile MainMapUI
[2020.10.19-09.41.42:676][932]LogUObjectHash: Compacting FUObjectHashTables data took   3.58ms
[2020.10.19-09.41.43:360][  4]Cmd: OBJ SAVEPACKAGE PACKAGE="/Game/Maps/MainMapUI" FILE="../../../../../../Users/Student 2020/Documents/VRLivePerformance/UnrealVRLivePerformance/UnrealVR/Content/Maps/MainMapUI.uasset" SILENT=true
[2020.10.19-09.41.43:391][  4]LogSavePackage: Moving '../../../../../../Users/Student 2020/Documents/VRLivePerformance/UnrealVRLivePerformance/UnrealVR/Saved/MainMapUIC11F3BC944D02237D607979CCE2C5D7A.tmp' to '../../../../../../Users/Student 2020/Documents/VRLivePerformance/UnrealVRLivePerformance/UnrealVR/Content/Maps/MainMapUI.uasset'
[2020.10.19-09.41.43:408][  4]AssetCheck: New page: Asset Save: MainMapUI
[2020.10.19-09.41.43:408][  4]LogContentValidation: Display: Validating WidgetBlueprint /Game/Maps/MainMapUI.MainMapUI
[2020.10.19-09.41.44:892][152]LogTemp: Repeating last play command: Simulate
[2020.10.19-09.41.44:916][152]LogPlayLevel: PlayLevel: No blueprints needed recompiling
[2020.10.19-09.41.44:917][152]PIE: New page: SIE session: MainMap (Oct 19, 2020, 1:41:44 PM)
[2020.10.19-09.41.44:918][152]LogOnline: OSS: Creating online subsystem instance for: NULL
[2020.10.19-09.41.44:919][152]LogOnline: OSS: TryLoadSubsystemAndSetDefault: Loaded subsystem for module [NULL]
[2020.10.19-09.41.44:919][152]LogPlayLevel: Creating play world package: /Game/Maps/UEDPIE_0_MainMap
[2020.10.19-09.41.44:920][152]LogPlayLevel: PIE: StaticDuplicateObject took: (0.001184s)
[2020.10.19-09.41.44:921][152]LogAIModule: Creating AISystem for world MainMap
[2020.10.19-09.41.44:921][152]LogAISub: UAISubsystem::UAISubsystem EnvQueryManager (00000247BD81C600), frame # 9152
[2020.10.19-09.41.44:921][152]LogAISub: UAISubsystem::UAISubsystem AIPerceptionSystem (00000247BB509E40), frame # 9152
[2020.10.19-09.41.44:921][152]LogPlayLevel: PIE: World Init took: (0.000986s)
[2020.10.19-09.41.44:921][152]LogPlayLevel: PIE: Created PIE world by copying editor world from /Game/Maps/MainMap.MainMap to /Game/Maps/UEDPIE_0_MainMap.MainMap (0.002268s)
[2020.10.19-09.41.44:949][152]LogUObjectHash: Compacting FUObjectHashTables data took   2.94ms
[2020.10.19-09.41.44:951][152]LogAudioMixer: Display: Audio Mixer Platform Settings:
[2020.10.19-09.41.44:951][152]LogAudioMixer: Display: 	Sample Rate:						  48000
[2020.10.19-09.41.44:951][152]LogAudioMixer: Display: 	Callback Buffer Frame Size Requested: 1024
[2020.10.19-09.41.44:951][152]LogAudioMixer: Display: 	Callback Buffer Frame Size To Use:	  1024
[2020.10.19-09.41.44:951][152]LogAudioMixer: Display: 	Number of buffers to queue:			  2
[2020.10.19-09.41.44:951][152]LogAudioMixer: Display: 	Max Channels (voices):				  32
[2020.10.19-09.41.44:951][152]LogAudioMixer: Display: 	Number of Async Source Workers:		  0
[2020.10.19-09.41.44:951][152]LogAudio: Display: AudioDevice MaxSources: 32
[2020.10.19-09.41.44:952][152]LogAudio: Display: Using built-in audio occlusion.
[2020.10.19-09.41.44:952][152]LogAudioMixer: Display: Initializing audio mixer.
[2020.10.19-09.41.44:957][152]LogAudioMixer: Display: 0: FrontLeft
[2020.10.19-09.41.44:957][152]LogAudioMixer: Display: 1: FrontRight
[2020.10.19-09.41.44:972][152]LogAudioMixer: Display: Using Audio Device Headphones (2- Arctis 7 Game)
[2020.10.19-09.41.44:972][152]LogAudioMixer: Display: Initializing Sound Submixes...
[2020.10.19-09.41.44:972][152]LogAudioMixer: Display: Creating Master Submix 'MasterSubmixDefault'
[2020.10.19-09.41.44:972][152]LogAudioMixer: Display: Creating Master Submix 'MasterReverbSubmixDefault'
[2020.10.19-09.41.44:972][152]LogAudioMixer: Display: Creating Master Submix 'MasterEQSubmixDefault'
[2020.10.19-09.41.44:991][152]LogInit: FAudioDevice initialized.
[2020.10.19-09.41.44:997][152]LogLoad: Game class is 'GameModeBase'
[2020.10.19-09.41.44:997][152]LogWorld: Bringing World /Game/Maps/UEDPIE_0_MainMap.MainMap up for play (max tick rate 0) at 2020.10.19-11.41.44
[2020.10.19-09.41.44:998][152]LogWorld: Bringing up level for play took: 0.000428
[2020.10.19-09.41.44:998][152]LogOnline: OSS: Creating online subsystem instance for: :Context_4
[2020.10.19-09.41.44:999][152]LogGameMode: FindPlayerStart: PATHS NOT DEFINED or NO PLAYERSTART with positive rating
[2020.10.19-09.41.45:000][152]LogContentBrowser: Native class hierarchy updated for 'MovieSceneCapture' in 0.0005 seconds. Added 20 classes and 0 folders.
[2020.10.19-09.41.45:001][152]PIE: Server logged in
[2020.10.19-09.41.45:003][152]PIE: Play in editor total start time 0.09 seconds.
[2020.10.19-09.41.46:166][216]LogNet: Browse: /Game/Maps/Lobby/Lobby
[2020.10.19-09.41.46:166][216]LogHMD: Initializing OVRPlugin session
[2020.10.19-09.41.46:285][216]LogHMD: Allocating Oculus 3296 x 1776 rendertarget swapchain
[2020.10.19-09.41.46:285][216]LogLoadingSplash: Loading texture for splash rp_manuel_animated_001_dif...
[2020.10.19-09.41.46:285][216]LogLoadingSplash: ...Success. 
[2020.10.19-09.41.46:285][216]LogHMD: FSplash::OnShow
[2020.10.19-09.41.46:286][216]LogLoad: LoadMap: /Game/Maps/Lobby/Lobby
[2020.10.19-09.41.46:286][216]LogWorld: BeginTearingDown for /Game/Maps/UEDPIE_0_MainMap
[2020.10.19-09.41.46:286][216]LogWorld: UWorld::CleanupWorld for MainMap, bSessionEnded=true, bCleanupResources=true
[2020.10.19-09.41.46:286][216]LogSlate: InvalidateAllWidgets triggered.  All widgets were invalidated
[2020.10.19-09.41.46:359][216]LogAISub: UAISubsystem::~UAISubsystem AIPerceptionSystem (00000247BB509E40), frame # 9216
[2020.10.19-09.41.46:359][216]LogAISub: UAISubsystem::~UAISubsystem EnvQueryManager (00000247BD81C600), frame # 9216
[2020.10.19-09.41.46:400][216]LogUObjectHash: Compacting FUObjectHashTables data took   3.65ms
[2020.10.19-09.41.46:407][216]LogBlueprint: Warning: [Compiler PersistentLevel.Lobby] Node  Unknown  is not referencing a valid level actor
[2020.10.19-09.41.46:412][216]LogAIModule: Creating AISystem for world Lobby
[2020.10.19-09.41.46:412][216]LogAISub: UAISubsystem::UAISubsystem EnvQueryManager (000002481F6A3E00), frame # 9216
[2020.10.19-09.41.46:412][216]LogAISub: UAISubsystem::UAISubsystem AIPerceptionSystem (000002481F68DE40), frame # 9216
[2020.10.19-09.41.46:413][216]LogLoad: Game class is 'GameModeBase'
[2020.10.19-09.41.46:415][216]LogWorld: Bringing World /Game/Maps/Lobby/UEDPIE_0_Lobby.Lobby up for play (max tick rate 0) at 2020.10.19-11.41.46
[2020.10.19-09.41.46:415][216]LogWorld: Bringing up level for play took: 0.001993
[2020.10.19-09.41.46:416][216]LogGameMode: FindPlayerStart: PATHS NOT DEFINED or NO PLAYERSTART with positive rating
[2020.10.19-09.41.46:416][216]LogLoadingSplash: Loading texture for splash rp_manuel_animated_001_dif...
[2020.10.19-09.41.46:416][216]LogLoadingSplash: ...Success. 
[2020.10.19-09.41.46:417][216]LogHMD: FSplash::OnShow
[2020.10.19-09.41.46:420][216]LogLoad: Took 0.133900 seconds to LoadMap(/Game/Maps/Lobby/Lobby)
[2020.10.19-09.41.46:441][217]LogHMD: FSplash::OnHide
[2020.10.19-09.41.49:025][379]LogSlate: Updating window title bar state: overlay mode, drag disabled, window buttons hidden, title bar hidden
[2020.10.19-09.41.49:025][379]LogWorld: BeginTearingDown for /Game/Maps/Lobby/UEDPIE_0_Lobby
[2020.10.19-09.41.49:026][379]LogWorld: UWorld::CleanupWorld for Lobby, bSessionEnded=true, bCleanupResources=true
[2020.10.19-09.41.49:026][379]LogSlate: InvalidateAllWidgets triggered.  All widgets were invalidated
[2020.10.19-09.41.49:031][379]LogPlayLevel: Display: Shutting down PIE online subsystems
[2020.10.19-09.41.49:036][379]LogSlate: InvalidateAllWidgets triggered.  All widgets were invalidated
[2020.10.19-09.41.49:088][379]LogSlate: Updating window title bar state: overlay mode, drag disabled, window buttons hidden, title bar hidden
[2020.10.19-09.41.49:090][379]LogAISub: UAISubsystem::~UAISubsystem AIPerceptionSystem (000002481F68DE40), frame # 9379
[2020.10.19-09.41.49:090][379]LogAISub: UAISubsystem::~UAISubsystem EnvQueryManager (000002481F6A3E00), frame # 9379
[2020.10.19-09.41.49:108][379]LogUObjectHash: Compacting FUObjectHashTables data took   2.66ms
[2020.10.19-09.41.49:149][380]LogPlayLevel: Display: Destroying online subsystem :Context_4
[2020.10.19-09.41.51:372][627]LogUObjectHash: Compacting FUObjectHashTables data took   2.02ms
[2020.10.19-09.42.57:454][ 18]LogSlate: Window 'Project Settings' being destroyed
[2020.10.19-09.42.57:460][ 18]LogSlate: Window 'Project Settings' being destroyed
[2020.10.19-09.44.43:410][ 67]BlueprintLog: New page: Compile MainMapUI
[2020.10.19-09.44.43:446][ 67]LogUObjectHash: Compacting FUObjectHashTables data took   2.50ms
[2020.10.19-09.44.44:141][142]Cmd: OBJ SAVEPACKAGE PACKAGE="/Game/Maps/MainMapUI" FILE="../../../../../../Users/Student 2020/Documents/VRLivePerformance/UnrealVRLivePerformance/UnrealVR/Content/Maps/MainMapUI.uasset" SILENT=true
[2020.10.19-09.44.44:167][142]LogSavePackage: Moving '../../../../../../Users/Student 2020/Documents/VRLivePerformance/UnrealVRLivePerformance/UnrealVR/Saved/MainMapUI995B3F84430F2E1447A92794E154C776.tmp' to '../../../../../../Users/Student 2020/Documents/VRLivePerformance/UnrealVRLivePerformance/UnrealVR/Content/Maps/MainMapUI.uasset'
[2020.10.19-09.44.44:182][142]AssetCheck: New page: Asset Save: MainMapUI
[2020.10.19-09.44.44:182][142]LogContentValidation: Display: Validating WidgetBlueprint /Game/Maps/MainMapUI.MainMapUI
[2020.10.19-09.44.46:164][361]LogTemp: Repeating last play command: Standalone Game
[2020.10.19-09.44.46:213][361]LogUObjectHash: Compacting FUObjectHashTables data took   2.89ms
[2020.10.19-09.45.09:787][467]BlueprintLog: New page: Compile MainMapUI
[2020.10.19-09.45.09:821][467]LogUObjectHash: Compacting FUObjectHashTables data took   2.42ms
[2020.10.19-09.45.10:646][558]Cmd: OBJ SAVEPACKAGE PACKAGE="/Game/Maps/MainMapUI" FILE="../../../../../../Users/Student 2020/Documents/VRLivePerformance/UnrealVRLivePerformance/UnrealVR/Content/Maps/MainMapUI.uasset" SILENT=true
[2020.10.19-09.45.10:673][558]LogSavePackage: Moving '../../../../../../Users/Student 2020/Documents/VRLivePerformance/UnrealVRLivePerformance/UnrealVR/Saved/MainMapUIB803EABF4E02F0E9114F838DDFC498A6.tmp' to '../../../../../../Users/Student 2020/Documents/VRLivePerformance/UnrealVRLivePerformance/UnrealVR/Content/Maps/MainMapUI.uasset'
[2020.10.19-09.45.10:689][558]AssetCheck: New page: Asset Save: MainMapUI
[2020.10.19-09.45.10:689][558]LogContentValidation: Display: Validating WidgetBlueprint /Game/Maps/MainMapUI.MainMapUI
[2020.10.19-09.45.12:536][756]LogTemp: Repeating last play command: Standalone Game
[2020.10.19-09.45.12:588][756]LogUObjectHash: Compacting FUObjectHashTables data took   2.87ms
[2020.10.19-09.45.29:473][ 74]LogEditorViewport: Clicking Background
[2020.10.19-09.45.34:237][561]LogContentBrowser: Native class hierarchy updated for 'WorldBrowser' in 0.0005 seconds. Added 2 classes and 3 folders.
[2020.10.19-09.45.38:800][ 39]LogSlate: Took 0.000167 seconds to synchronously load lazily loaded font '../../../Engine/Content/Slate/Fonts/Roboto-Light.ttf' (167K)
[2020.10.19-09.45.42:507][423]LogStreaming: Display: ULevelStreaming::RequestLevel(/Game/Maps/Lobby/Lobby) is flushing async loading
[2020.10.19-09.45.42:507][423]LogStreaming: Display: Flushing async loaders.
[2020.10.19-09.45.42:510][423]LogBlueprint: Warning: [Compiler PersistentLevel.Lobby] Node  Unknown  is not referencing a valid level actor
[2020.10.19-09.45.42:528][423]LogSlate: Window 'Open Level' being destroyed
[2020.10.19-09.45.45:009][671]LogCrowdFollowing: Error: Unable to find RecastNavMesh instance while trying to create UCrowdManager instance
[2020.10.19-09.45.45:014][671]LogNavigation: Warning: ConstructTiledNavMesh: Failed to create navmesh of size 0.
[2020.10.19-09.45.45:016][671]LogNavigation: Warning: ConstructTiledNavMesh: Failed to create navmesh of size 0.
[2020.10.19-09.45.52:408][349]LogSlate: Window 'Message' being destroyed
[2020.10.19-09.45.52:414][349]Message dialog closed, result: Ok, title: Message, text: Save aborted.  Levels must be made visible before they can be saved.
[2020.10.19-09.45.53:557][475]LogNavigation: Warning: NavData RegistrationFailed_AgentAlreadySupported, specified agent type already has its navmesh implemented.
[2020.10.19-09.45.54:892][605]LogUObjectHash: Compacting FUObjectHashTables data took   4.01ms
[2020.10.19-09.45.54:930][605]LogSavePackage: Moving '../../../../../../Users/Student 2020/Documents/VRLivePerformance/UnrealVRLivePerformance/UnrealVR/Saved/Lobby748DDC204AD820371B6AD4A1246F363D.tmp' to '../../../../../../Users/Student 2020/Documents/VRLivePerformance/UnrealVRLivePerformance/UnrealVR/Content/Maps/Lobby/Lobby.umap'
[2020.10.19-09.45.54:966][605]LogSavePackage: Moving '../../../../../../Users/Student 2020/Documents/VRLivePerformance/UnrealVRLivePerformance/UnrealVR/Saved/Lobby_BuiltData2DAD5D2449348031442F488C55903469.tmp' to '../../../../../../Users/Student 2020/Documents/VRLivePerformance/UnrealVRLivePerformance/UnrealVR/Content/Maps/Lobby/Lobby_BuiltData.uasset'
[2020.10.19-09.45.54:987][605]AssetCheck: New page: Asset Save: multiple assets
[2020.10.19-09.45.54:987][605]LogContentValidation: Display: Validating World /Game/Maps/Lobby/Lobby.Lobby
[2020.10.19-09.45.54:988][605]LogContentValidation: Display: Validating MapBuildDataRegistry /Game/Maps/Lobby/Lobby_BuiltData.Lobby_BuiltData
[2020.10.19-09.45.56:127][722]LogNavigation: Warning: ConstructTiledNavMesh: Failed to create navmesh of size 0.
[2020.10.19-09.45.58:442][961]LogUObjectHash: Compacting FUObjectHashTables data took   3.16ms
[2020.10.19-09.45.58:484][961]LogSavePackage: Moving '../../../../../../Users/Student 2020/Documents/VRLivePerformance/UnrealVRLivePerformance/UnrealVR/Saved/StageLevel38E6A5FC4C0F69536D1F27A2E2B6F693.tmp' to '../../../../../../Users/Student 2020/Documents/VRLivePerformance/UnrealVRLivePerformance/UnrealVR/Content/Maps/EnvironmentMaps/SkyscraperMap/StageLevel.umap'
[2020.10.19-09.45.58:518][961]LogSavePackage: Moving '../../../../../../Users/Student 2020/Documents/VRLivePerformance/UnrealVRLivePerformance/UnrealVR/Saved/StageLevel_BuiltDataAAC3C216450B2773DA5DCCBE934ABD3B.tmp' to '../../../../../../Users/Student 2020/Documents/VRLivePerformance/UnrealVRLivePerformance/UnrealVR/Content/Maps/EnvironmentMaps/SkyscraperMap/StageLevel_BuiltData.uasset'
[2020.10.19-09.45.58:539][961]AssetCheck: New page: Asset Save: multiple assets
[2020.10.19-09.45.58:539][961]LogContentValidation: Display: Validating World /Game/Maps/EnvironmentMaps/SkyscraperMap/StageLevel.StageLevel
[2020.10.19-09.45.58:539][961]LogContentValidation: Display: Validating MapBuildDataRegistry /Game/Maps/EnvironmentMaps/SkyscraperMap/StageLevel_BuiltData.StageLevel_BuiltData
[2020.10.19-09.45.59:480][ 62]LogNavigation: Warning: ConstructTiledNavMesh: Failed to create navmesh of size 0.
[2020.10.19-09.46.00:982][233]LogSlate: Window 'Levels' being destroyed
[2020.10.19-09.46.00:988][233]LogSlate: Window 'Levels' being destroyed
[2020.10.19-09.46.02:418][395]LogTemp: Repeating last play command: Standalone Game
[2020.10.19-09.46.02:466][395]LogUObjectHash: Compacting FUObjectHashTables data took   2.61ms
[2020.10.19-09.46.05:418][395]LogSlate: Window 'Save Content' being destroyed
[2020.10.19-09.46.05:485][395]LogUObjectHash: Compacting FUObjectHashTables data took   0.66ms
[2020.10.19-09.46.05:518][395]LogSavePackage: Moving '../../../../../../Users/Student 2020/Documents/VRLivePerformance/UnrealVRLivePerformance/UnrealVR/Saved/StageLevel105A98BB41F5290D8C3E319DA68C404A.tmp' to '../../../../../../Users/Student 2020/Documents/VRLivePerformance/UnrealVRLivePerformance/UnrealVR/Content/Maps/EnvironmentMaps/SkyscraperMap/StageLevel.umap'
[2020.10.19-09.46.05:520][395]LogFileHelpers: Saving map 'StageLevel' took 0.061
[2020.10.19-09.46.05:546][395]LogSavePackage: Moving '../../../../../../Users/Student 2020/Documents/VRLivePerformance/UnrealVRLivePerformance/UnrealVR/Saved/StageLevel_BuiltData28DDFBFA494EF2349634E092D265DD7C.tmp' to '../../../../../../Users/Student 2020/Documents/VRLivePerformance/UnrealVRLivePerformance/UnrealVR/Content/Maps/EnvironmentMaps/SkyscraperMap/StageLevel_BuiltData.uasset'
[2020.10.19-09.46.05:576][395]LogUObjectHash: Compacting FUObjectHashTables data took   1.78ms
[2020.10.19-09.46.05:610][395]LogSavePackage: Moving '../../../../../../Users/Student 2020/Documents/VRLivePerformance/UnrealVRLivePerformance/UnrealVR/Saved/Lobby33F188DE426F6D4A51BC9396C28DDFED.tmp' to '../../../../../../Users/Student 2020/Documents/VRLivePerformance/UnrealVRLivePerformance/UnrealVR/Content/Maps/Lobby/Lobby.umap'
[2020.10.19-09.46.05:611][395]LogFileHelpers: Saving map 'Lobby' took 0.064
[2020.10.19-09.46.05:638][395]LogSavePackage: Moving '../../../../../../Users/Student 2020/Documents/VRLivePerformance/UnrealVRLivePerformance/UnrealVR/Saved/Lobby_BuiltData5419050D4D02995B6E8EB3AA089B3EEA.tmp' to '../../../../../../Users/Student 2020/Documents/VRLivePerformance/UnrealVRLivePerformance/UnrealVR/Content/Maps/Lobby/Lobby_BuiltData.uasset'
[2020.10.19-09.46.05:667][395]LogUObjectHash: Compacting FUObjectHashTables data took   1.81ms
[2020.10.19-09.46.05:696][395]LogSavePackage: Moving '../../../../../../Users/Student 2020/Documents/VRLivePerformance/UnrealVRLivePerformance/UnrealVR/Saved/MainMapAE541ACD4AF30226740392A984996C0F.tmp' to '../../../../../../Users/Student 2020/Documents/VRLivePerformance/UnrealVRLivePerformance/UnrealVR/Content/Maps/MainMap.umap'
[2020.10.19-09.46.05:736][395]LogFileHelpers: Saving map 'MainMap' took 0.097
[2020.10.19-09.46.05:788][396]AssetCheck: New page: Asset Save: multiple assets
[2020.10.19-09.46.05:788][396]LogContentValidation: Display: Validating World /Game/Maps/EnvironmentMaps/SkyscraperMap/StageLevel.StageLevel
[2020.10.19-09.46.05:788][396]LogContentValidation: Display: Validating MapBuildDataRegistry /Game/Maps/EnvironmentMaps/SkyscraperMap/StageLevel_BuiltData.StageLevel_BuiltData
[2020.10.19-09.46.05:788][396]LogContentValidation: Display: Validating World /Game/Maps/Lobby/Lobby.Lobby
[2020.10.19-09.46.05:788][396]LogContentValidation: Display: Validating MapBuildDataRegistry /Game/Maps/Lobby/Lobby_BuiltData.Lobby_BuiltData
[2020.10.19-09.46.05:788][396]LogContentValidation: Display: Validating World /Game/Maps/MainMap.MainMap
[2020.10.19-09.46.25:919][155]BlueprintLog: New page: Compile MainMapUI
[2020.10.19-09.46.25:953][155]LogUObjectHash: Compacting FUObjectHashTables data took   2.46ms
[2020.10.19-09.46.26:743][234]Cmd: OBJ SAVEPACKAGE PACKAGE="/Game/Maps/MainMapUI" FILE="../../../../../../Users/Student 2020/Documents/VRLivePerformance/UnrealVRLivePerformance/UnrealVR/Content/Maps/MainMapUI.uasset" SILENT=true
[2020.10.19-09.46.26:785][234]LogSavePackage: Moving '../../../../../../Users/Student 2020/Documents/VRLivePerformance/UnrealVRLivePerformance/UnrealVR/Saved/MainMapUI39EA4C394E41D4C03AC1E5942AB0134C.tmp' to '../../../../../../Users/Student 2020/Documents/VRLivePerformance/UnrealVRLivePerformance/UnrealVR/Content/Maps/MainMapUI.uasset'
[2020.10.19-09.46.26:799][234]AssetCheck: New page: Asset Save: MainMapUI
[2020.10.19-09.46.26:799][234]LogContentValidation: Display: Validating WidgetBlueprint /Game/Maps/MainMapUI.MainMapUI
[2020.10.19-09.46.28:429][408]LogTemp: Repeating last play command: Standalone Game
[2020.10.19-09.46.28:479][408]LogUObjectHash: Compacting FUObjectHashTables data took   2.95ms
[2020.10.19-09.46.42:256][647]LogEditorViewport: Clicking Background
[2020.10.19-09.46.44:173][838]LogPlayLevel: PlayLevel: No blueprints needed recompiling
[2020.10.19-09.46.44:173][838]PIE: New page: SIE session: MainMap (Oct 19, 2020, 1:46:44 PM)
[2020.10.19-09.46.44:174][838]LogPlayLevel: Creating play world package: /Game/Maps/UEDPIE_0_MainMap
[2020.10.19-09.46.44:175][838]LogPlayLevel: PIE: StaticDuplicateObject took: (0.001620s)
[2020.10.19-09.46.44:176][838]LogAIModule: Creating AISystem for world MainMap
[2020.10.19-09.46.44:176][838]LogAISub: UAISubsystem::UAISubsystem EnvQueryManager (00000247FEA0EA00), frame # 24838
[2020.10.19-09.46.44:176][838]LogAISub: UAISubsystem::UAISubsystem AIPerceptionSystem (00000247BA0D0540), frame # 24838
[2020.10.19-09.46.44:176][838]LogPlayLevel: PIE: World Init took: (0.001052s)
[2020.10.19-09.46.44:176][838]LogPlayLevel: PIE: Created PIE world by copying editor world from /Game/Maps/MainMap.MainMap to /Game/Maps/UEDPIE_0_MainMap.MainMap (0.002767s)
[2020.10.19-09.46.44:206][838]LogUObjectHash: Compacting FUObjectHashTables data took   2.27ms
[2020.10.19-09.46.44:208][838]LogAudioMixer: Display: Audio Mixer Platform Settings:
[2020.10.19-09.46.44:208][838]LogAudioMixer: Display: 	Sample Rate:						  48000
[2020.10.19-09.46.44:208][838]LogAudioMixer: Display: 	Callback Buffer Frame Size Requested: 1024
[2020.10.19-09.46.44:208][838]LogAudioMixer: Display: 	Callback Buffer Frame Size To Use:	  1024
[2020.10.19-09.46.44:208][838]LogAudioMixer: Display: 	Number of buffers to queue:			  2
[2020.10.19-09.46.44:208][838]LogAudioMixer: Display: 	Max Channels (voices):				  32
[2020.10.19-09.46.44:208][838]LogAudioMixer: Display: 	Number of Async Source Workers:		  0
[2020.10.19-09.46.44:208][838]LogAudio: Display: AudioDevice MaxSources: 32
[2020.10.19-09.46.44:209][838]LogAudio: Display: Using built-in audio occlusion.
[2020.10.19-09.46.44:209][838]LogAudioMixer: Display: Initializing audio mixer.
[2020.10.19-09.46.44:213][838]LogAudioMixer: Display: 0: FrontLeft
[2020.10.19-09.46.44:214][838]LogAudioMixer: Display: 1: FrontRight
[2020.10.19-09.46.44:228][838]LogAudioMixer: Display: Using Audio Device Headphones (2- Arctis 7 Game)
[2020.10.19-09.46.44:228][838]LogAudioMixer: Display: Initializing Sound Submixes...
[2020.10.19-09.46.44:229][838]LogAudioMixer: Display: Creating Master Submix 'MasterSubmixDefault'
[2020.10.19-09.46.44:229][838]LogAudioMixer: Display: Creating Master Submix 'MasterReverbSubmixDefault'
[2020.10.19-09.46.44:229][838]LogAudioMixer: Display: Creating Master Submix 'MasterEQSubmixDefault'
[2020.10.19-09.46.44:246][838]LogInit: FAudioDevice initialized.
[2020.10.19-09.46.44:254][838]LogLoad: Game class is 'GameModeBase'
[2020.10.19-09.46.44:254][838]LogWorld: Bringing World /Game/Maps/UEDPIE_0_MainMap.MainMap up for play (max tick rate 0) at 2020.10.19-11.46.44
[2020.10.19-09.46.44:255][838]LogWorld: Bringing up level for play took: 0.000475
[2020.10.19-09.46.44:255][838]LogOnline: OSS: Creating online subsystem instance for: :Context_5
[2020.10.19-09.46.44:256][838]LogGameMode: FindPlayerStart: PATHS NOT DEFINED or NO PLAYERSTART with positive rating
[2020.10.19-09.46.44:257][838]PIE: Server logged in
[2020.10.19-09.46.44:258][838]PIE: Play in editor total start time 0.089 seconds.
[2020.10.19-09.46.45:135][885]LogNet: Browse: /Game/Maps/Lobby/Lobby
[2020.10.19-09.46.45:135][885]LogLoadingSplash: Loading texture for splash rp_manuel_animated_001_dif...
[2020.10.19-09.46.45:135][885]LogLoadingSplash: ...Success. 
[2020.10.19-09.46.45:136][885]LogHMD: FSplash::OnShow
[2020.10.19-09.46.45:136][885]LogLoad: LoadMap: /Game/Maps/Lobby/Lobby
[2020.10.19-09.46.45:136][885]LogWorld: BeginTearingDown for /Game/Maps/UEDPIE_0_MainMap
[2020.10.19-09.46.45:136][885]LogWorld: UWorld::CleanupWorld for MainMap, bSessionEnded=true, bCleanupResources=true
[2020.10.19-09.46.45:136][885]LogSlate: InvalidateAllWidgets triggered.  All widgets were invalidated
