Log file open, 10/19/20 11:47:07
LogInit: Display: Running engine for game: UnrealVR
LogPlatformFile: Not using cached read wrapper
LogTaskGraph: Started task graph with 5 named threads and 47 total threads with 3 sets of task threads.
LogStats: Stats thread started at 0.164163
LogD3D11RHI: Loaded GFSDK_Aftermath_Lib.x64.dll
LogICUInternationalization: ICU TimeZone Detection - Raw Offset: +1:00, Platform Override: ''
LogPluginManager: Mounting plugin Paper2D
LogPluginManager: Mounting plugin AISupport
LogPluginManager: Mounting plugin LightPropagationVolume
LogPluginManager: Mounting plugin CameraShakePreviewer
LogPluginManager: Mounting plugin ActorLayerUtilities
LogPluginManager: Mounting plugin AnimationSharing
LogPluginManager: Mounting plugin CLionSourceCodeAccess
LogPluginManager: Mounting plugin CodeLiteSourceCodeAccess
LogPluginManager: Mounting plugin GitSourceControl
LogPluginManager: Mounting plugin KDevelopSourceCodeAccess
LogPluginManager: Mounting plugin NullSourceCodeAccess
LogPluginManager: Mounting plugin PerforceSourceControl
LogPluginManager: Mounting plugin PlasticSourceControl
LogPluginManager: Mounting plugin RiderSourceCodeAccess
LogPluginManager: Mounting plugin SubversionSourceControl
LogPluginManager: Mounting plugin UObjectPlugin
LogPluginManager: Mounting plugin VisualStudioCodeSourceCodeAccess
LogPluginManager: Mounting plugin VisualStudioSourceCodeAccess
LogPluginManager: Mounting plugin XCodeSourceCodeAccess
LogPluginManager: Mounting plugin AssetManagerEditor
LogPluginManager: Mounting plugin CryptoKeys
LogPluginManager: Mounting plugin CurveEditorTools
LogPluginManager: Mounting plugin DataValidation
LogPluginManager: Mounting plugin EditorScriptingUtilities
LogPluginManager: Mounting plugin FacialAnimation
LogPluginManager: Mounting plugin GameplayTagsEditor
LogPluginManager: Mounting plugin GeometryMode
LogPluginManager: Mounting plugin MacGraphicsSwitching
LogPluginManager: Mounting plugin MaterialAnalyzer
LogPluginManager: Mounting plugin MobileLauncherProfileWizard
LogPluginManager: Mounting plugin PluginBrowser
LogPluginManager: Mounting plugin SpeedTreeImporter
LogPluginManager: Mounting plugin DatasmithContent
LogPluginManager: Mounting plugin VariantManagerContent
LogPluginManager: Mounting plugin AlembicImporter
LogPluginManager: Mounting plugin AutomationUtils
LogPluginManager: Mounting plugin BackChannel
LogPluginManager: Mounting plugin ChaosCloth
LogPluginManager: Mounting plugin ChaosClothEditor
LogPluginManager: Mounting plugin ChaosEditor
LogPluginManager: Mounting plugin ChaosNiagara
LogPluginManager: Mounting plugin ChaosSolverPlugin
LogPluginManager: Mounting plugin CharacterAI
LogPluginManager: Mounting plugin GeometryCache
LogPluginManager: Mounting plugin GeometryCollectionPlugin
LogPluginManager: Mounting plugin GeometryProcessing
LogPluginManager: Mounting plugin PlanarCut
LogPluginManager: Mounting plugin PlatformCrypto
LogPluginManager: Mounting plugin ProxyLODPlugin
LogPluginManager: Mounting plugin SkeletalReduction
LogPluginManager: Mounting plugin Niagara
LogPluginManager: Mounting plugin MagicLeap
LogPluginManager: Mounting plugin MagicLeapLightEstimation
LogPluginManager: Mounting plugin MagicLeapMedia
LogPluginManager: Mounting plugin MagicLeapPassableWorld
LogPluginManager: Mounting plugin MLSDK
LogPluginManager: Mounting plugin UIWS
LogPluginManager: Mounting plugin AndroidMedia
LogPluginManager: Mounting plugin AvfMedia
LogPluginManager: Mounting plugin ImgMedia
LogPluginManager: Mounting plugin MediaCompositing
LogPluginManager: Mounting plugin MediaPlayerEditor
LogPluginManager: Mounting plugin WebMMedia
LogPluginManager: Mounting plugin WmfMedia
LogPluginManager: Mounting plugin MeshPainting
LogPluginManager: Mounting plugin TcpMessaging
LogPluginManager: Mounting plugin UdpMessaging
LogPluginManager: Mounting plugin ActorSequence
LogPluginManager: Mounting plugin LevelSequenceEditor
LogPluginManager: Mounting plugin MatineeToLevelSequence
LogPluginManager: Mounting plugin MovieRenderPipeline
LogPluginManager: Mounting plugin TemplateSequence
LogPluginManager: Mounting plugin NetcodeUnitTest
LogPluginManager: Mounting plugin NUTUnrealEngine4
LogPluginManager: Mounting plugin OnlineSubsystemGooglePlay
LogPluginManager: Mounting plugin OnlineSubsystemIOS
LogPluginManager: Mounting plugin OnlineSubsystem
LogPluginManager: Mounting plugin OnlineSubsystemNull
LogPluginManager: Mounting plugin OnlineSubsystemUtils
LogPluginManager: Mounting plugin LauncherChunkInstaller
LogPluginManager: Mounting plugin AndroidDeviceProfileSelector
LogPluginManager: Mounting plugin AndroidMoviePlayer
LogPluginManager: Mounting plugin AndroidPermission
LogPluginManager: Mounting plugin AppleImageUtils
LogPluginManager: Mounting plugin AppleMoviePlayer
LogPluginManager: Mounting plugin ArchVisCharacter
LogPluginManager: Mounting plugin AssetTags
LogPluginManager: Mounting plugin AudioCapture
LogPluginManager: Mounting plugin CableComponent
LogPluginManager: Mounting plugin CustomMeshComponent
LogPluginManager: Mounting plugin EditableMesh
LogPluginManager: Mounting plugin ExampleDeviceProfileSelector
LogPluginManager: Mounting plugin GoogleCloudMessaging
LogPluginManager: Mounting plugin GooglePAD
LogPluginManager: Mounting plugin IOSDeviceProfileSelector
LogPluginManager: Mounting plugin LinuxDeviceProfileSelector
LogPluginManager: Mounting plugin LocationServicesBPLibrary
LogPluginManager: Mounting plugin MobilePatchingUtils
LogPluginManager: Mounting plugin OculusVR
LogPluginManager: Mounting plugin PhysXVehicles
LogPluginManager: Mounting plugin PostSplashScreen
LogPluginManager: Mounting plugin ProceduralMeshComponent
LogPluginManager: Mounting plugin RuntimePhysXCooking
LogPluginManager: Mounting plugin SignificanceManager
LogPluginManager: Mounting plugin SoundFields
LogPluginManager: Mounting plugin SteamVR
LogPluginManager: Mounting plugin Synthesis
LogPluginManager: Mounting plugin WebMMoviePlayer
LogPluginManager: Mounting plugin WindowsMoviePlayer
LogPluginManager: Mounting plugin ScreenshotTools
LogInit: Using libcurl 7.55.1-DEV
LogInit:  - built for x86_64-pc-win32
LogInit:  - supports SSL with OpenSSL/1.1.1
LogInit:  - supports HTTP deflate (compression) using libz 1.2.8
LogInit:  - other features:
LogInit:      CURL_VERSION_SSL
LogInit:      CURL_VERSION_LIBZ
LogInit:      CURL_VERSION_IPV6
LogInit:      CURL_VERSION_ASYNCHDNS
LogInit:      CURL_VERSION_LARGEFILE
LogInit:      CURL_VERSION_IDN
LogInit:  CurlRequestOptions (configurable via config and command line):
LogInit:  - bVerifyPeer = true  - Libcurl will verify peer certificate
LogInit:  - bUseHttpProxy = false  - Libcurl will NOT use HTTP proxy
LogInit:  - bDontReuseConnections = false  - Libcurl will reuse connections
LogInit:  - MaxHostConnections = 16  - Libcurl will limit the number of connections to a host
LogInit:  - LocalHostAddr = Default
LogInit:  - BufferSize = 65536
LogOnline: OSS: Creating online subsystem instance for: NULL
LogInit: WinSock: version 1.1 (2.2), MaxSocks=32767, MaxUdp=65467
LogOnline: OSS: TryLoadSubsystemAndSetDefault: Loaded subsystem for module [NULL]
LogOculusPluginWrapper: OculusPlugin initialized successfully
LogInit: Build: ++UE4+Release-4.25-CL-13942748
LogInit: Engine Version: 4.25.3-13942748+++UE4+Release-4.25
LogInit: Compatible Engine Version: 4.25.0-13144385+++UE4+Release-4.25
LogInit: Net CL: 13144385
LogInit: OS: Windows 10 (Release 2004) (), CPU: Intel(R) Core(TM) i7-7820X CPU @ 3.60GHz, GPU: NVIDIA GeForce RTX 2080 Ti
LogInit: Compiled (64-bit): Jul 25 2020 02:07:48
LogInit: Compiled with Visual C++: 19.24.28315.00
LogInit: Build Configuration: Development
LogInit: Branch Name: ++UE4+Release-4.25
LogInit: Command Line:  -EpicPortal -epicusername=Rimeh_ -epicuserid=3620de3b46744791bae9bb86c3c88c80 -epiclocale=en
LogInit: Base Directory: C:/Program Files/Epic Games/UE_4.25/Engine/Binaries/Win64/
LogInit: Allocator: TBB
LogInit: Installed Engine Build: 1
LogDevObjectVersion: Number of dev versions registered: 26
LogDevObjectVersion:   Dev-Blueprints (B0D832E4-1F89-4F0D-ACCF-7EB736FD4AA2): 10
LogDevObjectVersion:   Dev-Build (E1C64328-A22C-4D53-A36C-8E866417BD8C): 0
LogDevObjectVersion:   Dev-Core (375EC13C-06E4-48FB-B500-84F0262A717E): 4
LogDevObjectVersion:   Dev-Editor (E4B068ED-F494-42E9-A231-DA0B2E46BB41): 38
LogDevObjectVersion:   Dev-Framework (CFFC743F-43B0-4480-9391-14DF171D2073): 37
LogDevObjectVersion:   Dev-Mobile (B02B49B5-BB20-44E9-A304-32B752E40360): 2
LogDevObjectVersion:   Dev-Networking (A4E4105C-59A1-49B5-A7C5-40C4547EDFEE): 0
LogDevObjectVersion:   Dev-Online (39C831C9-5AE6-47DC-9A44-9C173E1C8E7C): 0
LogDevObjectVersion:   Dev-Physics (78F01B33-EBEA-4F98-B9B4-84EACCB95AA2): 4
LogDevObjectVersion:   Dev-Platform (6631380F-2D4D-43E0-8009-CF276956A95A): 0
LogDevObjectVersion:   Dev-Rendering (12F88B9F-8875-4AFC-A67C-D90C383ABD29): 43
LogDevObjectVersion:   Dev-Sequencer (7B5AE74C-D270-4C10-A958-57980B212A5A): 12
LogDevObjectVersion:   Dev-VR (D7296918-1DD6-4BDD-9DE2-64A83CC13884): 3
LogDevObjectVersion:   Dev-LoadTimes (C2A15278-BFE7-4AFE-6C17-90FF531DF755): 1
LogDevObjectVersion:   Private-Geometry (6EACA3D4-40EC-4CC1-B786-8BED09428FC5): 3
LogDevObjectVersion:   Dev-AnimPhys (29E575DD-E0A3-4627-9D10-D276232CDCEA): 17
LogDevObjectVersion:   Dev-Anim (AF43A65D-7FD3-4947-9873-3E8ED9C1BB05): 7
LogDevObjectVersion:   Dev-ReflectionCapture (6B266CEC-1EC7-4B8F-A30B-E4D90942FC07): 1
LogDevObjectVersion:   Dev-Automation (0DF73D61-A23F-47EA-B727-89E90C41499A): 1
LogDevObjectVersion:   FortniteMain (601D1886-AC64-4F84-AA16-D3DE0DEAC7D6): 31
LogDevObjectVersion:   Dev-Enterprise (9DFFBCD6-494F-0158-E221-12823C92A888): 10
LogDevObjectVersion:   Dev-Niagara (F2AED0AC-9AFE-416F-8664-AA7FFA26D6FC): 1
LogDevObjectVersion:   Dev-Destruction (174F1F0B-B4C6-45A5-B13F-2EE8D0FB917D): 10
LogDevObjectVersion:   Dev-Physics-Ext (35F94A83-E258-406C-A318-09F59610247C): 37
LogDevObjectVersion:   Dev-PhysicsMaterial-Chaos (B68FC16E-8B1B-42E2-B453-215C058844FE): 1
LogDevObjectVersion:   Dev-CineCamera (B2E18506-4273-CFC2-A54E-F4BB758BBA07): 1
LogInit: Presizing for max 25165824 objects, including 0 objects not considered by GC, pre-allocating 0 bytes for permanent pool.
LogConfig: Applying CVar settings from Section [/Script/Engine.StreamingSettings] File [C:/Users/Student 2020/Documents/VRLivePerformance/UnrealVRLivePerformance/UnrealVR/Saved/Config/Windows/Engine.ini]
LogConfig: Setting CVar [[s.MinBulkDataSizeForAsyncLoading:131072]]
LogConfig: Setting CVar [[s.AsyncLoadingThreadEnabled:0]]
LogConfig: Setting CVar [[s.EventDrivenLoaderEnabled:1]]
LogConfig: Setting CVar [[s.WarnIfTimeLimitExceeded:0]]
LogConfig: Setting CVar [[s.TimeLimitExceededMultiplier:1.5]]
LogConfig: Setting CVar [[s.TimeLimitExceededMinTime:0.005]]
LogConfig: Setting CVar [[s.UseBackgroundLevelStreaming:1]]
LogConfig: Setting CVar [[s.PriorityAsyncLoadingExtraTime:15.0]]
LogConfig: Setting CVar [[s.LevelStreamingActorsUpdateTimeLimit:5.0]]
LogConfig: Setting CVar [[s.PriorityLevelStreamingActorsUpdateExtraTime:5.0]]
LogConfig: Setting CVar [[s.LevelStreamingComponentsRegistrationGranularity:10]]
LogConfig: Setting CVar [[s.UnregisterComponentsTimeLimit:1.0]]
LogConfig: Setting CVar [[s.LevelStreamingComponentsUnregistrationGranularity:5]]
LogConfig: Setting CVar [[s.FlushStreamingOnExit:1]]
LogInit: Object subsystem initialized
LogConfig: Setting CVar [[con.DebugEarlyDefault:1]]
LogConfig: Setting CVar [[r.setres:1280x720]]
[2020.10.19-09.47.07:810][  0]LogConfig: Setting CVar [[r.VSync:0]]
[2020.10.19-09.47.07:810][  0]LogConfig: Setting CVar [[r.RHICmdBypass:0]]
[2020.10.19-09.47.07:810][  0]LogConfig: Applying CVar settings from Section [/Script/Engine.RendererSettings] File [C:/Users/Student 2020/Documents/VRLivePerformance/UnrealVRLivePerformance/UnrealVR/Saved/Config/Windows/Engine.ini]
[2020.10.19-09.47.07:810][  0]LogConfig: Setting CVar [[r.GPUCrashDebugging:0]]
[2020.10.19-09.47.07:810][  0]LogConfig: Applying CVar settings from Section [/Script/Engine.RendererOverrideSettings] File [C:/Users/Student 2020/Documents/VRLivePerformance/UnrealVRLivePerformance/UnrealVR/Saved/Config/Windows/Engine.ini]
[2020.10.19-09.47.07:810][  0]LogConfig: Applying CVar settings from Section [/Script/Engine.StreamingSettings] File [C:/Users/Student 2020/Documents/VRLivePerformance/UnrealVRLivePerformance/UnrealVR/Saved/Config/Windows/Engine.ini]
[2020.10.19-09.47.07:810][  0]LogConfig: Setting CVar [[s.MinBulkDataSizeForAsyncLoading:131072]]
[2020.10.19-09.47.07:810][  0]LogConfig: Setting CVar [[s.AsyncLoadingThreadEnabled:0]]
[2020.10.19-09.47.07:810][  0]LogConfig: Setting CVar [[s.EventDrivenLoaderEnabled:1]]
[2020.10.19-09.47.07:810][  0]LogConfig: Setting CVar [[s.WarnIfTimeLimitExceeded:0]]
[2020.10.19-09.47.07:810][  0]LogConfig: Setting CVar [[s.TimeLimitExceededMultiplier:1.5]]
[2020.10.19-09.47.07:810][  0]LogConfig: Setting CVar [[s.TimeLimitExceededMinTime:0.005]]
[2020.10.19-09.47.07:810][  0]LogConfig: Setting CVar [[s.UseBackgroundLevelStreaming:1]]
[2020.10.19-09.47.07:810][  0]LogConfig: Setting CVar [[s.PriorityAsyncLoadingExtraTime:15.0]]
[2020.10.19-09.47.07:810][  0]LogConfig: Setting CVar [[s.LevelStreamingActorsUpdateTimeLimit:5.0]]
[2020.10.19-09.47.07:810][  0]LogConfig: Setting CVar [[s.PriorityLevelStreamingActorsUpdateExtraTime:5.0]]
[2020.10.19-09.47.07:810][  0]LogConfig: Setting CVar [[s.LevelStreamingComponentsRegistrationGranularity:10]]
[2020.10.19-09.47.07:810][  0]LogConfig: Setting CVar [[s.UnregisterComponentsTimeLimit:1.0]]
[2020.10.19-09.47.07:810][  0]LogConfig: Setting CVar [[s.LevelStreamingComponentsUnregistrationGranularity:5]]
[2020.10.19-09.47.07:810][  0]LogConfig: Setting CVar [[s.FlushStreamingOnExit:1]]
[2020.10.19-09.47.07:810][  0]LogConfig: Applying CVar settings from Section [/Script/Engine.GarbageCollectionSettings] File [C:/Users/Student 2020/Documents/VRLivePerformance/UnrealVRLivePerformance/UnrealVR/Saved/Config/Windows/Engine.ini]
[2020.10.19-09.47.07:810][  0]LogConfig: Setting CVar [[gc.MaxObjectsNotConsideredByGC:1]]
[2020.10.19-09.47.07:810][  0]LogConfig: Setting CVar [[gc.SizeOfPermanentObjectPool:0]]
[2020.10.19-09.47.07:810][  0]LogConfig: Setting CVar [[gc.FlushStreamingOnGC:0]]
[2020.10.19-09.47.07:810][  0]LogConfig: Setting CVar [[gc.NumRetriesBeforeForcingGC:10]]
[2020.10.19-09.47.07:810][  0]LogConfig: Setting CVar [[gc.AllowParallelGC:1]]
[2020.10.19-09.47.07:810][  0]LogConfig: Setting CVar [[gc.TimeBetweenPurgingPendingKillObjects:61.1]]
[2020.10.19-09.47.07:810][  0]LogConfig: Setting CVar [[gc.MaxObjectsInEditor:25165824]]
[2020.10.19-09.47.07:810][  0]LogConfig: Setting CVar [[gc.IncrementalBeginDestroyEnabled:1]]
[2020.10.19-09.47.07:810][  0]LogConfig: Setting CVar [[gc.CreateGCClusters:1]]
[2020.10.19-09.47.07:810][  0]LogConfig: Setting CVar [[gc.MinGCClusterSize:5]]
[2020.10.19-09.47.07:810][  0]LogConfig: Setting CVar [[gc.ActorClusteringEnabled:0]]
[2020.10.19-09.47.07:810][  0]LogConfig: Setting CVar [[gc.BlueprintClusteringEnabled:0]]
[2020.10.19-09.47.07:810][  0]LogConfig: Setting CVar [[gc.UseDisregardForGCOnDedicatedServers:0]]
[2020.10.19-09.47.07:810][  0]LogConfig: Applying CVar settings from Section [/Script/Engine.NetworkSettings] File [C:/Users/Student 2020/Documents/VRLivePerformance/UnrealVRLivePerformance/UnrealVR/Saved/Config/Windows/Engine.ini]
[2020.10.19-09.47.07:810][  0]LogConfig: Applying CVar settings from Section [/Script/UnrealEd.CookerSettings] File [C:/Users/Student 2020/Documents/VRLivePerformance/UnrealVRLivePerformance/UnrealVR/Saved/Config/Windows/Engine.ini]
[2020.10.19-09.47.07:814][  0]LogConfig: Applying CVar settings from Section [ViewDistanceQuality@3] File [C:/Users/Student 2020/Documents/VRLivePerformance/UnrealVRLivePerformance/UnrealVR/Saved/Config/Windows/Scalability.ini]
[2020.10.19-09.47.07:814][  0]LogConfig: Setting CVar [[r.SkeletalMeshLODBias:0]]
[2020.10.19-09.47.07:814][  0]LogConfig: Setting CVar [[r.ViewDistanceScale:1.0]]
[2020.10.19-09.47.07:814][  0]LogConfig: Applying CVar settings from Section [AntiAliasingQuality@3] File [C:/Users/Student 2020/Documents/VRLivePerformance/UnrealVRLivePerformance/UnrealVR/Saved/Config/Windows/Scalability.ini]
[2020.10.19-09.47.07:814][  0]LogConfig: Setting CVar [[r.PostProcessAAQuality:4]]
[2020.10.19-09.47.07:814][  0]LogConfig: Applying CVar settings from Section [ShadowQuality@3] File [C:/Users/Student 2020/Documents/VRLivePerformance/UnrealVRLivePerformance/UnrealVR/Saved/Config/Windows/Scalability.ini]
[2020.10.19-09.47.07:814][  0]LogConfig: Setting CVar [[r.LightFunctionQuality:1]]
[2020.10.19-09.47.07:814][  0]LogConfig: Setting CVar [[r.ShadowQuality:5]]
[2020.10.19-09.47.07:814][  0]LogConfig: Setting CVar [[r.Shadow.CSM.MaxCascades:10]]
[2020.10.19-09.47.07:814][  0]LogConfig: Setting CVar [[r.Shadow.MaxResolution:2048]]
[2020.10.19-09.47.07:814][  0]LogConfig: Setting CVar [[r.Shadow.MaxCSMResolution:2048]]
[2020.10.19-09.47.07:814][  0]LogConfig: Setting CVar [[r.Shadow.RadiusThreshold:0.01]]
[2020.10.19-09.47.07:814][  0]LogConfig: Setting CVar [[r.Shadow.DistanceScale:1.0]]
[2020.10.19-09.47.07:814][  0]LogConfig: Setting CVar [[r.Shadow.CSM.TransitionScale:1.0]]
[2020.10.19-09.47.07:814][  0]LogConfig: Setting CVar [[r.Shadow.PreShadowResolutionFactor:1.0]]
[2020.10.19-09.47.07:814][  0]LogConfig: Setting CVar [[r.DistanceFieldShadowing:1]]
[2020.10.19-09.47.07:814][  0]LogConfig: Setting CVar [[r.DistanceFieldAO:1]]
[2020.10.19-09.47.07:814][  0]LogConfig: Setting CVar [[r.AOQuality:2]]
[2020.10.19-09.47.07:814][  0]LogConfig: Setting CVar [[r.VolumetricFog:1]]
[2020.10.19-09.47.07:814][  0]LogConfig: Setting CVar [[r.VolumetricFog.GridPixelSize:8]]
[2020.10.19-09.47.07:814][  0]LogConfig: Setting CVar [[r.VolumetricFog.GridSizeZ:128]]
[2020.10.19-09.47.07:814][  0]LogConfig: Setting CVar [[r.VolumetricFog.HistoryMissSupersampleCount:4]]
[2020.10.19-09.47.07:814][  0]LogConfig: Setting CVar [[r.LightMaxDrawDistanceScale:1]]
[2020.10.19-09.47.07:814][  0]LogConfig: Setting CVar [[r.CapsuleShadows:1]]
[2020.10.19-09.47.07:814][  0]LogConfig: Applying CVar settings from Section [PostProcessQuality@3] File [C:/Users/Student 2020/Documents/VRLivePerformance/UnrealVRLivePerformance/UnrealVR/Saved/Config/Windows/Scalability.ini]
[2020.10.19-09.47.07:814][  0]LogConfig: Setting CVar [[r.MotionBlurQuality:4]]
[2020.10.19-09.47.07:814][  0]LogConfig: Setting CVar [[r.AmbientOcclusionMipLevelFactor:0.4]]
[2020.10.19-09.47.07:814][  0]LogConfig: Setting CVar [[r.AmbientOcclusionMaxQuality:100]]
[2020.10.19-09.47.07:814][  0]LogConfig: Setting CVar [[r.AmbientOcclusionLevels:-1]]
[2020.10.19-09.47.07:814][  0]LogConfig: Setting CVar [[r.AmbientOcclusionRadiusScale:1.0]]
[2020.10.19-09.47.07:814][  0]LogConfig: Setting CVar [[r.DepthOfFieldQuality:2]]
[2020.10.19-09.47.07:814][  0]LogConfig: Setting CVar [[r.RenderTargetPoolMin:400]]
[2020.10.19-09.47.07:814][  0]LogConfig: Setting CVar [[r.LensFlareQuality:2]]
[2020.10.19-09.47.07:814][  0]LogConfig: Setting CVar [[r.SceneColorFringeQuality:1]]
[2020.10.19-09.47.07:814][  0]LogConfig: Setting CVar [[r.EyeAdaptationQuality:2]]
[2020.10.19-09.47.07:814][  0]LogConfig: Setting CVar [[r.BloomQuality:5]]
[2020.10.19-09.47.07:814][  0]LogConfig: Setting CVar [[r.FastBlurThreshold:100]]
[2020.10.19-09.47.07:814][  0]LogConfig: Setting CVar [[r.Upscale.Quality:3]]
[2020.10.19-09.47.07:814][  0]LogConfig: Setting CVar [[r.Tonemapper.GrainQuantization:1]]
[2020.10.19-09.47.07:814][  0]LogConfig: Setting CVar [[r.LightShaftQuality:1]]
[2020.10.19-09.47.07:814][  0]LogConfig: Setting CVar [[r.Filter.SizeScale:1]]
[2020.10.19-09.47.07:814][  0]LogConfig: Setting CVar [[r.Tonemapper.Quality:5]]
[2020.10.19-09.47.07:814][  0]LogConfig: Setting CVar [[r.DOF.Gather.AccumulatorQuality:1        ; higher gathering accumulator quality]]
[2020.10.19-09.47.07:814][  0]LogConfig: Setting CVar [[r.DOF.Gather.PostfilterMethod:1          ; Median3x3 postfilering method]]
[2020.10.19-09.47.07:814][  0]LogConfig: Setting CVar [[r.DOF.Gather.EnableBokehSettings:0       ; no bokeh simulation when gathering]]
[2020.10.19-09.47.07:814][  0]LogConfig: Setting CVar [[r.DOF.Gather.RingCount:4                 ; medium number of samples when gathering]]
[2020.10.19-09.47.07:814][  0]LogConfig: Setting CVar [[r.DOF.Scatter.ForegroundCompositing:1    ; additive foreground scattering]]
[2020.10.19-09.47.07:814][  0]LogConfig: Setting CVar [[r.DOF.Scatter.BackgroundCompositing:2    ; additive background scattering]]
[2020.10.19-09.47.07:814][  0]LogConfig: Setting CVar [[r.DOF.Scatter.EnableBokehSettings:1      ; bokeh simulation when scattering]]
[2020.10.19-09.47.07:814][  0]LogConfig: Setting CVar [[r.DOF.Scatter.MaxSpriteRatio:0.1         ; only a maximum of 10% of scattered bokeh]]
[2020.10.19-09.47.07:814][  0]LogConfig: Setting CVar [[r.DOF.Recombine.Quality:1                ; cheap slight out of focus]]
[2020.10.19-09.47.07:814][  0]LogConfig: Setting CVar [[r.DOF.Recombine.EnableBokehSettings:0    ; no bokeh simulation on slight out of focus]]
[2020.10.19-09.47.07:814][  0]LogConfig: Setting CVar [[r.DOF.TemporalAAQuality:1                ; more stable temporal accumulation]]
[2020.10.19-09.47.07:814][  0]LogConfig: Setting CVar [[r.DOF.Kernel.MaxForegroundRadius:0.025]]
[2020.10.19-09.47.07:814][  0]LogConfig: Setting CVar [[r.DOF.Kernel.MaxBackgroundRadius:0.025]]
[2020.10.19-09.47.07:814][  0]LogConfig: Applying CVar settings from Section [TextureQuality@3] File [C:/Users/Student 2020/Documents/VRLivePerformance/UnrealVRLivePerformance/UnrealVR/Saved/Config/Windows/Scalability.ini]
[2020.10.19-09.47.07:814][  0]LogConfig: Setting CVar [[r.Streaming.MipBias:0]]
[2020.10.19-09.47.07:814][  0]LogConfig: Setting CVar [[r.Streaming.AmortizeCPUToGPUCopy:0]]
[2020.10.19-09.47.07:814][  0]LogConfig: Setting CVar [[r.Streaming.MaxNumTexturesToStreamPerFrame:0]]
[2020.10.19-09.47.07:814][  0]LogConfig: Setting CVar [[r.Streaming.Boost:1]]
[2020.10.19-09.47.07:814][  0]LogConfig: Setting CVar [[r.MaxAnisotropy:8]]
[2020.10.19-09.47.07:814][  0]LogConfig: Setting CVar [[r.VT.MaxAnisotropy:8]]
[2020.10.19-09.47.07:814][  0]LogConfig: Setting CVar [[r.Streaming.LimitPoolSizeToVRAM:0]]
[2020.10.19-09.47.07:814][  0]LogConfig: Setting CVar [[r.Streaming.PoolSize:1000]]
[2020.10.19-09.47.07:815][  0]LogConfig: Setting CVar [[r.Streaming.MaxEffectiveScreenSize:0]]
[2020.10.19-09.47.07:815][  0]LogConfig: Applying CVar settings from Section [EffectsQuality@3] File [C:/Users/Student 2020/Documents/VRLivePerformance/UnrealVRLivePerformance/UnrealVR/Saved/Config/Windows/Scalability.ini]
[2020.10.19-09.47.07:815][  0]LogConfig: Setting CVar [[r.TranslucencyLightingVolumeDim:64]]
[2020.10.19-09.47.07:815][  0]LogConfig: Setting CVar [[r.RefractionQuality:2]]
[2020.10.19-09.47.07:815][  0]LogConfig: Setting CVar [[r.SSR.Quality:3]]
[2020.10.19-09.47.07:815][  0]LogConfig: Setting CVar [[r.SSR.HalfResSceneColor:0]]
[2020.10.19-09.47.07:815][  0]LogConfig: Setting CVar [[r.SceneColorFormat:4]]
[2020.10.19-09.47.07:815][  0]LogConfig: Setting CVar [[r.DetailMode:2]]
[2020.10.19-09.47.07:815][  0]LogConfig: Setting CVar [[r.TranslucencyVolumeBlur:1]]
[2020.10.19-09.47.07:815][  0]LogConfig: Setting CVar [[r.MaterialQualityLevel:1 ; High quality]]
[2020.10.19-09.47.07:815][  0]LogConfig: Setting CVar [[r.SSS.Scale:1]]
[2020.10.19-09.47.07:815][  0]LogConfig: Setting CVar [[r.SSS.SampleSet:2]]
[2020.10.19-09.47.07:815][  0]LogConfig: Setting CVar [[r.SSS.Quality:1]]
[2020.10.19-09.47.07:815][  0]LogConfig: Setting CVar [[r.SSS.HalfRes:0]]
[2020.10.19-09.47.07:815][  0]LogConfig: Setting CVar [[r.SSGI.Quality:3]]
[2020.10.19-09.47.07:815][  0]LogConfig: Setting CVar [[r.EmitterSpawnRateScale:1.0]]
[2020.10.19-09.47.07:815][  0]LogConfig: Setting CVar [[r.ParticleLightQuality:2]]
[2020.10.19-09.47.07:815][  0]LogConfig: Setting CVar [[r.SkyAtmosphere.AerialPerspectiveLUT.FastApplyOnOpaque:1 ; Always have FastSkyLUT 1 in this case to avoid wrong sky]]
[2020.10.19-09.47.07:815][  0]LogConfig: Setting CVar [[r.SkyAtmosphere.AerialPerspectiveLUT.SampleCountPerSlice:1]]
[2020.10.19-09.47.07:815][  0]LogConfig: Setting CVar [[r.SkyAtmosphere.AerialPerspectiveLUT.DepthResolution:16.0]]
[2020.10.19-09.47.07:815][  0]LogConfig: Setting CVar [[r.SkyAtmosphere.FastSkyLUT:1]]
[2020.10.19-09.47.07:815][  0]LogConfig: Setting CVar [[r.SkyAtmosphere.FastSkyLUT.SampleCountMin:4.0]]
[2020.10.19-09.47.07:815][  0]LogConfig: Setting CVar [[r.SkyAtmosphere.FastSkyLUT.SampleCountMax:32.0]]
[2020.10.19-09.47.07:815][  0]LogConfig: Setting CVar [[r.SkyAtmosphere.SampleCountMin:4.0]]
[2020.10.19-09.47.07:815][  0]LogConfig: Setting CVar [[r.SkyAtmosphere.SampleCountMax:32.0]]
[2020.10.19-09.47.07:815][  0]LogConfig: Setting CVar [[r.SkyAtmosphere.TransmittanceLUT.UseSmallFormat:0]]
[2020.10.19-09.47.07:815][  0]LogConfig: Setting CVar [[r.SkyAtmosphere.TransmittanceLUT.SampleCount:10.0]]
[2020.10.19-09.47.07:815][  0]LogConfig: Setting CVar [[r.SkyAtmosphere.MultiScatteringLUT.SampleCount:15.0]]
[2020.10.19-09.47.07:815][  0]LogConfig: Applying CVar settings from Section [FoliageQuality@3] File [C:/Users/Student 2020/Documents/VRLivePerformance/UnrealVRLivePerformance/UnrealVR/Saved/Config/Windows/Scalability.ini]
[2020.10.19-09.47.07:815][  0]LogConfig: Setting CVar [[foliage.DensityScale:1.0]]
[2020.10.19-09.47.07:815][  0]LogConfig: Setting CVar [[grass.DensityScale:1.0]]
[2020.10.19-09.47.07:815][  0]LogConfig: Applying CVar settings from Section [ShadingQuality@3] File [C:/Users/Student 2020/Documents/VRLivePerformance/UnrealVRLivePerformance/UnrealVR/Saved/Config/Windows/Scalability.ini]
[2020.10.19-09.47.07:815][  0]LogConfig: Setting CVar [[r.HairStrands.SkyLighting.SampleCount:16]]
[2020.10.19-09.47.07:815][  0]LogConfig: Setting CVar [[r.HairStrands.SkyLighting.JitterIntegration:0]]
[2020.10.19-09.47.07:815][  0]LogConfig: Setting CVar [[r.HairStrands.SkyAO.SampleCount:16]]
[2020.10.19-09.47.07:815][  0]LogConfig: Setting CVar [[r.HairStrands.DeepShadow.SuperSampling:0]]
[2020.10.19-09.47.07:815][  0]LogConfig: Setting CVar [[r.HairStrands.VisibilityPPLL:0]]
[2020.10.19-09.47.07:815][  0]LogConfig: Setting CVar [[r.HairStrands.RasterizationScale:0.5]]
[2020.10.19-09.47.07:815][  0]LogConfig: Setting CVar [[r.HairStrands.VelocityRasterizationScale:1]]
[2020.10.19-09.47.07:815][  0]LogInit: Selected Device Profile: [Windows]
[2020.10.19-09.47.07:815][  0]LogInit: Applying CVar settings loaded from the selected device profile: [Windows]
[2020.10.19-09.47.07:815][  0]LogHAL: Display: Platform has ~ 64 GB [68423581696 / 68719476736 / 64], which maps to Largest [LargestMinGB=32, LargerMinGB=12, DefaultMinGB=8, SmallerMinGB=6, SmallestMinGB=0)
[2020.10.19-09.47.07:815][  0]LogInit: Going up to parent DeviceProfile []
[2020.10.19-09.47.07:815][  0]LogConfig: Applying CVar settings from Section [ViewDistanceQuality@3] File [C:/Users/Student 2020/Documents/VRLivePerformance/UnrealVRLivePerformance/UnrealVR/Saved/Config/Windows/Scalability.ini]
[2020.10.19-09.47.07:815][  0]LogConfig: Setting CVar [[r.SkeletalMeshLODBias:0]]
[2020.10.19-09.47.07:815][  0]LogConfig: Setting CVar [[r.ViewDistanceScale:1.0]]
[2020.10.19-09.47.07:815][  0]LogConfig: Applying CVar settings from Section [AntiAliasingQuality@3] File [C:/Users/Student 2020/Documents/VRLivePerformance/UnrealVRLivePerformance/UnrealVR/Saved/Config/Windows/Scalability.ini]
[2020.10.19-09.47.07:815][  0]LogConfig: Setting CVar [[r.PostProcessAAQuality:4]]
[2020.10.19-09.47.07:815][  0]LogConfig: Applying CVar settings from Section [ShadowQuality@3] File [C:/Users/Student 2020/Documents/VRLivePerformance/UnrealVRLivePerformance/UnrealVR/Saved/Config/Windows/Scalability.ini]
[2020.10.19-09.47.07:815][  0]LogConfig: Setting CVar [[r.LightFunctionQuality:1]]
[2020.10.19-09.47.07:815][  0]LogConfig: Setting CVar [[r.ShadowQuality:5]]
[2020.10.19-09.47.07:815][  0]LogConfig: Setting CVar [[r.Shadow.CSM.MaxCascades:10]]
[2020.10.19-09.47.07:815][  0]LogConfig: Setting CVar [[r.Shadow.MaxResolution:2048]]
[2020.10.19-09.47.07:815][  0]LogConfig: Setting CVar [[r.Shadow.MaxCSMResolution:2048]]
[2020.10.19-09.47.07:815][  0]LogConfig: Setting CVar [[r.Shadow.RadiusThreshold:0.01]]
[2020.10.19-09.47.07:815][  0]LogConfig: Setting CVar [[r.Shadow.DistanceScale:1.0]]
[2020.10.19-09.47.07:815][  0]LogConfig: Setting CVar [[r.Shadow.CSM.TransitionScale:1.0]]
[2020.10.19-09.47.07:815][  0]LogConfig: Setting CVar [[r.Shadow.PreShadowResolutionFactor:1.0]]
[2020.10.19-09.47.07:815][  0]LogConfig: Setting CVar [[r.DistanceFieldShadowing:1]]
[2020.10.19-09.47.07:815][  0]LogConfig: Setting CVar [[r.DistanceFieldAO:1]]
[2020.10.19-09.47.07:815][  0]LogConfig: Setting CVar [[r.AOQuality:2]]
[2020.10.19-09.47.07:815][  0]LogConfig: Setting CVar [[r.VolumetricFog:1]]
[2020.10.19-09.47.07:815][  0]LogConfig: Setting CVar [[r.VolumetricFog.GridPixelSize:8]]
[2020.10.19-09.47.07:815][  0]LogConfig: Setting CVar [[r.VolumetricFog.GridSizeZ:128]]
[2020.10.19-09.47.07:815][  0]LogConfig: Setting CVar [[r.VolumetricFog.HistoryMissSupersampleCount:4]]
[2020.10.19-09.47.07:815][  0]LogConfig: Setting CVar [[r.LightMaxDrawDistanceScale:1]]
[2020.10.19-09.47.07:815][  0]LogConfig: Setting CVar [[r.CapsuleShadows:1]]
[2020.10.19-09.47.07:815][  0]LogConfig: Applying CVar settings from Section [PostProcessQuality@3] File [C:/Users/Student 2020/Documents/VRLivePerformance/UnrealVRLivePerformance/UnrealVR/Saved/Config/Windows/Scalability.ini]
[2020.10.19-09.47.07:815][  0]LogConfig: Setting CVar [[r.MotionBlurQuality:4]]
[2020.10.19-09.47.07:815][  0]LogConfig: Setting CVar [[r.AmbientOcclusionMipLevelFactor:0.4]]
[2020.10.19-09.47.07:815][  0]LogConfig: Setting CVar [[r.AmbientOcclusionMaxQuality:100]]
[2020.10.19-09.47.07:815][  0]LogConfig: Setting CVar [[r.AmbientOcclusionLevels:-1]]
[2020.10.19-09.47.07:815][  0]LogConfig: Setting CVar [[r.AmbientOcclusionRadiusScale:1.0]]
[2020.10.19-09.47.07:815][  0]LogConfig: Setting CVar [[r.DepthOfFieldQuality:2]]
[2020.10.19-09.47.07:815][  0]LogConfig: Setting CVar [[r.RenderTargetPoolMin:400]]
[2020.10.19-09.47.07:815][  0]LogConfig: Setting CVar [[r.LensFlareQuality:2]]
[2020.10.19-09.47.07:815][  0]LogConfig: Setting CVar [[r.SceneColorFringeQuality:1]]
[2020.10.19-09.47.07:815][  0]LogConfig: Setting CVar [[r.EyeAdaptationQuality:2]]
[2020.10.19-09.47.07:815][  0]LogConfig: Setting CVar [[r.BloomQuality:5]]
[2020.10.19-09.47.07:815][  0]LogConfig: Setting CVar [[r.FastBlurThreshold:100]]
[2020.10.19-09.47.07:815][  0]LogConfig: Setting CVar [[r.Upscale.Quality:3]]
[2020.10.19-09.47.07:815][  0]LogConfig: Setting CVar [[r.Tonemapper.GrainQuantization:1]]
[2020.10.19-09.47.07:816][  0]LogConfig: Setting CVar [[r.LightShaftQuality:1]]
[2020.10.19-09.47.07:816][  0]LogConfig: Setting CVar [[r.Filter.SizeScale:1]]
[2020.10.19-09.47.07:816][  0]LogConfig: Setting CVar [[r.Tonemapper.Quality:5]]
[2020.10.19-09.47.07:816][  0]LogConfig: Setting CVar [[r.DOF.Gather.AccumulatorQuality:1        ; higher gathering accumulator quality]]
[2020.10.19-09.47.07:816][  0]LogConfig: Setting CVar [[r.DOF.Gather.PostfilterMethod:1          ; Median3x3 postfilering method]]
[2020.10.19-09.47.07:816][  0]LogConfig: Setting CVar [[r.DOF.Gather.EnableBokehSettings:0       ; no bokeh simulation when gathering]]
[2020.10.19-09.47.07:816][  0]LogConfig: Setting CVar [[r.DOF.Gather.RingCount:4                 ; medium number of samples when gathering]]
[2020.10.19-09.47.07:816][  0]LogConfig: Setting CVar [[r.DOF.Scatter.ForegroundCompositing:1    ; additive foreground scattering]]
[2020.10.19-09.47.07:816][  0]LogConfig: Setting CVar [[r.DOF.Scatter.BackgroundCompositing:2    ; additive background scattering]]
[2020.10.19-09.47.07:816][  0]LogConfig: Setting CVar [[r.DOF.Scatter.EnableBokehSettings:1      ; bokeh simulation when scattering]]
[2020.10.19-09.47.07:816][  0]LogConfig: Setting CVar [[r.DOF.Scatter.MaxSpriteRatio:0.1         ; only a maximum of 10% of scattered bokeh]]
[2020.10.19-09.47.07:816][  0]LogConfig: Setting CVar [[r.DOF.Recombine.Quality:1                ; cheap slight out of focus]]
[2020.10.19-09.47.07:816][  0]LogConfig: Setting CVar [[r.DOF.Recombine.EnableBokehSettings:0    ; no bokeh simulation on slight out of focus]]
[2020.10.19-09.47.07:816][  0]LogConfig: Setting CVar [[r.DOF.TemporalAAQuality:1                ; more stable temporal accumulation]]
[2020.10.19-09.47.07:816][  0]LogConfig: Setting CVar [[r.DOF.Kernel.MaxForegroundRadius:0.025]]
[2020.10.19-09.47.07:816][  0]LogConfig: Setting CVar [[r.DOF.Kernel.MaxBackgroundRadius:0.025]]
[2020.10.19-09.47.07:816][  0]LogConfig: Applying CVar settings from Section [TextureQuality@3] File [C:/Users/Student 2020/Documents/VRLivePerformance/UnrealVRLivePerformance/UnrealVR/Saved/Config/Windows/Scalability.ini]
[2020.10.19-09.47.07:816][  0]LogConfig: Setting CVar [[r.Streaming.MipBias:0]]
[2020.10.19-09.47.07:816][  0]LogConfig: Setting CVar [[r.Streaming.AmortizeCPUToGPUCopy:0]]
[2020.10.19-09.47.07:816][  0]LogConfig: Setting CVar [[r.Streaming.MaxNumTexturesToStreamPerFrame:0]]
[2020.10.19-09.47.07:816][  0]LogConfig: Setting CVar [[r.Streaming.Boost:1]]
[2020.10.19-09.47.07:816][  0]LogConfig: Setting CVar [[r.MaxAnisotropy:8]]
[2020.10.19-09.47.07:816][  0]LogConfig: Setting CVar [[r.VT.MaxAnisotropy:8]]
[2020.10.19-09.47.07:816][  0]LogConfig: Setting CVar [[r.Streaming.LimitPoolSizeToVRAM:0]]
[2020.10.19-09.47.07:816][  0]LogConfig: Setting CVar [[r.Streaming.PoolSize:1000]]
[2020.10.19-09.47.07:816][  0]LogConfig: Setting CVar [[r.Streaming.MaxEffectiveScreenSize:0]]
[2020.10.19-09.47.07:816][  0]LogConfig: Applying CVar settings from Section [EffectsQuality@3] File [C:/Users/Student 2020/Documents/VRLivePerformance/UnrealVRLivePerformance/UnrealVR/Saved/Config/Windows/Scalability.ini]
[2020.10.19-09.47.07:816][  0]LogConfig: Setting CVar [[r.TranslucencyLightingVolumeDim:64]]
[2020.10.19-09.47.07:816][  0]LogConfig: Setting CVar [[r.RefractionQuality:2]]
[2020.10.19-09.47.07:816][  0]LogConfig: Setting CVar [[r.SSR.Quality:3]]
[2020.10.19-09.47.07:816][  0]LogConfig: Setting CVar [[r.SSR.HalfResSceneColor:0]]
[2020.10.19-09.47.07:816][  0]LogConfig: Setting CVar [[r.SceneColorFormat:4]]
[2020.10.19-09.47.07:816][  0]LogConfig: Setting CVar [[r.DetailMode:2]]
[2020.10.19-09.47.07:816][  0]LogConfig: Setting CVar [[r.TranslucencyVolumeBlur:1]]
[2020.10.19-09.47.07:816][  0]LogConfig: Setting CVar [[r.MaterialQualityLevel:1 ; High quality]]
[2020.10.19-09.47.07:816][  0]LogConfig: Setting CVar [[r.SSS.Scale:1]]
[2020.10.19-09.47.07:816][  0]LogConfig: Setting CVar [[r.SSS.SampleSet:2]]
[2020.10.19-09.47.07:816][  0]LogConfig: Setting CVar [[r.SSS.Quality:1]]
[2020.10.19-09.47.07:816][  0]LogConfig: Setting CVar [[r.SSS.HalfRes:0]]
[2020.10.19-09.47.07:816][  0]LogConfig: Setting CVar [[r.SSGI.Quality:3]]
[2020.10.19-09.47.07:816][  0]LogConfig: Setting CVar [[r.EmitterSpawnRateScale:1.0]]
[2020.10.19-09.47.07:816][  0]LogConfig: Setting CVar [[r.ParticleLightQuality:2]]
[2020.10.19-09.47.07:816][  0]LogConfig: Setting CVar [[r.SkyAtmosphere.AerialPerspectiveLUT.FastApplyOnOpaque:1 ; Always have FastSkyLUT 1 in this case to avoid wrong sky]]
[2020.10.19-09.47.07:816][  0]LogConfig: Setting CVar [[r.SkyAtmosphere.AerialPerspectiveLUT.SampleCountPerSlice:1]]
[2020.10.19-09.47.07:816][  0]LogConfig: Setting CVar [[r.SkyAtmosphere.AerialPerspectiveLUT.DepthResolution:16.0]]
[2020.10.19-09.47.07:816][  0]LogConfig: Setting CVar [[r.SkyAtmosphere.FastSkyLUT:1]]
[2020.10.19-09.47.07:816][  0]LogConfig: Setting CVar [[r.SkyAtmosphere.FastSkyLUT.SampleCountMin:4.0]]
[2020.10.19-09.47.07:816][  0]LogConfig: Setting CVar [[r.SkyAtmosphere.FastSkyLUT.SampleCountMax:32.0]]
[2020.10.19-09.47.07:816][  0]LogConfig: Setting CVar [[r.SkyAtmosphere.SampleCountMin:4.0]]
[2020.10.19-09.47.07:816][  0]LogConfig: Setting CVar [[r.SkyAtmosphere.SampleCountMax:32.0]]
[2020.10.19-09.47.07:816][  0]LogConfig: Setting CVar [[r.SkyAtmosphere.TransmittanceLUT.UseSmallFormat:0]]
[2020.10.19-09.47.07:816][  0]LogConfig: Setting CVar [[r.SkyAtmosphere.TransmittanceLUT.SampleCount:10.0]]
[2020.10.19-09.47.07:816][  0]LogConfig: Setting CVar [[r.SkyAtmosphere.MultiScatteringLUT.SampleCount:15.0]]
[2020.10.19-09.47.07:816][  0]LogConfig: Applying CVar settings from Section [FoliageQuality@3] File [C:/Users/Student 2020/Documents/VRLivePerformance/UnrealVRLivePerformance/UnrealVR/Saved/Config/Windows/Scalability.ini]
[2020.10.19-09.47.07:816][  0]LogConfig: Setting CVar [[foliage.DensityScale:1.0]]
[2020.10.19-09.47.07:816][  0]LogConfig: Setting CVar [[grass.DensityScale:1.0]]
[2020.10.19-09.47.07:816][  0]LogConfig: Applying CVar settings from Section [ShadingQuality@3] File [C:/Users/Student 2020/Documents/VRLivePerformance/UnrealVRLivePerformance/UnrealVR/Saved/Config/Windows/Scalability.ini]
[2020.10.19-09.47.07:816][  0]LogConfig: Setting CVar [[r.HairStrands.SkyLighting.SampleCount:16]]
[2020.10.19-09.47.07:816][  0]LogConfig: Setting CVar [[r.HairStrands.SkyLighting.JitterIntegration:0]]
[2020.10.19-09.47.07:816][  0]LogConfig: Setting CVar [[r.HairStrands.SkyAO.SampleCount:16]]
[2020.10.19-09.47.07:816][  0]LogConfig: Setting CVar [[r.HairStrands.DeepShadow.SuperSampling:0]]
[2020.10.19-09.47.07:816][  0]LogConfig: Setting CVar [[r.HairStrands.VisibilityPPLL:0]]
[2020.10.19-09.47.07:816][  0]LogConfig: Setting CVar [[r.HairStrands.RasterizationScale:0.5]]
[2020.10.19-09.47.07:816][  0]LogConfig: Setting CVar [[r.HairStrands.VelocityRasterizationScale:1]]
[2020.10.19-09.47.07:816][  0]LogConfig: Applying CVar settings from Section [Startup] File [../../../Engine/Config/ConsoleVariables.ini]
[2020.10.19-09.47.07:816][  0]LogConfig: Setting CVar [[net.UseAdaptiveNetUpdateFrequency:0]]
[2020.10.19-09.47.07:816][  0]LogConfig: Setting CVar [[p.chaos.AllowCreatePhysxBodies:1]]
[2020.10.19-09.47.07:816][  0]LogConfig: Setting CVar [[fx.SkipVectorVMBackendOptimizations:1]]
[2020.10.19-09.47.07:816][  0]LogConfig: Applying CVar settings from Section [ConsoleVariables] File [C:/Users/Student 2020/Documents/VRLivePerformance/UnrealVRLivePerformance/UnrealVR/Saved/Config/Windows/Engine.ini]
[2020.10.19-09.47.07:816][  0]LogInit: Computer: DESKTOP-S32ASB4
[2020.10.19-09.47.07:816][  0]LogInit: User: Student2020
[2020.10.19-09.47.07:816][  0]LogInit: CPU Page size=4096, Cores=8
[2020.10.19-09.47.07:816][  0]LogInit: High frequency timer resolution =10.000000 MHz
[2020.10.19-09.47.07:816][  0]LogMemory: Memory total: Physical=63.7GB (64GB approx)
[2020.10.19-09.47.07:816][  0]LogMemory: Platform Memory Stats for Windows
[2020.10.19-09.47.07:816][  0]LogMemory: Process Physical Memory: 123.97 MB used, 123.98 MB peak
[2020.10.19-09.47.07:816][  0]LogMemory: Process Virtual Memory: 109.41 MB used, 109.41 MB peak
[2020.10.19-09.47.07:816][  0]LogMemory: Physical Memory: 9945.20 MB used,  55308.62 MB free, 65253.81 MB total
[2020.10.19-09.47.07:816][  0]LogMemory: Virtual Memory: 5238.89 MB used,  134212488.00 MB free, 134217728.00 MB total
[2020.10.19-09.47.07:821][  0]LogWindows: WindowsPlatformFeatures enabled
[2020.10.19-09.47.07:846][  0]LogInit: Physics initialised using underlying interface: PhysX
[2020.10.19-09.47.07:846][  0]LogInit: Using OS detected language (en-US).
[2020.10.19-09.47.07:846][  0]LogInit: Using OS detected locale (en-US).
[2020.10.19-09.47.07:849][  0]LogTextLocalizationManager: No specific localization for 'en-US' exists, so the 'en' localization will be used.
[2020.10.19-09.47.08:023][  0]LogInit: Setting process to per monitor DPI aware
[2020.10.19-09.47.08:051][  0]LogSlate: New Slate User Created.  User Index 0, Is Virtual User: 0
[2020.10.19-09.47.08:051][  0]LogSlate: Slate User Registered.  User Index 0, Is Virtual User: 0
[2020.10.19-09.47.08:151][  0]LogD3D11RHI: D3D11 min allowed feature level: 11_0
[2020.10.19-09.47.08:151][  0]LogD3D11RHI: D3D11 max allowed feature level: 11_0
[2020.10.19-09.47.08:151][  0]LogD3D11RHI: D3D11 adapters:
[2020.10.19-09.47.08:231][  0]LogD3D11RHI:    0. 'NVIDIA GeForce RTX 2080 Ti' (Feature Level 11_0)
[2020.10.19-09.47.08:231][  0]LogD3D11RHI:       11049/0/32626 MB DedicatedVideo/DedicatedSystem/SharedSystem, Outputs:2, VendorId:0x10de
[2020.10.19-09.47.08:234][  0]LogD3D11RHI:    1. 'Microsoft Basic Render Driver' (Feature Level 11_0)
[2020.10.19-09.47.08:234][  0]LogD3D11RHI:       0/0/32626 MB DedicatedVideo/DedicatedSystem/SharedSystem, Outputs:0, VendorId:0x1414
[2020.10.19-09.47.08:234][  0]LogD3D11RHI: Chosen D3D11 Adapter: 0
[2020.10.19-09.47.08:243][  0]LogD3D11RHI: Creating new Direct3DDevice
[2020.10.19-09.47.08:243][  0]LogD3D11RHI:     GPU DeviceId: 0x1e04 (for the marketing name, search the web for "GPU Device Id")
[2020.10.19-09.47.08:243][  0]LogWindows: EnumDisplayDevices:
[2020.10.19-09.47.08:243][  0]LogWindows:    0. 'NVIDIA GeForce RTX 2080 Ti' (P:1 D:1)
[2020.10.19-09.47.08:244][  0]LogWindows:    1. 'NVIDIA GeForce RTX 2080 Ti' (P:0 D:1)
[2020.10.19-09.47.08:244][  0]LogWindows:    2. 'NVIDIA GeForce RTX 2080 Ti' (P:0 D:0)
[2020.10.19-09.47.08:244][  0]LogWindows:    3. 'NVIDIA GeForce RTX 2080 Ti' (P:0 D:0)
[2020.10.19-09.47.08:244][  0]LogWindows: DebugString: FoundDriverCount:4 
[2020.10.19-09.47.08:244][  0]LogD3D11RHI:     Adapter Name: NVIDIA GeForce RTX 2080 Ti
[2020.10.19-09.47.08:244][  0]LogD3D11RHI:   Driver Version: 452.06 (internal:27.21.14.5206, unified:452.06)
[2020.10.19-09.47.08:244][  0]LogD3D11RHI:      Driver Date: 8-12-2020
[2020.10.19-09.47.08:244][  0]LogRHI: Texture pool is 7734 MB (70% of 11049 MB)
[2020.10.19-09.47.08:303][  0]LogD3D11RHI: RHI has support for 64 bit atomics
[2020.10.19-09.47.08:304][  0]LogD3D11RHI: [Aftermath] Enabled and primed
[2020.10.19-09.47.08:304][  0]LogD3D11RHI: Async texture creation enabled
[2020.10.19-09.47.08:304][  0]LogD3D11RHI: Array index from any shader is supported
[2020.10.19-09.47.08:326][  0]LogD3D11RHI: GPU Timing Frequency: 1000.000000 (Debug: 2 2)
[2020.10.19-09.47.08:569][  0]LogTargetPlatformManager: Display: Loaded TargetPlatform 'AllDesktop'
[2020.10.19-09.47.08:589][  0]LogTargetPlatformManager: Display: Loaded TargetPlatform 'Android'
[2020.10.19-09.47.08:589][  0]LogTargetPlatformManager: Display: Loaded TargetPlatform 'Android_ASTC'
[2020.10.19-09.47.08:590][  0]LogTargetPlatformManager: Display: Loaded TargetPlatform 'Android_DXT'
[2020.10.19-09.47.08:590][  0]LogTargetPlatformManager: Display: Loaded TargetPlatform 'Android_ETC2'
[2020.10.19-09.47.08:590][  0]LogTargetPlatformManager: Display: Loaded TargetPlatform 'AndroidClient'
[2020.10.19-09.47.08:590][  0]LogTargetPlatformManager: Display: Loaded TargetPlatform 'Android_ASTCClient'
[2020.10.19-09.47.08:590][  0]LogTargetPlatformManager: Display: Loaded TargetPlatform 'Android_DXTClient'
[2020.10.19-09.47.08:590][  0]LogTargetPlatformManager: Display: Loaded TargetPlatform 'Android_ETC2Client'
[2020.10.19-09.47.08:590][  0]LogTargetPlatformManager: Display: Loaded TargetPlatform 'Android_Multi'
[2020.10.19-09.47.08:590][  0]LogTargetPlatformManager: Display: Loaded TargetPlatform 'Android_MultiClient'
[2020.10.19-09.47.08:610][  0]LogTargetPlatformManager: Display: Loaded TargetPlatform 'IOSClient'
[2020.10.19-09.47.08:610][  0]LogTargetPlatformManager: Display: Loaded TargetPlatform 'IOS'
[2020.10.19-09.47.08:620][  0]LogTargetPlatformManager: Display: Loaded TargetPlatform 'Linux'
[2020.10.19-09.47.08:628][  0]LogTargetPlatformManager: Display: Loaded TargetPlatform 'LinuxNoEditor'
[2020.10.19-09.47.08:636][  0]LogTargetPlatformManager: Display: Loaded TargetPlatform 'LinuxClient'
[2020.10.19-09.47.08:644][  0]LogTargetPlatformManager: Display: Loaded TargetPlatform 'LinuxServer'
[2020.10.19-09.47.08:652][  0]LogTargetPlatformManager: Display: Loaded TargetPlatform 'LinuxAArch64NoEditor'
[2020.10.19-09.47.08:660][  0]LogTargetPlatformManager: Display: Loaded TargetPlatform 'LinuxAArch64Client'
[2020.10.19-09.47.08:667][  0]LogTargetPlatformManager: Display: Loaded TargetPlatform 'LinuxAArch64Server'
[2020.10.19-09.47.08:690][  0]LogTargetPlatformManager: Display: Loaded TargetPlatform 'Lumin'
[2020.10.19-09.47.08:690][  0]LogTargetPlatformManager: Display: Loaded TargetPlatform 'LuminClient'
[2020.10.19-09.47.08:703][  0]LogTargetPlatformManager: Display: Loaded TargetPlatform 'TVOSClient'
[2020.10.19-09.47.08:703][  0]LogTargetPlatformManager: Display: Loaded TargetPlatform 'TVOS'
[2020.10.19-09.47.08:711][  0]LogTargetPlatformManager: Display: Loaded TargetPlatform 'WindowsNoEditor'
[2020.10.19-09.47.08:719][  0]LogTargetPlatformManager: Display: Loaded TargetPlatform 'Windows'
[2020.10.19-09.47.08:727][  0]LogTargetPlatformManager: Display: Loaded TargetPlatform 'WindowsClient'
[2020.10.19-09.47.08:735][  0]LogTargetPlatformManager: Display: Loaded TargetPlatform 'WindowsServer'
[2020.10.19-09.47.08:735][  0]LogTargetPlatformManager: Display: Building Assets For Windows
[2020.10.19-09.47.08:741][  0]LogAudioDebug: Display: Lib vorbis DLL was dynamically loaded.
[2020.10.19-09.47.08:789][  0]LogShaderCompilers: Guid format shader working directory is -45 characters bigger than the processId version (../../../../../../Users/Student 2020/Documents/VRLivePerformance/UnrealVRLivePerformance/UnrealVR/Intermediate/Shaders/WorkingDirectory/11996/).
[2020.10.19-09.47.08:789][  0]LogShaderCompilers: Cleaned the shader compiler working directory 'C:/Users/Student 2020/AppData/Local/Temp/UnrealShaderWorkingDir/F0B0E20045905BA4FBFA4493881BFE88/'.
[2020.10.19-09.47.08:790][  0]LogXGEController: Cannot use XGE Controller as Incredibuild is not installed on this machine.
[2020.10.19-09.47.08:790][  0]LogShaderCompilers: Cannot use XGE Shader Compiler as Incredibuild is not installed on this machine.
[2020.10.19-09.47.08:790][  0]LogShaderCompilers: Display: Using Local Shader Compiler.
[2020.10.19-09.47.09:450][  0]LogDerivedDataCache: Display: Max Cache Size: 512 MB
[2020.10.19-09.47.09:512][  0]LogDerivedDataCache: Loaded boot cache 0.06s 94MB C:/Users/Student 2020/AppData/Local/UnrealEngine/4.25/DerivedDataCache/Boot.ddc.
[2020.10.19-09.47.09:512][  0]LogDerivedDataCache: Display: Loaded Boot cache: C:/Users/Student 2020/AppData/Local/UnrealEngine/4.25/DerivedDataCache/Boot.ddc
[2020.10.19-09.47.09:512][  0]LogDerivedDataCache: FDerivedDataBackendGraph:  Pak pak cache file ../../../../../../Users/Student 2020/Documents/VRLivePerformance/UnrealVRLivePerformance/UnrealVR/DerivedDataCache/DDC.ddp not found, will not use a pak cache.
[2020.10.19-09.47.09:512][  0]LogDerivedDataCache: Unable to find inner node Pak for hierarchical cache Hierarchy.
[2020.10.19-09.47.09:512][  0]LogDerivedDataCache: FDerivedDataBackendGraph:  CompressedPak pak cache file ../../../../../../Users/Student 2020/Documents/VRLivePerformance/UnrealVRLivePerformance/UnrealVR/DerivedDataCache/Compressed.ddp not found, will not use a pak cache.
[2020.10.19-09.47.09:512][  0]LogDerivedDataCache: Unable to find inner node CompressedPak for hierarchical cache Hierarchy.
[2020.10.19-09.47.09:522][  0]LogDerivedDataCache: Display: Pak cache opened for reading ../../../Engine/DerivedDataCache/Compressed.ddp.
[2020.10.19-09.47.09:522][  0]LogDerivedDataCache: FDerivedDataBackendGraph:  EnterprisePak pak cache file ../../../Enterprise/DerivedDataCache/Compressed.ddp not found, will not use a pak cache.
[2020.10.19-09.47.09:522][  0]LogDerivedDataCache: Unable to find inner node EnterprisePak for hierarchical cache Hierarchy.
[2020.10.19-09.47.09:523][  0]LogDerivedDataCache: Using Local data cache path C:/Users/Student 2020/AppData/Local/UnrealEngine/Common/DerivedDataCache: Writable
[2020.10.19-09.47.09:523][  0]LogDerivedDataCache: Shared data cache path not found in *engine.ini, will not use an Shared cache.
[2020.10.19-09.47.09:523][  0]LogDerivedDataCache: Unable to find inner node Shared for hierarchical cache Hierarchy.
[2020.10.19-09.47.09:568][  0]LogSlate: Using FreeType 2.10.0
[2020.10.19-09.47.09:569][  0]LogSlate: SlateFontServices - WITH_FREETYPE: 1, WITH_HARFBUZZ: 1
[2020.10.19-09.47.09:593][  0]LogAssetRegistry: FAssetRegistry took 0.0026 seconds to start up
[2020.10.19-09.47.09:797][  0]LogInit: Selected Device Profile: [Windows]
[2020.10.19-09.47.09:896][  0]LogMeshReduction: Using QuadricMeshReduction for automatic static mesh reduction
[2020.10.19-09.47.09:896][  0]LogMeshReduction: Using SimplygonMeshReduction for automatic skeletal mesh reduction
[2020.10.19-09.47.09:896][  0]LogMeshReduction: Using ProxyLODMeshReduction for automatic mesh merging
[2020.10.19-09.47.09:896][  0]LogMeshReduction: No distributed automatic mesh merging module available
[2020.10.19-09.47.09:896][  0]LogMeshMerging: No distributed automatic mesh merging module available
[2020.10.19-09.47.09:910][  0]LogNetVersion: UnrealVR 1.0.0, NetCL: 13144385, EngineNetVer: 14, GameNetVer: 0 (Checksum: 2192167523)
[2020.10.19-09.47.10:284][  0]LogAISub: UAISubsystem::UAISubsystem AISubsystem (00000143C26FF880), frame # 0
[2020.10.19-09.47.10:284][  0]LogAISub: UAISubsystem::UAISubsystem AIPerceptionSystem (00000143C2704CC0), frame # 0
[2020.10.19-09.47.10:285][  0]LogAISub: UAISubsystem::UAISubsystem EnvQueryManager (00000143C2778A00), frame # 0
[2020.10.19-09.47.10:328][  0]LogPackageLocalizationCache: Processed 20 localized package path(s) for 1 prioritized culture(s) in 0.037073 seconds
[2020.10.19-09.47.10:333][  0]LogUObjectArray: 15917 objects as part of root set at end of initial load.
[2020.10.19-09.47.10:333][  0]LogUObjectAllocator: 3965568 out of 0 bytes used by permanent object pool.
[2020.10.19-09.47.10:333][  0]LogUObjectArray: CloseDisregardForGC: 0/0 objects in disregard for GC pool
[2020.10.19-09.47.10:640][  0]LogTcpMessaging: Initializing TcpMessaging bridge
[2020.10.19-09.47.10:644][  0]LogUdpMessaging: Initializing bridge on interface 0.0.0.0:0 to multicast group 230.0.0.1:6666.
[2020.10.19-09.47.10:711][  0]SourceControl: Source control is disabled
[2020.10.19-09.47.10:711][  0]SourceControl: Source control is disabled
[2020.10.19-09.47.10:713][  0]SourceControl: Source control is disabled
[2020.10.19-09.47.10:716][  0]SourceControl: Source control is disabled
[2020.10.19-09.47.10:720][  0]SourceControl: Source control is disabled
[2020.10.19-09.47.11:041][  0]LogAndroidPermission: UAndroidPermissionCallbackProxy::GetInstance
[2020.10.19-09.47.11:057][  0]LogAudioCaptureCore: Display: No Audio Capture implementations found. Audio input will be silent.
[2020.10.19-09.47.11:057][  0]LogAudioCaptureCore: Display: No Audio Capture implementations found. Audio input will be silent.
[2020.10.19-09.47.11:100][  0]LogOcInput: OculusInput pre-init called
[2020.10.19-09.47.11:330][  0]LogEngine: Initializing Engine...
[2020.10.19-09.47.11:331][  0]LogHMD: Oculus plugin initialized. Version: 4.25.3-13942748+++UE4+Release-4.25, OVRPlugin: 1.44.0
[2020.10.19-09.47.11:331][  0]LogStats: UGameplayTagsManager::InitializeManager -  0.000 s
[2020.10.19-09.47.11:444][  0]LogInit: Initializing FReadOnlyCVARCache
[2020.10.19-09.47.11:451][  0]LogAIModule: Creating AISystem for world Untitled
[2020.10.19-09.47.11:451][  0]LogAISub: UAISubsystem::UAISubsystem EnvQueryManager (00000143D029FC00), frame # 0
[2020.10.19-09.47.11:451][  0]LogAISub: UAISubsystem::UAISubsystem AIPerceptionSystem (00000143D02EE0C0), frame # 0
[2020.10.19-09.47.11:471][  0]LogAudioMixer: Display: Audio Mixer Platform Settings:
[2020.10.19-09.47.11:471][  0]LogAudioMixer: Display: 	Sample Rate:						  48000
[2020.10.19-09.47.11:471][  0]LogAudioMixer: Display: 	Callback Buffer Frame Size Requested: 1024
[2020.10.19-09.47.11:471][  0]LogAudioMixer: Display: 	Callback Buffer Frame Size To Use:	  1024
[2020.10.19-09.47.11:471][  0]LogAudioMixer: Display: 	Number of buffers to queue:			  2
[2020.10.19-09.47.11:471][  0]LogAudioMixer: Display: 	Max Channels (voices):				  32
[2020.10.19-09.47.11:471][  0]LogAudioMixer: Display: 	Number of Async Source Workers:		  0
[2020.10.19-09.47.11:471][  0]LogAudio: Display: AudioDevice MaxSources: 32
[2020.10.19-09.47.11:472][  0]LogAudio: Display: Using built-in audio occlusion.
[2020.10.19-09.47.11:472][  0]LogAudioMixer: Display: Initializing audio mixer.
[2020.10.19-09.47.11:488][  0]LogAudioMixer: Display: 0: FrontLeft
[2020.10.19-09.47.11:488][  0]LogAudioMixer: Display: 1: FrontRight
[2020.10.19-09.47.11:526][  0]LogAudioMixer: Display: Using Audio Device Headphones (2- Arctis 7 Game)
[2020.10.19-09.47.11:529][  0]LogAudioMixer: Display: Initializing Sound Submixes...
[2020.10.19-09.47.11:531][  0]LogAudioMixer: Display: Creating Master Submix 'MasterSubmixDefault'
[2020.10.19-09.47.11:531][  0]LogAudioMixer: Display: Creating Master Submix 'MasterReverbSubmixDefault'
[2020.10.19-09.47.11:532][  0]LogAudioMixer: Display: Creating Master Submix 'MasterEQSubmixDefault'
[2020.10.19-09.47.11:533][  0]LogInit: FAudioDevice initialized.
[2020.10.19-09.47.11:533][  0]LogNetVersion: Set ProjectVersion to 1.0.0.0. Version Checksum will be recalculated on next use.
[2020.10.19-09.47.11:588][  0]LogDerivedDataCache: Saved boot cache 0.05s 94MB C:/Users/Student 2020/AppData/Local/UnrealEngine/4.25/DerivedDataCache/Boot.ddc.
[2020.10.19-09.47.11:592][  0]LogInit: Texture streaming: Enabled
[2020.10.19-09.47.11:606][  0]LogEngineSessionManager: EngineSessionManager initialized
[2020.10.19-09.47.11:606][  0]LogEditorSessionSummary: Verbose: Initializing EditorSessionSummaryWriter for editor session tracking
[2020.10.19-09.47.11:607][  0]LogEditorSessionSummary: EditorSessionSummaryWriter initialized
[2020.10.19-09.47.11:669][  0]LogInit: Transaction tracking system initialized
[2020.10.19-09.47.11:687][  0]BlueprintLog: New page: Editor Load
[2020.10.19-09.47.11:745][  0]LocalizationService: Localization service is disabled
[2020.10.19-09.47.11:879][  0]LogCook: Display: Max memory allowance for cook 16384mb min free memory 0mb
[2020.10.19-09.47.11:879][  0]LogCook: Display: Mobile HDR setting 1
[2020.10.19-09.47.11:993][  0]LogFileCache: Scanning file cache for directory 'C:/Users/Student 2020/Documents/VRLivePerformance/UnrealVRLivePerformance/UnrealVR/Content/' took 0.00s
[2020.10.19-09.47.12:160][  0]SourceControl: Source control is disabled
[2020.10.19-09.47.12:160][  0]LogUnrealEdMisc: Loading editor; pre map load, took 5.675
[2020.10.19-09.47.12:160][  0]Cmd: MAP LOAD FILE="../../../../../../Users/Student 2020/Documents/VRLivePerformance/UnrealVRLivePerformance/UnrealVR/Content/Maps/Lobby/Lobby.umap" TEMPLATE=0 SHOWPROGRESS=1 FEATURELEVEL=3
[2020.10.19-09.47.12:161][  0]LightingResults: New page: Lighting Build
[2020.10.19-09.47.12:161][  0]LogWorld: UWorld::CleanupWorld for Untitled, bSessionEnded=true, bCleanupResources=true
[2020.10.19-09.47.12:161][  0]LogSlate: InvalidateAllWidgets triggered.  All widgets were invalidated
[2020.10.19-09.47.12:162][  0]MapCheck: New page: Map Check
[2020.10.19-09.47.12:162][  0]LightingResults: New page: Lighting Build
[2020.10.19-09.47.12:187][  0]LogAISub: UAISubsystem::~UAISubsystem EnvQueryManager (00000143D029FC00), frame # 0
[2020.10.19-09.47.12:187][  0]LogAISub: UAISubsystem::~UAISubsystem AIPerceptionSystem (00000143D02EE0C0), frame # 0
[2020.10.19-09.47.12:188][  0]LogUObjectHash: Compacting FUObjectHashTables data took   0.68ms
[2020.10.19-09.47.12:357][  0]LogBlueprint: Warning: [Compiler PersistentLevel.Lobby] Node  Unknown  is not referencing a valid level actor
[2020.10.19-09.47.12:395][  0]LogAIModule: Creating AISystem for world Lobby
[2020.10.19-09.47.12:396][  0]LogAISub: UAISubsystem::UAISubsystem EnvQueryManager (00000143B7F57E00), frame # 0
[2020.10.19-09.47.12:396][  0]LogAISub: UAISubsystem::UAISubsystem AIPerceptionSystem (00000143B6F4CCC0), frame # 0
[2020.10.19-09.47.12:401][  0]LogEditorServer: Finished looking for orphan Actors (0.000 secs)
[2020.10.19-09.47.12:420][  0]LogUObjectHash: Compacting FUObjectHashTables data took   0.91ms
[2020.10.19-09.47.12:420][  0]Cmd: MAP CHECKDEP NOCLEARLOG
[2020.10.19-09.47.12:420][  0]MapCheck: Map check complete: 0 Error(s), 0 Warning(s), took 0.155ms to complete.
[2020.10.19-09.47.12:421][  0]LogFileHelpers: Loading map 'Lobby' took 0.260
[2020.10.19-09.47.12:423][  0]LogUnrealEdMisc: Total Editor Startup Time, took 5.937
[2020.10.19-09.47.12:582][  0]LogSlate: Updating window title bar state: overlay mode, drag disabled, window buttons hidden, title bar hidden
[2020.10.19-09.47.12:589][  0]LogSlate: Updating window title bar state: overlay mode, drag disabled, window buttons hidden, title bar hidden
[2020.10.19-09.47.12:596][  0]LogSlate: Updating window title bar state: overlay mode, drag disabled, window buttons hidden, title bar hidden
[2020.10.19-09.47.12:603][  0]LogSlate: Updating window title bar state: overlay mode, drag disabled, window buttons hidden, title bar hidden
[2020.10.19-09.47.12:610][  0]LogCollectionManager: Loaded 0 collections in 0.001563 seconds
[2020.10.19-09.47.12:624][  0]LogFileCache: Scanning file cache for directory 'C:/Users/Student 2020/Documents/VRLivePerformance/UnrealVRLivePerformance/UnrealVR/Saved/Collections/' took 0.00s
[2020.10.19-09.47.12:624][  0]LogFileCache: Scanning file cache for directory 'C:/Users/Student 2020/Documents/VRLivePerformance/UnrealVRLivePerformance/UnrealVR/Content/Developers/Student2020/Collections/' took 0.00s
[2020.10.19-09.47.12:624][  0]LogFileCache: Scanning file cache for directory 'C:/Users/Student 2020/Documents/VRLivePerformance/UnrealVRLivePerformance/UnrealVR/Content/Collections/' took 0.00s
[2020.10.19-09.47.12:624][  0]LogContentBrowser: Native class hierarchy populated in 0.0090 seconds. Added 3435 classes and 827 folders.
[2020.10.19-09.47.12:626][  0]LogContentBrowser: Native class hierarchy updated for 'WidgetCarousel' in 0.0004 seconds. Added 0 classes and 0 folders.
[2020.10.19-09.47.12:664][  0]LogContentBrowser: Native class hierarchy updated for 'AddContentDialog' in 0.0004 seconds. Added 0 classes and 0 folders.
[2020.10.19-09.47.12:665][  0]LogContentBrowser: Native class hierarchy updated for 'SceneOutliner' in 0.0004 seconds. Added 2 classes and 0 folders.
[2020.10.19-09.47.12:705][  0]LogSlate: Took 0.000126 seconds to synchronously load lazily loaded font '../../../Engine/Content/Slate/Fonts/Roboto-Regular.ttf' (155K)
[2020.10.19-09.47.12:707][  0]LogSlate: Took 0.000126 seconds to synchronously load lazily loaded font '../../../Engine/Content/Slate/Fonts/Roboto-Bold.ttf' (160K)
[2020.10.19-09.47.12:710][  0]LogSlate: Took 0.000125 seconds to synchronously load lazily loaded font '../../../Engine/Content/Editor/Slate/Fonts/FontAwesome.ttf' (139K)
[2020.10.19-09.47.12:771][  0]LogRenderer: Reallocating scene render targets to support 1616x808 Format 10 NumSamples 1 (Frame:1).
[2020.10.19-09.47.12:897][  0]LogContentBrowser: Native class hierarchy updated for 'HierarchicalLODOutliner' in 0.0004 seconds. Added 0 classes and 0 folders.
[2020.10.19-09.47.12:897][  0]LogLoad: (Engine Initialization) Total time: 6.41 seconds
[2020.10.19-09.47.12:897][  0]LogLoad: (Engine Initialization) Total Blueprint compile time: 0.00 seconds
[2020.10.19-09.47.12:908][  0]LogOcInput: OculusInput is initialized
[2020.10.19-09.47.12:939][  0]LogAssetRegistry: Asset discovery search completed in 3.3478 seconds
[2020.10.19-09.47.12:943][  0]LogCollectionManager: Fixed up redirectors for 0 collections in 0.000003 seconds (updated 0 objects)
[2020.10.19-09.47.12:947][  0]LogContentStreaming: Texture pool size now 1000 MB
[2020.10.19-09.47.13:929][ 62]LogSlate: Took 0.000183 seconds to synchronously load lazily loaded font '../../../Engine/Content/Slate/Fonts/Roboto-Light.ttf' (167K)
[2020.10.19-09.47.14:546][ 85]LogAssetEditorSubsystem: Opening Asset editor for World /Game/Maps/MainMap.MainMap
[2020.10.19-09.47.14:568][ 85]LogUObjectHash: Compacting FUObjectHashTables data took   0.79ms
[2020.10.19-09.47.14:571][ 85]Cmd: MAP LOAD FILE="../../../../../../Users/Student 2020/Documents/VRLivePerformance/UnrealVRLivePerformance/UnrealVR/Content/Maps/MainMap.umap" TEMPLATE=0 SHOWPROGRESS=1 FEATURELEVEL=3
[2020.10.19-09.47.14:571][ 85]LightingResults: New page: Lighting Build
[2020.10.19-09.47.14:571][ 85]LoadErrors: New page: Loading map: MainMap.umap
[2020.10.19-09.47.14:572][ 85]LogWorld: UWorld::CleanupWorld for Lobby, bSessionEnded=true, bCleanupResources=true
[2020.10.19-09.47.14:572][ 85]LogSlate: InvalidateAllWidgets triggered.  All widgets were invalidated
[2020.10.19-09.47.14:572][ 85]MapCheck: New page: Map Check
[2020.10.19-09.47.14:572][ 85]LightingResults: New page: Lighting Build
[2020.10.19-09.47.14:586][ 85]LogAISub: UAISubsystem::~UAISubsystem EnvQueryManager (00000143B7F57E00), frame # 85
[2020.10.19-09.47.14:586][ 85]LogAISub: UAISubsystem::~UAISubsystem AIPerceptionSystem (00000143B6F4CCC0), frame # 85
[2020.10.19-09.47.14:587][ 85]LogUObjectHash: Compacting FUObjectHashTables data took   0.79ms
[2020.10.19-09.47.14:589][ 85]LogStreaming: Display: ULevelStreaming::RequestLevel(/Game/Maps/Lobby/Lobby) is flushing async loading
[2020.10.19-09.47.14:589][ 85]LogStreaming: Display: Flushing async loaders.
[2020.10.19-09.47.14:593][ 85]LogBlueprint: Warning: [Compiler PersistentLevel.Lobby] Node  Unknown  is not referencing a valid level actor
[2020.10.19-09.47.14:598][ 85]LogStreaming: Display: ULevelStreaming::RequestLevel(/Game/Maps/EnvironmentMaps/SkyscraperMap/StageLevel) is flushing async loading
[2020.10.19-09.47.14:695][ 85]LogEditorServer: Finished looking for orphan Actors (0.000 secs)
[2020.10.19-09.47.14:695][ 85]LogAIModule: Creating AISystem for world MainMap
[2020.10.19-09.47.14:695][ 85]LogAISub: UAISubsystem::UAISubsystem EnvQueryManager (00000143B807DE00), frame # 85
[2020.10.19-09.47.14:695][ 85]LogAISub: UAISubsystem::UAISubsystem AIPerceptionSystem (00000143B7104680), frame # 85
[2020.10.19-09.47.14:710][ 85]LogUObjectHash: Compacting FUObjectHashTables data took   0.78ms
[2020.10.19-09.47.14:748][ 85]Cmd: MAP CHECKDEP NOCLEARLOG
[2020.10.19-09.47.14:750][ 85]MapCheck: Map check complete: 0 Error(s), 0 Warning(s), took 1.77ms to complete.
[2020.10.19-09.47.14:750][ 85]LogFileHelpers: Loading map 'MainMap' took 0.180
[2020.10.19-09.47.16:634][292]LogAssetEditorSubsystem: Opening Asset editor for WidgetBlueprint /Game/Maps/MainMapUI.MainMapUI
[2020.10.19-09.47.16:858][292]LogContentBrowser: Native class hierarchy updated for 'BlueprintGraph' in 0.0007 seconds. Added 125 classes and 0 folders.
[2020.10.19-09.47.17:972][292]LogSlate: Took 0.000167 seconds to synchronously load lazily loaded font '../../../Engine/Content/Slate/Fonts/Roboto-BoldCondensed.ttf' (158K)
[2020.10.19-09.47.18:000][294]LogFileCache: Retrieving MD5 hashes for directory 'C:/Users/Student 2020/Documents/VRLivePerformance/UnrealVRLivePerformance/UnrealVR/Content/' took 5.09s
[2020.10.19-09.47.21:339][640]LogSlate: Took 0.000178 seconds to synchronously load lazily loaded font '../../../Engine/Content/Slate/Fonts/Roboto-Italic.ttf' (157K)
[2020.10.19-09.47.31:219][794]BlueprintLog: New page: Compile MainMapUI
[2020.10.19-09.47.31:282][794]LogUObjectHash: Compacting FUObjectHashTables data took   3.50ms
[2020.10.19-09.47.31:914][861]Cmd: OBJ SAVEPACKAGE PACKAGE="/Game/Maps/MainMapUI" FILE="../../../../../../Users/Student 2020/Documents/VRLivePerformance/UnrealVRLivePerformance/UnrealVR/Content/Maps/MainMapUI.uasset" SILENT=true
[2020.10.19-09.47.31:947][861]LogSavePackage: Moving '../../../../../../Users/Student 2020/Documents/VRLivePerformance/UnrealVRLivePerformance/UnrealVR/Saved/MainMapUIF50C94D64E11743400133986DA419B14.tmp' to '../../../../../../Users/Student 2020/Documents/VRLivePerformance/UnrealVRLivePerformance/UnrealVR/Content/Maps/MainMapUI.uasset'
[2020.10.19-09.47.31:963][861]AssetCheck: New page: Asset Save: MainMapUI
[2020.10.19-09.47.31:963][861]LogContentValidation: Display: Validating WidgetBlueprint /Game/Maps/MainMapUI.MainMapUI
[2020.10.19-09.47.33:640][ 44]LogTemp: Repeating last play command: Simulate
[2020.10.19-09.47.33:664][ 44]LogPlayLevel: PlayLevel: No blueprints needed recompiling
[2020.10.19-09.47.33:664][ 44]PIE: New page: SIE session: MainMap (Oct 19, 2020, 1:47:33 PM)
[2020.10.19-09.47.33:665][ 44]LogOnline: OSS: Creating online subsystem instance for: NULL
[2020.10.19-09.47.33:666][ 44]LogOnline: OSS: TryLoadSubsystemAndSetDefault: Loaded subsystem for module [NULL]
[2020.10.19-09.47.33:667][ 44]LogPlayLevel: Creating play world package: /Game/Maps/UEDPIE_0_MainMap
[2020.10.19-09.47.33:668][ 44]LogPlayLevel: PIE: StaticDuplicateObject took: (0.001210s)
[2020.10.19-09.47.33:669][ 44]LogAIModule: Creating AISystem for world MainMap
[2020.10.19-09.47.33:669][ 44]LogAISub: UAISubsystem::UAISubsystem EnvQueryManager (00000143E99A7000), frame # 2044
[2020.10.19-09.47.33:669][ 44]LogAISub: UAISubsystem::UAISubsystem AIPerceptionSystem (00000143F42C4E00), frame # 2044
[2020.10.19-09.47.33:669][ 44]LogPlayLevel: PIE: World Init took: (0.000969s)
[2020.10.19-09.47.33:669][ 44]LogPlayLevel: PIE: Created PIE world by copying editor world from /Game/Maps/MainMap.MainMap to /Game/Maps/UEDPIE_0_MainMap.MainMap (0.002279s)
[2020.10.19-09.47.33:697][ 44]LogUObjectHash: Compacting FUObjectHashTables data took   3.01ms
[2020.10.19-09.47.33:698][ 44]LogAudioMixer: Display: Audio Mixer Platform Settings:
[2020.10.19-09.47.33:698][ 44]LogAudioMixer: Display: 	Sample Rate:						  48000
[2020.10.19-09.47.33:698][ 44]LogAudioMixer: Display: 	Callback Buffer Frame Size Requested: 1024
[2020.10.19-09.47.33:698][ 44]LogAudioMixer: Display: 	Callback Buffer Frame Size To Use:	  1024
[2020.10.19-09.47.33:698][ 44]LogAudioMixer: Display: 	Number of buffers to queue:			  2
[2020.10.19-09.47.33:698][ 44]LogAudioMixer: Display: 	Max Channels (voices):				  32
[2020.10.19-09.47.33:698][ 44]LogAudioMixer: Display: 	Number of Async Source Workers:		  0
[2020.10.19-09.47.33:698][ 44]LogAudio: Display: AudioDevice MaxSources: 32
[2020.10.19-09.47.33:699][ 44]LogAudio: Display: Using built-in audio occlusion.
[2020.10.19-09.47.33:699][ 44]LogAudioMixer: Display: Initializing audio mixer.
[2020.10.19-09.47.33:703][ 44]LogAudioMixer: Display: 0: FrontLeft
[2020.10.19-09.47.33:703][ 44]LogAudioMixer: Display: 1: FrontRight
[2020.10.19-09.47.33:718][ 44]LogAudioMixer: Display: Using Audio Device Headphones (2- Arctis 7 Game)
[2020.10.19-09.47.33:719][ 44]LogAudioMixer: Display: Initializing Sound Submixes...
[2020.10.19-09.47.33:719][ 44]LogAudioMixer: Display: Creating Master Submix 'MasterSubmixDefault'
[2020.10.19-09.47.33:719][ 44]LogAudioMixer: Display: Creating Master Submix 'MasterReverbSubmixDefault'
[2020.10.19-09.47.33:719][ 44]LogAudioMixer: Display: Creating Master Submix 'MasterEQSubmixDefault'
[2020.10.19-09.47.33:736][ 44]LogInit: FAudioDevice initialized.
[2020.10.19-09.47.33:742][ 44]LogLoad: Game class is 'GameModeBase'
[2020.10.19-09.47.33:743][ 44]LogWorld: Bringing World /Game/Maps/UEDPIE_0_MainMap.MainMap up for play (max tick rate 0) at 2020.10.19-11.47.33
[2020.10.19-09.47.33:743][ 44]LogWorld: Bringing up level for play took: 0.000427
[2020.10.19-09.47.33:744][ 44]LogOnline: OSS: Creating online subsystem instance for: :Context_3
[2020.10.19-09.47.33:745][ 44]LogGameMode: FindPlayerStart: PATHS NOT DEFINED or NO PLAYERSTART with positive rating
[2020.10.19-09.47.33:746][ 44]LogContentBrowser: Native class hierarchy updated for 'MovieSceneCapture' in 0.0005 seconds. Added 20 classes and 0 folders.
[2020.10.19-09.47.33:747][ 44]PIE: Server logged in
[2020.10.19-09.47.33:749][ 44]PIE: Play in editor total start time 0.088 seconds.
[2020.10.19-09.47.34:700][ 88]LogNet: Browse: /Game/Maps/Lobby/Lobby
[2020.10.19-09.47.34:700][ 88]LogHMD: Initializing OVRPlugin session
[2020.10.19-09.47.34:817][ 88]LogHMD: Allocating Oculus 3296 x 1776 rendertarget swapchain
[2020.10.19-09.47.34:817][ 88]LogLoadingSplash: Loading texture for splash rp_manuel_animated_001_dif...
[2020.10.19-09.47.34:817][ 88]LogLoadingSplash: ...Success. 
[2020.10.19-09.47.34:817][ 88]LogHMD: FSplash::OnShow
[2020.10.19-09.47.34:818][ 88]LogLoad: LoadMap: /Game/Maps/Lobby/Lobby
[2020.10.19-09.47.34:818][ 88]LogWorld: BeginTearingDown for /Game/Maps/UEDPIE_0_MainMap
[2020.10.19-09.47.34:818][ 88]LogWorld: UWorld::CleanupWorld for MainMap, bSessionEnded=true, bCleanupResources=true
[2020.10.19-09.47.34:818][ 88]LogSlate: InvalidateAllWidgets triggered.  All widgets were invalidated
[2020.10.19-09.47.34:889][ 88]LogAISub: UAISubsystem::~UAISubsystem AIPerceptionSystem (00000143F42C4E00), frame # 2088
[2020.10.19-09.47.34:889][ 88]LogAISub: UAISubsystem::~UAISubsystem EnvQueryManager (00000143E99A7000), frame # 2088
[2020.10.19-09.47.34:922][ 88]LogUObjectHash: Compacting FUObjectHashTables data took   3.66ms
[2020.10.19-09.47.34:924][ 88]LogPlayLevel: Creating play world package: /Game/Maps/Lobby/UEDPIE_0_Lobby
[2020.10.19-09.47.34:927][ 88]LogPlayLevel: PIE: StaticDuplicateObject took: (0.002968s)
[2020.10.19-09.47.34:928][ 88]LogAIModule: Creating AISystem for world Lobby
[2020.10.19-09.47.34:928][ 88]LogAISub: UAISubsystem::UAISubsystem EnvQueryManager (00000143DA566C00), frame # 2088
[2020.10.19-09.47.34:928][ 88]LogAISub: UAISubsystem::UAISubsystem AIPerceptionSystem (00000144190F4F40), frame # 2088
[2020.10.19-09.47.34:928][ 88]LogPlayLevel: PIE: World Init took: (0.001025s)
[2020.10.19-09.47.34:928][ 88]LogPlayLevel: PIE: Created PIE world by copying editor world from /Game/Maps/Lobby/Lobby.Lobby to /Game/Maps/Lobby/UEDPIE_0_Lobby.Lobby (0.004145s)
[2020.10.19-09.47.34:928][ 88]LogLoad: Game class is 'GameModeBase'
[2020.10.19-09.47.34:929][ 88]LogWorld: Bringing World /Game/Maps/Lobby/UEDPIE_0_Lobby.Lobby up for play (max tick rate 0) at 2020.10.19-11.47.34
[2020.10.19-09.47.34:929][ 88]LogWorld: Bringing up level for play took: 0.000500
[2020.10.19-09.47.34:930][ 88]LogGameMode: FindPlayerStart: PATHS NOT DEFINED or NO PLAYERSTART with positive rating
[2020.10.19-09.47.34:930][ 88]LogLoadingSplash: Loading texture for splash rp_manuel_animated_001_dif...
[2020.10.19-09.47.34:930][ 88]LogLoadingSplash: ...Success. 
[2020.10.19-09.47.34:932][ 88]LogHMD: FSplash::OnShow
[2020.10.19-09.47.34:935][ 88]LogLoad: Took 0.117027 seconds to LoadMap(/Game/Maps/Lobby/UEDPIE_0_Lobby)
[2020.10.19-09.47.34:982][ 89]LogHMD: FSplash::OnHide
[2020.10.19-09.47.35:971][149]LogSlate: Updating window title bar state: overlay mode, drag disabled, window buttons hidden, title bar hidden
[2020.10.19-09.47.35:971][149]LogWorld: BeginTearingDown for /Game/Maps/Lobby/UEDPIE_0_Lobby
[2020.10.19-09.47.35:972][149]LogWorld: UWorld::CleanupWorld for Lobby, bSessionEnded=true, bCleanupResources=true
[2020.10.19-09.47.35:972][149]LogSlate: InvalidateAllWidgets triggered.  All widgets were invalidated
[2020.10.19-09.47.35:977][149]LogPlayLevel: Display: Shutting down PIE online subsystems
[2020.10.19-09.47.35:982][149]LogSlate: InvalidateAllWidgets triggered.  All widgets were invalidated
[2020.10.19-09.47.36:025][149]LogSlate: Updating window title bar state: overlay mode, drag disabled, window buttons hidden, title bar hidden
[2020.10.19-09.47.36:035][149]LogAISub: UAISubsystem::~UAISubsystem AIPerceptionSystem (00000144190F4F40), frame # 2149
[2020.10.19-09.47.36:035][149]LogAISub: UAISubsystem::~UAISubsystem EnvQueryManager (00000143DA566C00), frame # 2149
[2020.10.19-09.47.36:053][149]LogUObjectHash: Compacting FUObjectHashTables data took   2.68ms
[2020.10.19-09.47.36:093][150]LogPlayLevel: Display: Destroying online subsystem :Context_3
[2020.10.19-09.47.47:633][469]BlueprintLog: New page: Compile MainMapUI
[2020.10.19-09.47.47:667][469]LogUObjectHash: Compacting FUObjectHashTables data took   2.43ms
[2020.10.19-09.47.48:193][526]Cmd: OBJ SAVEPACKAGE PACKAGE="/Game/Maps/MainMapUI" FILE="../../../../../../Users/Student 2020/Documents/VRLivePerformance/UnrealVRLivePerformance/UnrealVR/Content/Maps/MainMapUI.uasset" SILENT=true
[2020.10.19-09.47.48:219][526]LogSavePackage: Moving '../../../../../../Users/Student 2020/Documents/VRLivePerformance/UnrealVRLivePerformance/UnrealVR/Saved/MainMapUIADCA42774BBFC90A1A9F0792675BF801.tmp' to '../../../../../../Users/Student 2020/Documents/VRLivePerformance/UnrealVRLivePerformance/UnrealVR/Content/Maps/MainMapUI.uasset'
[2020.10.19-09.47.48:233][526]AssetCheck: New page: Asset Save: MainMapUI
[2020.10.19-09.47.48:233][526]LogContentValidation: Display: Validating WidgetBlueprint /Game/Maps/MainMapUI.MainMapUI
[2020.10.19-09.47.49:236][631]LogTemp: Repeating last play command: Simulate
[2020.10.19-09.47.49:260][631]LogPlayLevel: PlayLevel: No blueprints needed recompiling
[2020.10.19-09.47.49:260][631]PIE: New page: SIE session: MainMap (Oct 19, 2020, 1:47:49 PM)
[2020.10.19-09.47.49:260][631]LogPlayLevel: Creating play world package: /Game/Maps/UEDPIE_0_MainMap
[2020.10.19-09.47.49:261][631]LogPlayLevel: PIE: StaticDuplicateObject took: (0.001149s)
[2020.10.19-09.47.49:262][631]LogAIModule: Creating AISystem for world MainMap
[2020.10.19-09.47.49:262][631]LogAISub: UAISubsystem::UAISubsystem EnvQueryManager (00000143F18B7E00), frame # 3631
[2020.10.19-09.47.49:262][631]LogAISub: UAISubsystem::UAISubsystem AIPerceptionSystem (00000143DA0A5300), frame # 3631
[2020.10.19-09.47.49:263][631]LogPlayLevel: PIE: World Init took: (0.001043s)
[2020.10.19-09.47.49:263][631]LogPlayLevel: PIE: Created PIE world by copying editor world from /Game/Maps/MainMap.MainMap to /Game/Maps/UEDPIE_0_MainMap.MainMap (0.002285s)
[2020.10.19-09.47.49:290][631]LogUObjectHash: Compacting FUObjectHashTables data took   2.91ms
[2020.10.19-09.47.49:293][631]LogAudioMixer: Display: Audio Mixer Platform Settings:
[2020.10.19-09.47.49:293][631]LogAudioMixer: Display: 	Sample Rate:						  48000
[2020.10.19-09.47.49:293][631]LogAudioMixer: Display: 	Callback Buffer Frame Size Requested: 1024
[2020.10.19-09.47.49:293][631]LogAudioMixer: Display: 	Callback Buffer Frame Size To Use:	  1024
[2020.10.19-09.47.49:293][631]LogAudioMixer: Display: 	Number of buffers to queue:			  2
[2020.10.19-09.47.49:293][631]LogAudioMixer: Display: 	Max Channels (voices):				  32
[2020.10.19-09.47.49:293][631]LogAudioMixer: Display: 	Number of Async Source Workers:		  0
[2020.10.19-09.47.49:293][631]LogAudio: Display: AudioDevice MaxSources: 32
[2020.10.19-09.47.49:293][631]LogAudio: Display: Using built-in audio occlusion.
[2020.10.19-09.47.49:293][631]LogAudioMixer: Display: Initializing audio mixer.
[2020.10.19-09.47.49:297][631]LogAudioMixer: Display: 0: FrontLeft
[2020.10.19-09.47.49:297][631]LogAudioMixer: Display: 1: FrontRight
[2020.10.19-09.47.49:312][631]LogAudioMixer: Display: Using Audio Device Headphones (2- Arctis 7 Game)
[2020.10.19-09.47.49:312][631]LogAudioMixer: Display: Initializing Sound Submixes...
[2020.10.19-09.47.49:312][631]LogAudioMixer: Display: Creating Master Submix 'MasterSubmixDefault'
[2020.10.19-09.47.49:312][631]LogAudioMixer: Display: Creating Master Submix 'MasterReverbSubmixDefault'
[2020.10.19-09.47.49:313][631]LogAudioMixer: Display: Creating Master Submix 'MasterEQSubmixDefault'
[2020.10.19-09.47.49:327][631]LogInit: FAudioDevice initialized.
[2020.10.19-09.47.49:336][631]LogLoad: Game class is 'GameModeBase'
[2020.10.19-09.47.49:336][631]LogWorld: Bringing World /Game/Maps/UEDPIE_0_MainMap.MainMap up for play (max tick rate 0) at 2020.10.19-11.47.49
[2020.10.19-09.47.49:336][631]LogWorld: Bringing up level for play took: 0.000429
[2020.10.19-09.47.49:336][631]LogOnline: OSS: Creating online subsystem instance for: :Context_4
[2020.10.19-09.47.49:338][631]LogGameMode: FindPlayerStart: PATHS NOT DEFINED or NO PLAYERSTART with positive rating
[2020.10.19-09.47.49:338][631]PIE: Server logged in
[2020.10.19-09.47.49:339][631]PIE: Play in editor total start time 0.084 seconds.
[2020.10.19-09.47.50:215][679]LogOutputDevice: Warning: 

Script Stack (2 frames):
MainMapUI_C.ExecuteUbergraph_MainMapUI
MainMapUI_C.BndEvt__StartButton_K2Node_ComponentBoundEvent_0_OnButtonClickedEvent__DelegateSignature

[2020.10.19-09.47.50:215][679]LogWindows: Windows GetLastError: The operation completed successfully. (0)
[2020.10.19-09.47.52:552][679]LogWindows: Error: === Critical error: ===
[2020.10.19-09.47.52:552][679]LogWindows: Error: 
[2020.10.19-09.47.52:552][679]LogWindows: Error: Assertion failed: IsValidIndex(Index) [File:D:\Build\++UE4+Licensee\Sync\Engine\Source\Runtime\Core\Public\Containers/UnrealString.h] [Line: 207] 
[2020.10.19-09.47.52:552][679]LogWindows: Error: String index out of bounds: Index 10 from a string with a length of 10
[2020.10.19-09.47.52:552][679]LogWindows: Error: 
[2020.10.19-09.47.52:552][679]LogWindows: Error: 
[2020.10.19-09.47.52:552][679]LogWindows: Error: [Callstack] 0x00007ff9c9fb3e49 KERNELBASE.dll!UnknownFunction []
[2020.10.19-09.47.52:552][679]LogWindows: Error: [Callstack] 0x00007ff95fa1e9e6 UE4Editor-Core.dll!UnknownFunction []
[2020.10.19-09.47.52:552][679]LogWindows: Error: [Callstack] 0x00007ff95fa21dc8 UE4Editor-Core.dll!UnknownFunction []
[2020.10.19-09.47.52:552][679]LogWindows: Error: [Callstack] 0x00007ff95f7ae53d UE4Editor-Core.dll!UnknownFunction []
[2020.10.19-09.47.52:552][679]LogWindows: Error: [Callstack] 0x00007ff95f7397b5 UE4Editor-Core.dll!UnknownFunction []
[2020.10.19-09.47.52:552][679]LogWindows: Error: [Callstack] 0x00007ff95f73baf0 UE4Editor-Core.dll!UnknownFunction []
[2020.10.19-09.47.52:552][679]LogWindows: Error: [Callstack] 0x00007ff95da18ca5 UE4Editor-Engine.dll!UnknownFunction []
[2020.10.19-09.47.52:552][679]LogWindows: Error: [Callstack] 0x00007ff95d36af91 UE4Editor-Engine.dll!UnknownFunction []
[2020.10.19-09.47.52:552][679]LogWindows: Error: [Callstack] 0x00007ff95c89fc5b UE4Editor-Engine.dll!UnknownFunction []
[2020.10.19-09.47.52:552][679]LogWindows: Error: [Callstack] 0x00007ff95d558904 UE4Editor-Engine.dll!UnknownFunction []
[2020.10.19-09.47.52:552][679]LogWindows: Error: [Callstack] 0x00007ff95f1da635 UE4Editor-CoreUObject.dll!UnknownFunction []
[2020.10.19-09.47.52:552][679]LogWindows: Error: [Callstack] 0x00007ff95f1b574d UE4Editor-CoreUObject.dll!UnknownFunction []
[2020.10.19-09.47.52:552][679]LogWindows: Error: [Callstack] 0x00007ff95f183bea UE4Editor-CoreUObject.dll!UnknownFunction []
[2020.10.19-09.47.52:552][679]LogWindows: Error: [Callstack] 0x00007ff95f1b5392 UE4Editor-CoreUObject.dll!UnknownFunction []
[2020.10.19-09.47.52:552][679]LogWindows: Error: [Callstack] 0x00007ff95f1b574d UE4Editor-CoreUObject.dll!UnknownFunction []
[2020.10.19-09.47.52:552][679]LogWindows: Error: [Callstack] 0x00007ff95f1b4c54 UE4Editor-CoreUObject.dll!UnknownFunction []
[2020.10.19-09.47.52:552][679]LogWindows: Error: [Callstack] 0x00007ff95ef40ae4 UE4Editor-CoreUObject.dll!UnknownFunction []
[2020.10.19-09.47.52:552][679]LogWindows: Error: [Callstack] 0x00007ff95f1b4783 UE4Editor-CoreUObject.dll!UnknownFunction []
[2020.10.19-09.47.52:552][679]LogWindows: Error: [Callstack] 0x00007ff958fb917b UE4Editor-UMG.dll!UnknownFunction []
[2020.10.19-09.47.52:552][679]LogWindows: Error: [Callstack] 0x00007ff9590d56c7 UE4Editor-UMG.dll!UnknownFunction []
[2020.10.19-09.47.52:552][679]LogWindows: Error: [Callstack] 0x00007ff95904b963 UE4Editor-UMG.dll!UnknownFunction []
[2020.10.19-09.47.52:552][679]LogWindows: Error: [Callstack] 0x00007ff95b81207e UE4Editor-Slate.dll!UnknownFunction []
[2020.10.19-09.47.52:552][679]LogWindows: Error: [Callstack] 0x00007ff95b82b27e UE4Editor-Slate.dll!UnknownFunction []
[2020.10.19-09.47.52:552][679]LogWindows: Error: [Callstack] 0x00007ff95b672dc8 UE4Editor-Slate.dll!UnknownFunction []
[2020.10.19-09.47.52:552][679]LogWindows: Error: [Callstack] 0x00007ff95b6f69cf UE4Editor-Slate.dll!UnknownFunction []
[2020.10.19-09.47.52:552][679]LogWindows: Error: [Callstack] 0x00007ff95b6df4b2 UE4Editor-Slate.dll!UnknownFunction []
[2020.10.19-09.47.52:552][679]LogWindows: Error: [Callstack] 0x00007ff95b6d2392 UE4Editor-Slate.dll!UnknownFunction []
[2020.10.19-09.47.52:552][679]LogWindows: Error: [Callstack] 0x00007ff99bcd7f88 UE4Editor-ApplicationCore.dll!UnknownFunction []
[2020.10.19-09.47.52:552][679]LogWindows: Error: [Callstack] 0x00007ff99bcc5c87 UE4Editor-ApplicationCore.dll!UnknownFunction []
[2020.10.19-09.47.52:552][679]LogWindows: Error: [Callstack] 0x00007ff99bcda609 UE4Editor-ApplicationCore.dll!UnknownFunction []
[2020.10.19-09.47.52:552][679]LogWindows: Error: [Callstack] 0x00007ff99bcc17d0 UE4Editor-ApplicationCore.dll!UnknownFunction []
[2020.10.19-09.47.52:552][679]LogWindows: Error: [Callstack] 0x00007ff9cb16e858 USER32.dll!UnknownFunction []
[2020.10.19-09.47.52:552][679]LogWindows: Error: [Callstack] 0x00007ff9cb16e299 USER32.dll!UnknownFunction []
[2020.10.19-09.47.52:552][679]LogWindows: Error: [Callstack] 0x00007ff99bcdbb24 UE4Editor-ApplicationCore.dll!UnknownFunction []
[2020.10.19-09.47.52:552][679]LogWindows: Error: [Callstack] 0x00007ff7a44c68c4 UE4Editor.exe!UnknownFunction []
[2020.10.19-09.47.52:552][679]LogWindows: Error: [Callstack] 0x00007ff7a44dba7c UE4Editor.exe!UnknownFunction []
[2020.10.19-09.47.52:552][679]LogWindows: Error: [Callstack] 0x00007ff7a44dbb5a UE4Editor.exe!UnknownFunction []
[2020.10.19-09.47.52:552][679]LogWindows: Error: [Callstack] 0x00007ff7a44ee31d UE4Editor.exe!UnknownFunction []
[2020.10.19-09.47.52:553][679]LogWindows: Error: [Callstack] 0x00007ff7a44f145a UE4Editor.exe!UnknownFunction []
[2020.10.19-09.47.52:553][679]LogWindows: Error: [Callstack] 0x00007ff9cc136fd4 KERNEL32.DLL!UnknownFunction []
[2020.10.19-09.47.52:553][679]LogWindows: Error: [Callstack] 0x00007ff9cc6bcec1 ntdll.dll!UnknownFunction []
[2020.10.19-09.47.52:553][679]LogWindows: Error: 
[2020.10.19-09.47.52:567][679]LogExit: Executing StaticShutdownAfterError
[2020.10.19-09.47.52:572][679]LogWindows: FPlatformMisc::RequestExit(1)
[2020.10.19-09.47.52:572][679]LogCore: Engine exit requested (reason: Win RequestExit)
[2020.10.19-09.47.52:584][679]Log file closed, 10/19/20 11:47:52
