Log file open, 10/27/20 12:29:12
LogInit: Display: Running engine for game: UnrealVR
LogPlatformFile: Not using cached read wrapper
LogTaskGraph: Started task graph with 5 named threads and 59 total threads with 3 sets of task threads.
LogStats: Stats thread started at 0.224834
LogD3D11RHI: Loaded GFSDK_Aftermath_Lib.x64.dll
LogICUInternationalization: ICU TimeZone Detection - Raw Offset: +0:00, Platform Override: ''
LogPluginManager: Mounting plugin Paper2D
LogPluginManager: Mounting plugin AISupport
LogPluginManager: Mounting plugin LightPropagationVolume
LogPluginManager: Mounting plugin CameraShakePreviewer
LogPluginManager: Mounting plugin ActorLayerUtilities
LogPluginManager: Mounting plugin AnimationSharing
LogPluginManager: Mounting plugin CLionSourceCodeAccess
LogPluginManager: Mounting plugin CodeLiteSourceCodeAccess
LogPluginManager: Mounting plugin GitSourceControl
LogPluginManager: Mounting plugin KDevelopSourceCodeAccess
LogPluginManager: Mounting plugin NullSourceCodeAccess
LogPluginManager: Mounting plugin PerforceSourceControl
LogPluginManager: Mounting plugin PlasticSourceControl
LogPluginManager: Mounting plugin RiderSourceCodeAccess
LogPluginManager: Mounting plugin SubversionSourceControl
LogPluginManager: Mounting plugin UObjectPlugin
LogPluginManager: Mounting plugin VisualStudioCodeSourceCodeAccess
LogPluginManager: Mounting plugin VisualStudioSourceCodeAccess
LogPluginManager: Mounting plugin XCodeSourceCodeAccess
LogPluginManager: Mounting plugin AssetManagerEditor
LogPluginManager: Mounting plugin CryptoKeys
LogPluginManager: Mounting plugin CurveEditorTools
LogPluginManager: Mounting plugin DataValidation
LogPluginManager: Mounting plugin EditorScriptingUtilities
LogPluginManager: Mounting plugin FacialAnimation
LogPluginManager: Mounting plugin GameplayTagsEditor
LogPluginManager: Mounting plugin GeometryMode
LogPluginManager: Mounting plugin MacGraphicsSwitching
LogPluginManager: Mounting plugin MaterialAnalyzer
LogPluginManager: Mounting plugin MobileLauncherProfileWizard
LogPluginManager: Mounting plugin PluginBrowser
LogPluginManager: Mounting plugin SpeedTreeImporter
LogPluginManager: Mounting plugin DatasmithContent
LogPluginManager: Mounting plugin VariantManagerContent
LogPluginManager: Mounting plugin AlembicImporter
LogPluginManager: Mounting plugin AutomationUtils
LogPluginManager: Mounting plugin BackChannel
LogPluginManager: Mounting plugin ChaosCloth
LogPluginManager: Mounting plugin ChaosClothEditor
LogPluginManager: Mounting plugin ChaosEditor
LogPluginManager: Mounting plugin ChaosNiagara
LogPluginManager: Mounting plugin ChaosSolverPlugin
LogPluginManager: Mounting plugin CharacterAI
LogPluginManager: Mounting plugin GeometryCache
LogPluginManager: Mounting plugin GeometryCollectionPlugin
LogPluginManager: Mounting plugin GeometryProcessing
LogPluginManager: Mounting plugin PlanarCut
LogPluginManager: Mounting plugin PlatformCrypto
LogPluginManager: Mounting plugin ProxyLODPlugin
LogPluginManager: Mounting plugin SkeletalReduction
LogPluginManager: Mounting plugin Niagara
LogPluginManager: Mounting plugin MagicLeap
LogPluginManager: Mounting plugin MagicLeapLightEstimation
LogPluginManager: Mounting plugin MagicLeapMedia
LogPluginManager: Mounting plugin MagicLeapPassableWorld
LogPluginManager: Mounting plugin MLSDK
LogPluginManager: Mounting plugin UIWS
LogPluginManager: Mounting plugin AndroidMedia
LogPluginManager: Mounting plugin AvfMedia
LogPluginManager: Mounting plugin ImgMedia
LogPluginManager: Mounting plugin MediaCompositing
LogPluginManager: Mounting plugin MediaPlayerEditor
LogPluginManager: Mounting plugin WebMMedia
LogPluginManager: Mounting plugin WmfMedia
LogPluginManager: Mounting plugin MeshPainting
LogPluginManager: Mounting plugin TcpMessaging
LogPluginManager: Mounting plugin UdpMessaging
LogPluginManager: Mounting plugin ActorSequence
LogPluginManager: Mounting plugin LevelSequenceEditor
LogPluginManager: Mounting plugin MatineeToLevelSequence
LogPluginManager: Mounting plugin MovieRenderPipeline
LogPluginManager: Mounting plugin TemplateSequence
LogPluginManager: Mounting plugin NetcodeUnitTest
LogPluginManager: Mounting plugin NUTUnrealEngine4
LogPluginManager: Mounting plugin OnlineSubsystemGooglePlay
LogPluginManager: Mounting plugin OnlineSubsystemIOS
LogPluginManager: Mounting plugin OnlineSubsystem
LogPluginManager: Mounting plugin OnlineSubsystemNull
LogPluginManager: Mounting plugin OnlineSubsystemUtils
LogPluginManager: Mounting plugin LauncherChunkInstaller
LogPluginManager: Mounting plugin AndroidDeviceProfileSelector
LogPluginManager: Mounting plugin AndroidMoviePlayer
LogPluginManager: Mounting plugin AndroidPermission
LogPluginManager: Mounting plugin AppleImageUtils
LogPluginManager: Mounting plugin AppleMoviePlayer
LogPluginManager: Mounting plugin ArchVisCharacter
LogPluginManager: Mounting plugin AssetTags
LogPluginManager: Mounting plugin AudioCapture
LogPluginManager: Mounting plugin CableComponent
LogPluginManager: Mounting plugin CustomMeshComponent
LogPluginManager: Mounting plugin EditableMesh
LogPluginManager: Mounting plugin ExampleDeviceProfileSelector
LogPluginManager: Mounting plugin GoogleCloudMessaging
LogPluginManager: Mounting plugin GooglePAD
LogPluginManager: Mounting plugin IOSDeviceProfileSelector
LogPluginManager: Mounting plugin LinuxDeviceProfileSelector
LogPluginManager: Mounting plugin LocationServicesBPLibrary
LogPluginManager: Mounting plugin MobilePatchingUtils
LogPluginManager: Mounting plugin OculusVR
LogPluginManager: Mounting plugin PhysXVehicles
LogPluginManager: Mounting plugin PostSplashScreen
LogPluginManager: Mounting plugin ProceduralMeshComponent
LogPluginManager: Mounting plugin RuntimePhysXCooking
LogPluginManager: Mounting plugin SignificanceManager
LogPluginManager: Mounting plugin SoundFields
LogPluginManager: Mounting plugin SteamAudio
LogPluginManager: Mounting plugin SteamVR
LogPluginManager: Mounting plugin Synthesis
LogPluginManager: Mounting plugin WebMMoviePlayer
LogPluginManager: Mounting plugin WindowsMoviePlayer
LogPluginManager: Mounting plugin ScreenshotTools
LogInit: Using libcurl 7.55.1-DEV
LogInit:  - built for x86_64-pc-win32
LogInit:  - supports SSL with OpenSSL/1.1.1
LogInit:  - supports HTTP deflate (compression) using libz 1.2.8
LogInit:  - other features:
LogInit:      CURL_VERSION_SSL
LogInit:      CURL_VERSION_LIBZ
LogInit:      CURL_VERSION_IPV6
LogInit:      CURL_VERSION_ASYNCHDNS
LogInit:      CURL_VERSION_LARGEFILE
LogInit:      CURL_VERSION_IDN
LogInit:  CurlRequestOptions (configurable via config and command line):
LogInit:  - bVerifyPeer = true  - Libcurl will verify peer certificate
LogInit:  - bUseHttpProxy = false  - Libcurl will NOT use HTTP proxy
LogInit:  - bDontReuseConnections = false  - Libcurl will reuse connections
LogInit:  - MaxHostConnections = 16  - Libcurl will limit the number of connections to a host
LogInit:  - LocalHostAddr = Default
LogInit:  - BufferSize = 65536
LogOnline: OSS: Creating online subsystem instance for: NULL
LogInit: WinSock: version 1.1 (2.2), MaxSocks=32767, MaxUdp=65467
LogOnline: OSS: TryLoadSubsystemAndSetDefault: Loaded subsystem for module [NULL]
LogOculusPluginWrapper: OculusPlugin initialized successfully
LogHMD: Failed initializing OVRPlugin 1.44.0
LogInit: Build: ++UE4+Release-4.25-CL-13942748
LogInit: Engine Version: 4.25.3-13942748+++UE4+Release-4.25
LogInit: Compatible Engine Version: 4.25.0-13144385+++UE4+Release-4.25
LogInit: Net CL: 13144385
LogInit: OS: Windows 10 (Release 1903) (), CPU: Intel(R) Xeon(R) Silver 4114 CPU @ 2.20GHz, GPU: NVIDIA Quadro P5000
LogInit: Compiled (64-bit): Jul 25 2020 02:07:48
LogInit: Compiled with Visual C++: 19.24.28315.00
LogInit: Build Configuration: Development
LogInit: Branch Name: ++UE4+Release-4.25
LogInit: Command Line: 
LogInit: Base Directory: C:/Program Files/Epic Games/UE_4.25/Engine/Binaries/Win64/
LogInit: Allocator: TBB
LogInit: Installed Engine Build: 1
LogDevObjectVersion: Number of dev versions registered: 26
LogDevObjectVersion:   Dev-Blueprints (B0D832E4-1F89-4F0D-ACCF-7EB736FD4AA2): 10
LogDevObjectVersion:   Dev-Build (E1C64328-A22C-4D53-A36C-8E866417BD8C): 0
LogDevObjectVersion:   Dev-Core (375EC13C-06E4-48FB-B500-84F0262A717E): 4
LogDevObjectVersion:   Dev-Editor (E4B068ED-F494-42E9-A231-DA0B2E46BB41): 38
LogDevObjectVersion:   Dev-Framework (CFFC743F-43B0-4480-9391-14DF171D2073): 37
LogDevObjectVersion:   Dev-Mobile (B02B49B5-BB20-44E9-A304-32B752E40360): 2
LogDevObjectVersion:   Dev-Networking (A4E4105C-59A1-49B5-A7C5-40C4547EDFEE): 0
LogDevObjectVersion:   Dev-Online (39C831C9-5AE6-47DC-9A44-9C173E1C8E7C): 0
LogDevObjectVersion:   Dev-Physics (78F01B33-EBEA-4F98-B9B4-84EACCB95AA2): 4
LogDevObjectVersion:   Dev-Platform (6631380F-2D4D-43E0-8009-CF276956A95A): 0
LogDevObjectVersion:   Dev-Rendering (12F88B9F-8875-4AFC-A67C-D90C383ABD29): 43
LogDevObjectVersion:   Dev-Sequencer (7B5AE74C-D270-4C10-A958-57980B212A5A): 12
LogDevObjectVersion:   Dev-VR (D7296918-1DD6-4BDD-9DE2-64A83CC13884): 3
LogDevObjectVersion:   Dev-LoadTimes (C2A15278-BFE7-4AFE-6C17-90FF531DF755): 1
LogDevObjectVersion:   Private-Geometry (6EACA3D4-40EC-4CC1-B786-8BED09428FC5): 3
LogDevObjectVersion:   Dev-AnimPhys (29E575DD-E0A3-4627-9D10-D276232CDCEA): 17
LogDevObjectVersion:   Dev-Anim (AF43A65D-7FD3-4947-9873-3E8ED9C1BB05): 7
LogDevObjectVersion:   Dev-ReflectionCapture (6B266CEC-1EC7-4B8F-A30B-E4D90942FC07): 1
LogDevObjectVersion:   Dev-Automation (0DF73D61-A23F-47EA-B727-89E90C41499A): 1
LogDevObjectVersion:   FortniteMain (601D1886-AC64-4F84-AA16-D3DE0DEAC7D6): 31
LogDevObjectVersion:   Dev-Enterprise (9DFFBCD6-494F-0158-E221-12823C92A888): 10
LogDevObjectVersion:   Dev-Niagara (F2AED0AC-9AFE-416F-8664-AA7FFA26D6FC): 1
LogDevObjectVersion:   Dev-Destruction (174F1F0B-B4C6-45A5-B13F-2EE8D0FB917D): 10
LogDevObjectVersion:   Dev-Physics-Ext (35F94A83-E258-406C-A318-09F59610247C): 37
LogDevObjectVersion:   Dev-PhysicsMaterial-Chaos (B68FC16E-8B1B-42E2-B453-215C058844FE): 1
LogDevObjectVersion:   Dev-CineCamera (B2E18506-4273-CFC2-A54E-F4BB758BBA07): 1
LogInit: Presizing for max 25165824 objects, including 0 objects not considered by GC, pre-allocating 0 bytes for permanent pool.
LogConfig: Applying CVar settings from Section [/Script/Engine.StreamingSettings] File [C:/Users/student/Documents/Unreal Projects/VRLivePerformance/UnrealVRLivePerformance/UnrealVR/Saved/Config/Windows/Engine.ini]
LogConfig: Setting CVar [[s.MinBulkDataSizeForAsyncLoading:131072]]
LogConfig: Setting CVar [[s.AsyncLoadingThreadEnabled:0]]
LogConfig: Setting CVar [[s.EventDrivenLoaderEnabled:1]]
LogConfig: Setting CVar [[s.WarnIfTimeLimitExceeded:0]]
LogConfig: Setting CVar [[s.TimeLimitExceededMultiplier:1.5]]
LogConfig: Setting CVar [[s.TimeLimitExceededMinTime:0.005]]
LogConfig: Setting CVar [[s.UseBackgroundLevelStreaming:1]]
LogConfig: Setting CVar [[s.PriorityAsyncLoadingExtraTime:15.0]]
LogConfig: Setting CVar [[s.LevelStreamingActorsUpdateTimeLimit:5.0]]
LogConfig: Setting CVar [[s.PriorityLevelStreamingActorsUpdateExtraTime:5.0]]
LogConfig: Setting CVar [[s.LevelStreamingComponentsRegistrationGranularity:10]]
LogConfig: Setting CVar [[s.UnregisterComponentsTimeLimit:1.0]]
LogConfig: Setting CVar [[s.LevelStreamingComponentsUnregistrationGranularity:5]]
LogConfig: Setting CVar [[s.FlushStreamingOnExit:1]]
LogInit: Object subsystem initialized
LogConfig: Setting CVar [[con.DebugEarlyDefault:1]]
LogConfig: Setting CVar [[r.setres:1280x720]]
[2020.10.27-12.29.13:893][  0]LogConfig: Setting CVar [[r.VSync:0]]
[2020.10.27-12.29.13:893][  0]LogConfig: Setting CVar [[r.RHICmdBypass:0]]
[2020.10.27-12.29.13:893][  0]LogConfig: Applying CVar settings from Section [/Script/Engine.RendererSettings] File [C:/Users/student/Documents/Unreal Projects/VRLivePerformance/UnrealVRLivePerformance/UnrealVR/Saved/Config/Windows/Engine.ini]
[2020.10.27-12.29.13:893][  0]LogConfig: Setting CVar [[r.GPUCrashDebugging:0]]
[2020.10.27-12.29.13:893][  0]LogConfig: Applying CVar settings from Section [/Script/Engine.RendererOverrideSettings] File [C:/Users/student/Documents/Unreal Projects/VRLivePerformance/UnrealVRLivePerformance/UnrealVR/Saved/Config/Windows/Engine.ini]
[2020.10.27-12.29.13:893][  0]LogConfig: Applying CVar settings from Section [/Script/Engine.StreamingSettings] File [C:/Users/student/Documents/Unreal Projects/VRLivePerformance/UnrealVRLivePerformance/UnrealVR/Saved/Config/Windows/Engine.ini]
[2020.10.27-12.29.13:893][  0]LogConfig: Setting CVar [[s.MinBulkDataSizeForAsyncLoading:131072]]
[2020.10.27-12.29.13:893][  0]LogConfig: Setting CVar [[s.AsyncLoadingThreadEnabled:0]]
[2020.10.27-12.29.13:893][  0]LogConfig: Setting CVar [[s.EventDrivenLoaderEnabled:1]]
[2020.10.27-12.29.13:893][  0]LogConfig: Setting CVar [[s.WarnIfTimeLimitExceeded:0]]
[2020.10.27-12.29.13:893][  0]LogConfig: Setting CVar [[s.TimeLimitExceededMultiplier:1.5]]
[2020.10.27-12.29.13:893][  0]LogConfig: Setting CVar [[s.TimeLimitExceededMinTime:0.005]]
[2020.10.27-12.29.13:893][  0]LogConfig: Setting CVar [[s.UseBackgroundLevelStreaming:1]]
[2020.10.27-12.29.13:893][  0]LogConfig: Setting CVar [[s.PriorityAsyncLoadingExtraTime:15.0]]
[2020.10.27-12.29.13:893][  0]LogConfig: Setting CVar [[s.LevelStreamingActorsUpdateTimeLimit:5.0]]
[2020.10.27-12.29.13:893][  0]LogConfig: Setting CVar [[s.PriorityLevelStreamingActorsUpdateExtraTime:5.0]]
[2020.10.27-12.29.13:893][  0]LogConfig: Setting CVar [[s.LevelStreamingComponentsRegistrationGranularity:10]]
[2020.10.27-12.29.13:893][  0]LogConfig: Setting CVar [[s.UnregisterComponentsTimeLimit:1.0]]
[2020.10.27-12.29.13:893][  0]LogConfig: Setting CVar [[s.LevelStreamingComponentsUnregistrationGranularity:5]]
[2020.10.27-12.29.13:893][  0]LogConfig: Setting CVar [[s.FlushStreamingOnExit:1]]
[2020.10.27-12.29.13:893][  0]LogConfig: Applying CVar settings from Section [/Script/Engine.GarbageCollectionSettings] File [C:/Users/student/Documents/Unreal Projects/VRLivePerformance/UnrealVRLivePerformance/UnrealVR/Saved/Config/Windows/Engine.ini]
[2020.10.27-12.29.13:893][  0]LogConfig: Setting CVar [[gc.MaxObjectsNotConsideredByGC:1]]
[2020.10.27-12.29.13:893][  0]LogConfig: Setting CVar [[gc.SizeOfPermanentObjectPool:0]]
[2020.10.27-12.29.13:893][  0]LogConfig: Setting CVar [[gc.FlushStreamingOnGC:0]]
[2020.10.27-12.29.13:893][  0]LogConfig: Setting CVar [[gc.NumRetriesBeforeForcingGC:10]]
[2020.10.27-12.29.13:893][  0]LogConfig: Setting CVar [[gc.AllowParallelGC:1]]
[2020.10.27-12.29.13:893][  0]LogConfig: Setting CVar [[gc.TimeBetweenPurgingPendingKillObjects:61.1]]
[2020.10.27-12.29.13:894][  0]LogConfig: Setting CVar [[gc.MaxObjectsInEditor:25165824]]
[2020.10.27-12.29.13:894][  0]LogConfig: Setting CVar [[gc.IncrementalBeginDestroyEnabled:1]]
[2020.10.27-12.29.13:894][  0]LogConfig: Setting CVar [[gc.CreateGCClusters:1]]
[2020.10.27-12.29.13:894][  0]LogConfig: Setting CVar [[gc.MinGCClusterSize:5]]
[2020.10.27-12.29.13:894][  0]LogConfig: Setting CVar [[gc.ActorClusteringEnabled:0]]
[2020.10.27-12.29.13:894][  0]LogConfig: Setting CVar [[gc.BlueprintClusteringEnabled:0]]
[2020.10.27-12.29.13:894][  0]LogConfig: Setting CVar [[gc.UseDisregardForGCOnDedicatedServers:0]]
[2020.10.27-12.29.13:894][  0]LogConfig: Applying CVar settings from Section [/Script/Engine.NetworkSettings] File [C:/Users/student/Documents/Unreal Projects/VRLivePerformance/UnrealVRLivePerformance/UnrealVR/Saved/Config/Windows/Engine.ini]
[2020.10.27-12.29.13:894][  0]LogConfig: Applying CVar settings from Section [/Script/UnrealEd.CookerSettings] File [C:/Users/student/Documents/Unreal Projects/VRLivePerformance/UnrealVRLivePerformance/UnrealVR/Saved/Config/Windows/Engine.ini]
[2020.10.27-12.29.13:908][  0]LogConfig: Applying CVar settings from Section [ViewDistanceQuality@3] File [C:/Users/student/Documents/Unreal Projects/VRLivePerformance/UnrealVRLivePerformance/UnrealVR/Saved/Config/Windows/Scalability.ini]
[2020.10.27-12.29.13:908][  0]LogConfig: Setting CVar [[r.SkeletalMeshLODBias:0]]
[2020.10.27-12.29.13:908][  0]LogConfig: Setting CVar [[r.ViewDistanceScale:1.0]]
[2020.10.27-12.29.13:908][  0]LogConfig: Applying CVar settings from Section [AntiAliasingQuality@3] File [C:/Users/student/Documents/Unreal Projects/VRLivePerformance/UnrealVRLivePerformance/UnrealVR/Saved/Config/Windows/Scalability.ini]
[2020.10.27-12.29.13:908][  0]LogConfig: Setting CVar [[r.PostProcessAAQuality:4]]
[2020.10.27-12.29.13:909][  0]LogConfig: Applying CVar settings from Section [ShadowQuality@3] File [C:/Users/student/Documents/Unreal Projects/VRLivePerformance/UnrealVRLivePerformance/UnrealVR/Saved/Config/Windows/Scalability.ini]
[2020.10.27-12.29.13:909][  0]LogConfig: Setting CVar [[r.LightFunctionQuality:1]]
[2020.10.27-12.29.13:909][  0]LogConfig: Setting CVar [[r.ShadowQuality:5]]
[2020.10.27-12.29.13:909][  0]LogConfig: Setting CVar [[r.Shadow.CSM.MaxCascades:10]]
[2020.10.27-12.29.13:909][  0]LogConfig: Setting CVar [[r.Shadow.MaxResolution:2048]]
[2020.10.27-12.29.13:909][  0]LogConfig: Setting CVar [[r.Shadow.MaxCSMResolution:2048]]
[2020.10.27-12.29.13:909][  0]LogConfig: Setting CVar [[r.Shadow.RadiusThreshold:0.01]]
[2020.10.27-12.29.13:909][  0]LogConfig: Setting CVar [[r.Shadow.DistanceScale:1.0]]
[2020.10.27-12.29.13:909][  0]LogConfig: Setting CVar [[r.Shadow.CSM.TransitionScale:1.0]]
[2020.10.27-12.29.13:909][  0]LogConfig: Setting CVar [[r.Shadow.PreShadowResolutionFactor:1.0]]
[2020.10.27-12.29.13:909][  0]LogConfig: Setting CVar [[r.DistanceFieldShadowing:1]]
[2020.10.27-12.29.13:909][  0]LogConfig: Setting CVar [[r.DistanceFieldAO:1]]
[2020.10.27-12.29.13:909][  0]LogConfig: Setting CVar [[r.AOQuality:2]]
[2020.10.27-12.29.13:909][  0]LogConfig: Setting CVar [[r.VolumetricFog:1]]
[2020.10.27-12.29.13:909][  0]LogConfig: Setting CVar [[r.VolumetricFog.GridPixelSize:8]]
[2020.10.27-12.29.13:909][  0]LogConfig: Setting CVar [[r.VolumetricFog.GridSizeZ:128]]
[2020.10.27-12.29.13:909][  0]LogConfig: Setting CVar [[r.VolumetricFog.HistoryMissSupersampleCount:4]]
[2020.10.27-12.29.13:909][  0]LogConfig: Setting CVar [[r.LightMaxDrawDistanceScale:1]]
[2020.10.27-12.29.13:909][  0]LogConfig: Setting CVar [[r.CapsuleShadows:1]]
[2020.10.27-12.29.13:909][  0]LogConfig: Applying CVar settings from Section [PostProcessQuality@3] File [C:/Users/student/Documents/Unreal Projects/VRLivePerformance/UnrealVRLivePerformance/UnrealVR/Saved/Config/Windows/Scalability.ini]
[2020.10.27-12.29.13:909][  0]LogConfig: Setting CVar [[r.MotionBlurQuality:4]]
[2020.10.27-12.29.13:909][  0]LogConfig: Setting CVar [[r.AmbientOcclusionMipLevelFactor:0.4]]
[2020.10.27-12.29.13:909][  0]LogConfig: Setting CVar [[r.AmbientOcclusionMaxQuality:100]]
[2020.10.27-12.29.13:909][  0]LogConfig: Setting CVar [[r.AmbientOcclusionLevels:-1]]
[2020.10.27-12.29.13:909][  0]LogConfig: Setting CVar [[r.AmbientOcclusionRadiusScale:1.0]]
[2020.10.27-12.29.13:909][  0]LogConfig: Setting CVar [[r.DepthOfFieldQuality:2]]
[2020.10.27-12.29.13:909][  0]LogConfig: Setting CVar [[r.RenderTargetPoolMin:400]]
[2020.10.27-12.29.13:909][  0]LogConfig: Setting CVar [[r.LensFlareQuality:2]]
[2020.10.27-12.29.13:909][  0]LogConfig: Setting CVar [[r.SceneColorFringeQuality:1]]
[2020.10.27-12.29.13:909][  0]LogConfig: Setting CVar [[r.EyeAdaptationQuality:2]]
[2020.10.27-12.29.13:909][  0]LogConfig: Setting CVar [[r.BloomQuality:5]]
[2020.10.27-12.29.13:909][  0]LogConfig: Setting CVar [[r.FastBlurThreshold:100]]
[2020.10.27-12.29.13:909][  0]LogConfig: Setting CVar [[r.Upscale.Quality:3]]
[2020.10.27-12.29.13:909][  0]LogConfig: Setting CVar [[r.Tonemapper.GrainQuantization:1]]
[2020.10.27-12.29.13:909][  0]LogConfig: Setting CVar [[r.LightShaftQuality:1]]
[2020.10.27-12.29.13:909][  0]LogConfig: Setting CVar [[r.Filter.SizeScale:1]]
[2020.10.27-12.29.13:909][  0]LogConfig: Setting CVar [[r.Tonemapper.Quality:5]]
[2020.10.27-12.29.13:909][  0]LogConfig: Setting CVar [[r.DOF.Gather.AccumulatorQuality:1        ; higher gathering accumulator quality]]
[2020.10.27-12.29.13:909][  0]LogConfig: Setting CVar [[r.DOF.Gather.PostfilterMethod:1          ; Median3x3 postfilering method]]
[2020.10.27-12.29.13:909][  0]LogConfig: Setting CVar [[r.DOF.Gather.EnableBokehSettings:0       ; no bokeh simulation when gathering]]
[2020.10.27-12.29.13:909][  0]LogConfig: Setting CVar [[r.DOF.Gather.RingCount:4                 ; medium number of samples when gathering]]
[2020.10.27-12.29.13:909][  0]LogConfig: Setting CVar [[r.DOF.Scatter.ForegroundCompositing:1    ; additive foreground scattering]]
[2020.10.27-12.29.13:909][  0]LogConfig: Setting CVar [[r.DOF.Scatter.BackgroundCompositing:2    ; additive background scattering]]
[2020.10.27-12.29.13:909][  0]LogConfig: Setting CVar [[r.DOF.Scatter.EnableBokehSettings:1      ; bokeh simulation when scattering]]
[2020.10.27-12.29.13:909][  0]LogConfig: Setting CVar [[r.DOF.Scatter.MaxSpriteRatio:0.1         ; only a maximum of 10% of scattered bokeh]]
[2020.10.27-12.29.13:909][  0]LogConfig: Setting CVar [[r.DOF.Recombine.Quality:1                ; cheap slight out of focus]]
[2020.10.27-12.29.13:909][  0]LogConfig: Setting CVar [[r.DOF.Recombine.EnableBokehSettings:0    ; no bokeh simulation on slight out of focus]]
[2020.10.27-12.29.13:909][  0]LogConfig: Setting CVar [[r.DOF.TemporalAAQuality:1                ; more stable temporal accumulation]]
[2020.10.27-12.29.13:909][  0]LogConfig: Setting CVar [[r.DOF.Kernel.MaxForegroundRadius:0.025]]
[2020.10.27-12.29.13:909][  0]LogConfig: Setting CVar [[r.DOF.Kernel.MaxBackgroundRadius:0.025]]
[2020.10.27-12.29.13:909][  0]LogConfig: Applying CVar settings from Section [TextureQuality@3] File [C:/Users/student/Documents/Unreal Projects/VRLivePerformance/UnrealVRLivePerformance/UnrealVR/Saved/Config/Windows/Scalability.ini]
[2020.10.27-12.29.13:910][  0]LogConfig: Setting CVar [[r.Streaming.MipBias:0]]
[2020.10.27-12.29.13:910][  0]LogConfig: Setting CVar [[r.Streaming.AmortizeCPUToGPUCopy:0]]
[2020.10.27-12.29.13:910][  0]LogConfig: Setting CVar [[r.Streaming.MaxNumTexturesToStreamPerFrame:0]]
[2020.10.27-12.29.13:910][  0]LogConfig: Setting CVar [[r.Streaming.Boost:1]]
[2020.10.27-12.29.13:910][  0]LogConfig: Setting CVar [[r.MaxAnisotropy:8]]
[2020.10.27-12.29.13:910][  0]LogConfig: Setting CVar [[r.VT.MaxAnisotropy:8]]
[2020.10.27-12.29.13:910][  0]LogConfig: Setting CVar [[r.Streaming.LimitPoolSizeToVRAM:0]]
[2020.10.27-12.29.13:910][  0]LogConfig: Setting CVar [[r.Streaming.PoolSize:1000]]
[2020.10.27-12.29.13:910][  0]LogConfig: Setting CVar [[r.Streaming.MaxEffectiveScreenSize:0]]
[2020.10.27-12.29.13:910][  0]LogConfig: Applying CVar settings from Section [EffectsQuality@3] File [C:/Users/student/Documents/Unreal Projects/VRLivePerformance/UnrealVRLivePerformance/UnrealVR/Saved/Config/Windows/Scalability.ini]
[2020.10.27-12.29.13:910][  0]LogConfig: Setting CVar [[r.TranslucencyLightingVolumeDim:64]]
[2020.10.27-12.29.13:910][  0]LogConfig: Setting CVar [[r.RefractionQuality:2]]
[2020.10.27-12.29.13:910][  0]LogConfig: Setting CVar [[r.SSR.Quality:3]]
[2020.10.27-12.29.13:910][  0]LogConfig: Setting CVar [[r.SSR.HalfResSceneColor:0]]
[2020.10.27-12.29.13:910][  0]LogConfig: Setting CVar [[r.SceneColorFormat:4]]
[2020.10.27-12.29.13:910][  0]LogConfig: Setting CVar [[r.DetailMode:2]]
[2020.10.27-12.29.13:910][  0]LogConfig: Setting CVar [[r.TranslucencyVolumeBlur:1]]
[2020.10.27-12.29.13:910][  0]LogConfig: Setting CVar [[r.MaterialQualityLevel:1 ; High quality]]
[2020.10.27-12.29.13:910][  0]LogConfig: Setting CVar [[r.SSS.Scale:1]]
[2020.10.27-12.29.13:910][  0]LogConfig: Setting CVar [[r.SSS.SampleSet:2]]
[2020.10.27-12.29.13:910][  0]LogConfig: Setting CVar [[r.SSS.Quality:1]]
[2020.10.27-12.29.13:910][  0]LogConfig: Setting CVar [[r.SSS.HalfRes:0]]
[2020.10.27-12.29.13:910][  0]LogConfig: Setting CVar [[r.SSGI.Quality:3]]
[2020.10.27-12.29.13:910][  0]LogConfig: Setting CVar [[r.EmitterSpawnRateScale:1.0]]
[2020.10.27-12.29.13:910][  0]LogConfig: Setting CVar [[r.ParticleLightQuality:2]]
[2020.10.27-12.29.13:910][  0]LogConfig: Setting CVar [[r.SkyAtmosphere.AerialPerspectiveLUT.FastApplyOnOpaque:1 ; Always have FastSkyLUT 1 in this case to avoid wrong sky]]
[2020.10.27-12.29.13:910][  0]LogConfig: Setting CVar [[r.SkyAtmosphere.AerialPerspectiveLUT.SampleCountPerSlice:1]]
[2020.10.27-12.29.13:910][  0]LogConfig: Setting CVar [[r.SkyAtmosphere.AerialPerspectiveLUT.DepthResolution:16.0]]
[2020.10.27-12.29.13:910][  0]LogConfig: Setting CVar [[r.SkyAtmosphere.FastSkyLUT:1]]
[2020.10.27-12.29.13:910][  0]LogConfig: Setting CVar [[r.SkyAtmosphere.FastSkyLUT.SampleCountMin:4.0]]
[2020.10.27-12.29.13:910][  0]LogConfig: Setting CVar [[r.SkyAtmosphere.FastSkyLUT.SampleCountMax:32.0]]
[2020.10.27-12.29.13:910][  0]LogConfig: Setting CVar [[r.SkyAtmosphere.SampleCountMin:4.0]]
[2020.10.27-12.29.13:910][  0]LogConfig: Setting CVar [[r.SkyAtmosphere.SampleCountMax:32.0]]
[2020.10.27-12.29.13:910][  0]LogConfig: Setting CVar [[r.SkyAtmosphere.TransmittanceLUT.UseSmallFormat:0]]
[2020.10.27-12.29.13:910][  0]LogConfig: Setting CVar [[r.SkyAtmosphere.TransmittanceLUT.SampleCount:10.0]]
[2020.10.27-12.29.13:910][  0]LogConfig: Setting CVar [[r.SkyAtmosphere.MultiScatteringLUT.SampleCount:15.0]]
[2020.10.27-12.29.13:910][  0]LogConfig: Applying CVar settings from Section [FoliageQuality@3] File [C:/Users/student/Documents/Unreal Projects/VRLivePerformance/UnrealVRLivePerformance/UnrealVR/Saved/Config/Windows/Scalability.ini]
[2020.10.27-12.29.13:910][  0]LogConfig: Setting CVar [[foliage.DensityScale:1.0]]
[2020.10.27-12.29.13:910][  0]LogConfig: Setting CVar [[grass.DensityScale:1.0]]
[2020.10.27-12.29.13:910][  0]LogConfig: Applying CVar settings from Section [ShadingQuality@3] File [C:/Users/student/Documents/Unreal Projects/VRLivePerformance/UnrealVRLivePerformance/UnrealVR/Saved/Config/Windows/Scalability.ini]
[2020.10.27-12.29.13:910][  0]LogConfig: Setting CVar [[r.HairStrands.SkyLighting.SampleCount:16]]
[2020.10.27-12.29.13:910][  0]LogConfig: Setting CVar [[r.HairStrands.SkyLighting.JitterIntegration:0]]
[2020.10.27-12.29.13:910][  0]LogConfig: Setting CVar [[r.HairStrands.SkyAO.SampleCount:16]]
[2020.10.27-12.29.13:910][  0]LogConfig: Setting CVar [[r.HairStrands.DeepShadow.SuperSampling:0]]
[2020.10.27-12.29.13:910][  0]LogConfig: Setting CVar [[r.HairStrands.VisibilityPPLL:0]]
[2020.10.27-12.29.13:910][  0]LogConfig: Setting CVar [[r.HairStrands.RasterizationScale:0.5]]
[2020.10.27-12.29.13:910][  0]LogConfig: Setting CVar [[r.HairStrands.VelocityRasterizationScale:1]]
[2020.10.27-12.29.13:910][  0]LogInit: Selected Device Profile: [Windows]
[2020.10.27-12.29.13:910][  0]LogInit: Applying CVar settings loaded from the selected device profile: [Windows]
[2020.10.27-12.29.13:910][  0]LogHAL: Display: Platform has ~ 16 GB [16864706560 / 17179869184 / 16], which maps to Larger [LargestMinGB=32, LargerMinGB=12, DefaultMinGB=8, SmallerMinGB=6, SmallestMinGB=0)
[2020.10.27-12.29.13:911][  0]LogInit: Going up to parent DeviceProfile []
[2020.10.27-12.29.13:911][  0]LogConfig: Applying CVar settings from Section [ViewDistanceQuality@3] File [C:/Users/student/Documents/Unreal Projects/VRLivePerformance/UnrealVRLivePerformance/UnrealVR/Saved/Config/Windows/Scalability.ini]
[2020.10.27-12.29.13:911][  0]LogConfig: Setting CVar [[r.SkeletalMeshLODBias:0]]
[2020.10.27-12.29.13:911][  0]LogConfig: Setting CVar [[r.ViewDistanceScale:1.0]]
[2020.10.27-12.29.13:911][  0]LogConfig: Applying CVar settings from Section [AntiAliasingQuality@3] File [C:/Users/student/Documents/Unreal Projects/VRLivePerformance/UnrealVRLivePerformance/UnrealVR/Saved/Config/Windows/Scalability.ini]
[2020.10.27-12.29.13:911][  0]LogConfig: Setting CVar [[r.PostProcessAAQuality:4]]
[2020.10.27-12.29.13:911][  0]LogConfig: Applying CVar settings from Section [ShadowQuality@3] File [C:/Users/student/Documents/Unreal Projects/VRLivePerformance/UnrealVRLivePerformance/UnrealVR/Saved/Config/Windows/Scalability.ini]
[2020.10.27-12.29.13:911][  0]LogConfig: Setting CVar [[r.LightFunctionQuality:1]]
[2020.10.27-12.29.13:911][  0]LogConfig: Setting CVar [[r.ShadowQuality:5]]
[2020.10.27-12.29.13:911][  0]LogConfig: Setting CVar [[r.Shadow.CSM.MaxCascades:10]]
[2020.10.27-12.29.13:911][  0]LogConfig: Setting CVar [[r.Shadow.MaxResolution:2048]]
[2020.10.27-12.29.13:911][  0]LogConfig: Setting CVar [[r.Shadow.MaxCSMResolution:2048]]
[2020.10.27-12.29.13:911][  0]LogConfig: Setting CVar [[r.Shadow.RadiusThreshold:0.01]]
[2020.10.27-12.29.13:911][  0]LogConfig: Setting CVar [[r.Shadow.DistanceScale:1.0]]
[2020.10.27-12.29.13:911][  0]LogConfig: Setting CVar [[r.Shadow.CSM.TransitionScale:1.0]]
[2020.10.27-12.29.13:911][  0]LogConfig: Setting CVar [[r.Shadow.PreShadowResolutionFactor:1.0]]
[2020.10.27-12.29.13:911][  0]LogConfig: Setting CVar [[r.DistanceFieldShadowing:1]]
[2020.10.27-12.29.13:911][  0]LogConfig: Setting CVar [[r.DistanceFieldAO:1]]
[2020.10.27-12.29.13:911][  0]LogConfig: Setting CVar [[r.AOQuality:2]]
[2020.10.27-12.29.13:911][  0]LogConfig: Setting CVar [[r.VolumetricFog:1]]
[2020.10.27-12.29.13:911][  0]LogConfig: Setting CVar [[r.VolumetricFog.GridPixelSize:8]]
[2020.10.27-12.29.13:911][  0]LogConfig: Setting CVar [[r.VolumetricFog.GridSizeZ:128]]
[2020.10.27-12.29.13:911][  0]LogConfig: Setting CVar [[r.VolumetricFog.HistoryMissSupersampleCount:4]]
[2020.10.27-12.29.13:911][  0]LogConfig: Setting CVar [[r.LightMaxDrawDistanceScale:1]]
[2020.10.27-12.29.13:911][  0]LogConfig: Setting CVar [[r.CapsuleShadows:1]]
[2020.10.27-12.29.13:911][  0]LogConfig: Applying CVar settings from Section [PostProcessQuality@3] File [C:/Users/student/Documents/Unreal Projects/VRLivePerformance/UnrealVRLivePerformance/UnrealVR/Saved/Config/Windows/Scalability.ini]
[2020.10.27-12.29.13:911][  0]LogConfig: Setting CVar [[r.MotionBlurQuality:4]]
[2020.10.27-12.29.13:911][  0]LogConfig: Setting CVar [[r.AmbientOcclusionMipLevelFactor:0.4]]
[2020.10.27-12.29.13:911][  0]LogConfig: Setting CVar [[r.AmbientOcclusionMaxQuality:100]]
[2020.10.27-12.29.13:911][  0]LogConfig: Setting CVar [[r.AmbientOcclusionLevels:-1]]
[2020.10.27-12.29.13:911][  0]LogConfig: Setting CVar [[r.AmbientOcclusionRadiusScale:1.0]]
[2020.10.27-12.29.13:911][  0]LogConfig: Setting CVar [[r.DepthOfFieldQuality:2]]
[2020.10.27-12.29.13:911][  0]LogConfig: Setting CVar [[r.RenderTargetPoolMin:400]]
[2020.10.27-12.29.13:911][  0]LogConfig: Setting CVar [[r.LensFlareQuality:2]]
[2020.10.27-12.29.13:911][  0]LogConfig: Setting CVar [[r.SceneColorFringeQuality:1]]
[2020.10.27-12.29.13:911][  0]LogConfig: Setting CVar [[r.EyeAdaptationQuality:2]]
[2020.10.27-12.29.13:911][  0]LogConfig: Setting CVar [[r.BloomQuality:5]]
[2020.10.27-12.29.13:911][  0]LogConfig: Setting CVar [[r.FastBlurThreshold:100]]
[2020.10.27-12.29.13:911][  0]LogConfig: Setting CVar [[r.Upscale.Quality:3]]
[2020.10.27-12.29.13:911][  0]LogConfig: Setting CVar [[r.Tonemapper.GrainQuantization:1]]
[2020.10.27-12.29.13:911][  0]LogConfig: Setting CVar [[r.LightShaftQuality:1]]
[2020.10.27-12.29.13:911][  0]LogConfig: Setting CVar [[r.Filter.SizeScale:1]]
[2020.10.27-12.29.13:911][  0]LogConfig: Setting CVar [[r.Tonemapper.Quality:5]]
[2020.10.27-12.29.13:911][  0]LogConfig: Setting CVar [[r.DOF.Gather.AccumulatorQuality:1        ; higher gathering accumulator quality]]
[2020.10.27-12.29.13:911][  0]LogConfig: Setting CVar [[r.DOF.Gather.PostfilterMethod:1          ; Median3x3 postfilering method]]
[2020.10.27-12.29.13:911][  0]LogConfig: Setting CVar [[r.DOF.Gather.EnableBokehSettings:0       ; no bokeh simulation when gathering]]
[2020.10.27-12.29.13:911][  0]LogConfig: Setting CVar [[r.DOF.Gather.RingCount:4                 ; medium number of samples when gathering]]
[2020.10.27-12.29.13:911][  0]LogConfig: Setting CVar [[r.DOF.Scatter.ForegroundCompositing:1    ; additive foreground scattering]]
[2020.10.27-12.29.13:911][  0]LogConfig: Setting CVar [[r.DOF.Scatter.BackgroundCompositing:2    ; additive background scattering]]
[2020.10.27-12.29.13:911][  0]LogConfig: Setting CVar [[r.DOF.Scatter.EnableBokehSettings:1      ; bokeh simulation when scattering]]
[2020.10.27-12.29.13:911][  0]LogConfig: Setting CVar [[r.DOF.Scatter.MaxSpriteRatio:0.1         ; only a maximum of 10% of scattered bokeh]]
[2020.10.27-12.29.13:911][  0]LogConfig: Setting CVar [[r.DOF.Recombine.Quality:1                ; cheap slight out of focus]]
[2020.10.27-12.29.13:911][  0]LogConfig: Setting CVar [[r.DOF.Recombine.EnableBokehSettings:0    ; no bokeh simulation on slight out of focus]]
[2020.10.27-12.29.13:911][  0]LogConfig: Setting CVar [[r.DOF.TemporalAAQuality:1                ; more stable temporal accumulation]]
[2020.10.27-12.29.13:911][  0]LogConfig: Setting CVar [[r.DOF.Kernel.MaxForegroundRadius:0.025]]
[2020.10.27-12.29.13:912][  0]LogConfig: Setting CVar [[r.DOF.Kernel.MaxBackgroundRadius:0.025]]
[2020.10.27-12.29.13:912][  0]LogConfig: Applying CVar settings from Section [TextureQuality@3] File [C:/Users/student/Documents/Unreal Projects/VRLivePerformance/UnrealVRLivePerformance/UnrealVR/Saved/Config/Windows/Scalability.ini]
[2020.10.27-12.29.13:912][  0]LogConfig: Setting CVar [[r.Streaming.MipBias:0]]
[2020.10.27-12.29.13:912][  0]LogConfig: Setting CVar [[r.Streaming.AmortizeCPUToGPUCopy:0]]
[2020.10.27-12.29.13:912][  0]LogConfig: Setting CVar [[r.Streaming.MaxNumTexturesToStreamPerFrame:0]]
[2020.10.27-12.29.13:912][  0]LogConfig: Setting CVar [[r.Streaming.Boost:1]]
[2020.10.27-12.29.13:912][  0]LogConfig: Setting CVar [[r.MaxAnisotropy:8]]
[2020.10.27-12.29.13:912][  0]LogConfig: Setting CVar [[r.VT.MaxAnisotropy:8]]
[2020.10.27-12.29.13:912][  0]LogConfig: Setting CVar [[r.Streaming.LimitPoolSizeToVRAM:0]]
[2020.10.27-12.29.13:912][  0]LogConfig: Setting CVar [[r.Streaming.PoolSize:1000]]
[2020.10.27-12.29.13:912][  0]LogConfig: Setting CVar [[r.Streaming.MaxEffectiveScreenSize:0]]
[2020.10.27-12.29.13:912][  0]LogConfig: Applying CVar settings from Section [EffectsQuality@3] File [C:/Users/student/Documents/Unreal Projects/VRLivePerformance/UnrealVRLivePerformance/UnrealVR/Saved/Config/Windows/Scalability.ini]
[2020.10.27-12.29.13:912][  0]LogConfig: Setting CVar [[r.TranslucencyLightingVolumeDim:64]]
[2020.10.27-12.29.13:912][  0]LogConfig: Setting CVar [[r.RefractionQuality:2]]
[2020.10.27-12.29.13:912][  0]LogConfig: Setting CVar [[r.SSR.Quality:3]]
[2020.10.27-12.29.13:912][  0]LogConfig: Setting CVar [[r.SSR.HalfResSceneColor:0]]
[2020.10.27-12.29.13:912][  0]LogConfig: Setting CVar [[r.SceneColorFormat:4]]
[2020.10.27-12.29.13:912][  0]LogConfig: Setting CVar [[r.DetailMode:2]]
[2020.10.27-12.29.13:912][  0]LogConfig: Setting CVar [[r.TranslucencyVolumeBlur:1]]
[2020.10.27-12.29.13:912][  0]LogConfig: Setting CVar [[r.MaterialQualityLevel:1 ; High quality]]
[2020.10.27-12.29.13:912][  0]LogConfig: Setting CVar [[r.SSS.Scale:1]]
[2020.10.27-12.29.13:912][  0]LogConfig: Setting CVar [[r.SSS.SampleSet:2]]
[2020.10.27-12.29.13:912][  0]LogConfig: Setting CVar [[r.SSS.Quality:1]]
[2020.10.27-12.29.13:912][  0]LogConfig: Setting CVar [[r.SSS.HalfRes:0]]
[2020.10.27-12.29.13:912][  0]LogConfig: Setting CVar [[r.SSGI.Quality:3]]
[2020.10.27-12.29.13:912][  0]LogConfig: Setting CVar [[r.EmitterSpawnRateScale:1.0]]
[2020.10.27-12.29.13:912][  0]LogConfig: Setting CVar [[r.ParticleLightQuality:2]]
[2020.10.27-12.29.13:912][  0]LogConfig: Setting CVar [[r.SkyAtmosphere.AerialPerspectiveLUT.FastApplyOnOpaque:1 ; Always have FastSkyLUT 1 in this case to avoid wrong sky]]
[2020.10.27-12.29.13:912][  0]LogConfig: Setting CVar [[r.SkyAtmosphere.AerialPerspectiveLUT.SampleCountPerSlice:1]]
[2020.10.27-12.29.13:912][  0]LogConfig: Setting CVar [[r.SkyAtmosphere.AerialPerspectiveLUT.DepthResolution:16.0]]
[2020.10.27-12.29.13:912][  0]LogConfig: Setting CVar [[r.SkyAtmosphere.FastSkyLUT:1]]
[2020.10.27-12.29.13:912][  0]LogConfig: Setting CVar [[r.SkyAtmosphere.FastSkyLUT.SampleCountMin:4.0]]
[2020.10.27-12.29.13:912][  0]LogConfig: Setting CVar [[r.SkyAtmosphere.FastSkyLUT.SampleCountMax:32.0]]
[2020.10.27-12.29.13:912][  0]LogConfig: Setting CVar [[r.SkyAtmosphere.SampleCountMin:4.0]]
[2020.10.27-12.29.13:912][  0]LogConfig: Setting CVar [[r.SkyAtmosphere.SampleCountMax:32.0]]
[2020.10.27-12.29.13:912][  0]LogConfig: Setting CVar [[r.SkyAtmosphere.TransmittanceLUT.UseSmallFormat:0]]
[2020.10.27-12.29.13:912][  0]LogConfig: Setting CVar [[r.SkyAtmosphere.TransmittanceLUT.SampleCount:10.0]]
[2020.10.27-12.29.13:912][  0]LogConfig: Setting CVar [[r.SkyAtmosphere.MultiScatteringLUT.SampleCount:15.0]]
[2020.10.27-12.29.13:912][  0]LogConfig: Applying CVar settings from Section [FoliageQuality@3] File [C:/Users/student/Documents/Unreal Projects/VRLivePerformance/UnrealVRLivePerformance/UnrealVR/Saved/Config/Windows/Scalability.ini]
[2020.10.27-12.29.13:912][  0]LogConfig: Setting CVar [[foliage.DensityScale:1.0]]
[2020.10.27-12.29.13:912][  0]LogConfig: Setting CVar [[grass.DensityScale:1.0]]
[2020.10.27-12.29.13:912][  0]LogConfig: Applying CVar settings from Section [ShadingQuality@3] File [C:/Users/student/Documents/Unreal Projects/VRLivePerformance/UnrealVRLivePerformance/UnrealVR/Saved/Config/Windows/Scalability.ini]
[2020.10.27-12.29.13:912][  0]LogConfig: Setting CVar [[r.HairStrands.SkyLighting.SampleCount:16]]
[2020.10.27-12.29.13:912][  0]LogConfig: Setting CVar [[r.HairStrands.SkyLighting.JitterIntegration:0]]
[2020.10.27-12.29.13:912][  0]LogConfig: Setting CVar [[r.HairStrands.SkyAO.SampleCount:16]]
[2020.10.27-12.29.13:912][  0]LogConfig: Setting CVar [[r.HairStrands.DeepShadow.SuperSampling:0]]
[2020.10.27-12.29.13:912][  0]LogConfig: Setting CVar [[r.HairStrands.VisibilityPPLL:0]]
[2020.10.27-12.29.13:912][  0]LogConfig: Setting CVar [[r.HairStrands.RasterizationScale:0.5]]
[2020.10.27-12.29.13:912][  0]LogConfig: Setting CVar [[r.HairStrands.VelocityRasterizationScale:1]]
[2020.10.27-12.29.13:912][  0]LogConfig: Applying CVar settings from Section [Startup] File [../../../Engine/Config/ConsoleVariables.ini]
[2020.10.27-12.29.13:912][  0]LogConfig: Setting CVar [[net.UseAdaptiveNetUpdateFrequency:0]]
[2020.10.27-12.29.13:912][  0]LogConfig: Setting CVar [[p.chaos.AllowCreatePhysxBodies:1]]
[2020.10.27-12.29.13:912][  0]LogConfig: Setting CVar [[fx.SkipVectorVMBackendOptimizations:1]]
[2020.10.27-12.29.13:912][  0]LogConfig: Applying CVar settings from Section [ConsoleVariables] File [C:/Users/student/Documents/Unreal Projects/VRLivePerformance/UnrealVRLivePerformance/UnrealVR/Saved/Config/Windows/Engine.ini]
[2020.10.27-12.29.13:912][  0]LogInit: Computer: DESKTOP-4S701HP
[2020.10.27-12.29.13:912][  0]LogInit: User: student
[2020.10.27-12.29.13:912][  0]LogInit: CPU Page size=4096, Cores=10
[2020.10.27-12.29.13:912][  0]LogInit: High frequency timer resolution =10.000000 MHz
[2020.10.27-12.29.13:912][  0]LogMemory: Memory total: Physical=15.7GB (16GB approx)
[2020.10.27-12.29.13:912][  0]LogMemory: Platform Memory Stats for Windows
[2020.10.27-12.29.13:912][  0]LogMemory: Process Physical Memory: 121.02 MB used, 121.02 MB peak
[2020.10.27-12.29.13:912][  0]LogMemory: Process Virtual Memory: 103.99 MB used, 103.99 MB peak
[2020.10.27-12.29.13:912][  0]LogMemory: Physical Memory: 5942.55 MB used,  10140.89 MB free, 16083.44 MB total
[2020.10.27-12.29.13:912][  0]LogMemory: Virtual Memory: 5249.77 MB used,  134212480.00 MB free, 134217728.00 MB total
[2020.10.27-12.29.13:918][  0]LogWindows: WindowsPlatformFeatures enabled
[2020.10.27-12.29.13:960][  0]LogInit: Physics initialised using underlying interface: PhysX
[2020.10.27-12.29.13:961][  0]LogInit: Using OS detected language (en-GB).
[2020.10.27-12.29.13:961][  0]LogInit: Using OS detected locale (en-US).
[2020.10.27-12.29.13:965][  0]LogTextLocalizationManager: No specific localization for 'en-GB' exists, so the 'en' localization will be used.
[2020.10.27-12.29.14:197][  0]LogInit: Setting process to per monitor DPI aware
[2020.10.27-12.29.14:246][  0]LogSlate: New Slate User Created.  User Index 0, Is Virtual User: 0
[2020.10.27-12.29.14:246][  0]LogSlate: Slate User Registered.  User Index 0, Is Virtual User: 0
[2020.10.27-12.29.14:596][  0]LogD3D11RHI: D3D11 min allowed feature level: 11_0
[2020.10.27-12.29.14:596][  0]LogD3D11RHI: D3D11 max allowed feature level: 11_0
[2020.10.27-12.29.14:596][  0]LogD3D11RHI: D3D11 adapters:
[2020.10.27-12.29.14:662][  0]LogD3D11RHI:    0. 'NVIDIA Quadro P5000' (Feature Level 11_0)
[2020.10.27-12.29.14:662][  0]LogD3D11RHI:       16255/0/8041 MB DedicatedVideo/DedicatedSystem/SharedSystem, Outputs:2, VendorId:0x10de
[2020.10.27-12.29.14:666][  0]LogD3D11RHI:    1. 'Microsoft Basic Render Driver' (Feature Level 11_0)
[2020.10.27-12.29.14:666][  0]LogD3D11RHI:       0/0/8041 MB DedicatedVideo/DedicatedSystem/SharedSystem, Outputs:0, VendorId:0x1414
[2020.10.27-12.29.14:666][  0]LogD3D11RHI: Chosen D3D11 Adapter: 0
[2020.10.27-12.29.14:674][  0]LogD3D11RHI: Creating new Direct3DDevice
[2020.10.27-12.29.14:674][  0]LogD3D11RHI:     GPU DeviceId: 0x1bb0 (for the marketing name, search the web for "GPU Device Id")
[2020.10.27-12.29.14:675][  0]LogWindows: EnumDisplayDevices:
[2020.10.27-12.29.14:675][  0]LogWindows:    0. 'NVIDIA Quadro P5000' (P:1 D:1)
[2020.10.27-12.29.14:675][  0]LogWindows:    1. 'NVIDIA Quadro P5000' (P:0 D:1)
[2020.10.27-12.29.14:675][  0]LogWindows:    2. 'NVIDIA Quadro P5000' (P:0 D:0)
[2020.10.27-12.29.14:676][  0]LogWindows:    3. 'NVIDIA Quadro P5000' (P:0 D:0)
[2020.10.27-12.29.14:676][  0]LogWindows: DebugString: FoundDriverCount:4 
[2020.10.27-12.29.14:676][  0]LogD3D11RHI:     Adapter Name: NVIDIA Quadro P5000
[2020.10.27-12.29.14:676][  0]LogD3D11RHI:   Driver Version: 430.64 (internal:26.21.14.3064, unified:430.64)
[2020.10.27-12.29.14:676][  0]LogD3D11RHI:      Driver Date: 5-5-2019
[2020.10.27-12.29.14:676][  0]LogRHI: Texture pool is 11378 MB (70% of 16255 MB)
[2020.10.27-12.29.14:725][  0]LogD3D11RHI: RHI has support for 64 bit atomics
[2020.10.27-12.29.14:727][  0]LogD3D11RHI: [Aftermath] Enabled and primed
[2020.10.27-12.29.14:727][  0]LogD3D11RHI: Async texture creation enabled
[2020.10.27-12.29.14:727][  0]LogD3D11RHI: Array index from any shader is supported
[2020.10.27-12.29.14:838][  0]LogD3D11RHI: GPU Timing Frequency: 1000.000000 (Debug: 2 1)
[2020.10.27-12.29.15:205][  0]LogTargetPlatformManager: Display: Loaded TargetPlatform 'AllDesktop'
[2020.10.27-12.29.15:235][  0]LogTargetPlatformManager: Display: Loaded TargetPlatform 'Android'
[2020.10.27-12.29.15:235][  0]LogTargetPlatformManager: Display: Loaded TargetPlatform 'Android_ASTC'
[2020.10.27-12.29.15:235][  0]LogTargetPlatformManager: Display: Loaded TargetPlatform 'Android_DXT'
[2020.10.27-12.29.15:235][  0]LogTargetPlatformManager: Display: Loaded TargetPlatform 'Android_ETC2'
[2020.10.27-12.29.15:235][  0]LogTargetPlatformManager: Display: Loaded TargetPlatform 'AndroidClient'
[2020.10.27-12.29.15:235][  0]LogTargetPlatformManager: Display: Loaded TargetPlatform 'Android_ASTCClient'
[2020.10.27-12.29.15:235][  0]LogTargetPlatformManager: Display: Loaded TargetPlatform 'Android_DXTClient'
[2020.10.27-12.29.15:235][  0]LogTargetPlatformManager: Display: Loaded TargetPlatform 'Android_ETC2Client'
[2020.10.27-12.29.15:235][  0]LogTargetPlatformManager: Display: Loaded TargetPlatform 'Android_Multi'
[2020.10.27-12.29.15:235][  0]LogTargetPlatformManager: Display: Loaded TargetPlatform 'Android_MultiClient'
[2020.10.27-12.29.15:264][  0]LogTargetPlatformManager: Display: Loaded TargetPlatform 'IOSClient'
[2020.10.27-12.29.15:264][  0]LogTargetPlatformManager: Display: Loaded TargetPlatform 'IOS'
[2020.10.27-12.29.15:279][  0]LogTargetPlatformManager: Display: Loaded TargetPlatform 'Linux'
[2020.10.27-12.29.15:291][  0]LogTargetPlatformManager: Display: Loaded TargetPlatform 'LinuxNoEditor'
[2020.10.27-12.29.15:303][  0]LogTargetPlatformManager: Display: Loaded TargetPlatform 'LinuxClient'
[2020.10.27-12.29.15:315][  0]LogTargetPlatformManager: Display: Loaded TargetPlatform 'LinuxServer'
[2020.10.27-12.29.15:327][  0]LogTargetPlatformManager: Display: Loaded TargetPlatform 'LinuxAArch64NoEditor'
[2020.10.27-12.29.15:340][  0]LogTargetPlatformManager: Display: Loaded TargetPlatform 'LinuxAArch64Client'
[2020.10.27-12.29.15:352][  0]LogTargetPlatformManager: Display: Loaded TargetPlatform 'LinuxAArch64Server'
[2020.10.27-12.29.15:387][  0]LogTargetPlatformManager: Display: Loaded TargetPlatform 'Lumin'
[2020.10.27-12.29.15:387][  0]LogTargetPlatformManager: Display: Loaded TargetPlatform 'LuminClient'
[2020.10.27-12.29.15:407][  0]LogTargetPlatformManager: Display: Loaded TargetPlatform 'TVOSClient'
[2020.10.27-12.29.15:407][  0]LogTargetPlatformManager: Display: Loaded TargetPlatform 'TVOS'
[2020.10.27-12.29.15:419][  0]LogTargetPlatformManager: Display: Loaded TargetPlatform 'WindowsNoEditor'
[2020.10.27-12.29.15:432][  0]LogTargetPlatformManager: Display: Loaded TargetPlatform 'Windows'
[2020.10.27-12.29.15:444][  0]LogTargetPlatformManager: Display: Loaded TargetPlatform 'WindowsClient'
[2020.10.27-12.29.15:456][  0]LogTargetPlatformManager: Display: Loaded TargetPlatform 'WindowsServer'
[2020.10.27-12.29.15:456][  0]LogTargetPlatformManager: Display: Building Assets For Windows
[2020.10.27-12.29.15:465][  0]LogAudioDebug: Display: Lib vorbis DLL was dynamically loaded.
[2020.10.27-12.29.15:536][  0]LogShaderCompilers: Guid format shader working directory is -60 characters bigger than the processId version (../../../../../../Users/student/Documents/Unreal Projects/VRLivePerformance/UnrealVRLivePerformance/UnrealVR/Intermediate/Shaders/WorkingDirectory/2280/).
[2020.10.27-12.29.15:536][  0]LogShaderCompilers: Cleaned the shader compiler working directory 'C:/Users/student/AppData/Local/Temp/UnrealShaderWorkingDir/74D2787D4181ECBF16DDBC9B0232323E/'.
[2020.10.27-12.29.15:536][  0]LogXGEController: Cleaning working directory: C:/Users/student/AppData/Local/Temp/UnrealXGEWorkingDir/
[2020.10.27-12.29.15:537][  0]LogXGEController: Cannot use XGE Controller as Incredibuild is not installed on this machine.
[2020.10.27-12.29.15:537][  0]LogShaderCompilers: Cannot use XGE Shader Compiler as Incredibuild is not installed on this machine.
[2020.10.27-12.29.15:537][  0]LogShaderCompilers: Display: Using Local Shader Compiler.
[2020.10.27-12.29.16:586][  0]LogDerivedDataCache: Display: Max Cache Size: 512 MB
[2020.10.27-12.29.16:665][  0]LogDerivedDataCache: Loaded boot cache 0.08s 94MB C:/Users/student/AppData/Local/UnrealEngine/4.25/DerivedDataCache/Boot.ddc.
[2020.10.27-12.29.16:665][  0]LogDerivedDataCache: Display: Loaded Boot cache: C:/Users/student/AppData/Local/UnrealEngine/4.25/DerivedDataCache/Boot.ddc
[2020.10.27-12.29.16:666][  0]LogDerivedDataCache: FDerivedDataBackendGraph:  Pak pak cache file ../../../../../../Users/student/Documents/Unreal Projects/VRLivePerformance/UnrealVRLivePerformance/UnrealVR/DerivedDataCache/DDC.ddp not found, will not use a pak cache.
[2020.10.27-12.29.16:666][  0]LogDerivedDataCache: Unable to find inner node Pak for hierarchical cache Hierarchy.
[2020.10.27-12.29.16:666][  0]LogDerivedDataCache: FDerivedDataBackendGraph:  CompressedPak pak cache file ../../../../../../Users/student/Documents/Unreal Projects/VRLivePerformance/UnrealVRLivePerformance/UnrealVR/DerivedDataCache/Compressed.ddp not found, will not use a pak cache.
[2020.10.27-12.29.16:666][  0]LogDerivedDataCache: Unable to find inner node CompressedPak for hierarchical cache Hierarchy.
[2020.10.27-12.29.16:681][  0]LogDerivedDataCache: Display: Pak cache opened for reading ../../../Engine/DerivedDataCache/Compressed.ddp.
[2020.10.27-12.29.16:681][  0]LogDerivedDataCache: FDerivedDataBackendGraph:  EnterprisePak pak cache file ../../../Enterprise/DerivedDataCache/Compressed.ddp not found, will not use a pak cache.
[2020.10.27-12.29.16:681][  0]LogDerivedDataCache: Unable to find inner node EnterprisePak for hierarchical cache Hierarchy.
[2020.10.27-12.29.16:682][  0]LogDerivedDataCache: Using Local data cache path C:/Users/student/AppData/Local/UnrealEngine/Common/DerivedDataCache: Writable
[2020.10.27-12.29.16:682][  0]LogDerivedDataCache: Shared data cache path not found in *engine.ini, will not use an Shared cache.
[2020.10.27-12.29.16:682][  0]LogDerivedDataCache: Unable to find inner node Shared for hierarchical cache Hierarchy.
[2020.10.27-12.29.16:755][  0]LogSlate: Using FreeType 2.10.0
[2020.10.27-12.29.16:755][  0]LogSlate: SlateFontServices - WITH_FREETYPE: 1, WITH_HARFBUZZ: 1
[2020.10.27-12.29.16:786][  0]LogAssetRegistry: FAssetRegistry took 0.0035 seconds to start up
[2020.10.27-12.29.17:102][  0]LogInit: Selected Device Profile: [Windows]
[2020.10.27-12.29.17:253][  0]LogMeshReduction: Using QuadricMeshReduction for automatic static mesh reduction
[2020.10.27-12.29.17:253][  0]LogMeshReduction: Using SimplygonMeshReduction for automatic skeletal mesh reduction
[2020.10.27-12.29.17:253][  0]LogMeshReduction: Using ProxyLODMeshReduction for automatic mesh merging
[2020.10.27-12.29.17:253][  0]LogMeshReduction: No distributed automatic mesh merging module available
[2020.10.27-12.29.17:253][  0]LogMeshMerging: No distributed automatic mesh merging module available
[2020.10.27-12.29.17:284][  0]LogNetVersion: UnrealVR 1.0.0, NetCL: 13144385, EngineNetVer: 14, GameNetVer: 0 (Checksum: 2192167523)
[2020.10.27-12.29.17:811][  0]LogAISub: UAISubsystem::UAISubsystem AISubsystem (000001DB57010380), frame # 0
[2020.10.27-12.29.17:811][  0]LogAISub: UAISubsystem::UAISubsystem AIPerceptionSystem (000001DB56F45080), frame # 0
[2020.10.27-12.29.17:813][  0]LogAISub: UAISubsystem::UAISubsystem EnvQueryManager (000001DB56FA9E00), frame # 0
[2020.10.27-12.29.17:882][  0]LogPackageLocalizationCache: Processed 21 localized package path(s) for 1 prioritized culture(s) in 0.062047 seconds
[2020.10.27-12.29.17:889][  0]LogUObjectArray: 15917 objects as part of root set at end of initial load.
[2020.10.27-12.29.17:889][  0]LogUObjectAllocator: 3965568 out of 0 bytes used by permanent object pool.
[2020.10.27-12.29.17:889][  0]LogUObjectArray: CloseDisregardForGC: 0/0 objects in disregard for GC pool
[2020.10.27-12.29.18:293][  0]LogTcpMessaging: Initializing TcpMessaging bridge
[2020.10.27-12.29.18:298][  0]LogUdpMessaging: Initializing bridge on interface 0.0.0.0:0 to multicast group 230.0.0.1:6666.
[2020.10.27-12.29.18:342][  0]LogSteamAudio: FSteamAudioModule Startup
[2020.10.27-12.29.18:342][  0]LogSteamAudio: Display: Attempting to load ../../../Engine/Binaries/ThirdParty/Phonon/Win64/phonon.dll
[2020.10.27-12.29.18:344][  0]LogSteamAudio: Display: Loaded ../../../Engine/Binaries/ThirdParty/Phonon/Win64/phonon.dll.
[2020.10.27-12.29.18:412][  0]SourceControl: Source control is disabled
[2020.10.27-12.29.18:412][  0]SourceControl: Source control is disabled
[2020.10.27-12.29.18:415][  0]SourceControl: Source control is disabled
[2020.10.27-12.29.18:419][  0]SourceControl: Source control is disabled
[2020.10.27-12.29.18:427][  0]SourceControl: Source control is disabled
[2020.10.27-12.29.18:872][  0]LogAndroidPermission: UAndroidPermissionCallbackProxy::GetInstance
[2020.10.27-12.29.18:895][  0]LogAudioCaptureCore: Display: No Audio Capture implementations found. Audio input will be silent.
[2020.10.27-12.29.18:895][  0]LogAudioCaptureCore: Display: No Audio Capture implementations found. Audio input will be silent.
[2020.10.27-12.29.18:955][  0]LogOcInput: OculusInput pre-init called
[2020.10.27-12.29.19:258][  0]LogEngine: Initializing Engine...
[2020.10.27-12.29.19:260][  0]LogHMD: SteamVR initialized.  Driver: lighthouse  Display: LHR-7E39DC5F
[2020.10.27-12.29.19:261][  0]LogStats: UGameplayTagsManager::InitializeManager -  0.000 s
[2020.10.27-12.29.19:418][  0]LogInit: Initializing FReadOnlyCVARCache
[2020.10.27-12.29.19:428][  0]LogAIModule: Creating AISystem for world Untitled
[2020.10.27-12.29.19:428][  0]LogAISub: UAISubsystem::UAISubsystem EnvQueryManager (000001DB63767C00), frame # 0
[2020.10.27-12.29.19:428][  0]LogAISub: UAISubsystem::UAISubsystem AIPerceptionSystem (000001DB63773B00), frame # 0
[2020.10.27-12.29.19:437][  0]LogAudioMixer: Display: Audio Mixer Platform Settings:
[2020.10.27-12.29.19:437][  0]LogAudioMixer: Display: 	Sample Rate:						  48000
[2020.10.27-12.29.19:437][  0]LogAudioMixer: Display: 	Callback Buffer Frame Size Requested: 1024
[2020.10.27-12.29.19:437][  0]LogAudioMixer: Display: 	Callback Buffer Frame Size To Use:	  1024
[2020.10.27-12.29.19:437][  0]LogAudioMixer: Display: 	Number of buffers to queue:			  2
[2020.10.27-12.29.19:437][  0]LogAudioMixer: Display: 	Max Channels (voices):				  32
[2020.10.27-12.29.19:437][  0]LogAudioMixer: Display: 	Number of Async Source Workers:		  0
[2020.10.27-12.29.19:437][  0]LogAudio: Display: AudioDevice MaxSources: 32
[2020.10.27-12.29.19:438][  0]LogAudio: Display: Audio Occlusion Plugin: Steam Audio
[2020.10.27-12.29.19:438][  0]LogAudioMixer: Display: Initializing audio mixer.
[2020.10.27-12.29.19:461][  0]LogAudioMixer: Display: 0: FrontLeft
[2020.10.27-12.29.19:461][  0]LogAudioMixer: Display: 1: FrontRight
[2020.10.27-12.29.19:514][  0]LogAudioMixer: Display: Using Audio Device VIVE Pro (NVIDIA High Definition Audio)
[2020.10.27-12.29.19:560][  0]LogAudioMixer: Display: Initializing Sound Submixes...
[2020.10.27-12.29.19:563][  0]LogAudioMixer: Display: Creating Master Submix 'MasterSubmixDefault'
[2020.10.27-12.29.19:563][  0]LogAudioMixer: Display: Creating Master Submix 'MasterReverbSubmixDefault'
[2020.10.27-12.29.19:564][  0]LogAudioMixer: Display: Creating Master Submix 'MasterEQSubmixDefault'
[2020.10.27-12.29.19:567][  0]LogInit: FAudioDevice initialized.
[2020.10.27-12.29.19:567][  0]LogNetVersion: Set ProjectVersion to 1.0.0.0. Version Checksum will be recalculated on next use.
[2020.10.27-12.29.19:633][  0]LogDerivedDataCache: Saved boot cache 0.07s 94MB C:/Users/student/AppData/Local/UnrealEngine/4.25/DerivedDataCache/Boot.ddc.
[2020.10.27-12.29.19:642][  0]LogInit: Texture streaming: Enabled
[2020.10.27-12.29.19:661][  0]LogEngineSessionManager: EngineSessionManager initialized
[2020.10.27-12.29.19:661][  0]LogEngineSessionManager: EngineSessionManager sent abnormal shutdown report. Type=Crashed, SessionId={F90E4ABE-472A-484D-785B-4DAA4A82587D}
[2020.10.27-12.29.19:661][  0]LogEditorSessionSummary: Verbose: Initializing EditorSessionSummaryWriter for editor session tracking
[2020.10.27-12.29.19:663][  0]LogEditorSessionSummary: EditorSessionSummaryWriter initialized
[2020.10.27-12.29.19:754][  0]LogInit: Transaction tracking system initialized
[2020.10.27-12.29.19:779][  0]BlueprintLog: New page: Editor Load
[2020.10.27-12.29.19:858][  0]LocalizationService: Localization service is disabled
[2020.10.27-12.29.20:042][  0]LogCook: Display: Max memory allowance for cook 16384mb min free memory 0mb
[2020.10.27-12.29.20:042][  0]LogCook: Display: Mobile HDR setting 1
[2020.10.27-12.29.20:204][  0]LogFileCache: Scanning file cache for directory 'C:/Users/student/Documents/Unreal Projects/VRLivePerformance/UnrealVRLivePerformance/UnrealVR/Content/' took 0.00s
[2020.10.27-12.29.20:441][  0]SourceControl: Source control is disabled
[2020.10.27-12.29.20:441][  0]LogUnrealEdMisc: Loading editor; pre map load, took 8.857
[2020.10.27-12.29.20:441][  0]Cmd: MAP LOAD FILE="../../../../../../Users/student/Documents/Unreal Projects/VRLivePerformance/UnrealVRLivePerformance/UnrealVR/Content/Maps/Lobby/Lobby.umap" TEMPLATE=0 SHOWPROGRESS=1 FEATURELEVEL=3
[2020.10.27-12.29.20:441][  0]LightingResults: New page: Lighting Build
[2020.10.27-12.29.20:442][  0]LogWorld: UWorld::CleanupWorld for Untitled, bSessionEnded=true, bCleanupResources=true
[2020.10.27-12.29.20:442][  0]LogSlate: InvalidateAllWidgets triggered.  All widgets were invalidated
[2020.10.27-12.29.20:442][  0]MapCheck: New page: Map Check
[2020.10.27-12.29.20:442][  0]LightingResults: New page: Lighting Build
[2020.10.27-12.29.20:466][  0]LogAISub: UAISubsystem::~UAISubsystem EnvQueryManager (000001DB63767C00), frame # 0
[2020.10.27-12.29.20:466][  0]LogAISub: UAISubsystem::~UAISubsystem AIPerceptionSystem (000001DB63773B00), frame # 0
[2020.10.27-12.29.20:467][  0]LogUObjectHash: Compacting FUObjectHashTables data took   0.96ms
[2020.10.27-12.29.20:765][  0]LogBlueprint: Warning: [Compiler PersistentLevel.Lobby] Node  Unknown  is not referencing a valid level actor
[2020.10.27-12.29.20:846][  0]LogAIModule: Creating AISystem for world Lobby
[2020.10.27-12.29.20:846][  0]LogAISub: UAISubsystem::UAISubsystem EnvQueryManager (000001DB4E591C00), frame # 0
[2020.10.27-12.29.20:846][  0]LogAISub: UAISubsystem::UAISubsystem AIPerceptionSystem (000001DB4DB54CC0), frame # 0
[2020.10.27-12.29.20:855][  0]LogEditorServer: Finished looking for orphan Actors (0.000 secs)
[2020.10.27-12.29.20:881][  0]LogUObjectHash: Compacting FUObjectHashTables data took   1.10ms
[2020.10.27-12.29.20:882][  0]Cmd: MAP CHECKDEP NOCLEARLOG
[2020.10.27-12.29.20:882][  0]MapCheck: Map check complete: 0 Error(s), 0 Warning(s), took 0.191ms to complete.
[2020.10.27-12.29.20:882][  0]LogFileHelpers: Loading map 'Lobby' took 0.441
[2020.10.27-12.29.20:885][  0]LogUnrealEdMisc: Total Editor Startup Time, took 9.301
[2020.10.27-12.29.21:068][  0]LogSlate: Updating window title bar state: overlay mode, drag disabled, window buttons hidden, title bar hidden
[2020.10.27-12.29.21:077][  0]LogSlate: Updating window title bar state: overlay mode, drag disabled, window buttons hidden, title bar hidden
[2020.10.27-12.29.21:086][  0]LogSlate: Updating window title bar state: overlay mode, drag disabled, window buttons hidden, title bar hidden
[2020.10.27-12.29.21:096][  0]LogSlate: Updating window title bar state: overlay mode, drag disabled, window buttons hidden, title bar hidden
[2020.10.27-12.29.21:104][  0]LogCollectionManager: Loaded 0 collections in 0.002271 seconds
[2020.10.27-12.29.21:124][  0]LogFileCache: Scanning file cache for directory 'C:/Users/student/Documents/Unreal Projects/VRLivePerformance/UnrealVRLivePerformance/UnrealVR/Saved/Collections/' took 0.00s
[2020.10.27-12.29.21:124][  0]LogFileCache: Scanning file cache for directory 'C:/Users/student/Documents/Unreal Projects/VRLivePerformance/UnrealVRLivePerformance/UnrealVR/Content/Developers/student/Collections/' took 0.00s
[2020.10.27-12.29.21:124][  0]LogFileCache: Scanning file cache for directory 'C:/Users/student/Documents/Unreal Projects/VRLivePerformance/UnrealVRLivePerformance/UnrealVR/Content/Collections/' took 0.00s
[2020.10.27-12.29.21:124][  0]LogContentBrowser: Native class hierarchy populated in 0.0127 seconds. Added 3448 classes and 833 folders.
[2020.10.27-12.29.21:128][  0]LogContentBrowser: Native class hierarchy updated for 'WidgetCarousel' in 0.0005 seconds. Added 0 classes and 0 folders.
[2020.10.27-12.29.21:182][  0]LogContentBrowser: Native class hierarchy updated for 'AddContentDialog' in 0.0006 seconds. Added 0 classes and 0 folders.
[2020.10.27-12.29.21:187][  0]LogContentBrowser: Native class hierarchy updated for 'SceneOutliner' in 0.0005 seconds. Added 2 classes and 0 folders.
[2020.10.27-12.29.21:810][  0]LogSlate: Took 0.000167 seconds to synchronously load lazily loaded font '../../../Engine/Content/Slate/Fonts/Roboto-Regular.ttf' (155K)
[2020.10.27-12.29.21:813][  0]LogSlate: Took 0.000187 seconds to synchronously load lazily loaded font '../../../Engine/Content/Slate/Fonts/Roboto-Bold.ttf' (160K)
[2020.10.27-12.29.21:818][  0]LogSlate: Took 0.000132 seconds to synchronously load lazily loaded font '../../../Engine/Content/Editor/Slate/Fonts/FontAwesome.ttf' (139K)
[2020.10.27-12.29.21:941][  0]LogRenderer: Reallocating scene render targets to support 1604x808 Format 10 NumSamples 1 (Frame:1).
[2020.10.27-12.29.22:045][  0]LogContentBrowser: Native class hierarchy updated for 'HierarchicalLODOutliner' in 0.0007 seconds. Added 0 classes and 0 folders.
[2020.10.27-12.29.22:046][  0]LogLoad: (Engine Initialization) Total time: 10.46 seconds
[2020.10.27-12.29.22:046][  0]LogLoad: (Engine Initialization) Total Blueprint compile time: 0.00 seconds
[2020.10.27-12.29.22:056][  0]LogSteamVRInputDevice: Display: SteamVR runtime 1.5.17 loaded.
[2020.10.27-12.29.22:056][  0]LogSteamVRInputDevice: Display: Action Manifest Path: ../../../../../../Users/student/Documents/Unreal Projects/VRLivePerformance/UnrealVRLivePerformance/UnrealVR/Config/SteamVRBindings/steamvr_manifest.json
[2020.10.27-12.29.22:056][  0]LogSteamVRInputDevice: Display: Controller Bindings Path: ../../../../../../Users/student/Documents/Unreal Projects/VRLivePerformance/UnrealVRLivePerformance/UnrealVR/Config/SteamVRBindings
[2020.10.27-12.29.22:065][  0]LogSteamVRInputDevice: Searching for Controller Bindings files at: ../../../../../../Users/student/Documents/Unreal Projects/VRLivePerformance/UnrealVRLivePerformance/UnrealVR/Config/SteamVRBindings
[2020.10.27-12.29.22:071][  0]LogSteamVRInputDevice: Display: [STEAMVR INPUT] Registering Application Manifest ../../../../../../Users/student/Documents/Unreal Projects/VRLivePerformance/UnrealVRLivePerformance/UnrealVR/Config/steamvr_ue_editor_app.json : VRApplicationError_None
[2020.10.27-12.29.22:072][  0]LogSteamVRInputDevice: Display: [STEAMVR INPUT] Editor Application [2280][application.generated.ue.unrealvr-13942748.ue4editor.exe] identified to SteamVR: VRApplicationError_None
[2020.10.27-12.29.22:072][  0]LogSteamVRInputDevice: Display: [STEAMVR INPUT] Trying to load Action Manifest from: C:/Users/student/Documents/Unreal Projects/VRLivePerformance/UnrealVRLivePerformance/UnrealVR/Config/SteamVRBindings/steamvr_manifest.json
[2020.10.27-12.29.22:072][  0]LogSteamVRInputDevice: Display: [STEAMVR INPUT] Setting Action Manifest Path Result: Success
[2020.10.27-12.29.22:072][  0]LogSteamVRInputDevice: Display: [STEAMVR INPUT] Setting main action set: Success
[2020.10.27-12.29.22:073][  0]LogSteamVRInputDevice: Display: Retrieving Action Handle: /actions/main/in/controllerleft
[2020.10.27-12.29.22:073][  0]LogSteamVRInputDevice: Display: [STEAMVR INPUT] Setting Action Handle Path Result: Success
[2020.10.27-12.29.22:073][  0]LogSteamVRInputDevice: Display: Retrieving Action Handle: /actions/main/in/controllerright
[2020.10.27-12.29.22:073][  0]LogSteamVRInputDevice: Display: [STEAMVR INPUT] Setting Action Handle Path Result: Success
[2020.10.27-12.29.22:073][  0]LogSteamVRInputDevice: Display: Retrieving Action Handle: /actions/main/in/special1
[2020.10.27-12.29.22:073][  0]LogSteamVRInputDevice: Display: [STEAMVR INPUT] Setting Action Handle Path Result: Success
[2020.10.27-12.29.22:073][  0]LogSteamVRInputDevice: Display: Retrieving Action Handle: /actions/main/in/special2
[2020.10.27-12.29.22:073][  0]LogSteamVRInputDevice: Display: [STEAMVR INPUT] Setting Action Handle Path Result: Success
[2020.10.27-12.29.22:073][  0]LogSteamVRInputDevice: Display: Retrieving Action Handle: /actions/main/in/special3
[2020.10.27-12.29.22:073][  0]LogSteamVRInputDevice: Display: [STEAMVR INPUT] Setting Action Handle Path Result: Success
[2020.10.27-12.29.22:073][  0]LogSteamVRInputDevice: Display: Retrieving Action Handle: /actions/main/in/special4
[2020.10.27-12.29.22:073][  0]LogSteamVRInputDevice: Display: [STEAMVR INPUT] Setting Action Handle Path Result: Success
[2020.10.27-12.29.22:073][  0]LogSteamVRInputDevice: Display: Retrieving Action Handle: /actions/main/in/special5
[2020.10.27-12.29.22:073][  0]LogSteamVRInputDevice: Display: [STEAMVR INPUT] Setting Action Handle Path Result: Success
[2020.10.27-12.29.22:074][  0]LogSteamVRInputDevice: Display: Retrieving Action Handle: /actions/main/in/special6
[2020.10.27-12.29.22:074][  0]LogSteamVRInputDevice: Display: [STEAMVR INPUT] Setting Action Handle Path Result: Success
[2020.10.27-12.29.22:074][  0]LogSteamVRInputDevice: Display: Retrieving Action Handle: /actions/main/in/special7
[2020.10.27-12.29.22:074][  0]LogSteamVRInputDevice: Display: [STEAMVR INPUT] Setting Action Handle Path Result: Success
[2020.10.27-12.29.22:074][  0]LogSteamVRInputDevice: Display: Retrieving Action Handle: /actions/main/in/special8
[2020.10.27-12.29.22:074][  0]LogSteamVRInputDevice: Display: [STEAMVR INPUT] Setting Action Handle Path Result: Success
[2020.10.27-12.29.22:074][  0]LogSteamVRInputDevice: Display: Retrieving Action Handle: /actions/main/in/skeletonleft
[2020.10.27-12.29.22:074][  0]LogSteamVRInputDevice: Display: [STEAMVR INPUT] Setting Action Handle Path Result: Success
[2020.10.27-12.29.22:074][  0]LogSteamVRInputDevice: Display: Retrieving Action Handle: /actions/main/in/skeletonright
[2020.10.27-12.29.22:074][  0]LogSteamVRInputDevice: Display: [STEAMVR INPUT] Setting Action Handle Path Result: Success
[2020.10.27-12.29.22:074][  0]LogSteamVRInputDevice: Display: Retrieving Action Handle: /actions/main/out/vibrateleft
[2020.10.27-12.29.22:074][  0]LogSteamVRInputDevice: Display: [STEAMVR INPUT] Setting Action Handle Path Result: Success
[2020.10.27-12.29.22:074][  0]LogSteamVRInputDevice: Display: Retrieving Action Handle: /actions/main/out/vibrateright
[2020.10.27-12.29.22:074][  0]LogSteamVRInputDevice: Display: [STEAMVR INPUT] Setting Action Handle Path Result: Success
[2020.10.27-12.29.22:074][  0]LogSteamVRInputDevice: Display: Retrieving Action Handle: /actions/main/in/open_console
[2020.10.27-12.29.22:074][  0]LogSteamVRInputDevice: Display: [STEAMVR INPUT] Setting Action Handle Path Result: Success
[2020.10.27-12.29.22:075][  0]LogSteamVRInputDevice: Display: Retrieving Action Handle: /actions/main/in/TeleportRight
[2020.10.27-12.29.22:075][  0]LogSteamVRInputDevice: Display: [STEAMVR INPUT] Setting Action Handle Path Result: Success
[2020.10.27-12.29.22:075][  0]LogSteamVRInputDevice: Display: Retrieving Action Handle: /actions/main/in/TeleportRight
[2020.10.27-12.29.22:075][  0]LogSteamVRInputDevice: Display: [STEAMVR INPUT] Setting Action Handle Path Result: Success
[2020.10.27-12.29.22:075][  0]LogSteamVRInputDevice: Display: Retrieving Action Handle: /actions/main/in/TeleportRight
[2020.10.27-12.29.22:075][  0]LogSteamVRInputDevice: Display: [STEAMVR INPUT] Setting Action Handle Path Result: Success
[2020.10.27-12.29.22:075][  0]LogSteamVRInputDevice: Display: Retrieving Action Handle: /actions/main/in/TeleportRight
[2020.10.27-12.29.22:075][  0]LogSteamVRInputDevice: Display: [STEAMVR INPUT] Setting Action Handle Path Result: Success
[2020.10.27-12.29.22:075][  0]LogSteamVRInputDevice: Display: Retrieving Action Handle: /actions/main/in/TeleportRight
[2020.10.27-12.29.22:075][  0]LogSteamVRInputDevice: Display: [STEAMVR INPUT] Setting Action Handle Path Result: Success
[2020.10.27-12.29.22:075][  0]LogSteamVRInputDevice: Display: Retrieving Action Handle: /actions/main/in/TeleportRight
[2020.10.27-12.29.22:075][  0]LogSteamVRInputDevice: Display: [STEAMVR INPUT] Setting Action Handle Path Result: Success
[2020.10.27-12.29.22:075][  0]LogSteamVRInputDevice: Display: Retrieving Action Handle: /actions/main/in/TeleportLeft
[2020.10.27-12.29.22:075][  0]LogSteamVRInputDevice: Display: [STEAMVR INPUT] Setting Action Handle Path Result: Success
[2020.10.27-12.29.22:075][  0]LogSteamVRInputDevice: Display: Retrieving Action Handle: /actions/main/in/TeleportLeft
[2020.10.27-12.29.22:075][  0]LogSteamVRInputDevice: Display: [STEAMVR INPUT] Setting Action Handle Path Result: Success
[2020.10.27-12.29.22:075][  0]LogSteamVRInputDevice: Display: Retrieving Action Handle: /actions/main/in/TeleportLeft
[2020.10.27-12.29.22:075][  0]LogSteamVRInputDevice: Display: [STEAMVR INPUT] Setting Action Handle Path Result: Success
[2020.10.27-12.29.22:075][  0]LogSteamVRInputDevice: Display: Retrieving Action Handle: /actions/main/in/TeleportLeft
[2020.10.27-12.29.22:075][  0]LogSteamVRInputDevice: Display: [STEAMVR INPUT] Setting Action Handle Path Result: Success
[2020.10.27-12.29.22:075][  0]LogSteamVRInputDevice: Display: Retrieving Action Handle: /actions/main/in/TeleportLeft
[2020.10.27-12.29.22:075][  0]LogSteamVRInputDevice: Display: [STEAMVR INPUT] Setting Action Handle Path Result: Success
[2020.10.27-12.29.22:075][  0]LogSteamVRInputDevice: Display: Retrieving Action Handle: /actions/main/in/TeleportLeft
[2020.10.27-12.29.22:075][  0]LogSteamVRInputDevice: Display: [STEAMVR INPUT] Setting Action Handle Path Result: Success
[2020.10.27-12.29.22:075][  0]LogSteamVRInputDevice: Display: Retrieving Action Handle: /actions/main/in/GrabLeft
[2020.10.27-12.29.22:075][  0]LogSteamVRInputDevice: Display: [STEAMVR INPUT] Setting Action Handle Path Result: Success
[2020.10.27-12.29.22:075][  0]LogSteamVRInputDevice: Display: Retrieving Action Handle: /actions/main/in/GrabLeft
[2020.10.27-12.29.22:075][  0]LogSteamVRInputDevice: Display: [STEAMVR INPUT] Setting Action Handle Path Result: Success
[2020.10.27-12.29.22:075][  0]LogSteamVRInputDevice: Display: Retrieving Action Handle: /actions/main/in/GrabLeft
[2020.10.27-12.29.22:075][  0]LogSteamVRInputDevice: Display: [STEAMVR INPUT] Setting Action Handle Path Result: Success
[2020.10.27-12.29.22:075][  0]LogSteamVRInputDevice: Display: Retrieving Action Handle: /actions/main/in/GrabLeft
[2020.10.27-12.29.22:075][  0]LogSteamVRInputDevice: Display: [STEAMVR INPUT] Setting Action Handle Path Result: Success
[2020.10.27-12.29.22:076][  0]LogSteamVRInputDevice: Display: Retrieving Action Handle: /actions/main/in/GrabRight
[2020.10.27-12.29.22:076][  0]LogSteamVRInputDevice: Display: [STEAMVR INPUT] Setting Action Handle Path Result: Success
[2020.10.27-12.29.22:076][  0]LogSteamVRInputDevice: Display: Retrieving Action Handle: /actions/main/in/GrabRight
[2020.10.27-12.29.22:076][  0]LogSteamVRInputDevice: Display: [STEAMVR INPUT] Setting Action Handle Path Result: Success
[2020.10.27-12.29.22:076][  0]LogSteamVRInputDevice: Display: Retrieving Action Handle: /actions/main/in/GrabRight
[2020.10.27-12.29.22:076][  0]LogSteamVRInputDevice: Display: [STEAMVR INPUT] Setting Action Handle Path Result: Success
[2020.10.27-12.29.22:076][  0]LogSteamVRInputDevice: Display: Retrieving Action Handle: /actions/main/in/GrabRight
[2020.10.27-12.29.22:076][  0]LogSteamVRInputDevice: Display: [STEAMVR INPUT] Setting Action Handle Path Result: Success
[2020.10.27-12.29.22:076][  0]LogSteamVRInputDevice: Display: Retrieving Action Handle: /actions/main/in/PointLeft
[2020.10.27-12.29.22:076][  0]LogSteamVRInputDevice: Display: [STEAMVR INPUT] Setting Action Handle Path Result: Success
[2020.10.27-12.29.22:076][  0]LogSteamVRInputDevice: Display: Retrieving Action Handle: /actions/main/in/PointRight
[2020.10.27-12.29.22:076][  0]LogSteamVRInputDevice: Display: [STEAMVR INPUT] Setting Action Handle Path Result: Success
[2020.10.27-12.29.22:076][  0]LogSteamVRInputDevice: Display: Retrieving Action Handle: /actions/main/in/InteractLeft
[2020.10.27-12.29.22:076][  0]LogSteamVRInputDevice: Display: [STEAMVR INPUT] Setting Action Handle Path Result: Success
[2020.10.27-12.29.22:076][  0]LogSteamVRInputDevice: Display: Retrieving Action Handle: /actions/main/in/InteractRight
[2020.10.27-12.29.22:076][  0]LogSteamVRInputDevice: Display: [STEAMVR INPUT] Setting Action Handle Path Result: Success
[2020.10.27-12.29.22:076][  0]LogSteamVRInputDevice: Display: Retrieving Action Handle: /actions/main/in/MotionControllerThumbLeft_X,MotionControllerThumbLeft_Y X Y_axis2d
[2020.10.27-12.29.22:076][  0]LogSteamVRInputDevice: Display: [STEAMVR INPUT] Setting Action Handle Path Result: Success
[2020.10.27-12.29.22:076][  0]LogSteamVRInputDevice: Display: Retrieving Action Handle: /actions/main/in/MotionControllerThumbLeft_X,MotionControllerThumbLeft_Y X Y_axis2d
[2020.10.27-12.29.22:076][  0]LogSteamVRInputDevice: Display: [STEAMVR INPUT] Setting Action Handle Path Result: Success
[2020.10.27-12.29.22:076][  0]LogSteamVRInputDevice: Display: Retrieving Action Handle: /actions/main/in/MotionControllerThumbLeft_X,MotionControllerThumbLeft_Y X Y_axis2d
[2020.10.27-12.29.22:076][  0]LogSteamVRInputDevice: Display: [STEAMVR INPUT] Setting Action Handle Path Result: Success
[2020.10.27-12.29.22:076][  0]LogSteamVRInputDevice: Display: Retrieving Action Handle: /actions/main/in/MotionControllerThumbLeft_X,MotionControllerThumbLeft_Y X Y_axis2d
[2020.10.27-12.29.22:076][  0]LogSteamVRInputDevice: Display: [STEAMVR INPUT] Setting Action Handle Path Result: Success
[2020.10.27-12.29.22:077][  0]LogSteamVRInputDevice: Display: Retrieving Action Handle: /actions/main/in/MotionControllerThumbRight_X,MotionControllerThumbRight_Y X Y_axis2d
[2020.10.27-12.29.22:077][  0]LogSteamVRInputDevice: Display: [STEAMVR INPUT] Setting Action Handle Path Result: Success
[2020.10.27-12.29.22:077][  0]LogSteamVRInputDevice: Display: Retrieving Action Handle: /actions/main/in/MotionControllerThumbRight_X,MotionControllerThumbRight_Y X Y_axis2d
[2020.10.27-12.29.22:077][  0]LogSteamVRInputDevice: Display: [STEAMVR INPUT] Setting Action Handle Path Result: Success
[2020.10.27-12.29.22:077][  0]LogSteamVRInputDevice: Display: Retrieving Action Handle: /actions/main/in/MotionControllerThumbRight_X,MotionControllerThumbRight_Y X Y_axis2d
[2020.10.27-12.29.22:077][  0]LogSteamVRInputDevice: Display: [STEAMVR INPUT] Setting Action Handle Path Result: Success
[2020.10.27-12.29.22:077][  0]LogSteamVRInputDevice: Display: Retrieving Action Handle: /actions/main/in/MotionControllerThumbRight_X,MotionControllerThumbRight_Y X Y_axis2d
[2020.10.27-12.29.22:077][  0]LogSteamVRInputDevice: Display: [STEAMVR INPUT] Setting Action Handle Path Result: Success
[2020.10.27-12.29.22:077][  0]LogSteamVRInputDevice: Display: Action Manifest Path: ../../../../../../Users/student/Documents/Unreal Projects/VRLivePerformance/UnrealVRLivePerformance/UnrealVR/Config/SteamVRBindings/steamvr_manifest.json
[2020.10.27-12.29.22:077][  0]LogSteamVRInputDevice: Display: Controller Bindings Path: ../../../../../../Users/student/Documents/Unreal Projects/VRLivePerformance/UnrealVRLivePerformance/UnrealVR/Config/SteamVRBindings
[2020.10.27-12.29.22:083][  0]LogSteamVRInputDevice: Searching for Controller Bindings files at: ../../../../../../Users/student/Documents/Unreal Projects/VRLivePerformance/UnrealVRLivePerformance/UnrealVR/Config/SteamVRBindings
[2020.10.27-12.29.22:088][  0]LogSteamVRInputDevice: Display: [STEAMVR INPUT] Registering Application Manifest ../../../../../../Users/student/Documents/Unreal Projects/VRLivePerformance/UnrealVRLivePerformance/UnrealVR/Config/steamvr_ue_editor_app.json : VRApplicationError_None
[2020.10.27-12.29.22:089][  0]LogSteamVRInputDevice: Display: [STEAMVR INPUT] Editor Application [2280][application.generated.ue.unrealvr-13942748.ue4editor.exe] identified to SteamVR: VRApplicationError_None
[2020.10.27-12.29.22:089][  0]LogSteamVRInputDevice: Display: [STEAMVR INPUT] Trying to load Action Manifest from: C:/Users/student/Documents/Unreal Projects/VRLivePerformance/UnrealVRLivePerformance/UnrealVR/Config/SteamVRBindings/steamvr_manifest.json
[2020.10.27-12.29.22:089][  0]LogSteamVRInputDevice: Display: [STEAMVR INPUT] Setting Action Manifest Path Result: Success
[2020.10.27-12.29.22:089][  0]LogSteamVRInputDevice: Display: [STEAMVR INPUT] Setting main action set: Success
[2020.10.27-12.29.22:089][  0]LogSteamVRInputDevice: Display: Retrieving Action Handle: /actions/main/in/controllerleft
[2020.10.27-12.29.22:089][  0]LogSteamVRInputDevice: Display: [STEAMVR INPUT] Setting Action Handle Path Result: Success
[2020.10.27-12.29.22:089][  0]LogSteamVRInputDevice: Display: Retrieving Action Handle: /actions/main/in/controllerright
[2020.10.27-12.29.22:089][  0]LogSteamVRInputDevice: Display: [STEAMVR INPUT] Setting Action Handle Path Result: Success
[2020.10.27-12.29.22:089][  0]LogSteamVRInputDevice: Display: Retrieving Action Handle: /actions/main/in/special1
[2020.10.27-12.29.22:089][  0]LogSteamVRInputDevice: Display: [STEAMVR INPUT] Setting Action Handle Path Result: Success
[2020.10.27-12.29.22:089][  0]LogSteamVRInputDevice: Display: Retrieving Action Handle: /actions/main/in/special2
[2020.10.27-12.29.22:090][  0]LogSteamVRInputDevice: Display: [STEAMVR INPUT] Setting Action Handle Path Result: Success
[2020.10.27-12.29.22:090][  0]LogSteamVRInputDevice: Display: Retrieving Action Handle: /actions/main/in/special3
[2020.10.27-12.29.22:090][  0]LogSteamVRInputDevice: Display: [STEAMVR INPUT] Setting Action Handle Path Result: Success
[2020.10.27-12.29.22:090][  0]LogSteamVRInputDevice: Display: Retrieving Action Handle: /actions/main/in/special4
[2020.10.27-12.29.22:090][  0]LogSteamVRInputDevice: Display: [STEAMVR INPUT] Setting Action Handle Path Result: Success
[2020.10.27-12.29.22:090][  0]LogSteamVRInputDevice: Display: Retrieving Action Handle: /actions/main/in/special5
[2020.10.27-12.29.22:090][  0]LogSteamVRInputDevice: Display: [STEAMVR INPUT] Setting Action Handle Path Result: Success
[2020.10.27-12.29.22:090][  0]LogSteamVRInputDevice: Display: Retrieving Action Handle: /actions/main/in/special6
[2020.10.27-12.29.22:090][  0]LogSteamVRInputDevice: Display: [STEAMVR INPUT] Setting Action Handle Path Result: Success
[2020.10.27-12.29.22:090][  0]LogSteamVRInputDevice: Display: Retrieving Action Handle: /actions/main/in/special7
[2020.10.27-12.29.22:090][  0]LogSteamVRInputDevice: Display: [STEAMVR INPUT] Setting Action Handle Path Result: Success
[2020.10.27-12.29.22:090][  0]LogSteamVRInputDevice: Display: Retrieving Action Handle: /actions/main/in/special8
[2020.10.27-12.29.22:090][  0]LogSteamVRInputDevice: Display: [STEAMVR INPUT] Setting Action Handle Path Result: Success
[2020.10.27-12.29.22:090][  0]LogSteamVRInputDevice: Display: Retrieving Action Handle: /actions/main/in/skeletonleft
[2020.10.27-12.29.22:090][  0]LogSteamVRInputDevice: Display: [STEAMVR INPUT] Setting Action Handle Path Result: Success
[2020.10.27-12.29.22:090][  0]LogSteamVRInputDevice: Display: Retrieving Action Handle: /actions/main/in/skeletonright
[2020.10.27-12.29.22:090][  0]LogSteamVRInputDevice: Display: [STEAMVR INPUT] Setting Action Handle Path Result: Success
[2020.10.27-12.29.22:090][  0]LogSteamVRInputDevice: Display: Retrieving Action Handle: /actions/main/out/vibrateleft
[2020.10.27-12.29.22:090][  0]LogSteamVRInputDevice: Display: [STEAMVR INPUT] Setting Action Handle Path Result: Success
[2020.10.27-12.29.22:090][  0]LogSteamVRInputDevice: Display: Retrieving Action Handle: /actions/main/out/vibrateright
[2020.10.27-12.29.22:090][  0]LogSteamVRInputDevice: Display: [STEAMVR INPUT] Setting Action Handle Path Result: Success
[2020.10.27-12.29.22:090][  0]LogSteamVRInputDevice: Display: Retrieving Action Handle: /actions/main/in/open_console
[2020.10.27-12.29.22:090][  0]LogSteamVRInputDevice: Display: [STEAMVR INPUT] Setting Action Handle Path Result: Success
[2020.10.27-12.29.22:090][  0]LogSteamVRInputDevice: Display: Retrieving Action Handle: /actions/main/in/TeleportRight
[2020.10.27-12.29.22:090][  0]LogSteamVRInputDevice: Display: [STEAMVR INPUT] Setting Action Handle Path Result: Success
[2020.10.27-12.29.22:090][  0]LogSteamVRInputDevice: Display: Retrieving Action Handle: /actions/main/in/TeleportRight
[2020.10.27-12.29.22:090][  0]LogSteamVRInputDevice: Display: [STEAMVR INPUT] Setting Action Handle Path Result: Success
[2020.10.27-12.29.22:090][  0]LogSteamVRInputDevice: Display: Retrieving Action Handle: /actions/main/in/TeleportRight
[2020.10.27-12.29.22:090][  0]LogSteamVRInputDevice: Display: [STEAMVR INPUT] Setting Action Handle Path Result: Success
[2020.10.27-12.29.22:090][  0]LogSteamVRInputDevice: Display: Retrieving Action Handle: /actions/main/in/TeleportRight
[2020.10.27-12.29.22:090][  0]LogSteamVRInputDevice: Display: [STEAMVR INPUT] Setting Action Handle Path Result: Success
[2020.10.27-12.29.22:090][  0]LogSteamVRInputDevice: Display: Retrieving Action Handle: /actions/main/in/TeleportRight
[2020.10.27-12.29.22:090][  0]LogSteamVRInputDevice: Display: [STEAMVR INPUT] Setting Action Handle Path Result: Success
[2020.10.27-12.29.22:090][  0]LogSteamVRInputDevice: Display: Retrieving Action Handle: /actions/main/in/TeleportRight
[2020.10.27-12.29.22:090][  0]LogSteamVRInputDevice: Display: [STEAMVR INPUT] Setting Action Handle Path Result: Success
[2020.10.27-12.29.22:090][  0]LogSteamVRInputDevice: Display: Retrieving Action Handle: /actions/main/in/TeleportLeft
[2020.10.27-12.29.22:090][  0]LogSteamVRInputDevice: Display: [STEAMVR INPUT] Setting Action Handle Path Result: Success
[2020.10.27-12.29.22:090][  0]LogSteamVRInputDevice: Display: Retrieving Action Handle: /actions/main/in/TeleportLeft
[2020.10.27-12.29.22:090][  0]LogSteamVRInputDevice: Display: [STEAMVR INPUT] Setting Action Handle Path Result: Success
[2020.10.27-12.29.22:090][  0]LogSteamVRInputDevice: Display: Retrieving Action Handle: /actions/main/in/TeleportLeft
[2020.10.27-12.29.22:090][  0]LogSteamVRInputDevice: Display: [STEAMVR INPUT] Setting Action Handle Path Result: Success
[2020.10.27-12.29.22:090][  0]LogSteamVRInputDevice: Display: Retrieving Action Handle: /actions/main/in/TeleportLeft
[2020.10.27-12.29.22:090][  0]LogSteamVRInputDevice: Display: [STEAMVR INPUT] Setting Action Handle Path Result: Success
[2020.10.27-12.29.22:090][  0]LogSteamVRInputDevice: Display: Retrieving Action Handle: /actions/main/in/TeleportLeft
[2020.10.27-12.29.22:090][  0]LogSteamVRInputDevice: Display: [STEAMVR INPUT] Setting Action Handle Path Result: Success
[2020.10.27-12.29.22:090][  0]LogSteamVRInputDevice: Display: Retrieving Action Handle: /actions/main/in/TeleportLeft
[2020.10.27-12.29.22:090][  0]LogSteamVRInputDevice: Display: [STEAMVR INPUT] Setting Action Handle Path Result: Success
[2020.10.27-12.29.22:090][  0]LogSteamVRInputDevice: Display: Retrieving Action Handle: /actions/main/in/GrabLeft
[2020.10.27-12.29.22:090][  0]LogSteamVRInputDevice: Display: [STEAMVR INPUT] Setting Action Handle Path Result: Success
[2020.10.27-12.29.22:091][  0]LogSteamVRInputDevice: Display: Retrieving Action Handle: /actions/main/in/GrabLeft
[2020.10.27-12.29.22:091][  0]LogSteamVRInputDevice: Display: [STEAMVR INPUT] Setting Action Handle Path Result: Success
[2020.10.27-12.29.22:091][  0]LogSteamVRInputDevice: Display: Retrieving Action Handle: /actions/main/in/GrabLeft
[2020.10.27-12.29.22:091][  0]LogSteamVRInputDevice: Display: [STEAMVR INPUT] Setting Action Handle Path Result: Success
[2020.10.27-12.29.22:091][  0]LogSteamVRInputDevice: Display: Retrieving Action Handle: /actions/main/in/GrabLeft
[2020.10.27-12.29.22:091][  0]LogSteamVRInputDevice: Display: [STEAMVR INPUT] Setting Action Handle Path Result: Success
[2020.10.27-12.29.22:091][  0]LogSteamVRInputDevice: Display: Retrieving Action Handle: /actions/main/in/GrabRight
[2020.10.27-12.29.22:091][  0]LogSteamVRInputDevice: Display: [STEAMVR INPUT] Setting Action Handle Path Result: Success
[2020.10.27-12.29.22:091][  0]LogSteamVRInputDevice: Display: Retrieving Action Handle: /actions/main/in/GrabRight
[2020.10.27-12.29.22:091][  0]LogSteamVRInputDevice: Display: [STEAMVR INPUT] Setting Action Handle Path Result: Success
[2020.10.27-12.29.22:091][  0]LogSteamVRInputDevice: Display: Retrieving Action Handle: /actions/main/in/GrabRight
[2020.10.27-12.29.22:091][  0]LogSteamVRInputDevice: Display: [STEAMVR INPUT] Setting Action Handle Path Result: Success
[2020.10.27-12.29.22:091][  0]LogSteamVRInputDevice: Display: Retrieving Action Handle: /actions/main/in/GrabRight
[2020.10.27-12.29.22:091][  0]LogSteamVRInputDevice: Display: [STEAMVR INPUT] Setting Action Handle Path Result: Success
[2020.10.27-12.29.22:091][  0]LogSteamVRInputDevice: Display: Retrieving Action Handle: /actions/main/in/PointLeft
[2020.10.27-12.29.22:091][  0]LogSteamVRInputDevice: Display: [STEAMVR INPUT] Setting Action Handle Path Result: Success
[2020.10.27-12.29.22:091][  0]LogSteamVRInputDevice: Display: Retrieving Action Handle: /actions/main/in/PointRight
[2020.10.27-12.29.22:091][  0]LogSteamVRInputDevice: Display: [STEAMVR INPUT] Setting Action Handle Path Result: Success
[2020.10.27-12.29.22:091][  0]LogSteamVRInputDevice: Display: Retrieving Action Handle: /actions/main/in/InteractLeft
[2020.10.27-12.29.22:091][  0]LogSteamVRInputDevice: Display: [STEAMVR INPUT] Setting Action Handle Path Result: Success
[2020.10.27-12.29.22:091][  0]LogSteamVRInputDevice: Display: Retrieving Action Handle: /actions/main/in/InteractRight
[2020.10.27-12.29.22:091][  0]LogSteamVRInputDevice: Display: [STEAMVR INPUT] Setting Action Handle Path Result: Success
[2020.10.27-12.29.22:091][  0]LogSteamVRInputDevice: Display: Retrieving Action Handle: /actions/main/in/MotionControllerThumbLeft_X,MotionControllerThumbLeft_Y X Y_axis2d
[2020.10.27-12.29.22:091][  0]LogSteamVRInputDevice: Display: [STEAMVR INPUT] Setting Action Handle Path Result: Success
[2020.10.27-12.29.22:091][  0]LogSteamVRInputDevice: Display: Retrieving Action Handle: /actions/main/in/MotionControllerThumbLeft_X,MotionControllerThumbLeft_Y X Y_axis2d
[2020.10.27-12.29.22:091][  0]LogSteamVRInputDevice: Display: [STEAMVR INPUT] Setting Action Handle Path Result: Success
[2020.10.27-12.29.22:091][  0]LogSteamVRInputDevice: Display: Retrieving Action Handle: /actions/main/in/MotionControllerThumbLeft_X,MotionControllerThumbLeft_Y X Y_axis2d
[2020.10.27-12.29.22:091][  0]LogSteamVRInputDevice: Display: [STEAMVR INPUT] Setting Action Handle Path Result: Success
[2020.10.27-12.29.22:091][  0]LogSteamVRInputDevice: Display: Retrieving Action Handle: /actions/main/in/MotionControllerThumbLeft_X,MotionControllerThumbLeft_Y X Y_axis2d
[2020.10.27-12.29.22:091][  0]LogSteamVRInputDevice: Display: [STEAMVR INPUT] Setting Action Handle Path Result: Success
[2020.10.27-12.29.22:091][  0]LogSteamVRInputDevice: Display: Retrieving Action Handle: /actions/main/in/MotionControllerThumbRight_X,MotionControllerThumbRight_Y X Y_axis2d
[2020.10.27-12.29.22:091][  0]LogSteamVRInputDevice: Display: [STEAMVR INPUT] Setting Action Handle Path Result: Success
[2020.10.27-12.29.22:091][  0]LogSteamVRInputDevice: Display: Retrieving Action Handle: /actions/main/in/MotionControllerThumbRight_X,MotionControllerThumbRight_Y X Y_axis2d
[2020.10.27-12.29.22:091][  0]LogSteamVRInputDevice: Display: [STEAMVR INPUT] Setting Action Handle Path Result: Success
[2020.10.27-12.29.22:091][  0]LogSteamVRInputDevice: Display: Retrieving Action Handle: /actions/main/in/MotionControllerThumbRight_X,MotionControllerThumbRight_Y X Y_axis2d
[2020.10.27-12.29.22:091][  0]LogSteamVRInputDevice: Display: [STEAMVR INPUT] Setting Action Handle Path Result: Success
[2020.10.27-12.29.22:091][  0]LogSteamVRInputDevice: Display: Retrieving Action Handle: /actions/main/in/MotionControllerThumbRight_X,MotionControllerThumbRight_Y X Y_axis2d
[2020.10.27-12.29.22:091][  0]LogSteamVRInputDevice: Display: [STEAMVR INPUT] Setting Action Handle Path Result: Success
[2020.10.27-12.29.22:139][  0]LogAssetRegistry: Asset discovery search completed in 5.3536 seconds
[2020.10.27-12.29.22:146][  0]LogCollectionManager: Fixed up redirectors for 0 collections in 0.000004 seconds (updated 0 objects)
[2020.10.27-12.29.22:148][  0]LogContentStreaming: Texture pool size now 1000 MB
[2020.10.27-12.29.27:193][599]LogFileCache: Retrieving MD5 hashes for directory 'C:/Users/student/Documents/Unreal Projects/VRLivePerformance/UnrealVRLivePerformance/UnrealVR/Content/' took 5.10s
[2020.10.27-12.32.54:091][337]LogSlate: Took 0.000195 seconds to synchronously load lazily loaded font '../../../Engine/Content/Slate/Fonts/Roboto-Italic.ttf' (157K)
[2020.10.27-12.36.25:659][299]LogSteamAudio: Warning: Unable to load Phonon scene: error reading file. Be sure to export the scene.
[2020.10.27-12.36.25:659][299]LogSteamAudio: Loading Phonon scene.
[2020.10.27-12.36.25:659][299]LogSteamAudio: Loading Phonon scene found [15] materials.
[2020.10.27-12.36.25:659][299]LogSteamAudio: Loading static mesh actors.
[2020.10.27-12.36.25:659][299]LogSteamAudio: Loading landscape actors.
[2020.10.27-12.36.25:660][299]LogSteamAudio: Loading BSP geometry.
[2020.10.27-12.36.25:660][299]LogSteamAudio: Warning: Skipping mesh registration because no vertices were found.
[2020.10.27-12.37.48:636][359]LogSlate: Took 0.000188 seconds to synchronously load lazily loaded font '../../../Engine/Content/Slate/Fonts/Roboto-Light.ttf' (167K)
[2020.10.27-12.37.48:676][359]LogUObjectHash: Compacting FUObjectHashTables data took   1.11ms
[2020.10.27-12.37.48:750][359]LogSavePackage: Moving '../../../../../../Users/student/Documents/Unreal Projects/VRLivePerformance/UnrealVRLivePerformance/UnrealVR/Saved/Lobby0A9C2FFA472CD4BA81DE3EB802C967A3.tmp' to '../../../../../../Users/student/Documents/Unreal Projects/VRLivePerformance/UnrealVRLivePerformance/UnrealVR/Content/Maps/Lobby/Lobby.umap'
[2020.10.27-12.37.48:885][359]LogSavePackage: Moving '../../../../../../Users/student/Documents/Unreal Projects/VRLivePerformance/UnrealVRLivePerformance/UnrealVR/Saved/Lobby_BuiltData121449B243C52ED5E79F0C9F5135C46D.tmp' to '../../../../../../Users/student/Documents/Unreal Projects/VRLivePerformance/UnrealVRLivePerformance/UnrealVR/Content/Maps/Lobby/Lobby_BuiltData.uasset'
[2020.10.27-12.37.48:901][359]AssetCheck: New page: Asset Save: multiple assets
[2020.10.27-12.37.48:901][359]LogContentValidation: Display: Validating World /Game/Maps/Lobby/Lobby.Lobby
[2020.10.27-12.37.48:901][359]LogContentValidation: Display: Validating MapBuildDataRegistry /Game/Maps/Lobby/Lobby_BuiltData.Lobby_BuiltData
[2020.10.27-12.37.52:815][810]LogUObjectHash: Compacting FUObjectHashTables data took   0.66ms
[2020.10.27-12.37.54:330][986]LogUObjectHash: Compacting FUObjectHashTables data took   0.33ms
[2020.10.27-12.37.57:851][351]LogSteamAudio: Loading Phonon scene.
[2020.10.27-12.37.57:851][351]LogSteamAudio: Loading Phonon scene found [15] materials.
[2020.10.27-12.37.57:851][351]LogSteamAudio: Dynamic Phonon scene succesfully created for [Lobby_InteractableObject_2_Mesh]
[2020.10.27-12.38.00:651][351]LogWindows: Error: === Critical error: ===
[2020.10.27-12.38.00:651][351]LogWindows: Error: 
[2020.10.27-12.38.00:651][351]LogWindows: Error: Fatal error!
[2020.10.27-12.38.00:651][351]LogWindows: Error: 
[2020.10.27-12.38.00:651][351]LogWindows: Error: Unhandled Exception: EXCEPTION_ACCESS_VIOLATION reading address 0x00000058
[2020.10.27-12.38.00:651][351]LogWindows: Error: 
[2020.10.27-12.38.00:651][351]LogWindows: Error: [Callstack] 0x00007ffb818e1ddf UE4Editor-Engine.dll!UnknownFunction []
[2020.10.27-12.38.00:651][351]LogWindows: Error: [Callstack] 0x00007ffb58243122 UE4Editor-SteamAudio.dll!UnknownFunction []
[2020.10.27-12.38.00:651][351]LogWindows: Error: [Callstack] 0x00007ffb5823c78d UE4Editor-SteamAudio.dll!UnknownFunction []
[2020.10.27-12.38.00:651][351]LogWindows: Error: [Callstack] 0x00007ffb5823f200 UE4Editor-SteamAudio.dll!UnknownFunction []
[2020.10.27-12.38.00:651][351]LogWindows: Error: [Callstack] 0x00007ffb58239bab UE4Editor-SteamAudio.dll!UnknownFunction []
[2020.10.27-12.38.00:651][351]LogWindows: Error: [Callstack] 0x00007ffb83cd32d6 UE4Editor-Core.dll!UnknownFunction []
[2020.10.27-12.38.00:651][351]LogWindows: Error: [Callstack] 0x00007ffb83ce87d8 UE4Editor-Core.dll!UnknownFunction []
[2020.10.27-12.38.00:651][351]LogWindows: Error: [Callstack] 0x00007ffb83ce8aa3 UE4Editor-Core.dll!UnknownFunction []
[2020.10.27-12.38.00:651][351]LogWindows: Error: [Callstack] 0x00007ffb83cff027 UE4Editor-Core.dll!UnknownFunction []
[2020.10.27-12.38.00:651][351]LogWindows: Error: [Callstack] 0x00007ffb81a28e52 UE4Editor-Engine.dll!UnknownFunction []
[2020.10.27-12.38.00:651][351]LogWindows: Error: [Callstack] 0x00007ffb81a2e11a UE4Editor-Engine.dll!UnknownFunction []
[2020.10.27-12.38.00:651][351]LogWindows: Error: [Callstack] 0x00007ffb811ebfff UE4Editor-Engine.dll!UnknownFunction []
[2020.10.27-12.38.00:651][351]LogWindows: Error: [Callstack] 0x00007ffb811f6897 UE4Editor-Engine.dll!UnknownFunction []
[2020.10.27-12.38.00:651][351]LogWindows: Error: [Callstack] 0x00007ffb7db3a338 UE4Editor-UnrealEd.dll!UnknownFunction []
[2020.10.27-12.38.00:651][351]LogWindows: Error: [Callstack] 0x00007ffb7e411d06 UE4Editor-UnrealEd.dll!UnknownFunction []
[2020.10.27-12.38.00:651][351]LogWindows: Error: [Callstack] 0x00007ff607dd7800 UE4Editor.exe!UnknownFunction []
[2020.10.27-12.38.00:651][351]LogWindows: Error: [Callstack] 0x00007ff607deba7c UE4Editor.exe!UnknownFunction []
[2020.10.27-12.38.00:651][351]LogWindows: Error: [Callstack] 0x00007ff607debb5a UE4Editor.exe!UnknownFunction []
[2020.10.27-12.38.00:651][351]LogWindows: Error: [Callstack] 0x00007ff607dfe31d UE4Editor.exe!UnknownFunction []
[2020.10.27-12.38.00:651][351]LogWindows: Error: [Callstack] 0x00007ff607e0145a UE4Editor.exe!UnknownFunction []
[2020.10.27-12.38.00:651][351]LogWindows: Error: [Callstack] 0x00007ffbdbbf7c24 KERNEL32.DLL!UnknownFunction []
[2020.10.27-12.38.00:651][351]LogWindows: Error: [Callstack] 0x00007ffbdc08cea1 ntdll.dll!UnknownFunction []
[2020.10.27-12.38.00:651][351]LogWindows: Error: 
[2020.10.27-12.38.00:674][351]LogExit: Executing StaticShutdownAfterError
[2020.10.27-12.38.00:677][351]LogWindows: FPlatformMisc::RequestExit(1)
[2020.10.27-12.38.00:677][351]LogCore: Engine exit requested (reason: Win RequestExit)
[2020.10.27-12.38.00:688][351]Log file closed, 10/27/20 12:38:00
