Log file open, 10/26/20 11:31:56
LogInit: Display: Running engine for game: UnrealVR
LogPlatformFile: Not using cached read wrapper
LogTaskGraph: Started task graph with 5 named threads and 47 total threads with 3 sets of task threads.
LogStats: Stats thread started at 0.181159
LogD3D11RHI: Loaded GFSDK_Aftermath_Lib.x64.dll
LogICUInternationalization: ICU TimeZone Detection - Raw Offset: +1:00, Platform Override: ''
LogPluginManager: Mounting plugin Paper2D
LogPluginManager: Mounting plugin AISupport
LogPluginManager: Mounting plugin LightPropagationVolume
LogPluginManager: Mounting plugin CameraShakePreviewer
LogPluginManager: Mounting plugin ActorLayerUtilities
LogPluginManager: Mounting plugin AnimationSharing
LogPluginManager: Mounting plugin CLionSourceCodeAccess
LogPluginManager: Mounting plugin CodeLiteSourceCodeAccess
LogPluginManager: Mounting plugin GitSourceControl
LogPluginManager: Mounting plugin KDevelopSourceCodeAccess
LogPluginManager: Mounting plugin NullSourceCodeAccess
LogPluginManager: Mounting plugin PerforceSourceControl
LogPluginManager: Mounting plugin PlasticSourceControl
LogPluginManager: Mounting plugin RiderSourceCodeAccess
LogPluginManager: Mounting plugin SubversionSourceControl
LogPluginManager: Mounting plugin UObjectPlugin
LogPluginManager: Mounting plugin VisualStudioCodeSourceCodeAccess
LogPluginManager: Mounting plugin VisualStudioSourceCodeAccess
LogPluginManager: Mounting plugin XCodeSourceCodeAccess
LogPluginManager: Mounting plugin AssetManagerEditor
LogPluginManager: Mounting plugin CryptoKeys
LogPluginManager: Mounting plugin CurveEditorTools
LogPluginManager: Mounting plugin DataValidation
LogPluginManager: Mounting plugin EditorScriptingUtilities
LogPluginManager: Mounting plugin FacialAnimation
LogPluginManager: Mounting plugin GameplayTagsEditor
LogPluginManager: Mounting plugin GeometryMode
LogPluginManager: Mounting plugin MacGraphicsSwitching
LogPluginManager: Mounting plugin MaterialAnalyzer
LogPluginManager: Mounting plugin MobileLauncherProfileWizard
LogPluginManager: Mounting plugin PluginBrowser
LogPluginManager: Mounting plugin SpeedTreeImporter
LogPluginManager: Mounting plugin DatasmithContent
LogPluginManager: Mounting plugin VariantManagerContent
LogPluginManager: Mounting plugin AlembicImporter
LogPluginManager: Mounting plugin AutomationUtils
LogPluginManager: Mounting plugin BackChannel
LogPluginManager: Mounting plugin ChaosCloth
LogPluginManager: Mounting plugin ChaosClothEditor
LogPluginManager: Mounting plugin ChaosEditor
LogPluginManager: Mounting plugin ChaosNiagara
LogPluginManager: Mounting plugin ChaosSolverPlugin
LogPluginManager: Mounting plugin CharacterAI
LogPluginManager: Mounting plugin GeometryCache
LogPluginManager: Mounting plugin GeometryCollectionPlugin
LogPluginManager: Mounting plugin GeometryProcessing
LogPluginManager: Mounting plugin PlanarCut
LogPluginManager: Mounting plugin PlatformCrypto
LogPluginManager: Mounting plugin ProxyLODPlugin
LogPluginManager: Mounting plugin SkeletalReduction
LogPluginManager: Mounting plugin Niagara
LogPluginManager: Mounting plugin MagicLeap
LogPluginManager: Mounting plugin MagicLeapLightEstimation
LogPluginManager: Mounting plugin MagicLeapMedia
LogPluginManager: Mounting plugin MagicLeapPassableWorld
LogPluginManager: Mounting plugin MLSDK
LogPluginManager: Mounting plugin UIWS
LogPluginManager: Mounting plugin AndroidMedia
LogPluginManager: Mounting plugin AvfMedia
LogPluginManager: Mounting plugin ImgMedia
LogPluginManager: Mounting plugin MediaCompositing
LogPluginManager: Mounting plugin MediaPlayerEditor
LogPluginManager: Mounting plugin WebMMedia
LogPluginManager: Mounting plugin WmfMedia
LogPluginManager: Mounting plugin MeshPainting
LogPluginManager: Mounting plugin TcpMessaging
LogPluginManager: Mounting plugin UdpMessaging
LogPluginManager: Mounting plugin ActorSequence
LogPluginManager: Mounting plugin LevelSequenceEditor
LogPluginManager: Mounting plugin MatineeToLevelSequence
LogPluginManager: Mounting plugin MovieRenderPipeline
LogPluginManager: Mounting plugin TemplateSequence
LogPluginManager: Mounting plugin NetcodeUnitTest
LogPluginManager: Mounting plugin NUTUnrealEngine4
LogPluginManager: Mounting plugin OnlineSubsystemGooglePlay
LogPluginManager: Mounting plugin OnlineSubsystemIOS
LogPluginManager: Mounting plugin OnlineSubsystem
LogPluginManager: Mounting plugin OnlineSubsystemNull
LogPluginManager: Mounting plugin OnlineSubsystemUtils
LogPluginManager: Mounting plugin LauncherChunkInstaller
LogPluginManager: Mounting plugin AndroidDeviceProfileSelector
LogPluginManager: Mounting plugin AndroidMoviePlayer
LogPluginManager: Mounting plugin AndroidPermission
LogPluginManager: Mounting plugin AppleImageUtils
LogPluginManager: Mounting plugin AppleMoviePlayer
LogPluginManager: Mounting plugin ArchVisCharacter
LogPluginManager: Mounting plugin AssetTags
LogPluginManager: Mounting plugin AudioCapture
LogPluginManager: Mounting plugin CableComponent
LogPluginManager: Mounting plugin CustomMeshComponent
LogPluginManager: Mounting plugin EditableMesh
LogPluginManager: Mounting plugin ExampleDeviceProfileSelector
LogPluginManager: Mounting plugin GoogleCloudMessaging
LogPluginManager: Mounting plugin GooglePAD
LogPluginManager: Mounting plugin IOSDeviceProfileSelector
LogPluginManager: Mounting plugin LinuxDeviceProfileSelector
LogPluginManager: Mounting plugin LocationServicesBPLibrary
LogPluginManager: Mounting plugin MobilePatchingUtils
LogPluginManager: Mounting plugin OculusVR
LogPluginManager: Mounting plugin PhysXVehicles
LogPluginManager: Mounting plugin PostSplashScreen
LogPluginManager: Mounting plugin ProceduralMeshComponent
LogPluginManager: Mounting plugin RuntimePhysXCooking
LogPluginManager: Mounting plugin SignificanceManager
LogPluginManager: Mounting plugin SoundFields
LogPluginManager: Mounting plugin SteamVR
LogPluginManager: Mounting plugin Synthesis
LogPluginManager: Mounting plugin WebMMoviePlayer
LogPluginManager: Mounting plugin WindowsMoviePlayer
LogPluginManager: Mounting plugin ScreenshotTools
LogInit: Using libcurl 7.55.1-DEV
LogInit:  - built for x86_64-pc-win32
LogInit:  - supports SSL with OpenSSL/1.1.1
LogInit:  - supports HTTP deflate (compression) using libz 1.2.8
LogInit:  - other features:
LogInit:      CURL_VERSION_SSL
LogInit:      CURL_VERSION_LIBZ
LogInit:      CURL_VERSION_IPV6
LogInit:      CURL_VERSION_ASYNCHDNS
LogInit:      CURL_VERSION_LARGEFILE
LogInit:      CURL_VERSION_IDN
LogInit:  CurlRequestOptions (configurable via config and command line):
LogInit:  - bVerifyPeer = true  - Libcurl will verify peer certificate
LogInit:  - bUseHttpProxy = false  - Libcurl will NOT use HTTP proxy
LogInit:  - bDontReuseConnections = false  - Libcurl will reuse connections
LogInit:  - MaxHostConnections = 16  - Libcurl will limit the number of connections to a host
LogInit:  - LocalHostAddr = Default
LogInit:  - BufferSize = 65536
LogOnline: OSS: Creating online subsystem instance for: NULL
LogInit: WinSock: version 1.1 (2.2), MaxSocks=32767, MaxUdp=65467
LogOnline: OSS: TryLoadSubsystemAndSetDefault: Loaded subsystem for module [NULL]
LogOculusPluginWrapper: OculusPlugin initialized successfully
LogInit: Build: ++UE4+Release-4.25-CL-13942748
LogInit: Engine Version: 4.25.3-13942748+++UE4+Release-4.25
LogInit: Compatible Engine Version: 4.25.0-13144385+++UE4+Release-4.25
LogInit: Net CL: 13144385
LogInit: OS: Windows 10 (Release 2004) (), CPU: Intel(R) Core(TM) i7-7820X CPU @ 3.60GHz, GPU: NVIDIA GeForce RTX 2080 Ti
LogInit: Compiled (64-bit): Jul 25 2020 02:07:48
LogInit: Compiled with Visual C++: 19.24.28315.00
LogInit: Build Configuration: Development
LogInit: Branch Name: ++UE4+Release-4.25
LogInit: Command Line:  -EpicPortal -epicusername=Rimeh_ -epicuserid=3620de3b46744791bae9bb86c3c88c80 -epiclocale=en
LogInit: Base Directory: C:/Program Files/Epic Games/UE_4.25/Engine/Binaries/Win64/
LogInit: Allocator: TBB
LogInit: Installed Engine Build: 1
LogDevObjectVersion: Number of dev versions registered: 26
LogDevObjectVersion:   Dev-Blueprints (B0D832E4-1F89-4F0D-ACCF-7EB736FD4AA2): 10
LogDevObjectVersion:   Dev-Build (E1C64328-A22C-4D53-A36C-8E866417BD8C): 0
LogDevObjectVersion:   Dev-Core (375EC13C-06E4-48FB-B500-84F0262A717E): 4
LogDevObjectVersion:   Dev-Editor (E4B068ED-F494-42E9-A231-DA0B2E46BB41): 38
LogDevObjectVersion:   Dev-Framework (CFFC743F-43B0-4480-9391-14DF171D2073): 37
LogDevObjectVersion:   Dev-Mobile (B02B49B5-BB20-44E9-A304-32B752E40360): 2
LogDevObjectVersion:   Dev-Networking (A4E4105C-59A1-49B5-A7C5-40C4547EDFEE): 0
LogDevObjectVersion:   Dev-Online (39C831C9-5AE6-47DC-9A44-9C173E1C8E7C): 0
LogDevObjectVersion:   Dev-Physics (78F01B33-EBEA-4F98-B9B4-84EACCB95AA2): 4
LogDevObjectVersion:   Dev-Platform (6631380F-2D4D-43E0-8009-CF276956A95A): 0
LogDevObjectVersion:   Dev-Rendering (12F88B9F-8875-4AFC-A67C-D90C383ABD29): 43
LogDevObjectVersion:   Dev-Sequencer (7B5AE74C-D270-4C10-A958-57980B212A5A): 12
LogDevObjectVersion:   Dev-VR (D7296918-1DD6-4BDD-9DE2-64A83CC13884): 3
LogDevObjectVersion:   Dev-LoadTimes (C2A15278-BFE7-4AFE-6C17-90FF531DF755): 1
LogDevObjectVersion:   Private-Geometry (6EACA3D4-40EC-4CC1-B786-8BED09428FC5): 3
LogDevObjectVersion:   Dev-AnimPhys (29E575DD-E0A3-4627-9D10-D276232CDCEA): 17
LogDevObjectVersion:   Dev-Anim (AF43A65D-7FD3-4947-9873-3E8ED9C1BB05): 7
LogDevObjectVersion:   Dev-ReflectionCapture (6B266CEC-1EC7-4B8F-A30B-E4D90942FC07): 1
LogDevObjectVersion:   Dev-Automation (0DF73D61-A23F-47EA-B727-89E90C41499A): 1
LogDevObjectVersion:   FortniteMain (601D1886-AC64-4F84-AA16-D3DE0DEAC7D6): 31
LogDevObjectVersion:   Dev-Enterprise (9DFFBCD6-494F-0158-E221-12823C92A888): 10
LogDevObjectVersion:   Dev-Niagara (F2AED0AC-9AFE-416F-8664-AA7FFA26D6FC): 1
LogDevObjectVersion:   Dev-Destruction (174F1F0B-B4C6-45A5-B13F-2EE8D0FB917D): 10
LogDevObjectVersion:   Dev-Physics-Ext (35F94A83-E258-406C-A318-09F59610247C): 37
LogDevObjectVersion:   Dev-PhysicsMaterial-Chaos (B68FC16E-8B1B-42E2-B453-215C058844FE): 1
LogDevObjectVersion:   Dev-CineCamera (B2E18506-4273-CFC2-A54E-F4BB758BBA07): 1
LogInit: Presizing for max 25165824 objects, including 0 objects not considered by GC, pre-allocating 0 bytes for permanent pool.
LogConfig: Applying CVar settings from Section [/Script/Engine.StreamingSettings] File [C:/Users/Student 2020/Documents/VRLivePerformance/UnrealVRLivePerformance/UnrealVR/Saved/Config/Windows/Engine.ini]
LogConfig: Setting CVar [[s.MinBulkDataSizeForAsyncLoading:131072]]
LogConfig: Setting CVar [[s.AsyncLoadingThreadEnabled:0]]
LogConfig: Setting CVar [[s.EventDrivenLoaderEnabled:1]]
LogConfig: Setting CVar [[s.WarnIfTimeLimitExceeded:0]]
LogConfig: Setting CVar [[s.TimeLimitExceededMultiplier:1.5]]
LogConfig: Setting CVar [[s.TimeLimitExceededMinTime:0.005]]
LogConfig: Setting CVar [[s.UseBackgroundLevelStreaming:1]]
LogConfig: Setting CVar [[s.PriorityAsyncLoadingExtraTime:15.0]]
LogConfig: Setting CVar [[s.LevelStreamingActorsUpdateTimeLimit:5.0]]
LogConfig: Setting CVar [[s.PriorityLevelStreamingActorsUpdateExtraTime:5.0]]
LogConfig: Setting CVar [[s.LevelStreamingComponentsRegistrationGranularity:10]]
LogConfig: Setting CVar [[s.UnregisterComponentsTimeLimit:1.0]]
LogConfig: Setting CVar [[s.LevelStreamingComponentsUnregistrationGranularity:5]]
LogConfig: Setting CVar [[s.FlushStreamingOnExit:1]]
LogInit: Object subsystem initialized
LogConfig: Setting CVar [[con.DebugEarlyDefault:1]]
LogConfig: Setting CVar [[r.setres:1280x720]]
[2020.10.26-10.31.56:980][  0]LogConfig: Setting CVar [[r.VSync:0]]
[2020.10.26-10.31.56:980][  0]LogConfig: Setting CVar [[r.RHICmdBypass:0]]
[2020.10.26-10.31.56:980][  0]LogConfig: Applying CVar settings from Section [/Script/Engine.RendererSettings] File [C:/Users/Student 2020/Documents/VRLivePerformance/UnrealVRLivePerformance/UnrealVR/Saved/Config/Windows/Engine.ini]
[2020.10.26-10.31.56:980][  0]LogConfig: Setting CVar [[r.GPUCrashDebugging:0]]
[2020.10.26-10.31.56:980][  0]LogConfig: Applying CVar settings from Section [/Script/Engine.RendererOverrideSettings] File [C:/Users/Student 2020/Documents/VRLivePerformance/UnrealVRLivePerformance/UnrealVR/Saved/Config/Windows/Engine.ini]
[2020.10.26-10.31.56:980][  0]LogConfig: Applying CVar settings from Section [/Script/Engine.StreamingSettings] File [C:/Users/Student 2020/Documents/VRLivePerformance/UnrealVRLivePerformance/UnrealVR/Saved/Config/Windows/Engine.ini]
[2020.10.26-10.31.56:980][  0]LogConfig: Setting CVar [[s.MinBulkDataSizeForAsyncLoading:131072]]
[2020.10.26-10.31.56:980][  0]LogConfig: Setting CVar [[s.AsyncLoadingThreadEnabled:0]]
[2020.10.26-10.31.56:980][  0]LogConfig: Setting CVar [[s.EventDrivenLoaderEnabled:1]]
[2020.10.26-10.31.56:980][  0]LogConfig: Setting CVar [[s.WarnIfTimeLimitExceeded:0]]
[2020.10.26-10.31.56:980][  0]LogConfig: Setting CVar [[s.TimeLimitExceededMultiplier:1.5]]
[2020.10.26-10.31.56:980][  0]LogConfig: Setting CVar [[s.TimeLimitExceededMinTime:0.005]]
[2020.10.26-10.31.56:980][  0]LogConfig: Setting CVar [[s.UseBackgroundLevelStreaming:1]]
[2020.10.26-10.31.56:980][  0]LogConfig: Setting CVar [[s.PriorityAsyncLoadingExtraTime:15.0]]
[2020.10.26-10.31.56:980][  0]LogConfig: Setting CVar [[s.LevelStreamingActorsUpdateTimeLimit:5.0]]
[2020.10.26-10.31.56:980][  0]LogConfig: Setting CVar [[s.PriorityLevelStreamingActorsUpdateExtraTime:5.0]]
[2020.10.26-10.31.56:980][  0]LogConfig: Setting CVar [[s.LevelStreamingComponentsRegistrationGranularity:10]]
[2020.10.26-10.31.56:980][  0]LogConfig: Setting CVar [[s.UnregisterComponentsTimeLimit:1.0]]
[2020.10.26-10.31.56:980][  0]LogConfig: Setting CVar [[s.LevelStreamingComponentsUnregistrationGranularity:5]]
[2020.10.26-10.31.56:980][  0]LogConfig: Setting CVar [[s.FlushStreamingOnExit:1]]
[2020.10.26-10.31.56:980][  0]LogConfig: Applying CVar settings from Section [/Script/Engine.GarbageCollectionSettings] File [C:/Users/Student 2020/Documents/VRLivePerformance/UnrealVRLivePerformance/UnrealVR/Saved/Config/Windows/Engine.ini]
[2020.10.26-10.31.56:980][  0]LogConfig: Setting CVar [[gc.MaxObjectsNotConsideredByGC:1]]
[2020.10.26-10.31.56:980][  0]LogConfig: Setting CVar [[gc.SizeOfPermanentObjectPool:0]]
[2020.10.26-10.31.56:980][  0]LogConfig: Setting CVar [[gc.FlushStreamingOnGC:0]]
[2020.10.26-10.31.56:980][  0]LogConfig: Setting CVar [[gc.NumRetriesBeforeForcingGC:10]]
[2020.10.26-10.31.56:980][  0]LogConfig: Setting CVar [[gc.AllowParallelGC:1]]
[2020.10.26-10.31.56:980][  0]LogConfig: Setting CVar [[gc.TimeBetweenPurgingPendingKillObjects:61.1]]
[2020.10.26-10.31.56:980][  0]LogConfig: Setting CVar [[gc.MaxObjectsInEditor:25165824]]
[2020.10.26-10.31.56:980][  0]LogConfig: Setting CVar [[gc.IncrementalBeginDestroyEnabled:1]]
[2020.10.26-10.31.56:980][  0]LogConfig: Setting CVar [[gc.CreateGCClusters:1]]
[2020.10.26-10.31.56:980][  0]LogConfig: Setting CVar [[gc.MinGCClusterSize:5]]
[2020.10.26-10.31.56:980][  0]LogConfig: Setting CVar [[gc.ActorClusteringEnabled:0]]
[2020.10.26-10.31.56:980][  0]LogConfig: Setting CVar [[gc.BlueprintClusteringEnabled:0]]
[2020.10.26-10.31.56:980][  0]LogConfig: Setting CVar [[gc.UseDisregardForGCOnDedicatedServers:0]]
[2020.10.26-10.31.56:980][  0]LogConfig: Applying CVar settings from Section [/Script/Engine.NetworkSettings] File [C:/Users/Student 2020/Documents/VRLivePerformance/UnrealVRLivePerformance/UnrealVR/Saved/Config/Windows/Engine.ini]
[2020.10.26-10.31.56:980][  0]LogConfig: Applying CVar settings from Section [/Script/UnrealEd.CookerSettings] File [C:/Users/Student 2020/Documents/VRLivePerformance/UnrealVRLivePerformance/UnrealVR/Saved/Config/Windows/Engine.ini]
[2020.10.26-10.31.56:985][  0]LogConfig: Applying CVar settings from Section [ViewDistanceQuality@3] File [C:/Users/Student 2020/Documents/VRLivePerformance/UnrealVRLivePerformance/UnrealVR/Saved/Config/Windows/Scalability.ini]
[2020.10.26-10.31.56:985][  0]LogConfig: Setting CVar [[r.SkeletalMeshLODBias:0]]
[2020.10.26-10.31.56:985][  0]LogConfig: Setting CVar [[r.ViewDistanceScale:1.0]]
[2020.10.26-10.31.56:985][  0]LogConfig: Applying CVar settings from Section [AntiAliasingQuality@3] File [C:/Users/Student 2020/Documents/VRLivePerformance/UnrealVRLivePerformance/UnrealVR/Saved/Config/Windows/Scalability.ini]
[2020.10.26-10.31.56:985][  0]LogConfig: Setting CVar [[r.PostProcessAAQuality:4]]
[2020.10.26-10.31.56:985][  0]LogConfig: Applying CVar settings from Section [ShadowQuality@3] File [C:/Users/Student 2020/Documents/VRLivePerformance/UnrealVRLivePerformance/UnrealVR/Saved/Config/Windows/Scalability.ini]
[2020.10.26-10.31.56:985][  0]LogConfig: Setting CVar [[r.LightFunctionQuality:1]]
[2020.10.26-10.31.56:985][  0]LogConfig: Setting CVar [[r.ShadowQuality:5]]
[2020.10.26-10.31.56:985][  0]LogConfig: Setting CVar [[r.Shadow.CSM.MaxCascades:10]]
[2020.10.26-10.31.56:985][  0]LogConfig: Setting CVar [[r.Shadow.MaxResolution:2048]]
[2020.10.26-10.31.56:985][  0]LogConfig: Setting CVar [[r.Shadow.MaxCSMResolution:2048]]
[2020.10.26-10.31.56:985][  0]LogConfig: Setting CVar [[r.Shadow.RadiusThreshold:0.01]]
[2020.10.26-10.31.56:985][  0]LogConfig: Setting CVar [[r.Shadow.DistanceScale:1.0]]
[2020.10.26-10.31.56:985][  0]LogConfig: Setting CVar [[r.Shadow.CSM.TransitionScale:1.0]]
[2020.10.26-10.31.56:985][  0]LogConfig: Setting CVar [[r.Shadow.PreShadowResolutionFactor:1.0]]
[2020.10.26-10.31.56:985][  0]LogConfig: Setting CVar [[r.DistanceFieldShadowing:1]]
[2020.10.26-10.31.56:985][  0]LogConfig: Setting CVar [[r.DistanceFieldAO:1]]
[2020.10.26-10.31.56:985][  0]LogConfig: Setting CVar [[r.AOQuality:2]]
[2020.10.26-10.31.56:985][  0]LogConfig: Setting CVar [[r.VolumetricFog:1]]
[2020.10.26-10.31.56:985][  0]LogConfig: Setting CVar [[r.VolumetricFog.GridPixelSize:8]]
[2020.10.26-10.31.56:985][  0]LogConfig: Setting CVar [[r.VolumetricFog.GridSizeZ:128]]
[2020.10.26-10.31.56:985][  0]LogConfig: Setting CVar [[r.VolumetricFog.HistoryMissSupersampleCount:4]]
[2020.10.26-10.31.56:985][  0]LogConfig: Setting CVar [[r.LightMaxDrawDistanceScale:1]]
[2020.10.26-10.31.56:985][  0]LogConfig: Setting CVar [[r.CapsuleShadows:1]]
[2020.10.26-10.31.56:985][  0]LogConfig: Applying CVar settings from Section [PostProcessQuality@3] File [C:/Users/Student 2020/Documents/VRLivePerformance/UnrealVRLivePerformance/UnrealVR/Saved/Config/Windows/Scalability.ini]
[2020.10.26-10.31.56:985][  0]LogConfig: Setting CVar [[r.MotionBlurQuality:4]]
[2020.10.26-10.31.56:985][  0]LogConfig: Setting CVar [[r.AmbientOcclusionMipLevelFactor:0.4]]
[2020.10.26-10.31.56:985][  0]LogConfig: Setting CVar [[r.AmbientOcclusionMaxQuality:100]]
[2020.10.26-10.31.56:985][  0]LogConfig: Setting CVar [[r.AmbientOcclusionLevels:-1]]
[2020.10.26-10.31.56:985][  0]LogConfig: Setting CVar [[r.AmbientOcclusionRadiusScale:1.0]]
[2020.10.26-10.31.56:985][  0]LogConfig: Setting CVar [[r.DepthOfFieldQuality:2]]
[2020.10.26-10.31.56:985][  0]LogConfig: Setting CVar [[r.RenderTargetPoolMin:400]]
[2020.10.26-10.31.56:985][  0]LogConfig: Setting CVar [[r.LensFlareQuality:2]]
[2020.10.26-10.31.56:985][  0]LogConfig: Setting CVar [[r.SceneColorFringeQuality:1]]
[2020.10.26-10.31.56:985][  0]LogConfig: Setting CVar [[r.EyeAdaptationQuality:2]]
[2020.10.26-10.31.56:985][  0]LogConfig: Setting CVar [[r.BloomQuality:5]]
[2020.10.26-10.31.56:985][  0]LogConfig: Setting CVar [[r.FastBlurThreshold:100]]
[2020.10.26-10.31.56:985][  0]LogConfig: Setting CVar [[r.Upscale.Quality:3]]
[2020.10.26-10.31.56:985][  0]LogConfig: Setting CVar [[r.Tonemapper.GrainQuantization:1]]
[2020.10.26-10.31.56:985][  0]LogConfig: Setting CVar [[r.LightShaftQuality:1]]
[2020.10.26-10.31.56:985][  0]LogConfig: Setting CVar [[r.Filter.SizeScale:1]]
[2020.10.26-10.31.56:985][  0]LogConfig: Setting CVar [[r.Tonemapper.Quality:5]]
[2020.10.26-10.31.56:985][  0]LogConfig: Setting CVar [[r.DOF.Gather.AccumulatorQuality:1        ; higher gathering accumulator quality]]
[2020.10.26-10.31.56:985][  0]LogConfig: Setting CVar [[r.DOF.Gather.PostfilterMethod:1          ; Median3x3 postfilering method]]
[2020.10.26-10.31.56:985][  0]LogConfig: Setting CVar [[r.DOF.Gather.EnableBokehSettings:0       ; no bokeh simulation when gathering]]
[2020.10.26-10.31.56:985][  0]LogConfig: Setting CVar [[r.DOF.Gather.RingCount:4                 ; medium number of samples when gathering]]
[2020.10.26-10.31.56:985][  0]LogConfig: Setting CVar [[r.DOF.Scatter.ForegroundCompositing:1    ; additive foreground scattering]]
[2020.10.26-10.31.56:985][  0]LogConfig: Setting CVar [[r.DOF.Scatter.BackgroundCompositing:2    ; additive background scattering]]
[2020.10.26-10.31.56:985][  0]LogConfig: Setting CVar [[r.DOF.Scatter.EnableBokehSettings:1      ; bokeh simulation when scattering]]
[2020.10.26-10.31.56:985][  0]LogConfig: Setting CVar [[r.DOF.Scatter.MaxSpriteRatio:0.1         ; only a maximum of 10% of scattered bokeh]]
[2020.10.26-10.31.56:985][  0]LogConfig: Setting CVar [[r.DOF.Recombine.Quality:1                ; cheap slight out of focus]]
[2020.10.26-10.31.56:985][  0]LogConfig: Setting CVar [[r.DOF.Recombine.EnableBokehSettings:0    ; no bokeh simulation on slight out of focus]]
[2020.10.26-10.31.56:985][  0]LogConfig: Setting CVar [[r.DOF.TemporalAAQuality:1                ; more stable temporal accumulation]]
[2020.10.26-10.31.56:985][  0]LogConfig: Setting CVar [[r.DOF.Kernel.MaxForegroundRadius:0.025]]
[2020.10.26-10.31.56:985][  0]LogConfig: Setting CVar [[r.DOF.Kernel.MaxBackgroundRadius:0.025]]
[2020.10.26-10.31.56:985][  0]LogConfig: Applying CVar settings from Section [TextureQuality@3] File [C:/Users/Student 2020/Documents/VRLivePerformance/UnrealVRLivePerformance/UnrealVR/Saved/Config/Windows/Scalability.ini]
[2020.10.26-10.31.56:985][  0]LogConfig: Setting CVar [[r.Streaming.MipBias:0]]
[2020.10.26-10.31.56:985][  0]LogConfig: Setting CVar [[r.Streaming.AmortizeCPUToGPUCopy:0]]
[2020.10.26-10.31.56:985][  0]LogConfig: Setting CVar [[r.Streaming.MaxNumTexturesToStreamPerFrame:0]]
[2020.10.26-10.31.56:985][  0]LogConfig: Setting CVar [[r.Streaming.Boost:1]]
[2020.10.26-10.31.56:985][  0]LogConfig: Setting CVar [[r.MaxAnisotropy:8]]
[2020.10.26-10.31.56:985][  0]LogConfig: Setting CVar [[r.VT.MaxAnisotropy:8]]
[2020.10.26-10.31.56:985][  0]LogConfig: Setting CVar [[r.Streaming.LimitPoolSizeToVRAM:0]]
[2020.10.26-10.31.56:985][  0]LogConfig: Setting CVar [[r.Streaming.PoolSize:1000]]
[2020.10.26-10.31.56:986][  0]LogConfig: Setting CVar [[r.Streaming.MaxEffectiveScreenSize:0]]
[2020.10.26-10.31.56:986][  0]LogConfig: Applying CVar settings from Section [EffectsQuality@3] File [C:/Users/Student 2020/Documents/VRLivePerformance/UnrealVRLivePerformance/UnrealVR/Saved/Config/Windows/Scalability.ini]
[2020.10.26-10.31.56:986][  0]LogConfig: Setting CVar [[r.TranslucencyLightingVolumeDim:64]]
[2020.10.26-10.31.56:986][  0]LogConfig: Setting CVar [[r.RefractionQuality:2]]
[2020.10.26-10.31.56:986][  0]LogConfig: Setting CVar [[r.SSR.Quality:3]]
[2020.10.26-10.31.56:986][  0]LogConfig: Setting CVar [[r.SSR.HalfResSceneColor:0]]
[2020.10.26-10.31.56:986][  0]LogConfig: Setting CVar [[r.SceneColorFormat:4]]
[2020.10.26-10.31.56:986][  0]LogConfig: Setting CVar [[r.DetailMode:2]]
[2020.10.26-10.31.56:986][  0]LogConfig: Setting CVar [[r.TranslucencyVolumeBlur:1]]
[2020.10.26-10.31.56:986][  0]LogConfig: Setting CVar [[r.MaterialQualityLevel:1 ; High quality]]
[2020.10.26-10.31.56:986][  0]LogConfig: Setting CVar [[r.SSS.Scale:1]]
[2020.10.26-10.31.56:986][  0]LogConfig: Setting CVar [[r.SSS.SampleSet:2]]
[2020.10.26-10.31.56:986][  0]LogConfig: Setting CVar [[r.SSS.Quality:1]]
[2020.10.26-10.31.56:986][  0]LogConfig: Setting CVar [[r.SSS.HalfRes:0]]
[2020.10.26-10.31.56:986][  0]LogConfig: Setting CVar [[r.SSGI.Quality:3]]
[2020.10.26-10.31.56:986][  0]LogConfig: Setting CVar [[r.EmitterSpawnRateScale:1.0]]
[2020.10.26-10.31.56:986][  0]LogConfig: Setting CVar [[r.ParticleLightQuality:2]]
[2020.10.26-10.31.56:986][  0]LogConfig: Setting CVar [[r.SkyAtmosphere.AerialPerspectiveLUT.FastApplyOnOpaque:1 ; Always have FastSkyLUT 1 in this case to avoid wrong sky]]
[2020.10.26-10.31.56:986][  0]LogConfig: Setting CVar [[r.SkyAtmosphere.AerialPerspectiveLUT.SampleCountPerSlice:1]]
[2020.10.26-10.31.56:986][  0]LogConfig: Setting CVar [[r.SkyAtmosphere.AerialPerspectiveLUT.DepthResolution:16.0]]
[2020.10.26-10.31.56:986][  0]LogConfig: Setting CVar [[r.SkyAtmosphere.FastSkyLUT:1]]
[2020.10.26-10.31.56:986][  0]LogConfig: Setting CVar [[r.SkyAtmosphere.FastSkyLUT.SampleCountMin:4.0]]
[2020.10.26-10.31.56:986][  0]LogConfig: Setting CVar [[r.SkyAtmosphere.FastSkyLUT.SampleCountMax:32.0]]
[2020.10.26-10.31.56:986][  0]LogConfig: Setting CVar [[r.SkyAtmosphere.SampleCountMin:4.0]]
[2020.10.26-10.31.56:986][  0]LogConfig: Setting CVar [[r.SkyAtmosphere.SampleCountMax:32.0]]
[2020.10.26-10.31.56:986][  0]LogConfig: Setting CVar [[r.SkyAtmosphere.TransmittanceLUT.UseSmallFormat:0]]
[2020.10.26-10.31.56:986][  0]LogConfig: Setting CVar [[r.SkyAtmosphere.TransmittanceLUT.SampleCount:10.0]]
[2020.10.26-10.31.56:986][  0]LogConfig: Setting CVar [[r.SkyAtmosphere.MultiScatteringLUT.SampleCount:15.0]]
[2020.10.26-10.31.56:986][  0]LogConfig: Applying CVar settings from Section [FoliageQuality@3] File [C:/Users/Student 2020/Documents/VRLivePerformance/UnrealVRLivePerformance/UnrealVR/Saved/Config/Windows/Scalability.ini]
[2020.10.26-10.31.56:986][  0]LogConfig: Setting CVar [[foliage.DensityScale:1.0]]
[2020.10.26-10.31.56:986][  0]LogConfig: Setting CVar [[grass.DensityScale:1.0]]
[2020.10.26-10.31.56:986][  0]LogConfig: Applying CVar settings from Section [ShadingQuality@3] File [C:/Users/Student 2020/Documents/VRLivePerformance/UnrealVRLivePerformance/UnrealVR/Saved/Config/Windows/Scalability.ini]
[2020.10.26-10.31.56:986][  0]LogConfig: Setting CVar [[r.HairStrands.SkyLighting.SampleCount:16]]
[2020.10.26-10.31.56:986][  0]LogConfig: Setting CVar [[r.HairStrands.SkyLighting.JitterIntegration:0]]
[2020.10.26-10.31.56:986][  0]LogConfig: Setting CVar [[r.HairStrands.SkyAO.SampleCount:16]]
[2020.10.26-10.31.56:986][  0]LogConfig: Setting CVar [[r.HairStrands.DeepShadow.SuperSampling:0]]
[2020.10.26-10.31.56:986][  0]LogConfig: Setting CVar [[r.HairStrands.VisibilityPPLL:0]]
[2020.10.26-10.31.56:986][  0]LogConfig: Setting CVar [[r.HairStrands.RasterizationScale:0.5]]
[2020.10.26-10.31.56:986][  0]LogConfig: Setting CVar [[r.HairStrands.VelocityRasterizationScale:1]]
[2020.10.26-10.31.56:986][  0]LogInit: Selected Device Profile: [Windows]
[2020.10.26-10.31.56:986][  0]LogInit: Applying CVar settings loaded from the selected device profile: [Windows]
[2020.10.26-10.31.56:986][  0]LogHAL: Display: Platform has ~ 64 GB [68423581696 / 68719476736 / 64], which maps to Largest [LargestMinGB=32, LargerMinGB=12, DefaultMinGB=8, SmallerMinGB=6, SmallestMinGB=0)
[2020.10.26-10.31.56:986][  0]LogInit: Going up to parent DeviceProfile []
[2020.10.26-10.31.56:986][  0]LogConfig: Applying CVar settings from Section [ViewDistanceQuality@3] File [C:/Users/Student 2020/Documents/VRLivePerformance/UnrealVRLivePerformance/UnrealVR/Saved/Config/Windows/Scalability.ini]
[2020.10.26-10.31.56:986][  0]LogConfig: Setting CVar [[r.SkeletalMeshLODBias:0]]
[2020.10.26-10.31.56:986][  0]LogConfig: Setting CVar [[r.ViewDistanceScale:1.0]]
[2020.10.26-10.31.56:986][  0]LogConfig: Applying CVar settings from Section [AntiAliasingQuality@3] File [C:/Users/Student 2020/Documents/VRLivePerformance/UnrealVRLivePerformance/UnrealVR/Saved/Config/Windows/Scalability.ini]
[2020.10.26-10.31.56:986][  0]LogConfig: Setting CVar [[r.PostProcessAAQuality:4]]
[2020.10.26-10.31.56:986][  0]LogConfig: Applying CVar settings from Section [ShadowQuality@3] File [C:/Users/Student 2020/Documents/VRLivePerformance/UnrealVRLivePerformance/UnrealVR/Saved/Config/Windows/Scalability.ini]
[2020.10.26-10.31.56:986][  0]LogConfig: Setting CVar [[r.LightFunctionQuality:1]]
[2020.10.26-10.31.56:986][  0]LogConfig: Setting CVar [[r.ShadowQuality:5]]
[2020.10.26-10.31.56:986][  0]LogConfig: Setting CVar [[r.Shadow.CSM.MaxCascades:10]]
[2020.10.26-10.31.56:986][  0]LogConfig: Setting CVar [[r.Shadow.MaxResolution:2048]]
[2020.10.26-10.31.56:986][  0]LogConfig: Setting CVar [[r.Shadow.MaxCSMResolution:2048]]
[2020.10.26-10.31.56:986][  0]LogConfig: Setting CVar [[r.Shadow.RadiusThreshold:0.01]]
[2020.10.26-10.31.56:986][  0]LogConfig: Setting CVar [[r.Shadow.DistanceScale:1.0]]
[2020.10.26-10.31.56:986][  0]LogConfig: Setting CVar [[r.Shadow.CSM.TransitionScale:1.0]]
[2020.10.26-10.31.56:986][  0]LogConfig: Setting CVar [[r.Shadow.PreShadowResolutionFactor:1.0]]
[2020.10.26-10.31.56:986][  0]LogConfig: Setting CVar [[r.DistanceFieldShadowing:1]]
[2020.10.26-10.31.56:986][  0]LogConfig: Setting CVar [[r.DistanceFieldAO:1]]
[2020.10.26-10.31.56:986][  0]LogConfig: Setting CVar [[r.AOQuality:2]]
[2020.10.26-10.31.56:986][  0]LogConfig: Setting CVar [[r.VolumetricFog:1]]
[2020.10.26-10.31.56:986][  0]LogConfig: Setting CVar [[r.VolumetricFog.GridPixelSize:8]]
[2020.10.26-10.31.56:986][  0]LogConfig: Setting CVar [[r.VolumetricFog.GridSizeZ:128]]
[2020.10.26-10.31.56:986][  0]LogConfig: Setting CVar [[r.VolumetricFog.HistoryMissSupersampleCount:4]]
[2020.10.26-10.31.56:986][  0]LogConfig: Setting CVar [[r.LightMaxDrawDistanceScale:1]]
[2020.10.26-10.31.56:986][  0]LogConfig: Setting CVar [[r.CapsuleShadows:1]]
[2020.10.26-10.31.56:986][  0]LogConfig: Applying CVar settings from Section [PostProcessQuality@3] File [C:/Users/Student 2020/Documents/VRLivePerformance/UnrealVRLivePerformance/UnrealVR/Saved/Config/Windows/Scalability.ini]
[2020.10.26-10.31.56:986][  0]LogConfig: Setting CVar [[r.MotionBlurQuality:4]]
[2020.10.26-10.31.56:986][  0]LogConfig: Setting CVar [[r.AmbientOcclusionMipLevelFactor:0.4]]
[2020.10.26-10.31.56:986][  0]LogConfig: Setting CVar [[r.AmbientOcclusionMaxQuality:100]]
[2020.10.26-10.31.56:986][  0]LogConfig: Setting CVar [[r.AmbientOcclusionLevels:-1]]
[2020.10.26-10.31.56:986][  0]LogConfig: Setting CVar [[r.AmbientOcclusionRadiusScale:1.0]]
[2020.10.26-10.31.56:986][  0]LogConfig: Setting CVar [[r.DepthOfFieldQuality:2]]
[2020.10.26-10.31.56:986][  0]LogConfig: Setting CVar [[r.RenderTargetPoolMin:400]]
[2020.10.26-10.31.56:986][  0]LogConfig: Setting CVar [[r.LensFlareQuality:2]]
[2020.10.26-10.31.56:986][  0]LogConfig: Setting CVar [[r.SceneColorFringeQuality:1]]
[2020.10.26-10.31.56:986][  0]LogConfig: Setting CVar [[r.EyeAdaptationQuality:2]]
[2020.10.26-10.31.56:986][  0]LogConfig: Setting CVar [[r.BloomQuality:5]]
[2020.10.26-10.31.56:986][  0]LogConfig: Setting CVar [[r.FastBlurThreshold:100]]
[2020.10.26-10.31.56:986][  0]LogConfig: Setting CVar [[r.Upscale.Quality:3]]
[2020.10.26-10.31.56:987][  0]LogConfig: Setting CVar [[r.Tonemapper.GrainQuantization:1]]
[2020.10.26-10.31.56:987][  0]LogConfig: Setting CVar [[r.LightShaftQuality:1]]
[2020.10.26-10.31.56:987][  0]LogConfig: Setting CVar [[r.Filter.SizeScale:1]]
[2020.10.26-10.31.56:987][  0]LogConfig: Setting CVar [[r.Tonemapper.Quality:5]]
[2020.10.26-10.31.56:987][  0]LogConfig: Setting CVar [[r.DOF.Gather.AccumulatorQuality:1        ; higher gathering accumulator quality]]
[2020.10.26-10.31.56:987][  0]LogConfig: Setting CVar [[r.DOF.Gather.PostfilterMethod:1          ; Median3x3 postfilering method]]
[2020.10.26-10.31.56:987][  0]LogConfig: Setting CVar [[r.DOF.Gather.EnableBokehSettings:0       ; no bokeh simulation when gathering]]
[2020.10.26-10.31.56:987][  0]LogConfig: Setting CVar [[r.DOF.Gather.RingCount:4                 ; medium number of samples when gathering]]
[2020.10.26-10.31.56:987][  0]LogConfig: Setting CVar [[r.DOF.Scatter.ForegroundCompositing:1    ; additive foreground scattering]]
[2020.10.26-10.31.56:987][  0]LogConfig: Setting CVar [[r.DOF.Scatter.BackgroundCompositing:2    ; additive background scattering]]
[2020.10.26-10.31.56:987][  0]LogConfig: Setting CVar [[r.DOF.Scatter.EnableBokehSettings:1      ; bokeh simulation when scattering]]
[2020.10.26-10.31.56:987][  0]LogConfig: Setting CVar [[r.DOF.Scatter.MaxSpriteRatio:0.1         ; only a maximum of 10% of scattered bokeh]]
[2020.10.26-10.31.56:987][  0]LogConfig: Setting CVar [[r.DOF.Recombine.Quality:1                ; cheap slight out of focus]]
[2020.10.26-10.31.56:987][  0]LogConfig: Setting CVar [[r.DOF.Recombine.EnableBokehSettings:0    ; no bokeh simulation on slight out of focus]]
[2020.10.26-10.31.56:987][  0]LogConfig: Setting CVar [[r.DOF.TemporalAAQuality:1                ; more stable temporal accumulation]]
[2020.10.26-10.31.56:987][  0]LogConfig: Setting CVar [[r.DOF.Kernel.MaxForegroundRadius:0.025]]
[2020.10.26-10.31.56:987][  0]LogConfig: Setting CVar [[r.DOF.Kernel.MaxBackgroundRadius:0.025]]
[2020.10.26-10.31.56:987][  0]LogConfig: Applying CVar settings from Section [TextureQuality@3] File [C:/Users/Student 2020/Documents/VRLivePerformance/UnrealVRLivePerformance/UnrealVR/Saved/Config/Windows/Scalability.ini]
[2020.10.26-10.31.56:987][  0]LogConfig: Setting CVar [[r.Streaming.MipBias:0]]
[2020.10.26-10.31.56:987][  0]LogConfig: Setting CVar [[r.Streaming.AmortizeCPUToGPUCopy:0]]
[2020.10.26-10.31.56:987][  0]LogConfig: Setting CVar [[r.Streaming.MaxNumTexturesToStreamPerFrame:0]]
[2020.10.26-10.31.56:987][  0]LogConfig: Setting CVar [[r.Streaming.Boost:1]]
[2020.10.26-10.31.56:987][  0]LogConfig: Setting CVar [[r.MaxAnisotropy:8]]
[2020.10.26-10.31.56:987][  0]LogConfig: Setting CVar [[r.VT.MaxAnisotropy:8]]
[2020.10.26-10.31.56:987][  0]LogConfig: Setting CVar [[r.Streaming.LimitPoolSizeToVRAM:0]]
[2020.10.26-10.31.56:987][  0]LogConfig: Setting CVar [[r.Streaming.PoolSize:1000]]
[2020.10.26-10.31.56:987][  0]LogConfig: Setting CVar [[r.Streaming.MaxEffectiveScreenSize:0]]
[2020.10.26-10.31.56:987][  0]LogConfig: Applying CVar settings from Section [EffectsQuality@3] File [C:/Users/Student 2020/Documents/VRLivePerformance/UnrealVRLivePerformance/UnrealVR/Saved/Config/Windows/Scalability.ini]
[2020.10.26-10.31.56:987][  0]LogConfig: Setting CVar [[r.TranslucencyLightingVolumeDim:64]]
[2020.10.26-10.31.56:987][  0]LogConfig: Setting CVar [[r.RefractionQuality:2]]
[2020.10.26-10.31.56:987][  0]LogConfig: Setting CVar [[r.SSR.Quality:3]]
[2020.10.26-10.31.56:987][  0]LogConfig: Setting CVar [[r.SSR.HalfResSceneColor:0]]
[2020.10.26-10.31.56:987][  0]LogConfig: Setting CVar [[r.SceneColorFormat:4]]
[2020.10.26-10.31.56:987][  0]LogConfig: Setting CVar [[r.DetailMode:2]]
[2020.10.26-10.31.56:987][  0]LogConfig: Setting CVar [[r.TranslucencyVolumeBlur:1]]
[2020.10.26-10.31.56:987][  0]LogConfig: Setting CVar [[r.MaterialQualityLevel:1 ; High quality]]
[2020.10.26-10.31.56:987][  0]LogConfig: Setting CVar [[r.SSS.Scale:1]]
[2020.10.26-10.31.56:987][  0]LogConfig: Setting CVar [[r.SSS.SampleSet:2]]
[2020.10.26-10.31.56:987][  0]LogConfig: Setting CVar [[r.SSS.Quality:1]]
[2020.10.26-10.31.56:987][  0]LogConfig: Setting CVar [[r.SSS.HalfRes:0]]
[2020.10.26-10.31.56:987][  0]LogConfig: Setting CVar [[r.SSGI.Quality:3]]
[2020.10.26-10.31.56:987][  0]LogConfig: Setting CVar [[r.EmitterSpawnRateScale:1.0]]
[2020.10.26-10.31.56:987][  0]LogConfig: Setting CVar [[r.ParticleLightQuality:2]]
[2020.10.26-10.31.56:987][  0]LogConfig: Setting CVar [[r.SkyAtmosphere.AerialPerspectiveLUT.FastApplyOnOpaque:1 ; Always have FastSkyLUT 1 in this case to avoid wrong sky]]
[2020.10.26-10.31.56:987][  0]LogConfig: Setting CVar [[r.SkyAtmosphere.AerialPerspectiveLUT.SampleCountPerSlice:1]]
[2020.10.26-10.31.56:987][  0]LogConfig: Setting CVar [[r.SkyAtmosphere.AerialPerspectiveLUT.DepthResolution:16.0]]
[2020.10.26-10.31.56:987][  0]LogConfig: Setting CVar [[r.SkyAtmosphere.FastSkyLUT:1]]
[2020.10.26-10.31.56:987][  0]LogConfig: Setting CVar [[r.SkyAtmosphere.FastSkyLUT.SampleCountMin:4.0]]
[2020.10.26-10.31.56:987][  0]LogConfig: Setting CVar [[r.SkyAtmosphere.FastSkyLUT.SampleCountMax:32.0]]
[2020.10.26-10.31.56:987][  0]LogConfig: Setting CVar [[r.SkyAtmosphere.SampleCountMin:4.0]]
[2020.10.26-10.31.56:987][  0]LogConfig: Setting CVar [[r.SkyAtmosphere.SampleCountMax:32.0]]
[2020.10.26-10.31.56:987][  0]LogConfig: Setting CVar [[r.SkyAtmosphere.TransmittanceLUT.UseSmallFormat:0]]
[2020.10.26-10.31.56:987][  0]LogConfig: Setting CVar [[r.SkyAtmosphere.TransmittanceLUT.SampleCount:10.0]]
[2020.10.26-10.31.56:987][  0]LogConfig: Setting CVar [[r.SkyAtmosphere.MultiScatteringLUT.SampleCount:15.0]]
[2020.10.26-10.31.56:987][  0]LogConfig: Applying CVar settings from Section [FoliageQuality@3] File [C:/Users/Student 2020/Documents/VRLivePerformance/UnrealVRLivePerformance/UnrealVR/Saved/Config/Windows/Scalability.ini]
[2020.10.26-10.31.56:987][  0]LogConfig: Setting CVar [[foliage.DensityScale:1.0]]
[2020.10.26-10.31.56:987][  0]LogConfig: Setting CVar [[grass.DensityScale:1.0]]
[2020.10.26-10.31.56:987][  0]LogConfig: Applying CVar settings from Section [ShadingQuality@3] File [C:/Users/Student 2020/Documents/VRLivePerformance/UnrealVRLivePerformance/UnrealVR/Saved/Config/Windows/Scalability.ini]
[2020.10.26-10.31.56:987][  0]LogConfig: Setting CVar [[r.HairStrands.SkyLighting.SampleCount:16]]
[2020.10.26-10.31.56:987][  0]LogConfig: Setting CVar [[r.HairStrands.SkyLighting.JitterIntegration:0]]
[2020.10.26-10.31.56:987][  0]LogConfig: Setting CVar [[r.HairStrands.SkyAO.SampleCount:16]]
[2020.10.26-10.31.56:987][  0]LogConfig: Setting CVar [[r.HairStrands.DeepShadow.SuperSampling:0]]
[2020.10.26-10.31.56:987][  0]LogConfig: Setting CVar [[r.HairStrands.VisibilityPPLL:0]]
[2020.10.26-10.31.56:987][  0]LogConfig: Setting CVar [[r.HairStrands.RasterizationScale:0.5]]
[2020.10.26-10.31.56:987][  0]LogConfig: Setting CVar [[r.HairStrands.VelocityRasterizationScale:1]]
[2020.10.26-10.31.56:987][  0]LogConfig: Applying CVar settings from Section [Startup] File [../../../Engine/Config/ConsoleVariables.ini]
[2020.10.26-10.31.56:987][  0]LogConfig: Setting CVar [[net.UseAdaptiveNetUpdateFrequency:0]]
[2020.10.26-10.31.56:987][  0]LogConfig: Setting CVar [[p.chaos.AllowCreatePhysxBodies:1]]
[2020.10.26-10.31.56:987][  0]LogConfig: Setting CVar [[fx.SkipVectorVMBackendOptimizations:1]]
[2020.10.26-10.31.56:987][  0]LogConfig: Applying CVar settings from Section [ConsoleVariables] File [C:/Users/Student 2020/Documents/VRLivePerformance/UnrealVRLivePerformance/UnrealVR/Saved/Config/Windows/Engine.ini]
[2020.10.26-10.31.56:988][  0]LogInit: Computer: DESKTOP-S32ASB4
[2020.10.26-10.31.56:988][  0]LogInit: User: Student2020
[2020.10.26-10.31.56:988][  0]LogInit: CPU Page size=4096, Cores=8
[2020.10.26-10.31.56:988][  0]LogInit: High frequency timer resolution =10.000000 MHz
[2020.10.26-10.31.56:988][  0]LogMemory: Memory total: Physical=63.7GB (64GB approx)
[2020.10.26-10.31.56:988][  0]LogMemory: Platform Memory Stats for Windows
[2020.10.26-10.31.56:988][  0]LogMemory: Process Physical Memory: 123.68 MB used, 123.69 MB peak
[2020.10.26-10.31.56:988][  0]LogMemory: Process Virtual Memory: 109.88 MB used, 109.88 MB peak
[2020.10.26-10.31.56:988][  0]LogMemory: Physical Memory: 11885.07 MB used,  53368.74 MB free, 65253.81 MB total
[2020.10.26-10.31.56:988][  0]LogMemory: Virtual Memory: 5239.28 MB used,  134212488.00 MB free, 134217728.00 MB total
[2020.10.26-10.31.56:992][  0]LogWindows: WindowsPlatformFeatures enabled
[2020.10.26-10.31.57:015][  0]LogInit: Physics initialised using underlying interface: PhysX
[2020.10.26-10.31.57:016][  0]LogInit: Using OS detected language (en-US).
[2020.10.26-10.31.57:016][  0]LogInit: Using OS detected locale (en-US).
[2020.10.26-10.31.57:018][  0]LogTextLocalizationManager: No specific localization for 'en-US' exists, so the 'en' localization will be used.
[2020.10.26-10.31.57:188][  0]LogInit: Setting process to per monitor DPI aware
[2020.10.26-10.31.57:218][  0]LogSlate: New Slate User Created.  User Index 0, Is Virtual User: 0
[2020.10.26-10.31.57:218][  0]LogSlate: Slate User Registered.  User Index 0, Is Virtual User: 0
[2020.10.26-10.31.57:317][  0]LogD3D11RHI: D3D11 min allowed feature level: 11_0
[2020.10.26-10.31.57:317][  0]LogD3D11RHI: D3D11 max allowed feature level: 11_0
[2020.10.26-10.31.57:317][  0]LogD3D11RHI: D3D11 adapters:
[2020.10.26-10.31.57:388][  0]LogD3D11RHI:    0. 'NVIDIA GeForce RTX 2080 Ti' (Feature Level 11_0)
[2020.10.26-10.31.57:388][  0]LogD3D11RHI:       11049/0/32626 MB DedicatedVideo/DedicatedSystem/SharedSystem, Outputs:2, VendorId:0x10de
[2020.10.26-10.31.57:391][  0]LogD3D11RHI:    1. 'Microsoft Basic Render Driver' (Feature Level 11_0)
[2020.10.26-10.31.57:392][  0]LogD3D11RHI:       0/0/32626 MB DedicatedVideo/DedicatedSystem/SharedSystem, Outputs:0, VendorId:0x1414
[2020.10.26-10.31.57:392][  0]LogD3D11RHI: Chosen D3D11 Adapter: 0
[2020.10.26-10.31.57:401][  0]LogD3D11RHI: Creating new Direct3DDevice
[2020.10.26-10.31.57:401][  0]LogD3D11RHI:     GPU DeviceId: 0x1e04 (for the marketing name, search the web for "GPU Device Id")
[2020.10.26-10.31.57:401][  0]LogWindows: EnumDisplayDevices:
[2020.10.26-10.31.57:401][  0]LogWindows:    0. 'NVIDIA GeForce RTX 2080 Ti' (P:1 D:1)
[2020.10.26-10.31.57:401][  0]LogWindows:    1. 'NVIDIA GeForce RTX 2080 Ti' (P:0 D:1)
[2020.10.26-10.31.57:402][  0]LogWindows:    2. 'NVIDIA GeForce RTX 2080 Ti' (P:0 D:0)
[2020.10.26-10.31.57:402][  0]LogWindows:    3. 'NVIDIA GeForce RTX 2080 Ti' (P:0 D:0)
[2020.10.26-10.31.57:402][  0]LogWindows: DebugString: FoundDriverCount:4 
[2020.10.26-10.31.57:402][  0]LogD3D11RHI:     Adapter Name: NVIDIA GeForce RTX 2080 Ti
[2020.10.26-10.31.57:402][  0]LogD3D11RHI:   Driver Version: 452.06 (internal:27.21.14.5206, unified:452.06)
[2020.10.26-10.31.57:402][  0]LogD3D11RHI:      Driver Date: 8-12-2020
[2020.10.26-10.31.57:402][  0]LogRHI: Texture pool is 7734 MB (70% of 11049 MB)
[2020.10.26-10.31.57:459][  0]LogD3D11RHI: RHI has support for 64 bit atomics
[2020.10.26-10.31.57:462][  0]LogD3D11RHI: [Aftermath] Enabled and primed
[2020.10.26-10.31.57:462][  0]LogD3D11RHI: Async texture creation enabled
[2020.10.26-10.31.57:462][  0]LogD3D11RHI: Array index from any shader is supported
[2020.10.26-10.31.57:488][  0]LogD3D11RHI: GPU Timing Frequency: 1000.000000 (Debug: 2 2)
[2020.10.26-10.31.57:728][  0]LogTargetPlatformManager: Display: Loaded TargetPlatform 'AllDesktop'
[2020.10.26-10.31.57:748][  0]LogTargetPlatformManager: Display: Loaded TargetPlatform 'Android'
[2020.10.26-10.31.57:748][  0]LogTargetPlatformManager: Display: Loaded TargetPlatform 'Android_ASTC'
[2020.10.26-10.31.57:748][  0]LogTargetPlatformManager: Display: Loaded TargetPlatform 'Android_DXT'
[2020.10.26-10.31.57:748][  0]LogTargetPlatformManager: Display: Loaded TargetPlatform 'Android_ETC2'
[2020.10.26-10.31.57:748][  0]LogTargetPlatformManager: Display: Loaded TargetPlatform 'AndroidClient'
[2020.10.26-10.31.57:748][  0]LogTargetPlatformManager: Display: Loaded TargetPlatform 'Android_ASTCClient'
[2020.10.26-10.31.57:748][  0]LogTargetPlatformManager: Display: Loaded TargetPlatform 'Android_DXTClient'
[2020.10.26-10.31.57:748][  0]LogTargetPlatformManager: Display: Loaded TargetPlatform 'Android_ETC2Client'
[2020.10.26-10.31.57:748][  0]LogTargetPlatformManager: Display: Loaded TargetPlatform 'Android_Multi'
[2020.10.26-10.31.57:748][  0]LogTargetPlatformManager: Display: Loaded TargetPlatform 'Android_MultiClient'
[2020.10.26-10.31.57:769][  0]LogTargetPlatformManager: Display: Loaded TargetPlatform 'IOSClient'
[2020.10.26-10.31.57:769][  0]LogTargetPlatformManager: Display: Loaded TargetPlatform 'IOS'
[2020.10.26-10.31.57:778][  0]LogTargetPlatformManager: Display: Loaded TargetPlatform 'Linux'
[2020.10.26-10.31.57:786][  0]LogTargetPlatformManager: Display: Loaded TargetPlatform 'LinuxNoEditor'
[2020.10.26-10.31.57:794][  0]LogTargetPlatformManager: Display: Loaded TargetPlatform 'LinuxClient'
[2020.10.26-10.31.57:801][  0]LogTargetPlatformManager: Display: Loaded TargetPlatform 'LinuxServer'
[2020.10.26-10.31.57:809][  0]LogTargetPlatformManager: Display: Loaded TargetPlatform 'LinuxAArch64NoEditor'
[2020.10.26-10.31.57:817][  0]LogTargetPlatformManager: Display: Loaded TargetPlatform 'LinuxAArch64Client'
[2020.10.26-10.31.57:824][  0]LogTargetPlatformManager: Display: Loaded TargetPlatform 'LinuxAArch64Server'
[2020.10.26-10.31.57:847][  0]LogTargetPlatformManager: Display: Loaded TargetPlatform 'Lumin'
[2020.10.26-10.31.57:847][  0]LogTargetPlatformManager: Display: Loaded TargetPlatform 'LuminClient'
[2020.10.26-10.31.57:861][  0]LogTargetPlatformManager: Display: Loaded TargetPlatform 'TVOSClient'
[2020.10.26-10.31.57:861][  0]LogTargetPlatformManager: Display: Loaded TargetPlatform 'TVOS'
[2020.10.26-10.31.57:869][  0]LogTargetPlatformManager: Display: Loaded TargetPlatform 'WindowsNoEditor'
[2020.10.26-10.31.57:877][  0]LogTargetPlatformManager: Display: Loaded TargetPlatform 'Windows'
[2020.10.26-10.31.57:885][  0]LogTargetPlatformManager: Display: Loaded TargetPlatform 'WindowsClient'
[2020.10.26-10.31.57:893][  0]LogTargetPlatformManager: Display: Loaded TargetPlatform 'WindowsServer'
[2020.10.26-10.31.57:893][  0]LogTargetPlatformManager: Display: Building Assets For Windows
[2020.10.26-10.31.57:899][  0]LogAudioDebug: Display: Lib vorbis DLL was dynamically loaded.
[2020.10.26-10.31.57:946][  0]LogShaderCompilers: Guid format shader working directory is -44 characters bigger than the processId version (../../../../../../Users/Student 2020/Documents/VRLivePerformance/UnrealVRLivePerformance/UnrealVR/Intermediate/Shaders/WorkingDirectory/1512/).
[2020.10.26-10.31.57:946][  0]LogShaderCompilers: Cleaned the shader compiler working directory 'C:/Users/Student 2020/AppData/Local/Temp/UnrealShaderWorkingDir/3E31D6FD41556600A59B91A259734C55/'.
[2020.10.26-10.31.57:946][  0]LogXGEController: Cannot use XGE Controller as Incredibuild is not installed on this machine.
[2020.10.26-10.31.57:946][  0]LogShaderCompilers: Cannot use XGE Shader Compiler as Incredibuild is not installed on this machine.
[2020.10.26-10.31.57:946][  0]LogShaderCompilers: Display: Using Local Shader Compiler.
[2020.10.26-10.31.58:601][  0]LogDerivedDataCache: Display: Max Cache Size: 512 MB
[2020.10.26-10.31.58:662][  0]LogDerivedDataCache: Loaded boot cache 0.06s 94MB C:/Users/Student 2020/AppData/Local/UnrealEngine/4.25/DerivedDataCache/Boot.ddc.
[2020.10.26-10.31.58:662][  0]LogDerivedDataCache: Display: Loaded Boot cache: C:/Users/Student 2020/AppData/Local/UnrealEngine/4.25/DerivedDataCache/Boot.ddc
[2020.10.26-10.31.58:662][  0]LogDerivedDataCache: FDerivedDataBackendGraph:  Pak pak cache file ../../../../../../Users/Student 2020/Documents/VRLivePerformance/UnrealVRLivePerformance/UnrealVR/DerivedDataCache/DDC.ddp not found, will not use a pak cache.
[2020.10.26-10.31.58:662][  0]LogDerivedDataCache: Unable to find inner node Pak for hierarchical cache Hierarchy.
[2020.10.26-10.31.58:662][  0]LogDerivedDataCache: FDerivedDataBackendGraph:  CompressedPak pak cache file ../../../../../../Users/Student 2020/Documents/VRLivePerformance/UnrealVRLivePerformance/UnrealVR/DerivedDataCache/Compressed.ddp not found, will not use a pak cache.
[2020.10.26-10.31.58:662][  0]LogDerivedDataCache: Unable to find inner node CompressedPak for hierarchical cache Hierarchy.
[2020.10.26-10.31.58:672][  0]LogDerivedDataCache: Display: Pak cache opened for reading ../../../Engine/DerivedDataCache/Compressed.ddp.
[2020.10.26-10.31.58:672][  0]LogDerivedDataCache: FDerivedDataBackendGraph:  EnterprisePak pak cache file ../../../Enterprise/DerivedDataCache/Compressed.ddp not found, will not use a pak cache.
[2020.10.26-10.31.58:672][  0]LogDerivedDataCache: Unable to find inner node EnterprisePak for hierarchical cache Hierarchy.
[2020.10.26-10.31.58:673][  0]LogDerivedDataCache: Using Local data cache path C:/Users/Student 2020/AppData/Local/UnrealEngine/Common/DerivedDataCache: Writable
[2020.10.26-10.31.58:673][  0]LogDerivedDataCache: Shared data cache path not found in *engine.ini, will not use an Shared cache.
[2020.10.26-10.31.58:673][  0]LogDerivedDataCache: Unable to find inner node Shared for hierarchical cache Hierarchy.
[2020.10.26-10.31.58:719][  0]LogSlate: Using FreeType 2.10.0
[2020.10.26-10.31.58:720][  0]LogSlate: SlateFontServices - WITH_FREETYPE: 1, WITH_HARFBUZZ: 1
[2020.10.26-10.31.58:742][  0]LogAssetRegistry: FAssetRegistry took 0.0026 seconds to start up
[2020.10.26-10.31.58:964][  0]LogInit: Selected Device Profile: [Windows]
[2020.10.26-10.31.59:062][  0]LogMeshReduction: Using QuadricMeshReduction for automatic static mesh reduction
[2020.10.26-10.31.59:062][  0]LogMeshReduction: Using SimplygonMeshReduction for automatic skeletal mesh reduction
[2020.10.26-10.31.59:062][  0]LogMeshReduction: Using ProxyLODMeshReduction for automatic mesh merging
[2020.10.26-10.31.59:062][  0]LogMeshReduction: No distributed automatic mesh merging module available
[2020.10.26-10.31.59:062][  0]LogMeshMerging: No distributed automatic mesh merging module available
[2020.10.26-10.31.59:078][  0]LogNetVersion: UnrealVR 1.0.0, NetCL: 13144385, EngineNetVer: 14, GameNetVer: 0 (Checksum: 2192167523)
[2020.10.26-10.31.59:450][  0]LogAISub: UAISubsystem::UAISubsystem AISubsystem (000001D976FFDBC0), frame # 0
[2020.10.26-10.31.59:451][  0]LogAISub: UAISubsystem::UAISubsystem AIPerceptionSystem (000001D976F5CCC0), frame # 0
[2020.10.26-10.31.59:452][  0]LogAISub: UAISubsystem::UAISubsystem EnvQueryManager (000001D976FA5E00), frame # 0
[2020.10.26-10.31.59:508][  0]LogPackageLocalizationCache: Processed 20 localized package path(s) for 1 prioritized culture(s) in 0.051106 seconds
[2020.10.26-10.31.59:513][  0]LogUObjectArray: 15917 objects as part of root set at end of initial load.
[2020.10.26-10.31.59:514][  0]LogUObjectAllocator: 3965568 out of 0 bytes used by permanent object pool.
[2020.10.26-10.31.59:514][  0]LogUObjectArray: CloseDisregardForGC: 0/0 objects in disregard for GC pool
[2020.10.26-10.31.59:798][  0]LogTcpMessaging: Initializing TcpMessaging bridge
[2020.10.26-10.31.59:803][  0]LogUdpMessaging: Initializing bridge on interface 0.0.0.0:0 to multicast group 230.0.0.1:6666.
[2020.10.26-10.31.59:887][  0]SourceControl: Source control is disabled
[2020.10.26-10.31.59:887][  0]SourceControl: Source control is disabled
[2020.10.26-10.31.59:890][  0]SourceControl: Source control is disabled
[2020.10.26-10.31.59:892][  0]SourceControl: Source control is disabled
[2020.10.26-10.31.59:898][  0]SourceControl: Source control is disabled
[2020.10.26-10.32.00:224][  0]LogAndroidPermission: UAndroidPermissionCallbackProxy::GetInstance
[2020.10.26-10.32.00:239][  0]LogAudioCaptureCore: Display: No Audio Capture implementations found. Audio input will be silent.
[2020.10.26-10.32.00:239][  0]LogAudioCaptureCore: Display: No Audio Capture implementations found. Audio input will be silent.
[2020.10.26-10.32.00:282][  0]LogOcInput: OculusInput pre-init called
[2020.10.26-10.32.00:504][  0]LogEngine: Initializing Engine...
[2020.10.26-10.32.00:505][  0]LogHMD: Oculus plugin initialized. Version: 4.25.3-13942748+++UE4+Release-4.25, OVRPlugin: 1.44.0
[2020.10.26-10.32.00:506][  0]LogStats: UGameplayTagsManager::InitializeManager -  0.000 s
[2020.10.26-10.32.00:609][  0]LogInit: Initializing FReadOnlyCVARCache
[2020.10.26-10.32.00:616][  0]LogAIModule: Creating AISystem for world Untitled
[2020.10.26-10.32.00:616][  0]LogAISub: UAISubsystem::UAISubsystem EnvQueryManager (000001D905D71A00), frame # 0
[2020.10.26-10.32.00:616][  0]LogAISub: UAISubsystem::UAISubsystem AIPerceptionSystem (000001D905DA60C0), frame # 0
[2020.10.26-10.32.00:635][  0]LogAudioMixer: Display: Audio Mixer Platform Settings:
[2020.10.26-10.32.00:636][  0]LogAudioMixer: Display: 	Sample Rate:						  48000
[2020.10.26-10.32.00:636][  0]LogAudioMixer: Display: 	Callback Buffer Frame Size Requested: 1024
[2020.10.26-10.32.00:636][  0]LogAudioMixer: Display: 	Callback Buffer Frame Size To Use:	  1024
[2020.10.26-10.32.00:636][  0]LogAudioMixer: Display: 	Number of buffers to queue:			  2
[2020.10.26-10.32.00:636][  0]LogAudioMixer: Display: 	Max Channels (voices):				  32
[2020.10.26-10.32.00:636][  0]LogAudioMixer: Display: 	Number of Async Source Workers:		  0
[2020.10.26-10.32.00:636][  0]LogAudio: Display: AudioDevice MaxSources: 32
[2020.10.26-10.32.00:636][  0]LogAudio: Display: Using built-in audio occlusion.
[2020.10.26-10.32.00:636][  0]LogAudioMixer: Display: Initializing audio mixer.
[2020.10.26-10.32.00:652][  0]LogAudioMixer: Display: 0: FrontLeft
[2020.10.26-10.32.00:652][  0]LogAudioMixer: Display: 1: FrontRight
[2020.10.26-10.32.00:688][  0]LogAudioMixer: Display: Using Audio Device Headphones (3- Arctis 7 Game)
[2020.10.26-10.32.00:690][  0]LogAudioMixer: Display: Initializing Sound Submixes...
[2020.10.26-10.32.00:692][  0]LogAudioMixer: Display: Creating Master Submix 'MasterSubmixDefault'
[2020.10.26-10.32.00:692][  0]LogAudioMixer: Display: Creating Master Submix 'MasterReverbSubmixDefault'
[2020.10.26-10.32.00:693][  0]LogAudioMixer: Display: Creating Master Submix 'MasterEQSubmixDefault'
[2020.10.26-10.32.00:694][  0]LogInit: FAudioDevice initialized.
[2020.10.26-10.32.00:694][  0]LogNetVersion: Set ProjectVersion to 1.0.0.0. Version Checksum will be recalculated on next use.
[2020.10.26-10.32.00:748][  0]LogDerivedDataCache: Saved boot cache 0.05s 94MB C:/Users/Student 2020/AppData/Local/UnrealEngine/4.25/DerivedDataCache/Boot.ddc.
[2020.10.26-10.32.00:753][  0]LogInit: Texture streaming: Enabled
[2020.10.26-10.32.00:766][  0]LogEngineSessionManager: EngineSessionManager initialized
[2020.10.26-10.32.00:766][  0]LogEditorSessionSummary: Verbose: Initializing EditorSessionSummaryWriter for editor session tracking
[2020.10.26-10.32.00:768][  0]LogEditorSessionSummary: EditorSessionSummaryWriter initialized
[2020.10.26-10.32.00:833][  0]LogInit: Transaction tracking system initialized
[2020.10.26-10.32.00:861][  0]BlueprintLog: New page: Editor Load
[2020.10.26-10.32.00:917][  0]LocalizationService: Localization service is disabled
[2020.10.26-10.32.01:048][  0]LogCook: Display: Max memory allowance for cook 16384mb min free memory 0mb
[2020.10.26-10.32.01:048][  0]LogCook: Display: Mobile HDR setting 1
[2020.10.26-10.32.01:155][  0]LogFileCache: Scanning file cache for directory 'C:/Users/Student 2020/Documents/VRLivePerformance/UnrealVRLivePerformance/UnrealVR/Content/' took 0.00s
[2020.10.26-10.32.01:329][  0]SourceControl: Source control is disabled
[2020.10.26-10.32.01:329][  0]LogUnrealEdMisc: Loading editor; pre map load, took 5.639
[2020.10.26-10.32.01:329][  0]Cmd: MAP LOAD FILE="../../../../../../Users/Student 2020/Documents/VRLivePerformance/UnrealVRLivePerformance/UnrealVR/Content/Maps/Lobby/Lobby.umap" TEMPLATE=0 SHOWPROGRESS=1 FEATURELEVEL=3
[2020.10.26-10.32.01:329][  0]LightingResults: New page: Lighting Build
[2020.10.26-10.32.01:330][  0]LogWorld: UWorld::CleanupWorld for Untitled, bSessionEnded=true, bCleanupResources=true
[2020.10.26-10.32.01:330][  0]LogSlate: InvalidateAllWidgets triggered.  All widgets were invalidated
[2020.10.26-10.32.01:330][  0]MapCheck: New page: Map Check
[2020.10.26-10.32.01:330][  0]LightingResults: New page: Lighting Build
[2020.10.26-10.32.01:348][  0]LogAISub: UAISubsystem::~UAISubsystem EnvQueryManager (000001D905D71A00), frame # 0
[2020.10.26-10.32.01:348][  0]LogAISub: UAISubsystem::~UAISubsystem AIPerceptionSystem (000001D905DA60C0), frame # 0
[2020.10.26-10.32.01:348][  0]LogUObjectHash: Compacting FUObjectHashTables data took   0.68ms
[2020.10.26-10.32.01:541][  0]LogBlueprint: Warning: [Compiler PersistentLevel.Lobby] Node  Unknown  is not referencing a valid level actor
[2020.10.26-10.32.01:618][  0]LogAIModule: Creating AISystem for world Lobby
[2020.10.26-10.32.01:618][  0]LogAISub: UAISubsystem::UAISubsystem EnvQueryManager (000001D9149A7E00), frame # 0
[2020.10.26-10.32.01:618][  0]LogAISub: UAISubsystem::UAISubsystem AIPerceptionSystem (000001D914AE1080), frame # 0
[2020.10.26-10.32.01:622][  0]LogEditorServer: Finished looking for orphan Actors (0.000 secs)
[2020.10.26-10.32.01:641][  0]LogUObjectHash: Compacting FUObjectHashTables data took   0.88ms
[2020.10.26-10.32.01:641][  0]Cmd: MAP CHECKDEP NOCLEARLOG
[2020.10.26-10.32.01:641][  0]MapCheck: Map check complete: 0 Error(s), 0 Warning(s), took 0.158ms to complete.
[2020.10.26-10.32.01:642][  0]LogFileHelpers: Loading map 'Lobby' took 0.313
[2020.10.26-10.32.01:644][  0]LogUnrealEdMisc: Total Editor Startup Time, took 5.954
[2020.10.26-10.32.01:778][  0]LogSlate: Updating window title bar state: overlay mode, drag disabled, window buttons hidden, title bar hidden
[2020.10.26-10.32.01:784][  0]LogSlate: Updating window title bar state: overlay mode, drag disabled, window buttons hidden, title bar hidden
[2020.10.26-10.32.01:790][  0]LogSlate: Updating window title bar state: overlay mode, drag disabled, window buttons hidden, title bar hidden
[2020.10.26-10.32.01:797][  0]LogSlate: Updating window title bar state: overlay mode, drag disabled, window buttons hidden, title bar hidden
[2020.10.26-10.32.01:803][  0]LogCollectionManager: Loaded 0 collections in 0.001746 seconds
[2020.10.26-10.32.01:818][  0]LogFileCache: Scanning file cache for directory 'C:/Users/Student 2020/Documents/VRLivePerformance/UnrealVRLivePerformance/UnrealVR/Saved/Collections/' took 0.00s
[2020.10.26-10.32.01:818][  0]LogFileCache: Scanning file cache for directory 'C:/Users/Student 2020/Documents/VRLivePerformance/UnrealVRLivePerformance/UnrealVR/Content/Developers/Student2020/Collections/' took 0.00s
[2020.10.26-10.32.01:818][  0]LogFileCache: Scanning file cache for directory 'C:/Users/Student 2020/Documents/VRLivePerformance/UnrealVRLivePerformance/UnrealVR/Content/Collections/' took 0.00s
[2020.10.26-10.32.01:818][  0]LogContentBrowser: Native class hierarchy populated in 0.0091 seconds. Added 3435 classes and 827 folders.
[2020.10.26-10.32.01:820][  0]LogContentBrowser: Native class hierarchy updated for 'WidgetCarousel' in 0.0004 seconds. Added 0 classes and 0 folders.
[2020.10.26-10.32.01:866][  0]LogContentBrowser: Native class hierarchy updated for 'AddContentDialog' in 0.0004 seconds. Added 0 classes and 0 folders.
[2020.10.26-10.32.01:867][  0]LogContentBrowser: Native class hierarchy updated for 'SceneOutliner' in 0.0004 seconds. Added 2 classes and 0 folders.
[2020.10.26-10.32.01:899][  0]LogSlate: Took 0.000126 seconds to synchronously load lazily loaded font '../../../Engine/Content/Slate/Fonts/Roboto-Regular.ttf' (155K)
[2020.10.26-10.32.01:901][  0]LogSlate: Took 0.000115 seconds to synchronously load lazily loaded font '../../../Engine/Content/Slate/Fonts/Roboto-Bold.ttf' (160K)
[2020.10.26-10.32.01:904][  0]LogSlate: Took 0.000176 seconds to synchronously load lazily loaded font '../../../Engine/Content/Editor/Slate/Fonts/FontAwesome.ttf' (139K)
[2020.10.26-10.32.01:970][  0]LogRenderer: Reallocating scene render targets to support 1616x808 Format 10 NumSamples 1 (Frame:1).
[2020.10.26-10.32.02:094][  0]LogContentBrowser: Native class hierarchy updated for 'HierarchicalLODOutliner' in 0.0004 seconds. Added 0 classes and 0 folders.
[2020.10.26-10.32.02:094][  0]LogLoad: (Engine Initialization) Total time: 6.40 seconds
[2020.10.26-10.32.02:094][  0]LogLoad: (Engine Initialization) Total Blueprint compile time: 0.00 seconds
[2020.10.26-10.32.02:105][  0]LogOcInput: OculusInput is initialized
[2020.10.26-10.32.02:133][  0]LogAssetRegistry: Asset discovery search completed in 3.3919 seconds
[2020.10.26-10.32.02:137][  0]LogCollectionManager: Fixed up redirectors for 0 collections in 0.000003 seconds (updated 0 objects)
[2020.10.26-10.32.02:139][  0]LogContentStreaming: Texture pool size now 1000 MB
[2020.10.26-10.32.03:202][105]LogSlate: Took 0.000213 seconds to synchronously load lazily loaded font '../../../Engine/Content/Slate/Fonts/Roboto-Light.ttf' (167K)
[2020.10.26-10.32.07:239][520]LogFileCache: Retrieving MD5 hashes for directory 'C:/Users/Student 2020/Documents/VRLivePerformance/UnrealVRLivePerformance/UnrealVR/Content/' took 5.13s
[2020.10.26-10.32.07:439][541]LogPlayLevel: PlayLevel: No blueprints needed recompiling
[2020.10.26-10.32.07:439][541]PIE: New page: SIE session: Lobby (Oct 26, 2020, 12:32:07 PM)
[2020.10.26-10.32.07:440][541]LogOnline: OSS: Creating online subsystem instance for: NULL
[2020.10.26-10.32.07:441][541]LogOnline: OSS: TryLoadSubsystemAndSetDefault: Loaded subsystem for module [NULL]
[2020.10.26-10.32.07:441][541]LogPlayLevel: Creating play world package: /Game/Maps/Lobby/UEDPIE_0_Lobby
[2020.10.26-10.32.07:444][541]LogPlayLevel: PIE: StaticDuplicateObject took: (0.003201s)
[2020.10.26-10.32.07:445][541]LogAIModule: Creating AISystem for world Lobby
[2020.10.26-10.32.07:445][541]LogAISub: UAISubsystem::UAISubsystem EnvQueryManager (000001D91E206200), frame # 541
[2020.10.26-10.32.07:445][541]LogAISub: UAISubsystem::UAISubsystem AIPerceptionSystem (000001D951515F80), frame # 541
[2020.10.26-10.32.07:446][541]LogPlayLevel: PIE: World Init took: (0.001135s)
[2020.10.26-10.32.07:446][541]LogPlayLevel: PIE: Created PIE world by copying editor world from /Game/Maps/Lobby/Lobby.Lobby to /Game/Maps/Lobby/UEDPIE_0_Lobby.Lobby (0.004448s)
[2020.10.26-10.32.07:464][541]LogUObjectHash: Compacting FUObjectHashTables data took   0.62ms
[2020.10.26-10.32.07:466][541]LogAudioMixer: Display: Audio Mixer Platform Settings:
[2020.10.26-10.32.07:466][541]LogAudioMixer: Display: 	Sample Rate:						  48000
[2020.10.26-10.32.07:466][541]LogAudioMixer: Display: 	Callback Buffer Frame Size Requested: 1024
[2020.10.26-10.32.07:466][541]LogAudioMixer: Display: 	Callback Buffer Frame Size To Use:	  1024
[2020.10.26-10.32.07:466][541]LogAudioMixer: Display: 	Number of buffers to queue:			  2
[2020.10.26-10.32.07:466][541]LogAudioMixer: Display: 	Max Channels (voices):				  32
[2020.10.26-10.32.07:466][541]LogAudioMixer: Display: 	Number of Async Source Workers:		  0
[2020.10.26-10.32.07:466][541]LogAudio: Display: AudioDevice MaxSources: 32
[2020.10.26-10.32.07:466][541]LogAudio: Display: Using built-in audio occlusion.
[2020.10.26-10.32.07:466][541]LogAudioMixer: Display: Initializing audio mixer.
[2020.10.26-10.32.07:472][541]LogAudioMixer: Display: 0: FrontLeft
[2020.10.26-10.32.07:472][541]LogAudioMixer: Display: 1: FrontRight
[2020.10.26-10.32.07:489][541]LogAudioMixer: Display: Using Audio Device Headphones (3- Arctis 7 Game)
[2020.10.26-10.32.07:489][541]LogAudioMixer: Display: Initializing Sound Submixes...
[2020.10.26-10.32.07:489][541]LogAudioMixer: Display: Creating Master Submix 'MasterSubmixDefault'
[2020.10.26-10.32.07:489][541]LogAudioMixer: Display: Creating Master Submix 'MasterReverbSubmixDefault'
[2020.10.26-10.32.07:489][541]LogAudioMixer: Display: Creating Master Submix 'MasterEQSubmixDefault'
[2020.10.26-10.32.07:504][541]LogInit: FAudioDevice initialized.
[2020.10.26-10.32.07:513][541]LogLoad: Game class is 'MultiplayerGameMode_C'
[2020.10.26-10.32.07:514][541]LogWorld: Bringing World /Game/Maps/Lobby/UEDPIE_0_Lobby.Lobby up for play (max tick rate 0) at 2020.10.26-11.32.07
[2020.10.26-10.32.07:514][541]LogWorld: Bringing up level for play took: 0.000860
[2020.10.26-10.32.07:515][541]LogOnline: OSS: Creating online subsystem instance for: :Context_1
[2020.10.26-10.32.07:518][541]LogContentBrowser: Native class hierarchy updated for 'MovieSceneCapture' in 0.0005 seconds. Added 20 classes and 0 folders.
[2020.10.26-10.32.07:518][541]LogGameMode: Display: Match State Changed from EnteringMap to WaitingToStart
[2020.10.26-10.32.07:521][541]LogGameState: Match State Changed from EnteringMap to WaitingToStart
[2020.10.26-10.32.07:521][541]PIE: Server logged in
[2020.10.26-10.32.07:523][541]PIE: Play in editor total start time 0.085 seconds.
[2020.10.26-10.32.12:864][ 91]LogSlate: Updating window title bar state: overlay mode, drag disabled, window buttons hidden, title bar hidden
[2020.10.26-10.32.12:864][ 91]LogWorld: BeginTearingDown for /Game/Maps/Lobby/UEDPIE_0_Lobby
[2020.10.26-10.32.12:865][ 91]LogWorld: UWorld::CleanupWorld for Lobby, bSessionEnded=true, bCleanupResources=true
[2020.10.26-10.32.12:865][ 91]LogSlate: InvalidateAllWidgets triggered.  All widgets were invalidated
[2020.10.26-10.32.12:876][ 91]LogPlayLevel: Display: Shutting down PIE online subsystems
[2020.10.26-10.32.12:878][ 91]LogSlate: InvalidateAllWidgets triggered.  All widgets were invalidated
[2020.10.26-10.32.12:910][ 91]LogSlate: Updating window title bar state: overlay mode, drag disabled, window buttons hidden, title bar hidden
[2020.10.26-10.32.12:911][ 91]LogAISub: UAISubsystem::~UAISubsystem AIPerceptionSystem (000001D951515F80), frame # 1091
[2020.10.26-10.32.12:911][ 91]LogAISub: UAISubsystem::~UAISubsystem EnvQueryManager (000001D91E206200), frame # 1091
[2020.10.26-10.32.12:912][ 91]LogUObjectHash: Compacting FUObjectHashTables data took   0.67ms
[2020.10.26-10.32.12:948][ 92]LogPlayLevel: Display: Destroying online subsystem :Context_1
[2020.10.26-10.32.16:230][472]LogPlayLevel: PlayLevel: No blueprints needed recompiling
[2020.10.26-10.32.16:230][472]LogHMD: Initializing OVRPlugin session
[2020.10.26-10.32.16:347][472]LogHMD: Allocating Oculus 3296 x 1776 rendertarget swapchain
[2020.10.26-10.32.16:348][472]PIE: New page: PIE session: Lobby (Oct 26, 2020, 12:32:16 PM)
[2020.10.26-10.32.16:349][472]LogPlayLevel: Creating play world package: /Game/Maps/Lobby/UEDPIE_0_Lobby
[2020.10.26-10.32.16:352][472]LogPlayLevel: PIE: StaticDuplicateObject took: (0.003269s)
[2020.10.26-10.32.16:353][472]LogAIModule: Creating AISystem for world Lobby
[2020.10.26-10.32.16:353][472]LogAISub: UAISubsystem::UAISubsystem EnvQueryManager (000001D91AF55E00), frame # 1472
[2020.10.26-10.32.16:353][472]LogAISub: UAISubsystem::UAISubsystem AIPerceptionSystem (000001D914C04540), frame # 1472
[2020.10.26-10.32.16:353][472]LogPlayLevel: PIE: World Init took: (0.000996s)
[2020.10.26-10.32.16:353][472]LogPlayLevel: PIE: Created PIE world by copying editor world from /Game/Maps/Lobby/Lobby.Lobby to /Game/Maps/Lobby/UEDPIE_0_Lobby.Lobby (0.004366s)
[2020.10.26-10.32.16:367][472]LogUObjectHash: Compacting FUObjectHashTables data took   0.62ms
[2020.10.26-10.32.16:368][472]LogAudioMixer: Display: Audio Mixer Platform Settings:
[2020.10.26-10.32.16:368][472]LogAudioMixer: Display: 	Sample Rate:						  48000
[2020.10.26-10.32.16:368][472]LogAudioMixer: Display: 	Callback Buffer Frame Size Requested: 1024
[2020.10.26-10.32.16:368][472]LogAudioMixer: Display: 	Callback Buffer Frame Size To Use:	  1024
[2020.10.26-10.32.16:368][472]LogAudioMixer: Display: 	Number of buffers to queue:			  2
[2020.10.26-10.32.16:368][472]LogAudioMixer: Display: 	Max Channels (voices):				  32
[2020.10.26-10.32.16:368][472]LogAudioMixer: Display: 	Number of Async Source Workers:		  0
[2020.10.26-10.32.16:368][472]LogAudio: Display: AudioDevice MaxSources: 32
[2020.10.26-10.32.16:368][472]LogAudio: Display: Using built-in audio occlusion.
[2020.10.26-10.32.16:368][472]LogAudioMixer: Display: Initializing audio mixer.
[2020.10.26-10.32.16:374][472]LogAudioMixer: Display: 0: FrontLeft
[2020.10.26-10.32.16:374][472]LogAudioMixer: Display: 1: FrontRight
[2020.10.26-10.32.16:389][472]LogAudioMixer: Display: Using Audio Device Headphones (3- Arctis 7 Game)
[2020.10.26-10.32.16:389][472]LogAudioMixer: Display: Initializing Sound Submixes...
[2020.10.26-10.32.16:390][472]LogAudioMixer: Display: Creating Master Submix 'MasterSubmixDefault'
[2020.10.26-10.32.16:390][472]LogAudioMixer: Display: Creating Master Submix 'MasterReverbSubmixDefault'
[2020.10.26-10.32.16:390][472]LogAudioMixer: Display: Creating Master Submix 'MasterEQSubmixDefault'
[2020.10.26-10.32.16:405][472]LogInit: FAudioDevice initialized.
[2020.10.26-10.32.16:415][472]LogLoad: Game class is 'MultiplayerGameMode_C'
[2020.10.26-10.32.16:416][472]LogWorld: Bringing World /Game/Maps/Lobby/UEDPIE_0_Lobby.Lobby up for play (max tick rate 0) at 2020.10.26-11.32.16
[2020.10.26-10.32.16:417][472]LogWorld: Bringing up level for play took: 0.000826
[2020.10.26-10.32.16:417][472]LogOnline: OSS: Creating online subsystem instance for: :Context_2
[2020.10.26-10.32.16:419][472]LogNet: ReplicationDriverClass is null! Not using ReplicationDriver.
[2020.10.26-10.32.16:419][472]LogNetCore: DDoS detection status: detection enabled: 0 analytics enabled: 0
[2020.10.26-10.32.16:419][472]LogInit: WinSock: Socket queue. Rx: 131072 (config 131072) Tx: 131072 (config 131072)
[2020.10.26-10.32.16:419][472]LogNet: Created socket for bind address: 0.0.0.0 on port 17777
[2020.10.26-10.32.16:419][472]PacketHandlerLog: Loaded PacketHandler component: Engine.EngineHandlerComponentFactory (StatelessConnectHandlerComponent)
[2020.10.26-10.32.16:419][472]LogNet: GameNetDriver IpNetDriver_0 IpNetDriver listening on port 17777
[2020.10.26-10.32.16:419][472]LogGameMode: Display: Match State Changed from EnteringMap to WaitingToStart
[2020.10.26-10.32.16:419][472]LogGameState: Match State Changed from EnteringMap to WaitingToStart
[2020.10.26-10.32.16:419][472]LogGameMode: Display: Match State Changed from WaitingToStart to InProgress
[2020.10.26-10.32.16:422][472]LogGameState: Match State Changed from WaitingToStart to InProgress
[2020.10.26-10.32.16:422][472]PIE: Server logged in
[2020.10.26-10.32.16:423][472]PIE: Play in editor total start time 0.194 seconds.
[2020.10.26-10.32.16:425][472]LogAudioMixer: Display: Audio Mixer Platform Settings:
[2020.10.26-10.32.16:425][472]LogAudioMixer: Display: 	Sample Rate:						  48000
[2020.10.26-10.32.16:425][472]LogAudioMixer: Display: 	Callback Buffer Frame Size Requested: 1024
[2020.10.26-10.32.16:425][472]LogAudioMixer: Display: 	Callback Buffer Frame Size To Use:	  1024
[2020.10.26-10.32.16:425][472]LogAudioMixer: Display: 	Number of buffers to queue:			  2
[2020.10.26-10.32.16:425][472]LogAudioMixer: Display: 	Max Channels (voices):				  32
[2020.10.26-10.32.16:425][472]LogAudioMixer: Display: 	Number of Async Source Workers:		  0
[2020.10.26-10.32.16:425][472]LogAudio: Display: AudioDevice MaxSources: 32
[2020.10.26-10.32.16:425][472]LogAudio: Display: Using built-in audio occlusion.
[2020.10.26-10.32.16:425][472]LogAudioMixer: Display: Initializing audio mixer.
[2020.10.26-10.32.16:431][472]LogAudioMixer: Display: 0: FrontLeft
[2020.10.26-10.32.16:431][472]LogAudioMixer: Display: 1: FrontRight
[2020.10.26-10.32.16:445][472]LogAudioMixer: Display: Using Audio Device Headphones (3- Arctis 7 Game)
[2020.10.26-10.32.16:445][472]LogAudioMixer: Display: Initializing Sound Submixes...
[2020.10.26-10.32.16:445][472]LogAudioMixer: Display: Creating Master Submix 'MasterSubmixDefault'
[2020.10.26-10.32.16:445][472]LogAudioMixer: Display: Creating Master Submix 'MasterReverbSubmixDefault'
[2020.10.26-10.32.16:445][472]LogAudioMixer: Display: Creating Master Submix 'MasterEQSubmixDefault'
[2020.10.26-10.32.16:461][472]LogInit: FAudioDevice initialized.
[2020.10.26-10.32.16:516][472]LogSlate: Updating window title bar state: overlay mode, drag disabled, window buttons hidden, title bar hidden
[2020.10.26-10.32.16:516][472]LogNet: Browse: 127.0.0.1:17777/Game/Maps/MainMap
[2020.10.26-10.32.16:516][472]LogInit: WinSock: Socket queue. Rx: 32768 (config 32768) Tx: 32768 (config 32768)
[2020.10.26-10.32.16:516][472]LogNet: Created socket for bind address: 0.0.0.0 on port 0
[2020.10.26-10.32.16:516][472]PacketHandlerLog: Loaded PacketHandler component: Engine.EngineHandlerComponentFactory (StatelessConnectHandlerComponent)
[2020.10.26-10.32.16:516][472]LogNet: Game client on port 17777, rate 10000
[2020.10.26-10.32.16:518][472]PIE: Client logged in
[2020.10.26-10.32.16:520][472]PIE: Play in editor total start time 0.291 seconds.
[2020.10.26-10.32.17:538][588]LogNet: NotifyAcceptingConnection accepted from: 127.0.0.1:58849
[2020.10.26-10.32.17:538][588]LogHandshake: SendConnectChallenge. Timestamp: 1.340679, Cookie: 166157103020089137198212141029087171018147010025024155073065
[2020.10.26-10.32.17:539][588]LogHandshake: SendChallengeResponse. Timestamp: 1.340679, Cookie: 166157103020089137198212141029087171018147010025024155073065
[2020.10.26-10.32.17:546][589]LogNet: NotifyAcceptingConnection accepted from: 127.0.0.1:58849
[2020.10.26-10.32.17:546][589]LogHandshake: SendChallengeAck. InCookie: 166157103020089137198212141029087171018147010025024155073065
[2020.10.26-10.32.17:546][589]LogNet: Server accepting post-challenge connection from: 127.0.0.1:58849
[2020.10.26-10.32.17:546][589]PacketHandlerLog: Loaded PacketHandler component: Engine.EngineHandlerComponentFactory (StatelessConnectHandlerComponent)
[2020.10.26-10.32.17:546][589]LogNet: NotifyAcceptedConnection: Name: Lobby, TimeStamp: 10/26/20 11:32:17, [UNetConnection] RemoteAddr: 127.0.0.1:58849, Name: IpConnection_1, Driver: GameNetDriver IpNetDriver_0, IsServer: YES, PC: NULL, Owner: NULL, UniqueId: INVALID
[2020.10.26-10.32.17:546][589]LogNet: AddClientConnection: Added client connection: [UNetConnection] RemoteAddr: 127.0.0.1:58849, Name: IpConnection_1, Driver: GameNetDriver IpNetDriver_0, IsServer: YES, PC: NULL, Owner: NULL, UniqueId: INVALID
[2020.10.26-10.32.17:547][589]LogNetVersion: UnrealVR 1.0.0.0, NetCL: 13144385, EngineNetVer: 14, GameNetVer: 0 (Checksum: 2250884227)
[2020.10.26-10.32.17:547][589]LogNet: UPendingNetGame::SendInitialJoin: Sending hello. [UNetConnection] RemoteAddr: 127.0.0.1:17777, Name: IpConnection_0, Driver: PendingNetDriver IpNetDriver_1, IsServer: NO, PC: NULL, Owner: NULL, UniqueId: INVALID
[2020.10.26-10.32.17:555][590]LogNet: NotifyAcceptingChannel Control 0 server World /Game/Maps/Lobby/UEDPIE_0_Lobby.Lobby: Accepted
[2020.10.26-10.32.17:555][590]LogNet: Remote platform little endian=1
[2020.10.26-10.32.17:555][590]LogNet: This platform little endian=1
[2020.10.26-10.32.17:555][590]LogOnline: OSS: Creating online subsystem instance for: :Context_3
[2020.10.26-10.32.17:563][591]LogNet: Login request: ?Name=DESKTOP-S32ASB4-10202C7A4EE6FAE757AABA892AFF2D33 userId: NULL:DESKTOP-S32ASB4-10202C7A4EE6FAE757AABA892AFF2D33 platform: NULL
[2020.10.26-10.32.17:564][591]LogNet: Welcomed by server (Level: /Game/Maps/Lobby/UEDPIE_0_Lobby, Game: /Game/Blueprints/GameMode/MultiplayerGameMode.MultiplayerGameMode_C)
[2020.10.26-10.32.17:564][591]LogLoadingSplash: Loading texture for splash rp_manuel_animated_001_dif...
[2020.10.26-10.32.17:564][591]LogLoadingSplash: ...Success. 
[2020.10.26-10.32.17:564][591]LogHMD: FSplash::OnShow
[2020.10.26-10.32.17:564][591]LogLoad: LoadMap: 127.0.0.1:17777/Game/Maps/Lobby/UEDPIE_0_Lobby?game=/Game/Blueprints/GameMode/MultiplayerGameMode.MultiplayerGameMode_C
[2020.10.26-10.32.17:564][591]LogWorld: BeginTearingDown for /Temp/Untitled_1
[2020.10.26-10.32.17:564][591]LogWorld: UWorld::CleanupWorld for Untitled, bSessionEnded=true, bCleanupResources=true
[2020.10.26-10.32.17:564][591]LogSlate: InvalidateAllWidgets triggered.  All widgets were invalidated
[2020.10.26-10.32.17:579][591]LogUObjectHash: Compacting FUObjectHashTables data took   0.67ms
[2020.10.26-10.32.17:585][591]LogAIModule: Creating AISystem for world Lobby
[2020.10.26-10.32.17:585][591]LogAISub: UAISubsystem::UAISubsystem EnvQueryManager (000001D91E2C5000), frame # 1591
[2020.10.26-10.32.17:585][591]LogAISub: UAISubsystem::UAISubsystem AIPerceptionSystem (000001D90E8C79C0), frame # 1591
[2020.10.26-10.32.17:586][591]LogWorld: Bringing World /Game/Maps/Lobby/UEDPIE_1_Lobby.Lobby up for play (max tick rate 0) at 2020.10.26-11.32.17
[2020.10.26-10.32.17:586][591]LogWorld: Bringing up level for play took: 0.000477
[2020.10.26-10.32.17:586][591]LogLoadingSplash: Loading texture for splash rp_manuel_animated_001_dif...
[2020.10.26-10.32.17:586][591]LogLoadingSplash: ...Success. 
[2020.10.26-10.32.17:586][591]LogHMD: FSplash::OnShow
[2020.10.26-10.32.17:587][591]LogLoad: Took 0.022374 seconds to LoadMap(/Game/Maps/Lobby/UEDPIE_0_Lobby)
[2020.10.26-10.32.17:587][591]LogNavigation: Warning: NavData RegistrationFailed_DataPendingKill.
[2020.10.26-10.32.17:593][592]LogHMD: FSplash::OnHide
[2020.10.26-10.32.17:615][592]LogNet: Client netspeed is 10000
[2020.10.26-10.32.17:615][592]LogNet: Join request: /Game/Maps/MainMap?Name=DESKTOP-S32ASB4-10202C7A4EE6FAE757AABA892AFF2D33?SplitscreenCount=1
[2020.10.26-10.32.17:615][592]LogOnlineSession: Warning: OSS: No game present to join for session (GameSession)
[2020.10.26-10.32.17:619][592]LogNet: Join succeeded: DESKTOP-S32ASB4-1020
[2020.10.26-10.32.18:056][642]LogOnlineSession: Warning: OSS: No game present to join for session (GameSession)
[2020.10.26-10.32.18:097][647]LogOnlineSession: Warning: OSS: No game present to join for session (GameSession)
[2020.10.26-10.32.35:532][695]LogSlate: Updating window title bar state: overlay mode, drag disabled, window buttons hidden, title bar hidden
[2020.10.26-10.32.35:532][695]LogWorld: BeginTearingDown for /Game/Maps/Lobby/UEDPIE_1_Lobby
[2020.10.26-10.32.35:533][695]LogSlate: Window 'UnrealVR Preview [NetMode: Client 2] (64-bit/Windows) ' being destroyed
[2020.10.26-10.32.35:536][695]LogWorld: UWorld::CleanupWorld for Lobby, bSessionEnded=true, bCleanupResources=true
[2020.10.26-10.32.35:536][695]LogSlate: InvalidateAllWidgets triggered.  All widgets were invalidated
[2020.10.26-10.32.35:543][695]LogNet: World NetDriver shutdown IpNetDriver_1 [GameNetDriver]
[2020.10.26-10.32.35:543][695]LogNet: DestroyNamedNetDriver IpNetDriver_1 [GameNetDriver]
[2020.10.26-10.32.35:543][695]LogNet: UNetConnection::Close: [UNetConnection] RemoteAddr: 127.0.0.1:17777, Name: IpConnection_0, Driver: GameNetDriver IpNetDriver_1, IsServer: NO, PC: PlayerController_1, Owner: PlayerController_1, UniqueId: NULL:DESKTOP-S32ASB4-10202C7A4EE6FAE757AABA892AFF2D33, Channels: 22, Time: 2020.10.26-10.32.35
[2020.10.26-10.32.35:543][695]LogNet: UChannel::Close: Sending CloseBunch. ChIndex == 0. Name: [UChannel] ChIndex: 0, Closing: 0 [UNetConnection] RemoteAddr: 127.0.0.1:17777, Name: IpConnection_0, Driver: GameNetDriver IpNetDriver_1, IsServer: NO, PC: PlayerController_1, Owner: PlayerController_1, UniqueId: NULL:DESKTOP-S32ASB4-10202C7A4EE6FAE757AABA892AFF2D33
[2020.10.26-10.32.35:544][695]LogExit: GameNetDriver IpNetDriver_1 shut down
[2020.10.26-10.32.35:544][695]LogWorld: BeginTearingDown for /Game/Maps/Lobby/UEDPIE_0_Lobby
[2020.10.26-10.32.35:545][695]LogOnlineSession: Warning: OSS: No game present to leave for session (GameSession)
[2020.10.26-10.32.35:545][695]LogSlate: Updating window title bar state: overlay mode, drag disabled, window buttons hidden, title bar hidden
[2020.10.26-10.32.35:545][695]LogWorld: UWorld::CleanupWorld for Lobby, bSessionEnded=true, bCleanupResources=true
[2020.10.26-10.32.35:545][695]LogSlate: InvalidateAllWidgets triggered.  All widgets were invalidated
[2020.10.26-10.32.35:553][695]LogNet: World NetDriver shutdown IpNetDriver_0 [GameNetDriver]
[2020.10.26-10.32.35:553][695]LogNet: DestroyNamedNetDriver IpNetDriver_0 [GameNetDriver]
[2020.10.26-10.32.35:553][695]LogNet: UNetConnection::Cleanup: Closing open connection. [UNetConnection] RemoteAddr: 127.0.0.1:58849, Name: IpConnection_1, Driver: GameNetDriver IpNetDriver_0, IsServer: YES, PC: PlayerController_1, Owner: PlayerController_1, UniqueId: NULL:DESKTOP-S32ASB4-10202C7A4EE6FAE757AABA892AFF2D33
[2020.10.26-10.32.35:554][695]LogNet: UNetConnection::Close: [UNetConnection] RemoteAddr: 127.0.0.1:58849, Name: IpConnection_1, Driver: GameNetDriver IpNetDriver_0, IsServer: YES, PC: PlayerController_1, Owner: PlayerController_1, UniqueId: NULL:DESKTOP-S32ASB4-10202C7A4EE6FAE757AABA892AFF2D33, Channels: 22, Time: 2020.10.26-10.32.35
[2020.10.26-10.32.35:554][695]LogNet: UChannel::Close: Sending CloseBunch. ChIndex == 0. Name: [UChannel] ChIndex: 0, Closing: 0 [UNetConnection] RemoteAddr: 127.0.0.1:58849, Name: IpConnection_1, Driver: GameNetDriver IpNetDriver_0, IsServer: YES, PC: PlayerController_1, Owner: PlayerController_1, UniqueId: NULL:DESKTOP-S32ASB4-10202C7A4EE6FAE757AABA892AFF2D33
[2020.10.26-10.32.35:554][695]LogExit: GameNetDriver IpNetDriver_0 shut down
[2020.10.26-10.32.35:555][695]LogPlayLevel: Display: Shutting down PIE online subsystems
[2020.10.26-10.32.35:556][695]LogSlate: InvalidateAllWidgets triggered.  All widgets were invalidated
[2020.10.26-10.32.35:590][695]LogSlate: Updating window title bar state: overlay mode, drag disabled, window buttons hidden, title bar hidden
[2020.10.26-10.32.35:608][695]LogAISub: UAISubsystem::~UAISubsystem AIPerceptionSystem (000001D90E8C79C0), frame # 3695
[2020.10.26-10.32.35:608][695]LogAISub: UAISubsystem::~UAISubsystem EnvQueryManager (000001D91E2C5000), frame # 3695
[2020.10.26-10.32.35:609][695]LogAISub: UAISubsystem::~UAISubsystem AIPerceptionSystem (000001D914C04540), frame # 3695
[2020.10.26-10.32.35:609][695]LogAISub: UAISubsystem::~UAISubsystem EnvQueryManager (000001D91AF55E00), frame # 3695
[2020.10.26-10.32.35:610][695]LogUObjectHash: Compacting FUObjectHashTables data took   0.65ms
[2020.10.26-10.32.35:654][696]LogPlayLevel: Display: Destroying online subsystem :Context_3
[2020.10.26-10.32.35:654][696]LogPlayLevel: Display: Destroying online subsystem :Context_2
[2020.10.26-10.32.40:525][252]LogPlayLevel: PlayLevel: No blueprints needed recompiling
[2020.10.26-10.32.40:525][252]LogHMD: Initializing OVRPlugin session
[2020.10.26-10.32.40:636][252]LogHMD: Allocating Oculus 3296 x 1776 rendertarget swapchain
[2020.10.26-10.32.40:637][252]PIE: New page: PIE session: Lobby (Oct 26, 2020, 12:32:40 PM)
[2020.10.26-10.32.40:672][252]LogPlayLevel: Creating play world package: /Game/Maps/Lobby/UEDPIE_0_Lobby
[2020.10.26-10.32.40:676][252]LogPlayLevel: PIE: StaticDuplicateObject took: (0.003698s)
[2020.10.26-10.32.40:677][252]LogAIModule: Creating AISystem for world Lobby
[2020.10.26-10.32.40:677][252]LogAISub: UAISubsystem::UAISubsystem EnvQueryManager (000001D90E85DE00), frame # 4252
[2020.10.26-10.32.40:677][252]LogAISub: UAISubsystem::UAISubsystem AIPerceptionSystem (000001D90E735580), frame # 4252
[2020.10.26-10.32.40:677][252]LogPlayLevel: PIE: World Init took: (0.001063s)
[2020.10.26-10.32.40:677][252]LogPlayLevel: PIE: Created PIE world by copying editor world from /Game/Maps/Lobby/Lobby.Lobby to /Game/Maps/Lobby/UEDPIE_0_Lobby.Lobby (0.004968s)
[2020.10.26-10.32.40:691][252]LogUObjectHash: Compacting FUObjectHashTables data took   0.64ms
[2020.10.26-10.32.40:693][252]LogAudioMixer: Display: Audio Mixer Platform Settings:
[2020.10.26-10.32.40:693][252]LogAudioMixer: Display: 	Sample Rate:						  48000
[2020.10.26-10.32.40:693][252]LogAudioMixer: Display: 	Callback Buffer Frame Size Requested: 1024
[2020.10.26-10.32.40:693][252]LogAudioMixer: Display: 	Callback Buffer Frame Size To Use:	  1024
[2020.10.26-10.32.40:693][252]LogAudioMixer: Display: 	Number of buffers to queue:			  2
[2020.10.26-10.32.40:693][252]LogAudioMixer: Display: 	Max Channels (voices):				  32
[2020.10.26-10.32.40:693][252]LogAudioMixer: Display: 	Number of Async Source Workers:		  0
[2020.10.26-10.32.40:693][252]LogAudio: Display: AudioDevice MaxSources: 32
[2020.10.26-10.32.40:693][252]LogAudio: Display: Using built-in audio occlusion.
[2020.10.26-10.32.40:694][252]LogAudioMixer: Display: Initializing audio mixer.
[2020.10.26-10.32.40:697][252]LogAudioMixer: Display: 0: FrontLeft
[2020.10.26-10.32.40:697][252]LogAudioMixer: Display: 1: FrontRight
[2020.10.26-10.32.40:698][252]LogAudioMixer: Display: 0: FrontLeft
[2020.10.26-10.32.40:698][252]LogAudioMixer: Display: 1: FrontRight
[2020.10.26-10.32.40:700][252]LogAudioMixer: Display: 0: FrontLeft
[2020.10.26-10.32.40:700][252]LogAudioMixer: Display: 1: FrontRight
[2020.10.26-10.32.40:702][252]LogAudioMixer: Display: 0: FrontLeft
[2020.10.26-10.32.40:703][252]LogAudioMixer: Display: 1: FrontRight
[2020.10.26-10.32.40:719][252]LogAudioMixer: Display: Using Audio Device Headphones (2- Rift S)
[2020.10.26-10.32.40:720][252]LogAudioMixer: Display: Initializing Sound Submixes...
[2020.10.26-10.32.40:720][252]LogAudioMixer: Display: Creating Master Submix 'MasterSubmixDefault'
[2020.10.26-10.32.40:720][252]LogAudioMixer: Display: Creating Master Submix 'MasterReverbSubmixDefault'
[2020.10.26-10.32.40:720][252]LogAudioMixer: Display: Creating Master Submix 'MasterEQSubmixDefault'
[2020.10.26-10.32.40:736][252]LogInit: FAudioDevice initialized.
[2020.10.26-10.32.40:746][252]LogSlate: Updating window title bar state: overlay mode, drag disabled, window buttons hidden, title bar hidden
[2020.10.26-10.32.40:797][252]LogLoad: Game class is 'MultiplayerGameMode_C'
[2020.10.26-10.32.40:799][252]LogWorld: Bringing World /Game/Maps/Lobby/UEDPIE_0_Lobby.Lobby up for play (max tick rate 0) at 2020.10.26-11.32.40
[2020.10.26-10.32.40:799][252]LogWorld: Bringing up level for play took: 0.000980
[2020.10.26-10.32.40:799][252]LogOnline: OSS: Creating online subsystem instance for: :Context_4
[2020.10.26-10.32.40:802][252]LogNet: ReplicationDriverClass is null! Not using ReplicationDriver.
[2020.10.26-10.32.40:802][252]LogNetCore: DDoS detection status: detection enabled: 0 analytics enabled: 0
[2020.10.26-10.32.40:802][252]LogInit: WinSock: Socket queue. Rx: 131072 (config 131072) Tx: 131072 (config 131072)
[2020.10.26-10.32.40:802][252]LogNet: Created socket for bind address: 0.0.0.0 on port 17777
[2020.10.26-10.32.40:802][252]PacketHandlerLog: Loaded PacketHandler component: Engine.EngineHandlerComponentFactory (StatelessConnectHandlerComponent)
[2020.10.26-10.32.40:802][252]LogNet: GameNetDriver IpNetDriver_2 IpNetDriver listening on port 17777
[2020.10.26-10.32.40:802][252]LogGameMode: Display: Match State Changed from EnteringMap to WaitingToStart
[2020.10.26-10.32.40:802][252]LogGameState: Match State Changed from EnteringMap to WaitingToStart
[2020.10.26-10.32.40:802][252]LogGameMode: Display: Match State Changed from WaitingToStart to InProgress
[2020.10.26-10.32.40:805][252]LogGameState: Match State Changed from WaitingToStart to InProgress
[2020.10.26-10.32.40:808][252]PIE: Server logged in
[2020.10.26-10.32.40:809][252]PIE: Play in editor total start time 0.284 seconds.
[2020.10.26-10.32.40:810][252]LogAudioMixer: Display: Audio Mixer Platform Settings:
[2020.10.26-10.32.40:810][252]LogAudioMixer: Display: 	Sample Rate:						  48000
[2020.10.26-10.32.40:810][252]LogAudioMixer: Display: 	Callback Buffer Frame Size Requested: 1024
[2020.10.26-10.32.40:810][252]LogAudioMixer: Display: 	Callback Buffer Frame Size To Use:	  1024
[2020.10.26-10.32.40:810][252]LogAudioMixer: Display: 	Number of buffers to queue:			  2
[2020.10.26-10.32.40:810][252]LogAudioMixer: Display: 	Max Channels (voices):				  32
[2020.10.26-10.32.40:810][252]LogAudioMixer: Display: 	Number of Async Source Workers:		  0
[2020.10.26-10.32.40:810][252]LogAudio: Display: AudioDevice MaxSources: 32
[2020.10.26-10.32.40:811][252]LogAudio: Display: Using built-in audio occlusion.
[2020.10.26-10.32.40:811][252]LogAudioMixer: Display: Initializing audio mixer.
[2020.10.26-10.32.40:814][252]LogAudioMixer: Display: 0: FrontLeft
[2020.10.26-10.32.40:814][252]LogAudioMixer: Display: 1: FrontRight
[2020.10.26-10.32.40:816][252]LogAudioMixer: Display: 0: FrontLeft
[2020.10.26-10.32.40:816][252]LogAudioMixer: Display: 1: FrontRight
[2020.10.26-10.32.40:817][252]LogAudioMixer: Display: 0: FrontLeft
[2020.10.26-10.32.40:817][252]LogAudioMixer: Display: 1: FrontRight
[2020.10.26-10.32.40:820][252]LogAudioMixer: Display: 0: FrontLeft
[2020.10.26-10.32.40:820][252]LogAudioMixer: Display: 1: FrontRight
[2020.10.26-10.32.40:834][252]LogAudioMixer: Display: Using Audio Device Headphones (2- Rift S)
[2020.10.26-10.32.40:834][252]LogAudioMixer: Display: Initializing Sound Submixes...
[2020.10.26-10.32.40:834][252]LogAudioMixer: Display: Creating Master Submix 'MasterSubmixDefault'
[2020.10.26-10.32.40:834][252]LogAudioMixer: Display: Creating Master Submix 'MasterReverbSubmixDefault'
[2020.10.26-10.32.40:834][252]LogAudioMixer: Display: Creating Master Submix 'MasterEQSubmixDefault'
[2020.10.26-10.32.40:848][252]LogInit: FAudioDevice initialized.
[2020.10.26-10.32.40:858][252]LogSlate: Updating window title bar state: overlay mode, drag disabled, window buttons hidden, title bar hidden
[2020.10.26-10.32.40:858][252]LogNet: Browse: 127.0.0.1:17777/Game/Maps/MainMap
[2020.10.26-10.32.40:858][252]LogInit: WinSock: Socket queue. Rx: 32768 (config 32768) Tx: 32768 (config 32768)
[2020.10.26-10.32.40:858][252]LogNet: Created socket for bind address: 0.0.0.0 on port 0
[2020.10.26-10.32.40:858][252]PacketHandlerLog: Loaded PacketHandler component: Engine.EngineHandlerComponentFactory (StatelessConnectHandlerComponent)
[2020.10.26-10.32.40:858][252]LogNet: Game client on port 17777, rate 10000
[2020.10.26-10.32.40:862][252]PIE: Client logged in
[2020.10.26-10.32.40:864][252]PIE: Play in editor total start time 0.339 seconds.
[2020.10.26-10.32.40:864][252]LogEngine: Changing dynamic resolution state.
[2020.10.26-10.32.40:875][252]LogRenderer: Warning: Resizing VR buffer to 3296 by 1776
[2020.10.26-10.32.40:875][252]LogRenderer: Reallocating scene render targets to support 3296x1776 Format 10 NumSamples 1 (Frame:1).
[2020.10.26-10.32.40:876][252]LogHMD: Allocating Oculus 3296 x 1776 depth rendertarget swapchain
[2020.10.26-10.32.40:929][255]LogProfilingDebugging: Allocated a 1024 x 1024 texture for HMD canvas layer
[2020.10.26-10.32.41:869][342]LogNet: NotifyAcceptingConnection accepted from: 127.0.0.1:63923
[2020.10.26-10.32.41:869][342]LogHandshake: SendConnectChallenge. Timestamp: 1.370909, Cookie: 150180083221121086112103170114097224005120001197192056104018
[2020.10.26-10.32.41:870][342]LogHandshake: SendChallengeResponse. Timestamp: 1.370909, Cookie: 150180083221121086112103170114097224005120001197192056104018
[2020.10.26-10.32.41:880][343]LogNet: NotifyAcceptingConnection accepted from: 127.0.0.1:63923
[2020.10.26-10.32.41:880][343]LogHandshake: SendChallengeAck. InCookie: 150180083221121086112103170114097224005120001197192056104018
[2020.10.26-10.32.41:880][343]LogNet: Server accepting post-challenge connection from: 127.0.0.1:63923
[2020.10.26-10.32.41:880][343]PacketHandlerLog: Loaded PacketHandler component: Engine.EngineHandlerComponentFactory (StatelessConnectHandlerComponent)
[2020.10.26-10.32.41:880][343]LogNet: NotifyAcceptedConnection: Name: Lobby, TimeStamp: 10/26/20 11:32:41, [UNetConnection] RemoteAddr: 127.0.0.1:63923, Name: IpConnection_3, Driver: GameNetDriver IpNetDriver_2, IsServer: YES, PC: NULL, Owner: NULL, UniqueId: INVALID
[2020.10.26-10.32.41:880][343]LogNet: AddClientConnection: Added client connection: [UNetConnection] RemoteAddr: 127.0.0.1:63923, Name: IpConnection_3, Driver: GameNetDriver IpNetDriver_2, IsServer: YES, PC: NULL, Owner: NULL, UniqueId: INVALID
[2020.10.26-10.32.41:881][343]LogNet: UPendingNetGame::SendInitialJoin: Sending hello. [UNetConnection] RemoteAddr: 127.0.0.1:17777, Name: IpConnection_2, Driver: PendingNetDriver IpNetDriver_3, IsServer: NO, PC: NULL, Owner: NULL, UniqueId: INVALID
[2020.10.26-10.32.41:892][344]LogNet: NotifyAcceptingChannel Control 0 server World /Game/Maps/Lobby/UEDPIE_0_Lobby.Lobby: Accepted
[2020.10.26-10.32.41:892][344]LogNet: Remote platform little endian=1
[2020.10.26-10.32.41:892][344]LogNet: This platform little endian=1
[2020.10.26-10.32.41:893][344]LogOnline: OSS: Creating online subsystem instance for: :Context_5
[2020.10.26-10.32.41:905][345]LogNet: Login request: ?Name=DESKTOP-S32ASB4-4CF6006441FC1BD8C7BEC6A832B09764 userId: NULL:DESKTOP-S32ASB4-4CF6006441FC1BD8C7BEC6A832B09764 platform: NULL
[2020.10.26-10.32.41:906][345]LogNet: Welcomed by server (Level: /Game/Maps/Lobby/UEDPIE_0_Lobby, Game: /Game/Blueprints/GameMode/MultiplayerGameMode.MultiplayerGameMode_C)
[2020.10.26-10.32.41:906][345]LogLoadingSplash: Loading texture for splash rp_manuel_animated_001_dif...
[2020.10.26-10.32.41:906][345]LogLoadingSplash: ...Success. 
[2020.10.26-10.32.41:906][345]LogHMD: FSplash::OnShow
[2020.10.26-10.32.41:906][345]LogLoad: LoadMap: 127.0.0.1:17777/Game/Maps/Lobby/UEDPIE_0_Lobby?game=/Game/Blueprints/GameMode/MultiplayerGameMode.MultiplayerGameMode_C
[2020.10.26-10.32.41:906][345]LogWorld: BeginTearingDown for /Temp/Untitled_2
[2020.10.26-10.32.41:906][345]LogWorld: UWorld::CleanupWorld for Untitled, bSessionEnded=true, bCleanupResources=true
[2020.10.26-10.32.41:906][345]LogSlate: InvalidateAllWidgets triggered.  All widgets were invalidated
