Log file open, 10/19/20 11:26:35
LogInit: Display: Running engine for game: UnrealVR
LogPlatformFile: Not using cached read wrapper
LogTaskGraph: Started task graph with 5 named threads and 47 total threads with 3 sets of task threads.
LogStats: Stats thread started at 0.164843
LogD3D11RHI: Loaded GFSDK_Aftermath_Lib.x64.dll
LogICUInternationalization: ICU TimeZone Detection - Raw Offset: +1:00, Platform Override: ''
LogPluginManager: Mounting plugin Paper2D
LogPluginManager: Mounting plugin AISupport
LogPluginManager: Mounting plugin LightPropagationVolume
LogPluginManager: Mounting plugin CameraShakePreviewer
LogPluginManager: Mounting plugin ActorLayerUtilities
LogPluginManager: Mounting plugin AnimationSharing
LogPluginManager: Mounting plugin CLionSourceCodeAccess
LogPluginManager: Mounting plugin CodeLiteSourceCodeAccess
LogPluginManager: Mounting plugin GitSourceControl
LogPluginManager: Mounting plugin KDevelopSourceCodeAccess
LogPluginManager: Mounting plugin NullSourceCodeAccess
LogPluginManager: Mounting plugin PerforceSourceControl
LogPluginManager: Mounting plugin PlasticSourceControl
LogPluginManager: Mounting plugin RiderSourceCodeAccess
LogPluginManager: Mounting plugin SubversionSourceControl
LogPluginManager: Mounting plugin UObjectPlugin
LogPluginManager: Mounting plugin VisualStudioCodeSourceCodeAccess
LogPluginManager: Mounting plugin VisualStudioSourceCodeAccess
LogPluginManager: Mounting plugin XCodeSourceCodeAccess
LogPluginManager: Mounting plugin AssetManagerEditor
LogPluginManager: Mounting plugin CryptoKeys
LogPluginManager: Mounting plugin CurveEditorTools
LogPluginManager: Mounting plugin DataValidation
LogPluginManager: Mounting plugin EditorScriptingUtilities
LogPluginManager: Mounting plugin FacialAnimation
LogPluginManager: Mounting plugin GameplayTagsEditor
LogPluginManager: Mounting plugin GeometryMode
LogPluginManager: Mounting plugin MacGraphicsSwitching
LogPluginManager: Mounting plugin MaterialAnalyzer
LogPluginManager: Mounting plugin MobileLauncherProfileWizard
LogPluginManager: Mounting plugin PluginBrowser
LogPluginManager: Mounting plugin SpeedTreeImporter
LogPluginManager: Mounting plugin DatasmithContent
LogPluginManager: Mounting plugin VariantManagerContent
LogPluginManager: Mounting plugin AlembicImporter
LogPluginManager: Mounting plugin AutomationUtils
LogPluginManager: Mounting plugin BackChannel
LogPluginManager: Mounting plugin ChaosCloth
LogPluginManager: Mounting plugin ChaosClothEditor
LogPluginManager: Mounting plugin ChaosEditor
LogPluginManager: Mounting plugin ChaosNiagara
LogPluginManager: Mounting plugin ChaosSolverPlugin
LogPluginManager: Mounting plugin CharacterAI
LogPluginManager: Mounting plugin GeometryCache
LogPluginManager: Mounting plugin GeometryCollectionPlugin
LogPluginManager: Mounting plugin GeometryProcessing
LogPluginManager: Mounting plugin PlanarCut
LogPluginManager: Mounting plugin PlatformCrypto
LogPluginManager: Mounting plugin ProxyLODPlugin
LogPluginManager: Mounting plugin SkeletalReduction
LogPluginManager: Mounting plugin Niagara
LogPluginManager: Mounting plugin MagicLeap
LogPluginManager: Mounting plugin MagicLeapLightEstimation
LogPluginManager: Mounting plugin MagicLeapMedia
LogPluginManager: Mounting plugin MagicLeapPassableWorld
LogPluginManager: Mounting plugin MLSDK
LogPluginManager: Mounting plugin UIWS
LogPluginManager: Mounting plugin AndroidMedia
LogPluginManager: Mounting plugin AvfMedia
LogPluginManager: Mounting plugin ImgMedia
LogPluginManager: Mounting plugin MediaCompositing
LogPluginManager: Mounting plugin MediaPlayerEditor
LogPluginManager: Mounting plugin WebMMedia
LogPluginManager: Mounting plugin WmfMedia
LogPluginManager: Mounting plugin MeshPainting
LogPluginManager: Mounting plugin TcpMessaging
LogPluginManager: Mounting plugin UdpMessaging
LogPluginManager: Mounting plugin ActorSequence
LogPluginManager: Mounting plugin LevelSequenceEditor
LogPluginManager: Mounting plugin MatineeToLevelSequence
LogPluginManager: Mounting plugin MovieRenderPipeline
LogPluginManager: Mounting plugin TemplateSequence
LogPluginManager: Mounting plugin NetcodeUnitTest
LogPluginManager: Mounting plugin NUTUnrealEngine4
LogPluginManager: Mounting plugin OnlineSubsystemGooglePlay
LogPluginManager: Mounting plugin OnlineSubsystemIOS
LogPluginManager: Mounting plugin OnlineSubsystem
LogPluginManager: Mounting plugin OnlineSubsystemNull
LogPluginManager: Mounting plugin OnlineSubsystemUtils
LogPluginManager: Mounting plugin LauncherChunkInstaller
LogPluginManager: Mounting plugin AndroidDeviceProfileSelector
LogPluginManager: Mounting plugin AndroidMoviePlayer
LogPluginManager: Mounting plugin AndroidPermission
LogPluginManager: Mounting plugin AppleImageUtils
LogPluginManager: Mounting plugin AppleMoviePlayer
LogPluginManager: Mounting plugin ArchVisCharacter
LogPluginManager: Mounting plugin AssetTags
LogPluginManager: Mounting plugin AudioCapture
LogPluginManager: Mounting plugin CableComponent
LogPluginManager: Mounting plugin CustomMeshComponent
LogPluginManager: Mounting plugin EditableMesh
LogPluginManager: Mounting plugin ExampleDeviceProfileSelector
LogPluginManager: Mounting plugin GoogleCloudMessaging
LogPluginManager: Mounting plugin GooglePAD
LogPluginManager: Mounting plugin IOSDeviceProfileSelector
LogPluginManager: Mounting plugin LinuxDeviceProfileSelector
LogPluginManager: Mounting plugin LocationServicesBPLibrary
LogPluginManager: Mounting plugin MobilePatchingUtils
LogPluginManager: Mounting plugin OculusVR
LogPluginManager: Mounting plugin PhysXVehicles
LogPluginManager: Mounting plugin PostSplashScreen
LogPluginManager: Mounting plugin ProceduralMeshComponent
LogPluginManager: Mounting plugin RuntimePhysXCooking
LogPluginManager: Mounting plugin SignificanceManager
LogPluginManager: Mounting plugin SoundFields
LogPluginManager: Mounting plugin SteamVR
LogPluginManager: Mounting plugin Synthesis
LogPluginManager: Mounting plugin WebMMoviePlayer
LogPluginManager: Mounting plugin WindowsMoviePlayer
LogPluginManager: Mounting plugin ScreenshotTools
LogInit: Using libcurl 7.55.1-DEV
LogInit:  - built for x86_64-pc-win32
LogInit:  - supports SSL with OpenSSL/1.1.1
LogInit:  - supports HTTP deflate (compression) using libz 1.2.8
LogInit:  - other features:
LogInit:      CURL_VERSION_SSL
LogInit:      CURL_VERSION_LIBZ
LogInit:      CURL_VERSION_IPV6
LogInit:      CURL_VERSION_ASYNCHDNS
LogInit:      CURL_VERSION_LARGEFILE
LogInit:      CURL_VERSION_IDN
LogInit:  CurlRequestOptions (configurable via config and command line):
LogInit:  - bVerifyPeer = true  - Libcurl will verify peer certificate
LogInit:  - bUseHttpProxy = false  - Libcurl will NOT use HTTP proxy
LogInit:  - bDontReuseConnections = false  - Libcurl will reuse connections
LogInit:  - MaxHostConnections = 16  - Libcurl will limit the number of connections to a host
LogInit:  - LocalHostAddr = Default
LogInit:  - BufferSize = 65536
LogOnline: OSS: Creating online subsystem instance for: NULL
LogInit: WinSock: version 1.1 (2.2), MaxSocks=32767, MaxUdp=65467
LogOnline: OSS: TryLoadSubsystemAndSetDefault: Loaded subsystem for module [NULL]
LogOculusPluginWrapper: OculusPlugin initialized successfully
LogInit: Build: ++UE4+Release-4.25-CL-13942748
LogInit: Engine Version: 4.25.3-13942748+++UE4+Release-4.25
LogInit: Compatible Engine Version: 4.25.0-13144385+++UE4+Release-4.25
LogInit: Net CL: 13144385
LogInit: OS: Windows 10 (Release 2004) (), CPU: Intel(R) Core(TM) i7-7820X CPU @ 3.60GHz, GPU: NVIDIA GeForce RTX 2080 Ti
LogInit: Compiled (64-bit): Jul 25 2020 02:07:48
LogInit: Compiled with Visual C++: 19.24.28315.00
LogInit: Build Configuration: Development
LogInit: Branch Name: ++UE4+Release-4.25
LogInit: Command Line:  -EpicPortal -epicusername=Rimeh_ -epicuserid=3620de3b46744791bae9bb86c3c88c80 -epiclocale=en
LogInit: Base Directory: C:/Program Files/Epic Games/UE_4.25/Engine/Binaries/Win64/
LogInit: Allocator: TBB
LogInit: Installed Engine Build: 1
LogDevObjectVersion: Number of dev versions registered: 26
LogDevObjectVersion:   Dev-Blueprints (B0D832E4-1F89-4F0D-ACCF-7EB736FD4AA2): 10
LogDevObjectVersion:   Dev-Build (E1C64328-A22C-4D53-A36C-8E866417BD8C): 0
LogDevObjectVersion:   Dev-Core (375EC13C-06E4-48FB-B500-84F0262A717E): 4
LogDevObjectVersion:   Dev-Editor (E4B068ED-F494-42E9-A231-DA0B2E46BB41): 38
LogDevObjectVersion:   Dev-Framework (CFFC743F-43B0-4480-9391-14DF171D2073): 37
LogDevObjectVersion:   Dev-Mobile (B02B49B5-BB20-44E9-A304-32B752E40360): 2
LogDevObjectVersion:   Dev-Networking (A4E4105C-59A1-49B5-A7C5-40C4547EDFEE): 0
LogDevObjectVersion:   Dev-Online (39C831C9-5AE6-47DC-9A44-9C173E1C8E7C): 0
LogDevObjectVersion:   Dev-Physics (78F01B33-EBEA-4F98-B9B4-84EACCB95AA2): 4
LogDevObjectVersion:   Dev-Platform (6631380F-2D4D-43E0-8009-CF276956A95A): 0
LogDevObjectVersion:   Dev-Rendering (12F88B9F-8875-4AFC-A67C-D90C383ABD29): 43
LogDevObjectVersion:   Dev-Sequencer (7B5AE74C-D270-4C10-A958-57980B212A5A): 12
LogDevObjectVersion:   Dev-VR (D7296918-1DD6-4BDD-9DE2-64A83CC13884): 3
LogDevObjectVersion:   Dev-LoadTimes (C2A15278-BFE7-4AFE-6C17-90FF531DF755): 1
LogDevObjectVersion:   Private-Geometry (6EACA3D4-40EC-4CC1-B786-8BED09428FC5): 3
LogDevObjectVersion:   Dev-AnimPhys (29E575DD-E0A3-4627-9D10-D276232CDCEA): 17
LogDevObjectVersion:   Dev-Anim (AF43A65D-7FD3-4947-9873-3E8ED9C1BB05): 7
LogDevObjectVersion:   Dev-ReflectionCapture (6B266CEC-1EC7-4B8F-A30B-E4D90942FC07): 1
LogDevObjectVersion:   Dev-Automation (0DF73D61-A23F-47EA-B727-89E90C41499A): 1
LogDevObjectVersion:   FortniteMain (601D1886-AC64-4F84-AA16-D3DE0DEAC7D6): 31
LogDevObjectVersion:   Dev-Enterprise (9DFFBCD6-494F-0158-E221-12823C92A888): 10
LogDevObjectVersion:   Dev-Niagara (F2AED0AC-9AFE-416F-8664-AA7FFA26D6FC): 1
LogDevObjectVersion:   Dev-Destruction (174F1F0B-B4C6-45A5-B13F-2EE8D0FB917D): 10
LogDevObjectVersion:   Dev-Physics-Ext (35F94A83-E258-406C-A318-09F59610247C): 37
LogDevObjectVersion:   Dev-PhysicsMaterial-Chaos (B68FC16E-8B1B-42E2-B453-215C058844FE): 1
LogDevObjectVersion:   Dev-CineCamera (B2E18506-4273-CFC2-A54E-F4BB758BBA07): 1
LogInit: Presizing for max 25165824 objects, including 0 objects not considered by GC, pre-allocating 0 bytes for permanent pool.
LogConfig: Applying CVar settings from Section [/Script/Engine.StreamingSettings] File [C:/Users/Student 2020/Documents/VRLivePerformance/UnrealVRLivePerformance/UnrealVR/Saved/Config/Windows/Engine.ini]
LogConfig: Setting CVar [[s.MinBulkDataSizeForAsyncLoading:131072]]
LogConfig: Setting CVar [[s.AsyncLoadingThreadEnabled:0]]
LogConfig: Setting CVar [[s.EventDrivenLoaderEnabled:1]]
LogConfig: Setting CVar [[s.WarnIfTimeLimitExceeded:0]]
LogConfig: Setting CVar [[s.TimeLimitExceededMultiplier:1.5]]
LogConfig: Setting CVar [[s.TimeLimitExceededMinTime:0.005]]
LogConfig: Setting CVar [[s.UseBackgroundLevelStreaming:1]]
LogConfig: Setting CVar [[s.PriorityAsyncLoadingExtraTime:15.0]]
LogConfig: Setting CVar [[s.LevelStreamingActorsUpdateTimeLimit:5.0]]
LogConfig: Setting CVar [[s.PriorityLevelStreamingActorsUpdateExtraTime:5.0]]
LogConfig: Setting CVar [[s.LevelStreamingComponentsRegistrationGranularity:10]]
LogConfig: Setting CVar [[s.UnregisterComponentsTimeLimit:1.0]]
LogConfig: Setting CVar [[s.LevelStreamingComponentsUnregistrationGranularity:5]]
LogConfig: Setting CVar [[s.FlushStreamingOnExit:1]]
LogInit: Object subsystem initialized
LogConfig: Setting CVar [[con.DebugEarlyDefault:1]]
LogConfig: Setting CVar [[r.setres:1280x720]]
[2020.10.19-09.26.35:545][  0]LogConfig: Setting CVar [[r.VSync:0]]
[2020.10.19-09.26.35:545][  0]LogConfig: Setting CVar [[r.RHICmdBypass:0]]
[2020.10.19-09.26.35:545][  0]LogConfig: Applying CVar settings from Section [/Script/Engine.RendererSettings] File [C:/Users/Student 2020/Documents/VRLivePerformance/UnrealVRLivePerformance/UnrealVR/Saved/Config/Windows/Engine.ini]
[2020.10.19-09.26.35:545][  0]LogConfig: Setting CVar [[r.GPUCrashDebugging:0]]
[2020.10.19-09.26.35:545][  0]LogConfig: Applying CVar settings from Section [/Script/Engine.RendererOverrideSettings] File [C:/Users/Student 2020/Documents/VRLivePerformance/UnrealVRLivePerformance/UnrealVR/Saved/Config/Windows/Engine.ini]
[2020.10.19-09.26.35:545][  0]LogConfig: Applying CVar settings from Section [/Script/Engine.StreamingSettings] File [C:/Users/Student 2020/Documents/VRLivePerformance/UnrealVRLivePerformance/UnrealVR/Saved/Config/Windows/Engine.ini]
[2020.10.19-09.26.35:545][  0]LogConfig: Setting CVar [[s.MinBulkDataSizeForAsyncLoading:131072]]
[2020.10.19-09.26.35:545][  0]LogConfig: Setting CVar [[s.AsyncLoadingThreadEnabled:0]]
[2020.10.19-09.26.35:545][  0]LogConfig: Setting CVar [[s.EventDrivenLoaderEnabled:1]]
[2020.10.19-09.26.35:545][  0]LogConfig: Setting CVar [[s.WarnIfTimeLimitExceeded:0]]
[2020.10.19-09.26.35:545][  0]LogConfig: Setting CVar [[s.TimeLimitExceededMultiplier:1.5]]
[2020.10.19-09.26.35:545][  0]LogConfig: Setting CVar [[s.TimeLimitExceededMinTime:0.005]]
[2020.10.19-09.26.35:545][  0]LogConfig: Setting CVar [[s.UseBackgroundLevelStreaming:1]]
[2020.10.19-09.26.35:545][  0]LogConfig: Setting CVar [[s.PriorityAsyncLoadingExtraTime:15.0]]
[2020.10.19-09.26.35:545][  0]LogConfig: Setting CVar [[s.LevelStreamingActorsUpdateTimeLimit:5.0]]
[2020.10.19-09.26.35:545][  0]LogConfig: Setting CVar [[s.PriorityLevelStreamingActorsUpdateExtraTime:5.0]]
[2020.10.19-09.26.35:545][  0]LogConfig: Setting CVar [[s.LevelStreamingComponentsRegistrationGranularity:10]]
[2020.10.19-09.26.35:545][  0]LogConfig: Setting CVar [[s.UnregisterComponentsTimeLimit:1.0]]
[2020.10.19-09.26.35:545][  0]LogConfig: Setting CVar [[s.LevelStreamingComponentsUnregistrationGranularity:5]]
[2020.10.19-09.26.35:545][  0]LogConfig: Setting CVar [[s.FlushStreamingOnExit:1]]
[2020.10.19-09.26.35:545][  0]LogConfig: Applying CVar settings from Section [/Script/Engine.GarbageCollectionSettings] File [C:/Users/Student 2020/Documents/VRLivePerformance/UnrealVRLivePerformance/UnrealVR/Saved/Config/Windows/Engine.ini]
[2020.10.19-09.26.35:545][  0]LogConfig: Setting CVar [[gc.MaxObjectsNotConsideredByGC:1]]
[2020.10.19-09.26.35:545][  0]LogConfig: Setting CVar [[gc.SizeOfPermanentObjectPool:0]]
[2020.10.19-09.26.35:545][  0]LogConfig: Setting CVar [[gc.FlushStreamingOnGC:0]]
[2020.10.19-09.26.35:545][  0]LogConfig: Setting CVar [[gc.NumRetriesBeforeForcingGC:10]]
[2020.10.19-09.26.35:546][  0]LogConfig: Setting CVar [[gc.AllowParallelGC:1]]
[2020.10.19-09.26.35:546][  0]LogConfig: Setting CVar [[gc.TimeBetweenPurgingPendingKillObjects:61.1]]
[2020.10.19-09.26.35:546][  0]LogConfig: Setting CVar [[gc.MaxObjectsInEditor:25165824]]
[2020.10.19-09.26.35:546][  0]LogConfig: Setting CVar [[gc.IncrementalBeginDestroyEnabled:1]]
[2020.10.19-09.26.35:546][  0]LogConfig: Setting CVar [[gc.CreateGCClusters:1]]
[2020.10.19-09.26.35:546][  0]LogConfig: Setting CVar [[gc.MinGCClusterSize:5]]
[2020.10.19-09.26.35:546][  0]LogConfig: Setting CVar [[gc.ActorClusteringEnabled:0]]
[2020.10.19-09.26.35:546][  0]LogConfig: Setting CVar [[gc.BlueprintClusteringEnabled:0]]
[2020.10.19-09.26.35:546][  0]LogConfig: Setting CVar [[gc.UseDisregardForGCOnDedicatedServers:0]]
[2020.10.19-09.26.35:546][  0]LogConfig: Applying CVar settings from Section [/Script/Engine.NetworkSettings] File [C:/Users/Student 2020/Documents/VRLivePerformance/UnrealVRLivePerformance/UnrealVR/Saved/Config/Windows/Engine.ini]
[2020.10.19-09.26.35:546][  0]LogConfig: Applying CVar settings from Section [/Script/UnrealEd.CookerSettings] File [C:/Users/Student 2020/Documents/VRLivePerformance/UnrealVRLivePerformance/UnrealVR/Saved/Config/Windows/Engine.ini]
[2020.10.19-09.26.35:549][  0]LogConfig: Applying CVar settings from Section [ViewDistanceQuality@3] File [C:/Users/Student 2020/Documents/VRLivePerformance/UnrealVRLivePerformance/UnrealVR/Saved/Config/Windows/Scalability.ini]
[2020.10.19-09.26.35:549][  0]LogConfig: Setting CVar [[r.SkeletalMeshLODBias:0]]
[2020.10.19-09.26.35:549][  0]LogConfig: Setting CVar [[r.ViewDistanceScale:1.0]]
[2020.10.19-09.26.35:549][  0]LogConfig: Applying CVar settings from Section [AntiAliasingQuality@3] File [C:/Users/Student 2020/Documents/VRLivePerformance/UnrealVRLivePerformance/UnrealVR/Saved/Config/Windows/Scalability.ini]
[2020.10.19-09.26.35:549][  0]LogConfig: Setting CVar [[r.PostProcessAAQuality:4]]
[2020.10.19-09.26.35:549][  0]LogConfig: Applying CVar settings from Section [ShadowQuality@3] File [C:/Users/Student 2020/Documents/VRLivePerformance/UnrealVRLivePerformance/UnrealVR/Saved/Config/Windows/Scalability.ini]
[2020.10.19-09.26.35:549][  0]LogConfig: Setting CVar [[r.LightFunctionQuality:1]]
[2020.10.19-09.26.35:549][  0]LogConfig: Setting CVar [[r.ShadowQuality:5]]
[2020.10.19-09.26.35:549][  0]LogConfig: Setting CVar [[r.Shadow.CSM.MaxCascades:10]]
[2020.10.19-09.26.35:549][  0]LogConfig: Setting CVar [[r.Shadow.MaxResolution:2048]]
[2020.10.19-09.26.35:549][  0]LogConfig: Setting CVar [[r.Shadow.MaxCSMResolution:2048]]
[2020.10.19-09.26.35:549][  0]LogConfig: Setting CVar [[r.Shadow.RadiusThreshold:0.01]]
[2020.10.19-09.26.35:549][  0]LogConfig: Setting CVar [[r.Shadow.DistanceScale:1.0]]
[2020.10.19-09.26.35:549][  0]LogConfig: Setting CVar [[r.Shadow.CSM.TransitionScale:1.0]]
[2020.10.19-09.26.35:549][  0]LogConfig: Setting CVar [[r.Shadow.PreShadowResolutionFactor:1.0]]
[2020.10.19-09.26.35:549][  0]LogConfig: Setting CVar [[r.DistanceFieldShadowing:1]]
[2020.10.19-09.26.35:549][  0]LogConfig: Setting CVar [[r.DistanceFieldAO:1]]
[2020.10.19-09.26.35:549][  0]LogConfig: Setting CVar [[r.AOQuality:2]]
[2020.10.19-09.26.35:549][  0]LogConfig: Setting CVar [[r.VolumetricFog:1]]
[2020.10.19-09.26.35:549][  0]LogConfig: Setting CVar [[r.VolumetricFog.GridPixelSize:8]]
[2020.10.19-09.26.35:549][  0]LogConfig: Setting CVar [[r.VolumetricFog.GridSizeZ:128]]
[2020.10.19-09.26.35:549][  0]LogConfig: Setting CVar [[r.VolumetricFog.HistoryMissSupersampleCount:4]]
[2020.10.19-09.26.35:549][  0]LogConfig: Setting CVar [[r.LightMaxDrawDistanceScale:1]]
[2020.10.19-09.26.35:549][  0]LogConfig: Setting CVar [[r.CapsuleShadows:1]]
[2020.10.19-09.26.35:549][  0]LogConfig: Applying CVar settings from Section [PostProcessQuality@3] File [C:/Users/Student 2020/Documents/VRLivePerformance/UnrealVRLivePerformance/UnrealVR/Saved/Config/Windows/Scalability.ini]
[2020.10.19-09.26.35:549][  0]LogConfig: Setting CVar [[r.MotionBlurQuality:4]]
[2020.10.19-09.26.35:549][  0]LogConfig: Setting CVar [[r.AmbientOcclusionMipLevelFactor:0.4]]
[2020.10.19-09.26.35:549][  0]LogConfig: Setting CVar [[r.AmbientOcclusionMaxQuality:100]]
[2020.10.19-09.26.35:549][  0]LogConfig: Setting CVar [[r.AmbientOcclusionLevels:-1]]
[2020.10.19-09.26.35:549][  0]LogConfig: Setting CVar [[r.AmbientOcclusionRadiusScale:1.0]]
[2020.10.19-09.26.35:549][  0]LogConfig: Setting CVar [[r.DepthOfFieldQuality:2]]
[2020.10.19-09.26.35:549][  0]LogConfig: Setting CVar [[r.RenderTargetPoolMin:400]]
[2020.10.19-09.26.35:549][  0]LogConfig: Setting CVar [[r.LensFlareQuality:2]]
[2020.10.19-09.26.35:549][  0]LogConfig: Setting CVar [[r.SceneColorFringeQuality:1]]
[2020.10.19-09.26.35:549][  0]LogConfig: Setting CVar [[r.EyeAdaptationQuality:2]]
[2020.10.19-09.26.35:549][  0]LogConfig: Setting CVar [[r.BloomQuality:5]]
[2020.10.19-09.26.35:549][  0]LogConfig: Setting CVar [[r.FastBlurThreshold:100]]
[2020.10.19-09.26.35:549][  0]LogConfig: Setting CVar [[r.Upscale.Quality:3]]
[2020.10.19-09.26.35:549][  0]LogConfig: Setting CVar [[r.Tonemapper.GrainQuantization:1]]
[2020.10.19-09.26.35:549][  0]LogConfig: Setting CVar [[r.LightShaftQuality:1]]
[2020.10.19-09.26.35:549][  0]LogConfig: Setting CVar [[r.Filter.SizeScale:1]]
[2020.10.19-09.26.35:549][  0]LogConfig: Setting CVar [[r.Tonemapper.Quality:5]]
[2020.10.19-09.26.35:550][  0]LogConfig: Setting CVar [[r.DOF.Gather.AccumulatorQuality:1        ; higher gathering accumulator quality]]
[2020.10.19-09.26.35:550][  0]LogConfig: Setting CVar [[r.DOF.Gather.PostfilterMethod:1          ; Median3x3 postfilering method]]
[2020.10.19-09.26.35:550][  0]LogConfig: Setting CVar [[r.DOF.Gather.EnableBokehSettings:0       ; no bokeh simulation when gathering]]
[2020.10.19-09.26.35:550][  0]LogConfig: Setting CVar [[r.DOF.Gather.RingCount:4                 ; medium number of samples when gathering]]
[2020.10.19-09.26.35:550][  0]LogConfig: Setting CVar [[r.DOF.Scatter.ForegroundCompositing:1    ; additive foreground scattering]]
[2020.10.19-09.26.35:550][  0]LogConfig: Setting CVar [[r.DOF.Scatter.BackgroundCompositing:2    ; additive background scattering]]
[2020.10.19-09.26.35:550][  0]LogConfig: Setting CVar [[r.DOF.Scatter.EnableBokehSettings:1      ; bokeh simulation when scattering]]
[2020.10.19-09.26.35:550][  0]LogConfig: Setting CVar [[r.DOF.Scatter.MaxSpriteRatio:0.1         ; only a maximum of 10% of scattered bokeh]]
[2020.10.19-09.26.35:550][  0]LogConfig: Setting CVar [[r.DOF.Recombine.Quality:1                ; cheap slight out of focus]]
[2020.10.19-09.26.35:550][  0]LogConfig: Setting CVar [[r.DOF.Recombine.EnableBokehSettings:0    ; no bokeh simulation on slight out of focus]]
[2020.10.19-09.26.35:550][  0]LogConfig: Setting CVar [[r.DOF.TemporalAAQuality:1                ; more stable temporal accumulation]]
[2020.10.19-09.26.35:550][  0]LogConfig: Setting CVar [[r.DOF.Kernel.MaxForegroundRadius:0.025]]
[2020.10.19-09.26.35:550][  0]LogConfig: Setting CVar [[r.DOF.Kernel.MaxBackgroundRadius:0.025]]
[2020.10.19-09.26.35:550][  0]LogConfig: Applying CVar settings from Section [TextureQuality@3] File [C:/Users/Student 2020/Documents/VRLivePerformance/UnrealVRLivePerformance/UnrealVR/Saved/Config/Windows/Scalability.ini]
[2020.10.19-09.26.35:550][  0]LogConfig: Setting CVar [[r.Streaming.MipBias:0]]
[2020.10.19-09.26.35:550][  0]LogConfig: Setting CVar [[r.Streaming.AmortizeCPUToGPUCopy:0]]
[2020.10.19-09.26.35:550][  0]LogConfig: Setting CVar [[r.Streaming.MaxNumTexturesToStreamPerFrame:0]]
[2020.10.19-09.26.35:550][  0]LogConfig: Setting CVar [[r.Streaming.Boost:1]]
[2020.10.19-09.26.35:550][  0]LogConfig: Setting CVar [[r.MaxAnisotropy:8]]
[2020.10.19-09.26.35:550][  0]LogConfig: Setting CVar [[r.VT.MaxAnisotropy:8]]
[2020.10.19-09.26.35:550][  0]LogConfig: Setting CVar [[r.Streaming.LimitPoolSizeToVRAM:0]]
[2020.10.19-09.26.35:550][  0]LogConfig: Setting CVar [[r.Streaming.PoolSize:1000]]
[2020.10.19-09.26.35:550][  0]LogConfig: Setting CVar [[r.Streaming.MaxEffectiveScreenSize:0]]
[2020.10.19-09.26.35:550][  0]LogConfig: Applying CVar settings from Section [EffectsQuality@3] File [C:/Users/Student 2020/Documents/VRLivePerformance/UnrealVRLivePerformance/UnrealVR/Saved/Config/Windows/Scalability.ini]
[2020.10.19-09.26.35:550][  0]LogConfig: Setting CVar [[r.TranslucencyLightingVolumeDim:64]]
[2020.10.19-09.26.35:550][  0]LogConfig: Setting CVar [[r.RefractionQuality:2]]
[2020.10.19-09.26.35:550][  0]LogConfig: Setting CVar [[r.SSR.Quality:3]]
[2020.10.19-09.26.35:550][  0]LogConfig: Setting CVar [[r.SSR.HalfResSceneColor:0]]
[2020.10.19-09.26.35:550][  0]LogConfig: Setting CVar [[r.SceneColorFormat:4]]
[2020.10.19-09.26.35:550][  0]LogConfig: Setting CVar [[r.DetailMode:2]]
[2020.10.19-09.26.35:550][  0]LogConfig: Setting CVar [[r.TranslucencyVolumeBlur:1]]
[2020.10.19-09.26.35:550][  0]LogConfig: Setting CVar [[r.MaterialQualityLevel:1 ; High quality]]
[2020.10.19-09.26.35:550][  0]LogConfig: Setting CVar [[r.SSS.Scale:1]]
[2020.10.19-09.26.35:550][  0]LogConfig: Setting CVar [[r.SSS.SampleSet:2]]
[2020.10.19-09.26.35:550][  0]LogConfig: Setting CVar [[r.SSS.Quality:1]]
[2020.10.19-09.26.35:550][  0]LogConfig: Setting CVar [[r.SSS.HalfRes:0]]
[2020.10.19-09.26.35:550][  0]LogConfig: Setting CVar [[r.SSGI.Quality:3]]
[2020.10.19-09.26.35:550][  0]LogConfig: Setting CVar [[r.EmitterSpawnRateScale:1.0]]
[2020.10.19-09.26.35:550][  0]LogConfig: Setting CVar [[r.ParticleLightQuality:2]]
[2020.10.19-09.26.35:550][  0]LogConfig: Setting CVar [[r.SkyAtmosphere.AerialPerspectiveLUT.FastApplyOnOpaque:1 ; Always have FastSkyLUT 1 in this case to avoid wrong sky]]
[2020.10.19-09.26.35:550][  0]LogConfig: Setting CVar [[r.SkyAtmosphere.AerialPerspectiveLUT.SampleCountPerSlice:1]]
[2020.10.19-09.26.35:550][  0]LogConfig: Setting CVar [[r.SkyAtmosphere.AerialPerspectiveLUT.DepthResolution:16.0]]
[2020.10.19-09.26.35:550][  0]LogConfig: Setting CVar [[r.SkyAtmosphere.FastSkyLUT:1]]
[2020.10.19-09.26.35:550][  0]LogConfig: Setting CVar [[r.SkyAtmosphere.FastSkyLUT.SampleCountMin:4.0]]
[2020.10.19-09.26.35:550][  0]LogConfig: Setting CVar [[r.SkyAtmosphere.FastSkyLUT.SampleCountMax:32.0]]
[2020.10.19-09.26.35:550][  0]LogConfig: Setting CVar [[r.SkyAtmosphere.SampleCountMin:4.0]]
[2020.10.19-09.26.35:550][  0]LogConfig: Setting CVar [[r.SkyAtmosphere.SampleCountMax:32.0]]
[2020.10.19-09.26.35:550][  0]LogConfig: Setting CVar [[r.SkyAtmosphere.TransmittanceLUT.UseSmallFormat:0]]
[2020.10.19-09.26.35:550][  0]LogConfig: Setting CVar [[r.SkyAtmosphere.TransmittanceLUT.SampleCount:10.0]]
[2020.10.19-09.26.35:550][  0]LogConfig: Setting CVar [[r.SkyAtmosphere.MultiScatteringLUT.SampleCount:15.0]]
[2020.10.19-09.26.35:550][  0]LogConfig: Applying CVar settings from Section [FoliageQuality@3] File [C:/Users/Student 2020/Documents/VRLivePerformance/UnrealVRLivePerformance/UnrealVR/Saved/Config/Windows/Scalability.ini]
[2020.10.19-09.26.35:550][  0]LogConfig: Setting CVar [[foliage.DensityScale:1.0]]
[2020.10.19-09.26.35:550][  0]LogConfig: Setting CVar [[grass.DensityScale:1.0]]
[2020.10.19-09.26.35:550][  0]LogConfig: Applying CVar settings from Section [ShadingQuality@3] File [C:/Users/Student 2020/Documents/VRLivePerformance/UnrealVRLivePerformance/UnrealVR/Saved/Config/Windows/Scalability.ini]
[2020.10.19-09.26.35:550][  0]LogConfig: Setting CVar [[r.HairStrands.SkyLighting.SampleCount:16]]
[2020.10.19-09.26.35:550][  0]LogConfig: Setting CVar [[r.HairStrands.SkyLighting.JitterIntegration:0]]
[2020.10.19-09.26.35:550][  0]LogConfig: Setting CVar [[r.HairStrands.SkyAO.SampleCount:16]]
[2020.10.19-09.26.35:550][  0]LogConfig: Setting CVar [[r.HairStrands.DeepShadow.SuperSampling:0]]
[2020.10.19-09.26.35:550][  0]LogConfig: Setting CVar [[r.HairStrands.VisibilityPPLL:0]]
[2020.10.19-09.26.35:550][  0]LogConfig: Setting CVar [[r.HairStrands.RasterizationScale:0.5]]
[2020.10.19-09.26.35:550][  0]LogConfig: Setting CVar [[r.HairStrands.VelocityRasterizationScale:1]]
[2020.10.19-09.26.35:550][  0]LogInit: Selected Device Profile: [Windows]
[2020.10.19-09.26.35:550][  0]LogInit: Applying CVar settings loaded from the selected device profile: [Windows]
[2020.10.19-09.26.35:550][  0]LogHAL: Display: Platform has ~ 64 GB [68423581696 / 68719476736 / 64], which maps to Largest [LargestMinGB=32, LargerMinGB=12, DefaultMinGB=8, SmallerMinGB=6, SmallestMinGB=0)
[2020.10.19-09.26.35:550][  0]LogInit: Going up to parent DeviceProfile []
[2020.10.19-09.26.35:550][  0]LogConfig: Applying CVar settings from Section [ViewDistanceQuality@3] File [C:/Users/Student 2020/Documents/VRLivePerformance/UnrealVRLivePerformance/UnrealVR/Saved/Config/Windows/Scalability.ini]
[2020.10.19-09.26.35:550][  0]LogConfig: Setting CVar [[r.SkeletalMeshLODBias:0]]
[2020.10.19-09.26.35:550][  0]LogConfig: Setting CVar [[r.ViewDistanceScale:1.0]]
[2020.10.19-09.26.35:550][  0]LogConfig: Applying CVar settings from Section [AntiAliasingQuality@3] File [C:/Users/Student 2020/Documents/VRLivePerformance/UnrealVRLivePerformance/UnrealVR/Saved/Config/Windows/Scalability.ini]
[2020.10.19-09.26.35:550][  0]LogConfig: Setting CVar [[r.PostProcessAAQuality:4]]
[2020.10.19-09.26.35:550][  0]LogConfig: Applying CVar settings from Section [ShadowQuality@3] File [C:/Users/Student 2020/Documents/VRLivePerformance/UnrealVRLivePerformance/UnrealVR/Saved/Config/Windows/Scalability.ini]
[2020.10.19-09.26.35:550][  0]LogConfig: Setting CVar [[r.LightFunctionQuality:1]]
[2020.10.19-09.26.35:550][  0]LogConfig: Setting CVar [[r.ShadowQuality:5]]
[2020.10.19-09.26.35:550][  0]LogConfig: Setting CVar [[r.Shadow.CSM.MaxCascades:10]]
[2020.10.19-09.26.35:550][  0]LogConfig: Setting CVar [[r.Shadow.MaxResolution:2048]]
[2020.10.19-09.26.35:550][  0]LogConfig: Setting CVar [[r.Shadow.MaxCSMResolution:2048]]
[2020.10.19-09.26.35:550][  0]LogConfig: Setting CVar [[r.Shadow.RadiusThreshold:0.01]]
[2020.10.19-09.26.35:550][  0]LogConfig: Setting CVar [[r.Shadow.DistanceScale:1.0]]
[2020.10.19-09.26.35:550][  0]LogConfig: Setting CVar [[r.Shadow.CSM.TransitionScale:1.0]]
[2020.10.19-09.26.35:551][  0]LogConfig: Setting CVar [[r.Shadow.PreShadowResolutionFactor:1.0]]
[2020.10.19-09.26.35:551][  0]LogConfig: Setting CVar [[r.DistanceFieldShadowing:1]]
[2020.10.19-09.26.35:551][  0]LogConfig: Setting CVar [[r.DistanceFieldAO:1]]
[2020.10.19-09.26.35:551][  0]LogConfig: Setting CVar [[r.AOQuality:2]]
[2020.10.19-09.26.35:551][  0]LogConfig: Setting CVar [[r.VolumetricFog:1]]
[2020.10.19-09.26.35:551][  0]LogConfig: Setting CVar [[r.VolumetricFog.GridPixelSize:8]]
[2020.10.19-09.26.35:551][  0]LogConfig: Setting CVar [[r.VolumetricFog.GridSizeZ:128]]
[2020.10.19-09.26.35:551][  0]LogConfig: Setting CVar [[r.VolumetricFog.HistoryMissSupersampleCount:4]]
[2020.10.19-09.26.35:551][  0]LogConfig: Setting CVar [[r.LightMaxDrawDistanceScale:1]]
[2020.10.19-09.26.35:551][  0]LogConfig: Setting CVar [[r.CapsuleShadows:1]]
[2020.10.19-09.26.35:551][  0]LogConfig: Applying CVar settings from Section [PostProcessQuality@3] File [C:/Users/Student 2020/Documents/VRLivePerformance/UnrealVRLivePerformance/UnrealVR/Saved/Config/Windows/Scalability.ini]
[2020.10.19-09.26.35:551][  0]LogConfig: Setting CVar [[r.MotionBlurQuality:4]]
[2020.10.19-09.26.35:551][  0]LogConfig: Setting CVar [[r.AmbientOcclusionMipLevelFactor:0.4]]
[2020.10.19-09.26.35:551][  0]LogConfig: Setting CVar [[r.AmbientOcclusionMaxQuality:100]]
[2020.10.19-09.26.35:551][  0]LogConfig: Setting CVar [[r.AmbientOcclusionLevels:-1]]
[2020.10.19-09.26.35:551][  0]LogConfig: Setting CVar [[r.AmbientOcclusionRadiusScale:1.0]]
[2020.10.19-09.26.35:551][  0]LogConfig: Setting CVar [[r.DepthOfFieldQuality:2]]
[2020.10.19-09.26.35:551][  0]LogConfig: Setting CVar [[r.RenderTargetPoolMin:400]]
[2020.10.19-09.26.35:551][  0]LogConfig: Setting CVar [[r.LensFlareQuality:2]]
[2020.10.19-09.26.35:551][  0]LogConfig: Setting CVar [[r.SceneColorFringeQuality:1]]
[2020.10.19-09.26.35:551][  0]LogConfig: Setting CVar [[r.EyeAdaptationQuality:2]]
[2020.10.19-09.26.35:551][  0]LogConfig: Setting CVar [[r.BloomQuality:5]]
[2020.10.19-09.26.35:551][  0]LogConfig: Setting CVar [[r.FastBlurThreshold:100]]
[2020.10.19-09.26.35:551][  0]LogConfig: Setting CVar [[r.Upscale.Quality:3]]
[2020.10.19-09.26.35:551][  0]LogConfig: Setting CVar [[r.Tonemapper.GrainQuantization:1]]
[2020.10.19-09.26.35:551][  0]LogConfig: Setting CVar [[r.LightShaftQuality:1]]
[2020.10.19-09.26.35:551][  0]LogConfig: Setting CVar [[r.Filter.SizeScale:1]]
[2020.10.19-09.26.35:551][  0]LogConfig: Setting CVar [[r.Tonemapper.Quality:5]]
[2020.10.19-09.26.35:551][  0]LogConfig: Setting CVar [[r.DOF.Gather.AccumulatorQuality:1        ; higher gathering accumulator quality]]
[2020.10.19-09.26.35:551][  0]LogConfig: Setting CVar [[r.DOF.Gather.PostfilterMethod:1          ; Median3x3 postfilering method]]
[2020.10.19-09.26.35:551][  0]LogConfig: Setting CVar [[r.DOF.Gather.EnableBokehSettings:0       ; no bokeh simulation when gathering]]
[2020.10.19-09.26.35:551][  0]LogConfig: Setting CVar [[r.DOF.Gather.RingCount:4                 ; medium number of samples when gathering]]
[2020.10.19-09.26.35:551][  0]LogConfig: Setting CVar [[r.DOF.Scatter.ForegroundCompositing:1    ; additive foreground scattering]]
[2020.10.19-09.26.35:551][  0]LogConfig: Setting CVar [[r.DOF.Scatter.BackgroundCompositing:2    ; additive background scattering]]
[2020.10.19-09.26.35:551][  0]LogConfig: Setting CVar [[r.DOF.Scatter.EnableBokehSettings:1      ; bokeh simulation when scattering]]
[2020.10.19-09.26.35:551][  0]LogConfig: Setting CVar [[r.DOF.Scatter.MaxSpriteRatio:0.1         ; only a maximum of 10% of scattered bokeh]]
[2020.10.19-09.26.35:551][  0]LogConfig: Setting CVar [[r.DOF.Recombine.Quality:1                ; cheap slight out of focus]]
[2020.10.19-09.26.35:551][  0]LogConfig: Setting CVar [[r.DOF.Recombine.EnableBokehSettings:0    ; no bokeh simulation on slight out of focus]]
[2020.10.19-09.26.35:551][  0]LogConfig: Setting CVar [[r.DOF.TemporalAAQuality:1                ; more stable temporal accumulation]]
[2020.10.19-09.26.35:551][  0]LogConfig: Setting CVar [[r.DOF.Kernel.MaxForegroundRadius:0.025]]
[2020.10.19-09.26.35:551][  0]LogConfig: Setting CVar [[r.DOF.Kernel.MaxBackgroundRadius:0.025]]
[2020.10.19-09.26.35:551][  0]LogConfig: Applying CVar settings from Section [TextureQuality@3] File [C:/Users/Student 2020/Documents/VRLivePerformance/UnrealVRLivePerformance/UnrealVR/Saved/Config/Windows/Scalability.ini]
[2020.10.19-09.26.35:551][  0]LogConfig: Setting CVar [[r.Streaming.MipBias:0]]
[2020.10.19-09.26.35:551][  0]LogConfig: Setting CVar [[r.Streaming.AmortizeCPUToGPUCopy:0]]
[2020.10.19-09.26.35:551][  0]LogConfig: Setting CVar [[r.Streaming.MaxNumTexturesToStreamPerFrame:0]]
[2020.10.19-09.26.35:551][  0]LogConfig: Setting CVar [[r.Streaming.Boost:1]]
[2020.10.19-09.26.35:551][  0]LogConfig: Setting CVar [[r.MaxAnisotropy:8]]
[2020.10.19-09.26.35:551][  0]LogConfig: Setting CVar [[r.VT.MaxAnisotropy:8]]
[2020.10.19-09.26.35:551][  0]LogConfig: Setting CVar [[r.Streaming.LimitPoolSizeToVRAM:0]]
[2020.10.19-09.26.35:551][  0]LogConfig: Setting CVar [[r.Streaming.PoolSize:1000]]
[2020.10.19-09.26.35:551][  0]LogConfig: Setting CVar [[r.Streaming.MaxEffectiveScreenSize:0]]
[2020.10.19-09.26.35:551][  0]LogConfig: Applying CVar settings from Section [EffectsQuality@3] File [C:/Users/Student 2020/Documents/VRLivePerformance/UnrealVRLivePerformance/UnrealVR/Saved/Config/Windows/Scalability.ini]
[2020.10.19-09.26.35:551][  0]LogConfig: Setting CVar [[r.TranslucencyLightingVolumeDim:64]]
[2020.10.19-09.26.35:551][  0]LogConfig: Setting CVar [[r.RefractionQuality:2]]
[2020.10.19-09.26.35:551][  0]LogConfig: Setting CVar [[r.SSR.Quality:3]]
[2020.10.19-09.26.35:551][  0]LogConfig: Setting CVar [[r.SSR.HalfResSceneColor:0]]
[2020.10.19-09.26.35:551][  0]LogConfig: Setting CVar [[r.SceneColorFormat:4]]
[2020.10.19-09.26.35:551][  0]LogConfig: Setting CVar [[r.DetailMode:2]]
[2020.10.19-09.26.35:551][  0]LogConfig: Setting CVar [[r.TranslucencyVolumeBlur:1]]
[2020.10.19-09.26.35:551][  0]LogConfig: Setting CVar [[r.MaterialQualityLevel:1 ; High quality]]
[2020.10.19-09.26.35:551][  0]LogConfig: Setting CVar [[r.SSS.Scale:1]]
[2020.10.19-09.26.35:551][  0]LogConfig: Setting CVar [[r.SSS.SampleSet:2]]
[2020.10.19-09.26.35:551][  0]LogConfig: Setting CVar [[r.SSS.Quality:1]]
[2020.10.19-09.26.35:551][  0]LogConfig: Setting CVar [[r.SSS.HalfRes:0]]
[2020.10.19-09.26.35:551][  0]LogConfig: Setting CVar [[r.SSGI.Quality:3]]
[2020.10.19-09.26.35:551][  0]LogConfig: Setting CVar [[r.EmitterSpawnRateScale:1.0]]
[2020.10.19-09.26.35:551][  0]LogConfig: Setting CVar [[r.ParticleLightQuality:2]]
[2020.10.19-09.26.35:551][  0]LogConfig: Setting CVar [[r.SkyAtmosphere.AerialPerspectiveLUT.FastApplyOnOpaque:1 ; Always have FastSkyLUT 1 in this case to avoid wrong sky]]
[2020.10.19-09.26.35:551][  0]LogConfig: Setting CVar [[r.SkyAtmosphere.AerialPerspectiveLUT.SampleCountPerSlice:1]]
[2020.10.19-09.26.35:551][  0]LogConfig: Setting CVar [[r.SkyAtmosphere.AerialPerspectiveLUT.DepthResolution:16.0]]
[2020.10.19-09.26.35:551][  0]LogConfig: Setting CVar [[r.SkyAtmosphere.FastSkyLUT:1]]
[2020.10.19-09.26.35:551][  0]LogConfig: Setting CVar [[r.SkyAtmosphere.FastSkyLUT.SampleCountMin:4.0]]
[2020.10.19-09.26.35:551][  0]LogConfig: Setting CVar [[r.SkyAtmosphere.FastSkyLUT.SampleCountMax:32.0]]
[2020.10.19-09.26.35:551][  0]LogConfig: Setting CVar [[r.SkyAtmosphere.SampleCountMin:4.0]]
[2020.10.19-09.26.35:551][  0]LogConfig: Setting CVar [[r.SkyAtmosphere.SampleCountMax:32.0]]
[2020.10.19-09.26.35:551][  0]LogConfig: Setting CVar [[r.SkyAtmosphere.TransmittanceLUT.UseSmallFormat:0]]
[2020.10.19-09.26.35:551][  0]LogConfig: Setting CVar [[r.SkyAtmosphere.TransmittanceLUT.SampleCount:10.0]]
[2020.10.19-09.26.35:551][  0]LogConfig: Setting CVar [[r.SkyAtmosphere.MultiScatteringLUT.SampleCount:15.0]]
[2020.10.19-09.26.35:551][  0]LogConfig: Applying CVar settings from Section [FoliageQuality@3] File [C:/Users/Student 2020/Documents/VRLivePerformance/UnrealVRLivePerformance/UnrealVR/Saved/Config/Windows/Scalability.ini]
[2020.10.19-09.26.35:551][  0]LogConfig: Setting CVar [[foliage.DensityScale:1.0]]
[2020.10.19-09.26.35:551][  0]LogConfig: Setting CVar [[grass.DensityScale:1.0]]
[2020.10.19-09.26.35:551][  0]LogConfig: Applying CVar settings from Section [ShadingQuality@3] File [C:/Users/Student 2020/Documents/VRLivePerformance/UnrealVRLivePerformance/UnrealVR/Saved/Config/Windows/Scalability.ini]
[2020.10.19-09.26.35:551][  0]LogConfig: Setting CVar [[r.HairStrands.SkyLighting.SampleCount:16]]
[2020.10.19-09.26.35:551][  0]LogConfig: Setting CVar [[r.HairStrands.SkyLighting.JitterIntegration:0]]
[2020.10.19-09.26.35:551][  0]LogConfig: Setting CVar [[r.HairStrands.SkyAO.SampleCount:16]]
[2020.10.19-09.26.35:551][  0]LogConfig: Setting CVar [[r.HairStrands.DeepShadow.SuperSampling:0]]
[2020.10.19-09.26.35:551][  0]LogConfig: Setting CVar [[r.HairStrands.VisibilityPPLL:0]]
[2020.10.19-09.26.35:551][  0]LogConfig: Setting CVar [[r.HairStrands.RasterizationScale:0.5]]
[2020.10.19-09.26.35:551][  0]LogConfig: Setting CVar [[r.HairStrands.VelocityRasterizationScale:1]]
[2020.10.19-09.26.35:551][  0]LogConfig: Applying CVar settings from Section [Startup] File [../../../Engine/Config/ConsoleVariables.ini]
[2020.10.19-09.26.35:552][  0]LogConfig: Setting CVar [[net.UseAdaptiveNetUpdateFrequency:0]]
[2020.10.19-09.26.35:552][  0]LogConfig: Setting CVar [[p.chaos.AllowCreatePhysxBodies:1]]
[2020.10.19-09.26.35:552][  0]LogConfig: Setting CVar [[fx.SkipVectorVMBackendOptimizations:1]]
[2020.10.19-09.26.35:552][  0]LogConfig: Applying CVar settings from Section [ConsoleVariables] File [C:/Users/Student 2020/Documents/VRLivePerformance/UnrealVRLivePerformance/UnrealVR/Saved/Config/Windows/Engine.ini]
[2020.10.19-09.26.35:552][  0]LogInit: Computer: DESKTOP-S32ASB4
[2020.10.19-09.26.35:552][  0]LogInit: User: Student2020
[2020.10.19-09.26.35:552][  0]LogInit: CPU Page size=4096, Cores=8
[2020.10.19-09.26.35:552][  0]LogInit: High frequency timer resolution =10.000000 MHz
[2020.10.19-09.26.35:552][  0]LogMemory: Memory total: Physical=63.7GB (64GB approx)
[2020.10.19-09.26.35:552][  0]LogMemory: Platform Memory Stats for Windows
[2020.10.19-09.26.35:552][  0]LogMemory: Process Physical Memory: 124.00 MB used, 124.00 MB peak
[2020.10.19-09.26.35:552][  0]LogMemory: Process Virtual Memory: 118.73 MB used, 118.73 MB peak
[2020.10.19-09.26.35:552][  0]LogMemory: Physical Memory: 9924.38 MB used,  55329.44 MB free, 65253.81 MB total
[2020.10.19-09.26.35:552][  0]LogMemory: Virtual Memory: 5248.08 MB used,  134212480.00 MB free, 134217728.00 MB total
[2020.10.19-09.26.35:556][  0]LogWindows: WindowsPlatformFeatures enabled
[2020.10.19-09.26.35:580][  0]LogInit: Physics initialised using underlying interface: PhysX
[2020.10.19-09.26.35:580][  0]LogInit: Using OS detected language (en-US).
[2020.10.19-09.26.35:581][  0]LogInit: Using OS detected locale (en-US).
[2020.10.19-09.26.35:583][  0]LogTextLocalizationManager: No specific localization for 'en-US' exists, so the 'en' localization will be used.
[2020.10.19-09.26.35:756][  0]LogInit: Setting process to per monitor DPI aware
[2020.10.19-09.26.35:787][  0]LogSlate: New Slate User Created.  User Index 0, Is Virtual User: 0
[2020.10.19-09.26.35:787][  0]LogSlate: Slate User Registered.  User Index 0, Is Virtual User: 0
[2020.10.19-09.26.35:882][  0]LogD3D11RHI: D3D11 min allowed feature level: 11_0
[2020.10.19-09.26.35:882][  0]LogD3D11RHI: D3D11 max allowed feature level: 11_0
[2020.10.19-09.26.35:882][  0]LogD3D11RHI: D3D11 adapters:
[2020.10.19-09.26.35:957][  0]LogD3D11RHI:    0. 'NVIDIA GeForce RTX 2080 Ti' (Feature Level 11_0)
[2020.10.19-09.26.35:957][  0]LogD3D11RHI:       11049/0/32626 MB DedicatedVideo/DedicatedSystem/SharedSystem, Outputs:2, VendorId:0x10de
[2020.10.19-09.26.35:960][  0]LogD3D11RHI:    1. 'Microsoft Basic Render Driver' (Feature Level 11_0)
[2020.10.19-09.26.35:960][  0]LogD3D11RHI:       0/0/32626 MB DedicatedVideo/DedicatedSystem/SharedSystem, Outputs:0, VendorId:0x1414
[2020.10.19-09.26.35:960][  0]LogD3D11RHI: Chosen D3D11 Adapter: 0
[2020.10.19-09.26.35:970][  0]LogD3D11RHI: Creating new Direct3DDevice
[2020.10.19-09.26.35:970][  0]LogD3D11RHI:     GPU DeviceId: 0x1e04 (for the marketing name, search the web for "GPU Device Id")
[2020.10.19-09.26.35:970][  0]LogWindows: EnumDisplayDevices:
[2020.10.19-09.26.35:970][  0]LogWindows:    0. 'NVIDIA GeForce RTX 2080 Ti' (P:1 D:1)
[2020.10.19-09.26.35:971][  0]LogWindows:    1. 'NVIDIA GeForce RTX 2080 Ti' (P:0 D:1)
[2020.10.19-09.26.35:971][  0]LogWindows:    2. 'NVIDIA GeForce RTX 2080 Ti' (P:0 D:0)
[2020.10.19-09.26.35:971][  0]LogWindows:    3. 'NVIDIA GeForce RTX 2080 Ti' (P:0 D:0)
[2020.10.19-09.26.35:971][  0]LogWindows: DebugString: FoundDriverCount:4 
[2020.10.19-09.26.35:971][  0]LogD3D11RHI:     Adapter Name: NVIDIA GeForce RTX 2080 Ti
[2020.10.19-09.26.35:971][  0]LogD3D11RHI:   Driver Version: 452.06 (internal:27.21.14.5206, unified:452.06)
[2020.10.19-09.26.35:971][  0]LogD3D11RHI:      Driver Date: 8-12-2020
[2020.10.19-09.26.35:971][  0]LogRHI: Texture pool is 7734 MB (70% of 11049 MB)
[2020.10.19-09.26.36:034][  0]LogD3D11RHI: RHI has support for 64 bit atomics
[2020.10.19-09.26.36:036][  0]LogD3D11RHI: [Aftermath] Enabled and primed
[2020.10.19-09.26.36:036][  0]LogD3D11RHI: Async texture creation enabled
[2020.10.19-09.26.36:036][  0]LogD3D11RHI: Array index from any shader is supported
[2020.10.19-09.26.36:058][  0]LogD3D11RHI: GPU Timing Frequency: 1000.000000 (Debug: 2 2)
[2020.10.19-09.26.36:299][  0]LogTargetPlatformManager: Display: Loaded TargetPlatform 'AllDesktop'
[2020.10.19-09.26.36:319][  0]LogTargetPlatformManager: Display: Loaded TargetPlatform 'Android'
[2020.10.19-09.26.36:319][  0]LogTargetPlatformManager: Display: Loaded TargetPlatform 'Android_ASTC'
[2020.10.19-09.26.36:319][  0]LogTargetPlatformManager: Display: Loaded TargetPlatform 'Android_DXT'
[2020.10.19-09.26.36:319][  0]LogTargetPlatformManager: Display: Loaded TargetPlatform 'Android_ETC2'
[2020.10.19-09.26.36:319][  0]LogTargetPlatformManager: Display: Loaded TargetPlatform 'AndroidClient'
[2020.10.19-09.26.36:319][  0]LogTargetPlatformManager: Display: Loaded TargetPlatform 'Android_ASTCClient'
[2020.10.19-09.26.36:319][  0]LogTargetPlatformManager: Display: Loaded TargetPlatform 'Android_DXTClient'
[2020.10.19-09.26.36:319][  0]LogTargetPlatformManager: Display: Loaded TargetPlatform 'Android_ETC2Client'
[2020.10.19-09.26.36:319][  0]LogTargetPlatformManager: Display: Loaded TargetPlatform 'Android_Multi'
[2020.10.19-09.26.36:319][  0]LogTargetPlatformManager: Display: Loaded TargetPlatform 'Android_MultiClient'
[2020.10.19-09.26.36:340][  0]LogTargetPlatformManager: Display: Loaded TargetPlatform 'IOSClient'
[2020.10.19-09.26.36:340][  0]LogTargetPlatformManager: Display: Loaded TargetPlatform 'IOS'
[2020.10.19-09.26.36:349][  0]LogTargetPlatformManager: Display: Loaded TargetPlatform 'Linux'
[2020.10.19-09.26.36:357][  0]LogTargetPlatformManager: Display: Loaded TargetPlatform 'LinuxNoEditor'
[2020.10.19-09.26.36:365][  0]LogTargetPlatformManager: Display: Loaded TargetPlatform 'LinuxClient'
[2020.10.19-09.26.36:373][  0]LogTargetPlatformManager: Display: Loaded TargetPlatform 'LinuxServer'
[2020.10.19-09.26.36:381][  0]LogTargetPlatformManager: Display: Loaded TargetPlatform 'LinuxAArch64NoEditor'
[2020.10.19-09.26.36:390][  0]LogTargetPlatformManager: Display: Loaded TargetPlatform 'LinuxAArch64Client'
[2020.10.19-09.26.36:398][  0]LogTargetPlatformManager: Display: Loaded TargetPlatform 'LinuxAArch64Server'
[2020.10.19-09.26.36:421][  0]LogTargetPlatformManager: Display: Loaded TargetPlatform 'Lumin'
[2020.10.19-09.26.36:421][  0]LogTargetPlatformManager: Display: Loaded TargetPlatform 'LuminClient'
[2020.10.19-09.26.36:435][  0]LogTargetPlatformManager: Display: Loaded TargetPlatform 'TVOSClient'
[2020.10.19-09.26.36:435][  0]LogTargetPlatformManager: Display: Loaded TargetPlatform 'TVOS'
[2020.10.19-09.26.36:444][  0]LogTargetPlatformManager: Display: Loaded TargetPlatform 'WindowsNoEditor'
[2020.10.19-09.26.36:453][  0]LogTargetPlatformManager: Display: Loaded TargetPlatform 'Windows'
[2020.10.19-09.26.36:462][  0]LogTargetPlatformManager: Display: Loaded TargetPlatform 'WindowsClient'
[2020.10.19-09.26.36:470][  0]LogTargetPlatformManager: Display: Loaded TargetPlatform 'WindowsServer'
[2020.10.19-09.26.36:470][  0]LogTargetPlatformManager: Display: Building Assets For Windows
[2020.10.19-09.26.36:477][  0]LogAudioDebug: Display: Lib vorbis DLL was dynamically loaded.
[2020.10.19-09.26.36:526][  0]LogShaderCompilers: Guid format shader working directory is -44 characters bigger than the processId version (../../../../../../Users/Student 2020/Documents/VRLivePerformance/UnrealVRLivePerformance/UnrealVR/Intermediate/Shaders/WorkingDirectory/6856/).
[2020.10.19-09.26.36:526][  0]LogShaderCompilers: Cleaned the shader compiler working directory 'C:/Users/Student 2020/AppData/Local/Temp/UnrealShaderWorkingDir/B930FF3C47972B4E84544488A61629F7/'.
[2020.10.19-09.26.36:526][  0]LogXGEController: Cannot use XGE Controller as Incredibuild is not installed on this machine.
[2020.10.19-09.26.36:526][  0]LogShaderCompilers: Cannot use XGE Shader Compiler as Incredibuild is not installed on this machine.
[2020.10.19-09.26.36:526][  0]LogShaderCompilers: Display: Using Local Shader Compiler.
[2020.10.19-09.26.37:203][  0]LogDerivedDataCache: Display: Max Cache Size: 512 MB
[2020.10.19-09.26.37:264][  0]LogDerivedDataCache: Loaded boot cache 0.06s 94MB C:/Users/Student 2020/AppData/Local/UnrealEngine/4.25/DerivedDataCache/Boot.ddc.
[2020.10.19-09.26.37:264][  0]LogDerivedDataCache: Display: Loaded Boot cache: C:/Users/Student 2020/AppData/Local/UnrealEngine/4.25/DerivedDataCache/Boot.ddc
[2020.10.19-09.26.37:264][  0]LogDerivedDataCache: FDerivedDataBackendGraph:  Pak pak cache file ../../../../../../Users/Student 2020/Documents/VRLivePerformance/UnrealVRLivePerformance/UnrealVR/DerivedDataCache/DDC.ddp not found, will not use a pak cache.
[2020.10.19-09.26.37:264][  0]LogDerivedDataCache: Unable to find inner node Pak for hierarchical cache Hierarchy.
[2020.10.19-09.26.37:264][  0]LogDerivedDataCache: FDerivedDataBackendGraph:  CompressedPak pak cache file ../../../../../../Users/Student 2020/Documents/VRLivePerformance/UnrealVRLivePerformance/UnrealVR/DerivedDataCache/Compressed.ddp not found, will not use a pak cache.
[2020.10.19-09.26.37:264][  0]LogDerivedDataCache: Unable to find inner node CompressedPak for hierarchical cache Hierarchy.
[2020.10.19-09.26.37:274][  0]LogDerivedDataCache: Display: Pak cache opened for reading ../../../Engine/DerivedDataCache/Compressed.ddp.
[2020.10.19-09.26.37:274][  0]LogDerivedDataCache: FDerivedDataBackendGraph:  EnterprisePak pak cache file ../../../Enterprise/DerivedDataCache/Compressed.ddp not found, will not use a pak cache.
[2020.10.19-09.26.37:274][  0]LogDerivedDataCache: Unable to find inner node EnterprisePak for hierarchical cache Hierarchy.
[2020.10.19-09.26.37:275][  0]LogDerivedDataCache: Using Local data cache path C:/Users/Student 2020/AppData/Local/UnrealEngine/Common/DerivedDataCache: Writable
[2020.10.19-09.26.37:275][  0]LogDerivedDataCache: Shared data cache path not found in *engine.ini, will not use an Shared cache.
[2020.10.19-09.26.37:275][  0]LogDerivedDataCache: Unable to find inner node Shared for hierarchical cache Hierarchy.
[2020.10.19-09.26.37:321][  0]LogSlate: Using FreeType 2.10.0
[2020.10.19-09.26.37:321][  0]LogSlate: SlateFontServices - WITH_FREETYPE: 1, WITH_HARFBUZZ: 1
[2020.10.19-09.26.37:344][  0]LogAssetRegistry: FAssetRegistry took 0.0025 seconds to start up
[2020.10.19-09.26.37:551][  0]LogInit: Selected Device Profile: [Windows]
[2020.10.19-09.26.37:649][  0]LogMeshReduction: Using QuadricMeshReduction for automatic static mesh reduction
[2020.10.19-09.26.37:649][  0]LogMeshReduction: Using SimplygonMeshReduction for automatic skeletal mesh reduction
[2020.10.19-09.26.37:649][  0]LogMeshReduction: Using ProxyLODMeshReduction for automatic mesh merging
[2020.10.19-09.26.37:649][  0]LogMeshReduction: No distributed automatic mesh merging module available
[2020.10.19-09.26.37:649][  0]LogMeshMerging: No distributed automatic mesh merging module available
[2020.10.19-09.26.37:664][  0]LogNetVersion: UnrealVR 1.0.0, NetCL: 13144385, EngineNetVer: 14, GameNetVer: 0 (Checksum: 2192167523)
[2020.10.19-09.26.38:048][  0]LogAISub: UAISubsystem::UAISubsystem AISubsystem (0000025C6A10C340), frame # 0
[2020.10.19-09.26.38:048][  0]LogAISub: UAISubsystem::UAISubsystem AIPerceptionSystem (0000025C6A054CC0), frame # 0
[2020.10.19-09.26.38:049][  0]LogAISub: UAISubsystem::UAISubsystem EnvQueryManager (0000025C6A0D0A00), frame # 0
[2020.10.19-09.26.38:095][  0]LogPackageLocalizationCache: Processed 20 localized package path(s) for 1 prioritized culture(s) in 0.040690 seconds
[2020.10.19-09.26.38:100][  0]LogUObjectArray: 15917 objects as part of root set at end of initial load.
[2020.10.19-09.26.38:100][  0]LogUObjectAllocator: 3965568 out of 0 bytes used by permanent object pool.
[2020.10.19-09.26.38:100][  0]LogUObjectArray: CloseDisregardForGC: 0/0 objects in disregard for GC pool
[2020.10.19-09.26.38:399][  0]LogTcpMessaging: Initializing TcpMessaging bridge
[2020.10.19-09.26.38:407][  0]LogUdpMessaging: Initializing bridge on interface 0.0.0.0:0 to multicast group 230.0.0.1:6666.
[2020.10.19-09.26.38:478][  0]SourceControl: Source control is disabled
[2020.10.19-09.26.38:478][  0]SourceControl: Source control is disabled
[2020.10.19-09.26.38:481][  0]SourceControl: Source control is disabled
[2020.10.19-09.26.38:483][  0]SourceControl: Source control is disabled
[2020.10.19-09.26.38:489][  0]SourceControl: Source control is disabled
[2020.10.19-09.26.38:824][  0]LogAndroidPermission: UAndroidPermissionCallbackProxy::GetInstance
[2020.10.19-09.26.38:840][  0]LogAudioCaptureCore: Display: No Audio Capture implementations found. Audio input will be silent.
[2020.10.19-09.26.38:840][  0]LogAudioCaptureCore: Display: No Audio Capture implementations found. Audio input will be silent.
[2020.10.19-09.26.38:883][  0]LogOcInput: OculusInput pre-init called
[2020.10.19-09.26.39:109][  0]LogEngine: Initializing Engine...
[2020.10.19-09.26.39:109][  0]LogHMD: Oculus plugin initialized. Version: 4.25.3-13942748+++UE4+Release-4.25, OVRPlugin: 1.44.0
[2020.10.19-09.26.39:110][  0]LogStats: UGameplayTagsManager::InitializeManager -  0.000 s
[2020.10.19-09.26.39:228][  0]LogInit: Initializing FReadOnlyCVARCache
[2020.10.19-09.26.39:235][  0]LogAIModule: Creating AISystem for world Untitled
[2020.10.19-09.26.39:235][  0]LogAISub: UAISubsystem::UAISubsystem EnvQueryManager (0000025C786EBC00), frame # 0
[2020.10.19-09.26.39:235][  0]LogAISub: UAISubsystem::UAISubsystem AIPerceptionSystem (0000025C7873E0C0), frame # 0
[2020.10.19-09.26.39:254][  0]LogAudioMixer: Display: Audio Mixer Platform Settings:
[2020.10.19-09.26.39:254][  0]LogAudioMixer: Display: 	Sample Rate:						  48000
[2020.10.19-09.26.39:254][  0]LogAudioMixer: Display: 	Callback Buffer Frame Size Requested: 1024
[2020.10.19-09.26.39:254][  0]LogAudioMixer: Display: 	Callback Buffer Frame Size To Use:	  1024
[2020.10.19-09.26.39:254][  0]LogAudioMixer: Display: 	Number of buffers to queue:			  2
[2020.10.19-09.26.39:254][  0]LogAudioMixer: Display: 	Max Channels (voices):				  32
[2020.10.19-09.26.39:254][  0]LogAudioMixer: Display: 	Number of Async Source Workers:		  0
[2020.10.19-09.26.39:254][  0]LogAudio: Display: AudioDevice MaxSources: 32
[2020.10.19-09.26.39:254][  0]LogAudio: Display: Using built-in audio occlusion.
[2020.10.19-09.26.39:254][  0]LogAudioMixer: Display: Initializing audio mixer.
[2020.10.19-09.26.39:270][  0]LogAudioMixer: Display: 0: FrontLeft
[2020.10.19-09.26.39:270][  0]LogAudioMixer: Display: 1: FrontRight
[2020.10.19-09.26.39:312][  0]LogAudioMixer: Display: Using Audio Device Headphones (2- Arctis 7 Game)
[2020.10.19-09.26.39:314][  0]LogAudioMixer: Display: Initializing Sound Submixes...
[2020.10.19-09.26.39:316][  0]LogAudioMixer: Display: Creating Master Submix 'MasterSubmixDefault'
[2020.10.19-09.26.39:316][  0]LogAudioMixer: Display: Creating Master Submix 'MasterReverbSubmixDefault'
[2020.10.19-09.26.39:317][  0]LogAudioMixer: Display: Creating Master Submix 'MasterEQSubmixDefault'
[2020.10.19-09.26.39:317][  0]LogInit: FAudioDevice initialized.
[2020.10.19-09.26.39:318][  0]LogNetVersion: Set ProjectVersion to 1.0.0.0. Version Checksum will be recalculated on next use.
[2020.10.19-09.26.39:371][  0]LogDerivedDataCache: Saved boot cache 0.05s 94MB C:/Users/Student 2020/AppData/Local/UnrealEngine/4.25/DerivedDataCache/Boot.ddc.
[2020.10.19-09.26.39:377][  0]LogInit: Texture streaming: Enabled
[2020.10.19-09.26.39:391][  0]LogEngineSessionManager: EngineSessionManager initialized
[2020.10.19-09.26.39:391][  0]LogEditorSessionSummary: Verbose: Initializing EditorSessionSummaryWriter for editor session tracking
[2020.10.19-09.26.39:393][  0]LogEditorSessionSummary: EditorSessionSummaryWriter initialized
[2020.10.19-09.26.39:459][  0]LogInit: Transaction tracking system initialized
[2020.10.19-09.26.39:477][  0]BlueprintLog: New page: Editor Load
[2020.10.19-09.26.39:539][  0]LocalizationService: Localization service is disabled
[2020.10.19-09.26.39:665][  0]LogCook: Display: Max memory allowance for cook 16384mb min free memory 0mb
[2020.10.19-09.26.39:665][  0]LogCook: Display: Mobile HDR setting 1
[2020.10.19-09.26.39:774][  0]LogFileCache: Scanning file cache for directory 'C:/Users/Student 2020/Documents/VRLivePerformance/UnrealVRLivePerformance/UnrealVR/Content/' took 0.00s
[2020.10.19-09.26.39:952][  0]SourceControl: Source control is disabled
[2020.10.19-09.26.39:952][  0]LogUnrealEdMisc: Loading editor; pre map load, took 5.665
[2020.10.19-09.26.39:952][  0]Cmd: MAP LOAD FILE="../../../Engine/Content/Maps/Templates/Template_Default.umap" TEMPLATE=1 SHOWPROGRESS=1 FEATURELEVEL=3
[2020.10.19-09.26.39:952][  0]LightingResults: New page: Lighting Build
[2020.10.19-09.26.39:953][  0]LogWorld: UWorld::CleanupWorld for Untitled, bSessionEnded=true, bCleanupResources=true
[2020.10.19-09.26.39:953][  0]LogSlate: InvalidateAllWidgets triggered.  All widgets were invalidated
[2020.10.19-09.26.39:953][  0]MapCheck: New page: Map Check
[2020.10.19-09.26.39:953][  0]LightingResults: New page: Lighting Build
[2020.10.19-09.26.39:968][  0]LogAISub: UAISubsystem::~UAISubsystem EnvQueryManager (0000025C786EBC00), frame # 0
[2020.10.19-09.26.39:968][  0]LogAISub: UAISubsystem::~UAISubsystem AIPerceptionSystem (0000025C7873E0C0), frame # 0
[2020.10.19-09.26.39:969][  0]LogUObjectHash: Compacting FUObjectHashTables data took   0.68ms
[2020.10.19-09.26.40:029][  0]LogAIModule: Creating AISystem for world Untitled_1
[2020.10.19-09.26.40:030][  0]LogAISub: UAISubsystem::UAISubsystem EnvQueryManager (0000025C60669A00), frame # 0
[2020.10.19-09.26.40:030][  0]LogAISub: UAISubsystem::UAISubsystem AIPerceptionSystem (0000025C606EDBC0), frame # 0
[2020.10.19-09.26.40:035][  0]LogEditorServer: Finished looking for orphan Actors (0.000 secs)
[2020.10.19-09.26.40:050][  0]LogUObjectHash: Compacting FUObjectHashTables data took   0.76ms
[2020.10.19-09.26.40:050][  0]Cmd: MAP CHECKDEP NOCLEARLOG
[2020.10.19-09.26.40:051][  0]MapCheck: Map check complete: 0 Error(s), 0 Warning(s), took 0.178ms to complete.
[2020.10.19-09.26.40:051][  0]LogFileHelpers: Loading map 'Template_Default' took 0.100
[2020.10.19-09.26.40:053][  0]LogUnrealEdMisc: Total Editor Startup Time, took 5.767
[2020.10.19-09.26.40:199][  0]LogSlate: Updating window title bar state: overlay mode, drag disabled, window buttons hidden, title bar hidden
[2020.10.19-09.26.40:206][  0]LogSlate: Updating window title bar state: overlay mode, drag disabled, window buttons hidden, title bar hidden
[2020.10.19-09.26.40:213][  0]LogSlate: Updating window title bar state: overlay mode, drag disabled, window buttons hidden, title bar hidden
[2020.10.19-09.26.40:220][  0]LogSlate: Updating window title bar state: overlay mode, drag disabled, window buttons hidden, title bar hidden
[2020.10.19-09.26.40:226][  0]LogCollectionManager: Loaded 0 collections in 0.001648 seconds
[2020.10.19-09.26.40:244][  0]LogFileCache: Scanning file cache for directory 'C:/Users/Student 2020/Documents/VRLivePerformance/UnrealVRLivePerformance/UnrealVR/Saved/Collections/' took 0.00s
[2020.10.19-09.26.40:244][  0]LogFileCache: Scanning file cache for directory 'C:/Users/Student 2020/Documents/VRLivePerformance/UnrealVRLivePerformance/UnrealVR/Content/Developers/Student2020/Collections/' took 0.00s
[2020.10.19-09.26.40:244][  0]LogFileCache: Scanning file cache for directory 'C:/Users/Student 2020/Documents/VRLivePerformance/UnrealVRLivePerformance/UnrealVR/Content/Collections/' took 0.00s
[2020.10.19-09.26.40:244][  0]LogContentBrowser: Native class hierarchy populated in 0.0118 seconds. Added 3435 classes and 827 folders.
[2020.10.19-09.26.40:247][  0]LogContentBrowser: Native class hierarchy updated for 'WidgetCarousel' in 0.0004 seconds. Added 0 classes and 0 folders.
[2020.10.19-09.26.40:291][  0]LogContentBrowser: Native class hierarchy updated for 'AddContentDialog' in 0.0004 seconds. Added 0 classes and 0 folders.
[2020.10.19-09.26.40:292][  0]LogContentBrowser: Native class hierarchy updated for 'SceneOutliner' in 0.0004 seconds. Added 2 classes and 0 folders.
[2020.10.19-09.26.40:339][  0]LogSlate: Took 0.000156 seconds to synchronously load lazily loaded font '../../../Engine/Content/Slate/Fonts/Roboto-Regular.ttf' (155K)
[2020.10.19-09.26.40:341][  0]LogSlate: Took 0.000147 seconds to synchronously load lazily loaded font '../../../Engine/Content/Slate/Fonts/Roboto-Bold.ttf' (160K)
[2020.10.19-09.26.40:344][  0]LogSlate: Took 0.000127 seconds to synchronously load lazily loaded font '../../../Engine/Content/Editor/Slate/Fonts/FontAwesome.ttf' (139K)
[2020.10.19-09.26.40:412][  0]LogRenderer: Reallocating scene render targets to support 1616x808 Format 10 NumSamples 1 (Frame:1).
[2020.10.19-09.26.40:492][  0]LogContentBrowser: Native class hierarchy updated for 'HierarchicalLODOutliner' in 0.0005 seconds. Added 0 classes and 0 folders.
[2020.10.19-09.26.40:492][  0]LogLoad: (Engine Initialization) Total time: 6.21 seconds
[2020.10.19-09.26.40:492][  0]LogLoad: (Engine Initialization) Total Blueprint compile time: 0.00 seconds
[2020.10.19-09.26.40:503][  0]LogOcInput: OculusInput is initialized
[2020.10.19-09.26.40:532][  0]LogAssetRegistry: Asset discovery search completed in 3.1879 seconds
[2020.10.19-09.26.40:536][  0]LogCollectionManager: Fixed up redirectors for 0 collections in 0.000004 seconds (updated 0 objects)
[2020.10.19-09.26.40:538][  0]LogContentStreaming: Texture pool size now 1000 MB
[2020.10.19-09.26.41:524][112]LogSlate: Took 0.000168 seconds to synchronously load lazily loaded font '../../../Engine/Content/Slate/Fonts/Roboto-Light.ttf' (167K)
[2020.10.19-09.26.45:571][552]LogFileCache: Retrieving MD5 hashes for directory 'C:/Users/Student 2020/Documents/VRLivePerformance/UnrealVRLivePerformance/UnrealVR/Content/' took 5.07s
[2020.10.19-09.26.48:847][913]LogBlueprint: Warning: [Compiler PersistentLevel.Lobby] Node  Unknown  is not referencing a valid level actor
[2020.10.19-09.26.48:891][913]LogAssetEditorSubsystem: Opening Asset editor for World /Game/Maps/Lobby/Lobby.Lobby
[2020.10.19-09.26.48:918][913]LogUObjectHash: Compacting FUObjectHashTables data took   0.86ms
[2020.10.19-09.26.48:920][913]Cmd: MAP LOAD FILE="../../../../../../Users/Student 2020/Documents/VRLivePerformance/UnrealVRLivePerformance/UnrealVR/Content/Maps/Lobby/Lobby.umap" TEMPLATE=0 SHOWPROGRESS=1 FEATURELEVEL=3
[2020.10.19-09.26.48:920][913]LightingResults: New page: Lighting Build
[2020.10.19-09.26.48:920][913]LoadErrors: New page: Loading map: Lobby.umap
[2020.10.19-09.26.48:966][913]LogWorld: UWorld::CleanupWorld for Untitled_1, bSessionEnded=true, bCleanupResources=true
[2020.10.19-09.26.48:966][913]LogSlate: InvalidateAllWidgets triggered.  All widgets were invalidated
[2020.10.19-09.26.48:966][913]MapCheck: New page: Map Check
[2020.10.19-09.26.48:966][913]LightingResults: New page: Lighting Build
[2020.10.19-09.26.48:981][913]LogAISub: UAISubsystem::~UAISubsystem EnvQueryManager (0000025C60669A00), frame # 913
[2020.10.19-09.26.48:981][913]LogAISub: UAISubsystem::~UAISubsystem AIPerceptionSystem (0000025C606EDBC0), frame # 913
[2020.10.19-09.26.48:981][913]LogUObjectHash: Compacting FUObjectHashTables data took   0.68ms
[2020.10.19-09.26.48:987][913]LogEditorServer: Finished looking for orphan Actors (0.000 secs)
[2020.10.19-09.26.48:987][913]LogAIModule: Creating AISystem for world Lobby
[2020.10.19-09.26.48:987][913]LogAISub: UAISubsystem::UAISubsystem EnvQueryManager (0000025C60669E00), frame # 913
[2020.10.19-09.26.48:987][913]LogAISub: UAISubsystem::UAISubsystem AIPerceptionSystem (0000025C606EDF80), frame # 913
[2020.10.19-09.26.49:002][913]LogUObjectHash: Compacting FUObjectHashTables data took   0.64ms
[2020.10.19-09.26.49:039][913]Cmd: MAP CHECKDEP NOCLEARLOG
[2020.10.19-09.26.49:039][913]MapCheck: Map check complete: 0 Error(s), 0 Warning(s), took 0.133ms to complete.
[2020.10.19-09.26.49:039][913]LogFileHelpers: Loading map 'Lobby' took 0.119
[2020.10.19-09.26.50:104][ 33]LogEditorViewport: Clicking on Actor (LMB): InteractableObject_C (InteractableCube)
[2020.10.19-09.26.56:912][830]LogAssetEditorSubsystem: Opening Asset editor for Blueprint /Game/Blueprints/Temp/InteractableObject.InteractableObject
[2020.10.19-09.26.57:083][830]LogContentBrowser: Native class hierarchy updated for 'BlueprintGraph' in 0.0007 seconds. Added 125 classes and 0 folders.
[2020.10.19-09.26.57:884][830]LogSlate: Took 0.000124 seconds to synchronously load lazily loaded font '../../../Engine/Content/Slate/Fonts/Roboto-BoldCondensed.ttf' (158K)
[2020.10.19-09.26.57:917][831]LogSlate: Took 0.000144 seconds to synchronously load lazily loaded font '../../../Engine/Content/Slate/Fonts/Roboto-Italic.ttf' (157K)
[2020.10.19-09.27.11:255][967]LogAssetEditorSubsystem: Opening Asset editor for World /Game/Maps/MainMap.MainMap
[2020.10.19-09.27.11:286][967]LogUObjectHash: Compacting FUObjectHashTables data took   1.90ms
[2020.10.19-09.27.11:288][967]Cmd: MAP LOAD FILE="../../../../../../Users/Student 2020/Documents/VRLivePerformance/UnrealVRLivePerformance/UnrealVR/Content/Maps/MainMap.umap" TEMPLATE=0 SHOWPROGRESS=1 FEATURELEVEL=3
[2020.10.19-09.27.11:288][967]LightingResults: New page: Lighting Build
[2020.10.19-09.27.11:288][967]LoadErrors: New page: Loading map: MainMap.umap
[2020.10.19-09.27.11:289][967]LogWorld: UWorld::CleanupWorld for Lobby, bSessionEnded=true, bCleanupResources=true
[2020.10.19-09.27.11:289][967]LogSlate: InvalidateAllWidgets triggered.  All widgets were invalidated
[2020.10.19-09.27.11:289][967]MapCheck: New page: Map Check
[2020.10.19-09.27.11:289][967]LightingResults: New page: Lighting Build
[2020.10.19-09.27.11:313][967]LogAISub: UAISubsystem::~UAISubsystem AIPerceptionSystem (0000025C606EDF80), frame # 2967
[2020.10.19-09.27.11:314][967]LogAISub: UAISubsystem::~UAISubsystem EnvQueryManager (0000025C60669E00), frame # 2967
[2020.10.19-09.27.11:316][967]LogUObjectHash: Compacting FUObjectHashTables data took   1.91ms
[2020.10.19-09.27.11:317][967]LogStreaming: Display: ULevelStreaming::RequestLevel(/Game/Maps/EnvironmentMaps/SkyscraperMap/StageLevel) is flushing async loading
[2020.10.19-09.27.11:317][967]LogStreaming: Display: Flushing async loaders.
[2020.10.19-09.27.11:429][967]LogEditorServer: Finished looking for orphan Actors (0.000 secs)
[2020.10.19-09.27.11:429][967]LogAIModule: Creating AISystem for world MainMap
[2020.10.19-09.27.11:429][967]LogAISub: UAISubsystem::UAISubsystem EnvQueryManager (0000025C6066A800), frame # 2967
[2020.10.19-09.27.11:429][967]LogAISub: UAISubsystem::UAISubsystem AIPerceptionSystem (0000025C0409BEC0), frame # 2967
[2020.10.19-09.27.11:455][967]LogUObjectHash: Compacting FUObjectHashTables data took   1.99ms
[2020.10.19-09.27.11:493][967]Cmd: MAP CHECKDEP NOCLEARLOG
[2020.10.19-09.27.11:493][967]MapCheck: Map check complete: 0 Error(s), 0 Warning(s), took 0.198ms to complete.
[2020.10.19-09.27.11:493][967]LogFileHelpers: Loading map 'MainMap' took 0.205
[2020.10.19-09.27.15:117][353]LogPlayLevel: PlayLevel: No blueprints needed recompiling
[2020.10.19-09.27.15:118][353]PIE: New page: SIE session: MainMap (Oct 19, 2020, 1:27:15 PM)
[2020.10.19-09.27.15:119][353]LogOnline: OSS: Creating online subsystem instance for: NULL
[2020.10.19-09.27.15:120][353]LogOnline: OSS: TryLoadSubsystemAndSetDefault: Loaded subsystem for module [NULL]
[2020.10.19-09.27.15:120][353]LogPlayLevel: Creating play world package: /Game/Maps/UEDPIE_0_MainMap
[2020.10.19-09.27.15:121][353]LogPlayLevel: PIE: StaticDuplicateObject took: (0.001276s)
[2020.10.19-09.27.15:122][353]LogAIModule: Creating AISystem for world MainMap
[2020.10.19-09.27.15:122][353]LogAISub: UAISubsystem::UAISubsystem EnvQueryManager (0000025C1A0E0E00), frame # 3353
[2020.10.19-09.27.15:122][353]LogAISub: UAISubsystem::UAISubsystem AIPerceptionSystem (0000025C11A6DD00), frame # 3353
[2020.10.19-09.27.15:122][353]LogPlayLevel: PIE: World Init took: (0.001098s)
[2020.10.19-09.27.15:122][353]LogPlayLevel: PIE: Created PIE world by copying editor world from /Game/Maps/MainMap.MainMap to /Game/Maps/UEDPIE_0_MainMap.MainMap (0.002476s)
[2020.10.19-09.27.15:148][353]LogUObjectHash: Compacting FUObjectHashTables data took   1.56ms
[2020.10.19-09.27.15:150][353]LogAudioMixer: Display: Audio Mixer Platform Settings:
[2020.10.19-09.27.15:150][353]LogAudioMixer: Display: 	Sample Rate:						  48000
[2020.10.19-09.27.15:150][353]LogAudioMixer: Display: 	Callback Buffer Frame Size Requested: 1024
[2020.10.19-09.27.15:150][353]LogAudioMixer: Display: 	Callback Buffer Frame Size To Use:	  1024
[2020.10.19-09.27.15:150][353]LogAudioMixer: Display: 	Number of buffers to queue:			  2
[2020.10.19-09.27.15:150][353]LogAudioMixer: Display: 	Max Channels (voices):				  32
[2020.10.19-09.27.15:150][353]LogAudioMixer: Display: 	Number of Async Source Workers:		  0
[2020.10.19-09.27.15:150][353]LogAudio: Display: AudioDevice MaxSources: 32
[2020.10.19-09.27.15:150][353]LogAudio: Display: Using built-in audio occlusion.
[2020.10.19-09.27.15:150][353]LogAudioMixer: Display: Initializing audio mixer.
[2020.10.19-09.27.15:155][353]LogAudioMixer: Display: 0: FrontLeft
[2020.10.19-09.27.15:155][353]LogAudioMixer: Display: 1: FrontRight
[2020.10.19-09.27.15:172][353]LogAudioMixer: Display: Using Audio Device Headphones (2- Arctis 7 Game)
[2020.10.19-09.27.15:172][353]LogAudioMixer: Display: Initializing Sound Submixes...
[2020.10.19-09.27.15:172][353]LogAudioMixer: Display: Creating Master Submix 'MasterSubmixDefault'
[2020.10.19-09.27.15:172][353]LogAudioMixer: Display: Creating Master Submix 'MasterReverbSubmixDefault'
[2020.10.19-09.27.15:172][353]LogAudioMixer: Display: Creating Master Submix 'MasterEQSubmixDefault'
[2020.10.19-09.27.15:190][353]LogInit: FAudioDevice initialized.
[2020.10.19-09.27.15:194][353]LogLoad: Game class is 'GameModeBase'
[2020.10.19-09.27.15:196][353]LogWorld: Bringing World /Game/Maps/UEDPIE_0_MainMap.MainMap up for play (max tick rate 0) at 2020.10.19-11.27.15
[2020.10.19-09.27.15:196][353]LogWorld: Bringing up level for play took: 0.000563
[2020.10.19-09.27.15:196][353]LogOnline: OSS: Creating online subsystem instance for: :Context_3
[2020.10.19-09.27.15:197][353]LogGameMode: FindPlayerStart: PATHS NOT DEFINED or NO PLAYERSTART with positive rating
[2020.10.19-09.27.15:198][353]LogContentBrowser: Native class hierarchy updated for 'MovieSceneCapture' in 0.0005 seconds. Added 20 classes and 0 folders.
[2020.10.19-09.27.15:202][353]PIE: Server logged in
[2020.10.19-09.27.15:204][353]PIE: Play in editor total start time 0.087 seconds.
[2020.10.19-09.27.16:399][412]LogLongPackageNames: Warning: URL: \Game\Content\Maps\Lobby\Lobby: Name may not contain the following characters: '\'
[2020.10.19-09.27.16:399][412]LogLongPackageNames: Warning: URL: \Game\Content\Maps\Lobby\Lobby: Name may not contain the following characters: '\'
[2020.10.19-09.27.16:399][412]LogNet: Browse: /Engine/Maps/Entry
[2020.10.19-09.27.16:399][412]LogNet: Warning: Travel Failure: [InvalidURL]: Invalid URL: /Engine/Maps/Entry
[2020.10.19-09.27.16:399][412]LogNet: Warning: TravelFailure: InvalidURL, Reason for Failure: 'Invalid URL: /Engine/Maps/Entry'. Shutting down PIE.
[2020.10.19-09.27.16:399][412]PIE: Warning: TravelFailure: InvalidURL, Reason for Failure: 'Invalid URL: /Engine/Maps/Entry'. Shutting down PIE.
[2020.10.19-09.27.16:399][412]LogNet: Warning: Travel Failure: [ClientTravelFailure]: Invalid URL: /Engine/Maps/Entry
[2020.10.19-09.27.16:399][412]LogNet: Warning: TravelFailure: ClientTravelFailure, Reason for Failure: 'Invalid URL: /Engine/Maps/Entry'. Shutting down PIE.
[2020.10.19-09.27.16:399][412]PIE: Warning: TravelFailure: ClientTravelFailure, Reason for Failure: 'Invalid URL: /Engine/Maps/Entry'. Shutting down PIE.
[2020.10.19-09.27.16:426][412]LogSlate: Updating window title bar state: overlay mode, drag disabled, window buttons hidden, title bar hidden
[2020.10.19-09.27.16:426][412]LogWorld: BeginTearingDown for /Game/Maps/UEDPIE_0_MainMap
[2020.10.19-09.27.16:427][412]LogWorld: UWorld::CleanupWorld for MainMap, bSessionEnded=true, bCleanupResources=true
[2020.10.19-09.27.16:427][412]LogSlate: InvalidateAllWidgets triggered.  All widgets were invalidated
[2020.10.19-09.27.16:435][412]LogPlayLevel: Display: Shutting down PIE online subsystems
[2020.10.19-09.27.16:440][412]LogSlate: InvalidateAllWidgets triggered.  All widgets were invalidated
[2020.10.19-09.27.16:475][412]LogSlate: Updating window title bar state: overlay mode, drag disabled, window buttons hidden, title bar hidden
[2020.10.19-09.27.16:511][412]LogAISub: UAISubsystem::~UAISubsystem AIPerceptionSystem (0000025C11A6DD00), frame # 3412
[2020.10.19-09.27.16:511][412]LogAISub: UAISubsystem::~UAISubsystem EnvQueryManager (0000025C1A0E0E00), frame # 3412
[2020.10.19-09.27.16:516][412]LogUObjectHash: Compacting FUObjectHashTables data took   3.10ms
[2020.10.19-09.27.16:649][412]LogSlate: Took 0.006643 seconds to synchronously load lazily loaded font '../../../Engine/Content/Slate/Fonts/DroidSansMono.ttf' (77K)
[2020.10.19-09.27.16:656][413]LogPlayLevel: Display: Destroying online subsystem :Context_3
[2020.10.19-09.27.18:261][567]LogSlate: Window 'Message Log' being destroyed
[2020.10.19-09.27.18:269][567]LogSlate: Window 'Message Log' being destroyed
[2020.10.19-09.27.20:800][845]LogAssetEditorSubsystem: Opening Asset editor for WidgetBlueprint /Game/Maps/MainMapUI.MainMapUI
[2020.10.19-09.27.35:658][464]LogTemp: Repeating last play command: Simulate
[2020.10.19-09.27.35:695][464]BlueprintLog: New page: Pre-Play auto-recompile
[2020.10.19-09.27.35:699][464]LogPlayLevel: [PlayLevel] Compiling MainMapUI before play...
[2020.10.19-09.27.35:788][464]LogUObjectHash: Compacting FUObjectHashTables data took   5.04ms
[2020.10.19-09.27.35:790][464]LogPlayLevel: PlayLevel: Blueprint regeneration took 94 ms (1 blueprints)
[2020.10.19-09.27.35:790][464]PIE: New page: SIE session: MainMap (Oct 19, 2020, 1:27:35 PM)
[2020.10.19-09.27.35:837][464]LogPlayLevel: Creating play world package: /Game/Maps/UEDPIE_0_MainMap
[2020.10.19-09.27.35:839][464]LogPlayLevel: PIE: StaticDuplicateObject took: (0.001418s)
[2020.10.19-09.27.35:839][464]LogAIModule: Creating AISystem for world MainMap
[2020.10.19-09.27.35:839][464]LogAISub: UAISubsystem::UAISubsystem EnvQueryManager (0000025C83458400), frame # 5464
[2020.10.19-09.27.35:839][464]LogAISub: UAISubsystem::UAISubsystem AIPerceptionSystem (0000025C840507C0), frame # 5464
[2020.10.19-09.27.35:840][464]LogPlayLevel: PIE: World Init took: (0.000993s)
[2020.10.19-09.27.35:840][464]LogPlayLevel: PIE: Created PIE world by copying editor world from /Game/Maps/MainMap.MainMap to /Game/Maps/UEDPIE_0_MainMap.MainMap (0.002571s)
[2020.10.19-09.27.35:881][464]LogUObjectHash: Compacting FUObjectHashTables data took   3.55ms
[2020.10.19-09.27.35:881][464]LogAudioMixer: Display: Audio Mixer Platform Settings:
[2020.10.19-09.27.35:881][464]LogAudioMixer: Display: 	Sample Rate:						  48000
[2020.10.19-09.27.35:881][464]LogAudioMixer: Display: 	Callback Buffer Frame Size Requested: 1024
[2020.10.19-09.27.35:881][464]LogAudioMixer: Display: 	Callback Buffer Frame Size To Use:	  1024
[2020.10.19-09.27.35:881][464]LogAudioMixer: Display: 	Number of buffers to queue:			  2
[2020.10.19-09.27.35:881][464]LogAudioMixer: Display: 	Max Channels (voices):				  32
[2020.10.19-09.27.35:881][464]LogAudioMixer: Display: 	Number of Async Source Workers:		  0
[2020.10.19-09.27.35:881][464]LogAudio: Display: AudioDevice MaxSources: 32
[2020.10.19-09.27.35:882][464]LogAudio: Display: Using built-in audio occlusion.
[2020.10.19-09.27.35:882][464]LogAudioMixer: Display: Initializing audio mixer.
[2020.10.19-09.27.35:887][464]LogAudioMixer: Display: 0: FrontLeft
[2020.10.19-09.27.35:887][464]LogAudioMixer: Display: 1: FrontRight
[2020.10.19-09.27.35:902][464]LogAudioMixer: Display: Using Audio Device Headphones (2- Arctis 7 Game)
[2020.10.19-09.27.35:903][464]LogAudioMixer: Display: Initializing Sound Submixes...
[2020.10.19-09.27.35:903][464]LogAudioMixer: Display: Creating Master Submix 'MasterSubmixDefault'
[2020.10.19-09.27.35:903][464]LogAudioMixer: Display: Creating Master Submix 'MasterReverbSubmixDefault'
[2020.10.19-09.27.35:903][464]LogAudioMixer: Display: Creating Master Submix 'MasterEQSubmixDefault'
[2020.10.19-09.27.35:918][464]LogInit: FAudioDevice initialized.
[2020.10.19-09.27.35:930][464]LogLoad: Game class is 'GameModeBase'
[2020.10.19-09.27.35:931][464]LogWorld: Bringing World /Game/Maps/UEDPIE_0_MainMap.MainMap up for play (max tick rate 0) at 2020.10.19-11.27.35
[2020.10.19-09.27.35:931][464]LogWorld: Bringing up level for play took: 0.000467
[2020.10.19-09.27.35:931][464]LogOnline: OSS: Creating online subsystem instance for: :Context_6
[2020.10.19-09.27.35:932][464]LogGameMode: FindPlayerStart: PATHS NOT DEFINED or NO PLAYERSTART with positive rating
[2020.10.19-09.27.35:933][464]PIE: Server logged in
[2020.10.19-09.27.35:933][464]PIE: Play in editor total start time 0.239 seconds.
[2020.10.19-09.27.36:760][529]LogPackageName: SearchForPackageOnDisk took   0.096s, but failed to resolve StageMap.umap.
[2020.10.19-09.27.36:852][529]LogPackageName: SearchForPackageOnDisk took   0.091s, but failed to resolve StageMap.umap.
[2020.10.19-09.27.36:852][529]LogNet: Browse: /Engine/Maps/Entry
[2020.10.19-09.27.36:852][529]LogNet: Warning: Travel Failure: [InvalidURL]: Invalid URL: /Engine/Maps/Entry
[2020.10.19-09.27.36:852][529]LogNet: Warning: TravelFailure: InvalidURL, Reason for Failure: 'Invalid URL: /Engine/Maps/Entry'. Shutting down PIE.
[2020.10.19-09.27.36:852][529]PIE: Warning: TravelFailure: InvalidURL, Reason for Failure: 'Invalid URL: /Engine/Maps/Entry'. Shutting down PIE.
[2020.10.19-09.27.36:852][529]LogNet: Warning: Travel Failure: [ClientTravelFailure]: Invalid URL: /Engine/Maps/Entry
[2020.10.19-09.27.36:852][529]LogNet: Warning: TravelFailure: ClientTravelFailure, Reason for Failure: 'Invalid URL: /Engine/Maps/Entry'. Shutting down PIE.
[2020.10.19-09.27.36:852][529]PIE: Warning: TravelFailure: ClientTravelFailure, Reason for Failure: 'Invalid URL: /Engine/Maps/Entry'. Shutting down PIE.
[2020.10.19-09.27.36:876][529]LogSlate: Updating window title bar state: overlay mode, drag disabled, window buttons hidden, title bar hidden
[2020.10.19-09.27.36:876][529]LogWorld: BeginTearingDown for /Game/Maps/UEDPIE_0_MainMap
[2020.10.19-09.27.36:876][529]LogWorld: UWorld::CleanupWorld for MainMap, bSessionEnded=true, bCleanupResources=true
[2020.10.19-09.27.36:876][529]LogSlate: InvalidateAllWidgets triggered.  All widgets were invalidated
[2020.10.19-09.27.36:882][529]LogPlayLevel: Display: Shutting down PIE online subsystems
[2020.10.19-09.27.36:888][529]LogSlate: InvalidateAllWidgets triggered.  All widgets were invalidated
[2020.10.19-09.27.36:921][529]LogSlate: Updating window title bar state: overlay mode, drag disabled, window buttons hidden, title bar hidden
[2020.10.19-09.27.36:940][529]LogAISub: UAISubsystem::~UAISubsystem AIPerceptionSystem (0000025C840507C0), frame # 5529
[2020.10.19-09.27.36:940][529]LogAISub: UAISubsystem::~UAISubsystem EnvQueryManager (0000025C83458400), frame # 5529
[2020.10.19-09.27.36:943][529]LogUObjectHash: Compacting FUObjectHashTables data took   3.23ms
[2020.10.19-09.27.37:083][530]LogPlayLevel: Display: Destroying online subsystem :Context_6
[2020.10.19-09.27.38:619][585]LogSlate: Window 'Message Log' being destroyed
[2020.10.19-09.27.38:625][585]LogSlate: Window 'Message Log' being destroyed
[2020.10.19-09.27.45:948][421]BlueprintLog: New page: Compile MainMapUI
[2020.10.19-09.27.45:989][421]LogUObjectHash: Compacting FUObjectHashTables data took   3.16ms
[2020.10.19-09.27.46:487][473]Cmd: OBJ SAVEPACKAGE PACKAGE="/Game/Maps/MainMapUI" FILE="../../../../../../Users/Student 2020/Documents/VRLivePerformance/UnrealVRLivePerformance/UnrealVR/Content/Maps/MainMapUI.uasset" SILENT=true
[2020.10.19-09.27.46:518][473]LogSavePackage: Moving '../../../../../../Users/Student 2020/Documents/VRLivePerformance/UnrealVRLivePerformance/UnrealVR/Saved/MainMapUID3CCE78D44CA1A1EF3133FBFDFA7ECCA.tmp' to '../../../../../../Users/Student 2020/Documents/VRLivePerformance/UnrealVRLivePerformance/UnrealVR/Content/Maps/MainMapUI.uasset'
[2020.10.19-09.27.46:539][473]AssetCheck: New page: Asset Save: MainMapUI
[2020.10.19-09.27.46:539][473]LogContentValidation: Display: Validating WidgetBlueprint /Game/Maps/MainMapUI.MainMapUI
[2020.10.19-09.27.47:632][594]LogTemp: Repeating last play command: Simulate
[2020.10.19-09.27.47:655][594]LogPlayLevel: PlayLevel: No blueprints needed recompiling
[2020.10.19-09.27.47:655][594]PIE: New page: SIE session: MainMap (Oct 19, 2020, 1:27:47 PM)
[2020.10.19-09.27.47:676][594]LogPlayLevel: Creating play world package: /Game/Maps/UEDPIE_0_MainMap
[2020.10.19-09.27.47:677][594]LogPlayLevel: PIE: StaticDuplicateObject took: (0.001409s)
[2020.10.19-09.27.47:678][594]LogAIModule: Creating AISystem for world MainMap
[2020.10.19-09.27.47:678][594]LogAISub: UAISubsystem::UAISubsystem EnvQueryManager (0000025C8345B200), frame # 6594
[2020.10.19-09.27.47:678][594]LogAISub: UAISubsystem::UAISubsystem AIPerceptionSystem (0000025C840539C0), frame # 6594
[2020.10.19-09.27.47:679][594]LogPlayLevel: PIE: World Init took: (0.000978s)
[2020.10.19-09.27.47:679][594]LogPlayLevel: PIE: Created PIE world by copying editor world from /Game/Maps/MainMap.MainMap to /Game/Maps/UEDPIE_0_MainMap.MainMap (0.002571s)
[2020.10.19-09.27.47:713][594]LogUObjectHash: Compacting FUObjectHashTables data took   3.90ms
[2020.10.19-09.27.47:714][594]LogAudioMixer: Display: Audio Mixer Platform Settings:
[2020.10.19-09.27.47:714][594]LogAudioMixer: Display: 	Sample Rate:						  48000
[2020.10.19-09.27.47:714][594]LogAudioMixer: Display: 	Callback Buffer Frame Size Requested: 1024
[2020.10.19-09.27.47:714][594]LogAudioMixer: Display: 	Callback Buffer Frame Size To Use:	  1024
[2020.10.19-09.27.47:714][594]LogAudioMixer: Display: 	Number of buffers to queue:			  2
[2020.10.19-09.27.47:714][594]LogAudioMixer: Display: 	Max Channels (voices):				  32
[2020.10.19-09.27.47:715][594]LogAudioMixer: Display: 	Number of Async Source Workers:		  0
[2020.10.19-09.27.47:715][594]LogAudio: Display: AudioDevice MaxSources: 32
[2020.10.19-09.27.47:715][594]LogAudio: Display: Using built-in audio occlusion.
[2020.10.19-09.27.47:715][594]LogAudioMixer: Display: Initializing audio mixer.
[2020.10.19-09.27.47:720][594]LogAudioMixer: Display: 0: FrontLeft
[2020.10.19-09.27.47:720][594]LogAudioMixer: Display: 1: FrontRight
[2020.10.19-09.27.47:735][594]LogAudioMixer: Display: Using Audio Device Headphones (2- Arctis 7 Game)
[2020.10.19-09.27.47:735][594]LogAudioMixer: Display: Initializing Sound Submixes...
[2020.10.19-09.27.47:735][594]LogAudioMixer: Display: Creating Master Submix 'MasterSubmixDefault'
[2020.10.19-09.27.47:735][594]LogAudioMixer: Display: Creating Master Submix 'MasterReverbSubmixDefault'
[2020.10.19-09.27.47:735][594]LogAudioMixer: Display: Creating Master Submix 'MasterEQSubmixDefault'
[2020.10.19-09.27.47:751][594]LogInit: FAudioDevice initialized.
[2020.10.19-09.27.47:757][594]LogLoad: Game class is 'GameModeBase'
[2020.10.19-09.27.47:757][594]LogWorld: Bringing World /Game/Maps/UEDPIE_0_MainMap.MainMap up for play (max tick rate 0) at 2020.10.19-11.27.47
[2020.10.19-09.27.47:758][594]LogWorld: Bringing up level for play took: 0.000428
[2020.10.19-09.27.47:758][594]LogOnline: OSS: Creating online subsystem instance for: :Context_7
[2020.10.19-09.27.47:759][594]LogGameMode: FindPlayerStart: PATHS NOT DEFINED or NO PLAYERSTART with positive rating
[2020.10.19-09.27.47:760][594]PIE: Server logged in
[2020.10.19-09.27.47:761][594]PIE: Play in editor total start time 0.11 seconds.
[2020.10.19-09.27.48:370][645]LogNet: Browse: /Game/Maps/EnvironmentMaps/SkyscraperMap/StageLevel
[2020.10.19-09.27.48:370][645]LogHMD: Initializing OVRPlugin session
[2020.10.19-09.27.48:491][645]LogHMD: Allocating Oculus 3296 x 1776 rendertarget swapchain
[2020.10.19-09.27.48:491][645]LogLoadingSplash: Loading texture for splash rp_manuel_animated_001_dif...
[2020.10.19-09.27.48:491][645]LogLoadingSplash: ...Success. 
[2020.10.19-09.27.48:491][645]LogHMD: FSplash::OnShow
[2020.10.19-09.27.48:491][645]LogLoad: LoadMap: /Game/Maps/EnvironmentMaps/SkyscraperMap/StageLevel
[2020.10.19-09.27.48:491][645]LogWorld: BeginTearingDown for /Game/Maps/UEDPIE_0_MainMap
[2020.10.19-09.27.48:492][645]LogWorld: UWorld::CleanupWorld for MainMap, bSessionEnded=true, bCleanupResources=true
[2020.10.19-09.27.48:492][645]LogSlate: InvalidateAllWidgets triggered.  All widgets were invalidated
[2020.10.19-09.27.48:548][645]LogAISub: UAISubsystem::~UAISubsystem AIPerceptionSystem (0000025C840539C0), frame # 6645
[2020.10.19-09.27.48:548][645]LogAISub: UAISubsystem::~UAISubsystem EnvQueryManager (0000025C8345B200), frame # 6645
[2020.10.19-09.27.48:551][645]LogUObjectHash: Compacting FUObjectHashTables data took   2.88ms
[2020.10.19-09.27.48:553][645]LogPlayLevel: Creating play world package: /Game/Maps/EnvironmentMaps/SkyscraperMap/UEDPIE_0_StageLevel
[2020.10.19-09.27.48:556][645]LogPlayLevel: PIE: StaticDuplicateObject took: (0.002988s)
[2020.10.19-09.27.48:557][645]LogAIModule: Creating AISystem for world StageLevel
[2020.10.19-09.27.48:557][645]LogAISub: UAISubsystem::UAISubsystem EnvQueryManager (0000025C12E7AE00), frame # 6645
[2020.10.19-09.27.48:557][645]LogAISub: UAISubsystem::UAISubsystem AIPerceptionSystem (0000025C83C29440), frame # 6645
[2020.10.19-09.27.48:557][645]LogPlayLevel: PIE: World Init took: (0.001013s)
[2020.10.19-09.27.48:557][645]LogPlayLevel: PIE: Created PIE world by copying editor world from /Game/Maps/EnvironmentMaps/SkyscraperMap/StageLevel.StageLevel to /Game/Maps/EnvironmentMaps/SkyscraperMap/UEDPIE_0_StageLevel.StageLevel (0.004146s)
[2020.10.19-09.27.48:557][645]LogLoad: Game class is 'GameModeBase'
[2020.10.19-09.27.48:559][645]LogWorld: Bringing World /Game/Maps/EnvironmentMaps/SkyscraperMap/UEDPIE_0_StageLevel.StageLevel up for play (max tick rate 0) at 2020.10.19-11.27.48
[2020.10.19-09.27.48:560][645]LogWorld: Bringing up level for play took: 0.001641
[2020.10.19-09.27.48:560][645]LogGameMode: FindPlayerStart: PATHS NOT DEFINED or NO PLAYERSTART with positive rating
[2020.10.19-09.27.48:560][645]LogLoadingSplash: Loading texture for splash rp_manuel_animated_001_dif...
[2020.10.19-09.27.48:560][645]LogLoadingSplash: ...Success. 
[2020.10.19-09.27.48:561][645]LogHMD: FSplash::OnShow
[2020.10.19-09.27.48:567][645]LogLoad: Took 0.075303 seconds to LoadMap(/Game/Maps/EnvironmentMaps/SkyscraperMap/UEDPIE_0_StageLevel)
[2020.10.19-09.27.48:617][646]LogHMD: FSplash::OnHide
[2020.10.19-09.27.49:756][754]LogSlate: Updating window title bar state: overlay mode, drag disabled, window buttons hidden, title bar hidden
[2020.10.19-09.27.49:756][754]LogWorld: BeginTearingDown for /Game/Maps/EnvironmentMaps/SkyscraperMap/UEDPIE_0_StageLevel
[2020.10.19-09.27.49:757][754]LogWorld: UWorld::CleanupWorld for StageLevel, bSessionEnded=true, bCleanupResources=true
[2020.10.19-09.27.49:757][754]LogSlate: InvalidateAllWidgets triggered.  All widgets were invalidated
[2020.10.19-09.27.49:763][754]LogPlayLevel: Display: Shutting down PIE online subsystems
[2020.10.19-09.27.49:770][754]LogSlate: InvalidateAllWidgets triggered.  All widgets were invalidated
[2020.10.19-09.27.49:822][754]LogSlate: Updating window title bar state: overlay mode, drag disabled, window buttons hidden, title bar hidden
[2020.10.19-09.27.49:823][754]LogAISub: UAISubsystem::~UAISubsystem AIPerceptionSystem (0000025C83C29440), frame # 6754
[2020.10.19-09.27.49:823][754]LogAISub: UAISubsystem::~UAISubsystem EnvQueryManager (0000025C12E7AE00), frame # 6754
[2020.10.19-09.27.49:826][754]LogUObjectHash: Compacting FUObjectHashTables data took   3.10ms
[2020.10.19-09.27.49:862][755]LogPlayLevel: Display: Destroying online subsystem :Context_7
[2020.10.19-09.28.08:186][842]BlueprintLog: New page: Compile MainMapUI
[2020.10.19-09.28.08:227][842]LogUObjectHash: Compacting FUObjectHashTables data took   3.26ms
[2020.10.19-09.28.08:737][894]Cmd: OBJ SAVEPACKAGE PACKAGE="/Game/Maps/MainMapUI" FILE="../../../../../../Users/Student 2020/Documents/VRLivePerformance/UnrealVRLivePerformance/UnrealVR/Content/Maps/MainMapUI.uasset" SILENT=true
[2020.10.19-09.28.08:763][894]LogSavePackage: Moving '../../../../../../Users/Student 2020/Documents/VRLivePerformance/UnrealVRLivePerformance/UnrealVR/Saved/MainMapUI41D5F13447FE8C336F09E2B6E62FE573.tmp' to '../../../../../../Users/Student 2020/Documents/VRLivePerformance/UnrealVRLivePerformance/UnrealVR/Content/Maps/MainMapUI.uasset'
[2020.10.19-09.28.08:780][894]AssetCheck: New page: Asset Save: MainMapUI
[2020.10.19-09.28.08:780][894]LogContentValidation: Display: Validating WidgetBlueprint /Game/Maps/MainMapUI.MainMapUI
[2020.10.19-09.28.10:051][ 27]LogTemp: Repeating last play command: Simulate
[2020.10.19-09.28.10:074][ 27]LogPlayLevel: PlayLevel: No blueprints needed recompiling
[2020.10.19-09.28.10:074][ 27]PIE: New page: SIE session: MainMap (Oct 19, 2020, 1:28:10 PM)
[2020.10.19-09.28.10:074][ 27]LogPlayLevel: Creating play world package: /Game/Maps/UEDPIE_0_MainMap
[2020.10.19-09.28.10:075][ 27]LogPlayLevel: PIE: StaticDuplicateObject took: (0.001079s)
[2020.10.19-09.28.10:076][ 27]LogAIModule: Creating AISystem for world MainMap
[2020.10.19-09.28.10:076][ 27]LogAISub: UAISubsystem::UAISubsystem EnvQueryManager (0000025C8B1FCE00), frame # 9027
[2020.10.19-09.28.10:076][ 27]LogAISub: UAISubsystem::UAISubsystem AIPerceptionSystem (0000025C8B9CD300), frame # 9027
[2020.10.19-09.28.10:076][ 27]LogPlayLevel: PIE: World Init took: (0.001067s)
[2020.10.19-09.28.10:076][ 27]LogPlayLevel: PIE: Created PIE world by copying editor world from /Game/Maps/MainMap.MainMap to /Game/Maps/UEDPIE_0_MainMap.MainMap (0.002234s)
[2020.10.19-09.28.10:113][ 27]LogUObjectHash: Compacting FUObjectHashTables data took   3.95ms
[2020.10.19-09.28.10:114][ 27]LogAudioMixer: Display: Audio Mixer Platform Settings:
[2020.10.19-09.28.10:114][ 27]LogAudioMixer: Display: 	Sample Rate:						  48000
[2020.10.19-09.28.10:114][ 27]LogAudioMixer: Display: 	Callback Buffer Frame Size Requested: 1024
[2020.10.19-09.28.10:114][ 27]LogAudioMixer: Display: 	Callback Buffer Frame Size To Use:	  1024
[2020.10.19-09.28.10:114][ 27]LogAudioMixer: Display: 	Number of buffers to queue:			  2
[2020.10.19-09.28.10:114][ 27]LogAudioMixer: Display: 	Max Channels (voices):				  32
[2020.10.19-09.28.10:114][ 27]LogAudioMixer: Display: 	Number of Async Source Workers:		  0
[2020.10.19-09.28.10:114][ 27]LogAudio: Display: AudioDevice MaxSources: 32
[2020.10.19-09.28.10:115][ 27]LogAudio: Display: Using built-in audio occlusion.
[2020.10.19-09.28.10:115][ 27]LogAudioMixer: Display: Initializing audio mixer.
[2020.10.19-09.28.10:119][ 27]LogAudioMixer: Display: 0: FrontLeft
[2020.10.19-09.28.10:119][ 27]LogAudioMixer: Display: 1: FrontRight
[2020.10.19-09.28.10:135][ 27]LogAudioMixer: Display: Using Audio Device Headphones (2- Arctis 7 Game)
[2020.10.19-09.28.10:135][ 27]LogAudioMixer: Display: Initializing Sound Submixes...
[2020.10.19-09.28.10:135][ 27]LogAudioMixer: Display: Creating Master Submix 'MasterSubmixDefault'
[2020.10.19-09.28.10:135][ 27]LogAudioMixer: Display: Creating Master Submix 'MasterReverbSubmixDefault'
[2020.10.19-09.28.10:136][ 27]LogAudioMixer: Display: Creating Master Submix 'MasterEQSubmixDefault'
[2020.10.19-09.28.10:153][ 27]LogInit: FAudioDevice initialized.
[2020.10.19-09.28.10:160][ 27]LogLoad: Game class is 'GameModeBase'
[2020.10.19-09.28.10:160][ 27]LogWorld: Bringing World /Game/Maps/UEDPIE_0_MainMap.MainMap up for play (max tick rate 0) at 2020.10.19-11.28.10
[2020.10.19-09.28.10:161][ 27]LogWorld: Bringing up level for play took: 0.000409
[2020.10.19-09.28.10:161][ 27]LogOnline: OSS: Creating online subsystem instance for: :Context_8
[2020.10.19-09.28.10:162][ 27]LogGameMode: FindPlayerStart: PATHS NOT DEFINED or NO PLAYERSTART with positive rating
[2020.10.19-09.28.10:163][ 27]PIE: Server logged in
[2020.10.19-09.28.10:164][ 27]PIE: Play in editor total start time 0.093 seconds.
[2020.10.19-09.28.10:923][ 86]LogNet: Browse: C:/Users/Student 2020/Documents/VRLivePerformance/UnrealVRLivePerformance/UnrealVR/Content/Maps/EnvironmentMaps/SkyscraperMap/StageLevel.umap
[2020.10.19-09.28.10:923][ 86]LogLoadingSplash: Loading texture for splash rp_manuel_animated_001_dif...
[2020.10.19-09.28.10:923][ 86]LogLoadingSplash: ...Success. 
[2020.10.19-09.28.10:924][ 86]LogHMD: FSplash::OnShow
[2020.10.19-09.28.10:924][ 86]LogLoad: LoadMap: C:/Users/Student 2020/Documents/VRLivePerformance/UnrealVRLivePerformance/UnrealVR/Content/Maps/EnvironmentMaps/SkyscraperMap/StageLevel.umap
[2020.10.19-09.28.10:924][ 86]LogWorld: BeginTearingDown for /Game/Maps/UEDPIE_0_MainMap
[2020.10.19-09.28.10:925][ 86]LogWorld: UWorld::CleanupWorld for MainMap, bSessionEnded=true, bCleanupResources=true
[2020.10.19-09.28.10:925][ 86]LogSlate: InvalidateAllWidgets triggered.  All widgets were invalidated
