Log file open, 10/19/20 11:51:09
LogInit: Display: Running engine for game: UnrealVR
LogPlatformFile: Not using cached read wrapper
LogTaskGraph: Started task graph with 5 named threads and 47 total threads with 3 sets of task threads.
LogStats: Stats thread started at 0.165345
LogD3D11RHI: Loaded GFSDK_Aftermath_Lib.x64.dll
LogICUInternationalization: ICU TimeZone Detection - Raw Offset: +1:00, Platform Override: ''
LogPluginManager: Mounting plugin Paper2D
LogPluginManager: Mounting plugin AISupport
LogPluginManager: Mounting plugin LightPropagationVolume
LogPluginManager: Mounting plugin CameraShakePreviewer
LogPluginManager: Mounting plugin ActorLayerUtilities
LogPluginManager: Mounting plugin AnimationSharing
LogPluginManager: Mounting plugin CLionSourceCodeAccess
LogPluginManager: Mounting plugin CodeLiteSourceCodeAccess
LogPluginManager: Mounting plugin GitSourceControl
LogPluginManager: Mounting plugin KDevelopSourceCodeAccess
LogPluginManager: Mounting plugin NullSourceCodeAccess
LogPluginManager: Mounting plugin PerforceSourceControl
LogPluginManager: Mounting plugin PlasticSourceControl
LogPluginManager: Mounting plugin RiderSourceCodeAccess
LogPluginManager: Mounting plugin SubversionSourceControl
LogPluginManager: Mounting plugin UObjectPlugin
LogPluginManager: Mounting plugin VisualStudioCodeSourceCodeAccess
LogPluginManager: Mounting plugin VisualStudioSourceCodeAccess
LogPluginManager: Mounting plugin XCodeSourceCodeAccess
LogPluginManager: Mounting plugin AssetManagerEditor
LogPluginManager: Mounting plugin CryptoKeys
LogPluginManager: Mounting plugin CurveEditorTools
LogPluginManager: Mounting plugin DataValidation
LogPluginManager: Mounting plugin EditorScriptingUtilities
LogPluginManager: Mounting plugin FacialAnimation
LogPluginManager: Mounting plugin GameplayTagsEditor
LogPluginManager: Mounting plugin GeometryMode
LogPluginManager: Mounting plugin MacGraphicsSwitching
LogPluginManager: Mounting plugin MaterialAnalyzer
LogPluginManager: Mounting plugin MobileLauncherProfileWizard
LogPluginManager: Mounting plugin PluginBrowser
LogPluginManager: Mounting plugin SpeedTreeImporter
LogPluginManager: Mounting plugin DatasmithContent
LogPluginManager: Mounting plugin VariantManagerContent
LogPluginManager: Mounting plugin AlembicImporter
LogPluginManager: Mounting plugin AutomationUtils
LogPluginManager: Mounting plugin BackChannel
LogPluginManager: Mounting plugin ChaosCloth
LogPluginManager: Mounting plugin ChaosClothEditor
LogPluginManager: Mounting plugin ChaosEditor
LogPluginManager: Mounting plugin ChaosNiagara
LogPluginManager: Mounting plugin ChaosSolverPlugin
LogPluginManager: Mounting plugin CharacterAI
LogPluginManager: Mounting plugin GeometryCache
LogPluginManager: Mounting plugin GeometryCollectionPlugin
LogPluginManager: Mounting plugin GeometryProcessing
LogPluginManager: Mounting plugin PlanarCut
LogPluginManager: Mounting plugin PlatformCrypto
LogPluginManager: Mounting plugin ProxyLODPlugin
LogPluginManager: Mounting plugin SkeletalReduction
LogPluginManager: Mounting plugin Niagara
LogPluginManager: Mounting plugin MagicLeap
LogPluginManager: Mounting plugin MagicLeapLightEstimation
LogPluginManager: Mounting plugin MagicLeapMedia
LogPluginManager: Mounting plugin MagicLeapPassableWorld
LogPluginManager: Mounting plugin MLSDK
LogPluginManager: Mounting plugin UIWS
LogPluginManager: Mounting plugin AndroidMedia
LogPluginManager: Mounting plugin AvfMedia
LogPluginManager: Mounting plugin ImgMedia
LogPluginManager: Mounting plugin MediaCompositing
LogPluginManager: Mounting plugin MediaPlayerEditor
LogPluginManager: Mounting plugin WebMMedia
LogPluginManager: Mounting plugin WmfMedia
LogPluginManager: Mounting plugin MeshPainting
LogPluginManager: Mounting plugin TcpMessaging
LogPluginManager: Mounting plugin UdpMessaging
LogPluginManager: Mounting plugin ActorSequence
LogPluginManager: Mounting plugin LevelSequenceEditor
LogPluginManager: Mounting plugin MatineeToLevelSequence
LogPluginManager: Mounting plugin MovieRenderPipeline
LogPluginManager: Mounting plugin TemplateSequence
LogPluginManager: Mounting plugin NetcodeUnitTest
LogPluginManager: Mounting plugin NUTUnrealEngine4
LogPluginManager: Mounting plugin OnlineSubsystemGooglePlay
LogPluginManager: Mounting plugin OnlineSubsystemIOS
LogPluginManager: Mounting plugin OnlineSubsystem
LogPluginManager: Mounting plugin OnlineSubsystemNull
LogPluginManager: Mounting plugin OnlineSubsystemUtils
LogPluginManager: Mounting plugin LauncherChunkInstaller
LogPluginManager: Mounting plugin AndroidDeviceProfileSelector
LogPluginManager: Mounting plugin AndroidMoviePlayer
LogPluginManager: Mounting plugin AndroidPermission
LogPluginManager: Mounting plugin AppleImageUtils
LogPluginManager: Mounting plugin AppleMoviePlayer
LogPluginManager: Mounting plugin ArchVisCharacter
LogPluginManager: Mounting plugin AssetTags
LogPluginManager: Mounting plugin AudioCapture
LogPluginManager: Mounting plugin CableComponent
LogPluginManager: Mounting plugin CustomMeshComponent
LogPluginManager: Mounting plugin EditableMesh
LogPluginManager: Mounting plugin ExampleDeviceProfileSelector
LogPluginManager: Mounting plugin GoogleCloudMessaging
LogPluginManager: Mounting plugin GooglePAD
LogPluginManager: Mounting plugin IOSDeviceProfileSelector
LogPluginManager: Mounting plugin LinuxDeviceProfileSelector
LogPluginManager: Mounting plugin LocationServicesBPLibrary
LogPluginManager: Mounting plugin MobilePatchingUtils
LogPluginManager: Mounting plugin OculusVR
LogPluginManager: Mounting plugin PhysXVehicles
LogPluginManager: Mounting plugin PostSplashScreen
LogPluginManager: Mounting plugin ProceduralMeshComponent
LogPluginManager: Mounting plugin RuntimePhysXCooking
LogPluginManager: Mounting plugin SignificanceManager
LogPluginManager: Mounting plugin SoundFields
LogPluginManager: Mounting plugin SteamVR
LogPluginManager: Mounting plugin Synthesis
LogPluginManager: Mounting plugin WebMMoviePlayer
LogPluginManager: Mounting plugin WindowsMoviePlayer
LogPluginManager: Mounting plugin ScreenshotTools
LogInit: Using libcurl 7.55.1-DEV
LogInit:  - built for x86_64-pc-win32
LogInit:  - supports SSL with OpenSSL/1.1.1
LogInit:  - supports HTTP deflate (compression) using libz 1.2.8
LogInit:  - other features:
LogInit:      CURL_VERSION_SSL
LogInit:      CURL_VERSION_LIBZ
LogInit:      CURL_VERSION_IPV6
LogInit:      CURL_VERSION_ASYNCHDNS
LogInit:      CURL_VERSION_LARGEFILE
LogInit:      CURL_VERSION_IDN
LogInit:  CurlRequestOptions (configurable via config and command line):
LogInit:  - bVerifyPeer = true  - Libcurl will verify peer certificate
LogInit:  - bUseHttpProxy = false  - Libcurl will NOT use HTTP proxy
LogInit:  - bDontReuseConnections = false  - Libcurl will reuse connections
LogInit:  - MaxHostConnections = 16  - Libcurl will limit the number of connections to a host
LogInit:  - LocalHostAddr = Default
LogInit:  - BufferSize = 65536
LogOnline: OSS: Creating online subsystem instance for: NULL
LogInit: WinSock: version 1.1 (2.2), MaxSocks=32767, MaxUdp=65467
LogOnline: OSS: TryLoadSubsystemAndSetDefault: Loaded subsystem for module [NULL]
LogOculusPluginWrapper: OculusPlugin initialized successfully
LogInit: Build: ++UE4+Release-4.25-CL-13942748
LogInit: Engine Version: 4.25.3-13942748+++UE4+Release-4.25
LogInit: Compatible Engine Version: 4.25.0-13144385+++UE4+Release-4.25
LogInit: Net CL: 13144385
LogInit: OS: Windows 10 (Release 2004) (), CPU: Intel(R) Core(TM) i7-7820X CPU @ 3.60GHz, GPU: NVIDIA GeForce RTX 2080 Ti
LogInit: Compiled (64-bit): Jul 25 2020 02:07:48
LogInit: Compiled with Visual C++: 19.24.28315.00
LogInit: Build Configuration: Development
LogInit: Branch Name: ++UE4+Release-4.25
LogInit: Command Line:  -EpicPortal -epicusername=Rimeh_ -epicuserid=3620de3b46744791bae9bb86c3c88c80 -epiclocale=en
LogInit: Base Directory: C:/Program Files/Epic Games/UE_4.25/Engine/Binaries/Win64/
LogInit: Allocator: TBB
LogInit: Installed Engine Build: 1
LogDevObjectVersion: Number of dev versions registered: 26
LogDevObjectVersion:   Dev-Blueprints (B0D832E4-1F89-4F0D-ACCF-7EB736FD4AA2): 10
LogDevObjectVersion:   Dev-Build (E1C64328-A22C-4D53-A36C-8E866417BD8C): 0
LogDevObjectVersion:   Dev-Core (375EC13C-06E4-48FB-B500-84F0262A717E): 4
LogDevObjectVersion:   Dev-Editor (E4B068ED-F494-42E9-A231-DA0B2E46BB41): 38
LogDevObjectVersion:   Dev-Framework (CFFC743F-43B0-4480-9391-14DF171D2073): 37
LogDevObjectVersion:   Dev-Mobile (B02B49B5-BB20-44E9-A304-32B752E40360): 2
LogDevObjectVersion:   Dev-Networking (A4E4105C-59A1-49B5-A7C5-40C4547EDFEE): 0
LogDevObjectVersion:   Dev-Online (39C831C9-5AE6-47DC-9A44-9C173E1C8E7C): 0
LogDevObjectVersion:   Dev-Physics (78F01B33-EBEA-4F98-B9B4-84EACCB95AA2): 4
LogDevObjectVersion:   Dev-Platform (6631380F-2D4D-43E0-8009-CF276956A95A): 0
LogDevObjectVersion:   Dev-Rendering (12F88B9F-8875-4AFC-A67C-D90C383ABD29): 43
LogDevObjectVersion:   Dev-Sequencer (7B5AE74C-D270-4C10-A958-57980B212A5A): 12
LogDevObjectVersion:   Dev-VR (D7296918-1DD6-4BDD-9DE2-64A83CC13884): 3
LogDevObjectVersion:   Dev-LoadTimes (C2A15278-BFE7-4AFE-6C17-90FF531DF755): 1
LogDevObjectVersion:   Private-Geometry (6EACA3D4-40EC-4CC1-B786-8BED09428FC5): 3
LogDevObjectVersion:   Dev-AnimPhys (29E575DD-E0A3-4627-9D10-D276232CDCEA): 17
LogDevObjectVersion:   Dev-Anim (AF43A65D-7FD3-4947-9873-3E8ED9C1BB05): 7
LogDevObjectVersion:   Dev-ReflectionCapture (6B266CEC-1EC7-4B8F-A30B-E4D90942FC07): 1
LogDevObjectVersion:   Dev-Automation (0DF73D61-A23F-47EA-B727-89E90C41499A): 1
LogDevObjectVersion:   FortniteMain (601D1886-AC64-4F84-AA16-D3DE0DEAC7D6): 31
LogDevObjectVersion:   Dev-Enterprise (9DFFBCD6-494F-0158-E221-12823C92A888): 10
LogDevObjectVersion:   Dev-Niagara (F2AED0AC-9AFE-416F-8664-AA7FFA26D6FC): 1
LogDevObjectVersion:   Dev-Destruction (174F1F0B-B4C6-45A5-B13F-2EE8D0FB917D): 10
LogDevObjectVersion:   Dev-Physics-Ext (35F94A83-E258-406C-A318-09F59610247C): 37
LogDevObjectVersion:   Dev-PhysicsMaterial-Chaos (B68FC16E-8B1B-42E2-B453-215C058844FE): 1
LogDevObjectVersion:   Dev-CineCamera (B2E18506-4273-CFC2-A54E-F4BB758BBA07): 1
LogInit: Presizing for max 25165824 objects, including 0 objects not considered by GC, pre-allocating 0 bytes for permanent pool.
LogConfig: Applying CVar settings from Section [/Script/Engine.StreamingSettings] File [C:/Users/Student 2020/Documents/VRLivePerformance/UnrealVRLivePerformance/UnrealVR/Saved/Config/Windows/Engine.ini]
LogConfig: Setting CVar [[s.MinBulkDataSizeForAsyncLoading:131072]]
LogConfig: Setting CVar [[s.AsyncLoadingThreadEnabled:0]]
LogConfig: Setting CVar [[s.EventDrivenLoaderEnabled:1]]
LogConfig: Setting CVar [[s.WarnIfTimeLimitExceeded:0]]
LogConfig: Setting CVar [[s.TimeLimitExceededMultiplier:1.5]]
LogConfig: Setting CVar [[s.TimeLimitExceededMinTime:0.005]]
LogConfig: Setting CVar [[s.UseBackgroundLevelStreaming:1]]
LogConfig: Setting CVar [[s.PriorityAsyncLoadingExtraTime:15.0]]
LogConfig: Setting CVar [[s.LevelStreamingActorsUpdateTimeLimit:5.0]]
LogConfig: Setting CVar [[s.PriorityLevelStreamingActorsUpdateExtraTime:5.0]]
LogConfig: Setting CVar [[s.LevelStreamingComponentsRegistrationGranularity:10]]
LogConfig: Setting CVar [[s.UnregisterComponentsTimeLimit:1.0]]
LogConfig: Setting CVar [[s.LevelStreamingComponentsUnregistrationGranularity:5]]
LogConfig: Setting CVar [[s.FlushStreamingOnExit:1]]
LogInit: Object subsystem initialized
LogConfig: Setting CVar [[con.DebugEarlyDefault:1]]
LogConfig: Setting CVar [[r.setres:1280x720]]
[2020.10.19-09.51.10:142][  0]LogConfig: Setting CVar [[r.VSync:0]]
[2020.10.19-09.51.10:142][  0]LogConfig: Setting CVar [[r.RHICmdBypass:0]]
[2020.10.19-09.51.10:142][  0]LogConfig: Applying CVar settings from Section [/Script/Engine.RendererSettings] File [C:/Users/Student 2020/Documents/VRLivePerformance/UnrealVRLivePerformance/UnrealVR/Saved/Config/Windows/Engine.ini]
[2020.10.19-09.51.10:142][  0]LogConfig: Setting CVar [[r.GPUCrashDebugging:0]]
[2020.10.19-09.51.10:142][  0]LogConfig: Applying CVar settings from Section [/Script/Engine.RendererOverrideSettings] File [C:/Users/Student 2020/Documents/VRLivePerformance/UnrealVRLivePerformance/UnrealVR/Saved/Config/Windows/Engine.ini]
[2020.10.19-09.51.10:142][  0]LogConfig: Applying CVar settings from Section [/Script/Engine.StreamingSettings] File [C:/Users/Student 2020/Documents/VRLivePerformance/UnrealVRLivePerformance/UnrealVR/Saved/Config/Windows/Engine.ini]
[2020.10.19-09.51.10:142][  0]LogConfig: Setting CVar [[s.MinBulkDataSizeForAsyncLoading:131072]]
[2020.10.19-09.51.10:142][  0]LogConfig: Setting CVar [[s.AsyncLoadingThreadEnabled:0]]
[2020.10.19-09.51.10:142][  0]LogConfig: Setting CVar [[s.EventDrivenLoaderEnabled:1]]
[2020.10.19-09.51.10:142][  0]LogConfig: Setting CVar [[s.WarnIfTimeLimitExceeded:0]]
[2020.10.19-09.51.10:142][  0]LogConfig: Setting CVar [[s.TimeLimitExceededMultiplier:1.5]]
[2020.10.19-09.51.10:142][  0]LogConfig: Setting CVar [[s.TimeLimitExceededMinTime:0.005]]
[2020.10.19-09.51.10:142][  0]LogConfig: Setting CVar [[s.UseBackgroundLevelStreaming:1]]
[2020.10.19-09.51.10:142][  0]LogConfig: Setting CVar [[s.PriorityAsyncLoadingExtraTime:15.0]]
[2020.10.19-09.51.10:142][  0]LogConfig: Setting CVar [[s.LevelStreamingActorsUpdateTimeLimit:5.0]]
[2020.10.19-09.51.10:142][  0]LogConfig: Setting CVar [[s.PriorityLevelStreamingActorsUpdateExtraTime:5.0]]
[2020.10.19-09.51.10:142][  0]LogConfig: Setting CVar [[s.LevelStreamingComponentsRegistrationGranularity:10]]
[2020.10.19-09.51.10:142][  0]LogConfig: Setting CVar [[s.UnregisterComponentsTimeLimit:1.0]]
[2020.10.19-09.51.10:142][  0]LogConfig: Setting CVar [[s.LevelStreamingComponentsUnregistrationGranularity:5]]
[2020.10.19-09.51.10:142][  0]LogConfig: Setting CVar [[s.FlushStreamingOnExit:1]]
[2020.10.19-09.51.10:142][  0]LogConfig: Applying CVar settings from Section [/Script/Engine.GarbageCollectionSettings] File [C:/Users/Student 2020/Documents/VRLivePerformance/UnrealVRLivePerformance/UnrealVR/Saved/Config/Windows/Engine.ini]
[2020.10.19-09.51.10:142][  0]LogConfig: Setting CVar [[gc.MaxObjectsNotConsideredByGC:1]]
[2020.10.19-09.51.10:142][  0]LogConfig: Setting CVar [[gc.SizeOfPermanentObjectPool:0]]
[2020.10.19-09.51.10:142][  0]LogConfig: Setting CVar [[gc.FlushStreamingOnGC:0]]
[2020.10.19-09.51.10:142][  0]LogConfig: Setting CVar [[gc.NumRetriesBeforeForcingGC:10]]
[2020.10.19-09.51.10:142][  0]LogConfig: Setting CVar [[gc.AllowParallelGC:1]]
[2020.10.19-09.51.10:142][  0]LogConfig: Setting CVar [[gc.TimeBetweenPurgingPendingKillObjects:61.1]]
[2020.10.19-09.51.10:142][  0]LogConfig: Setting CVar [[gc.MaxObjectsInEditor:25165824]]
[2020.10.19-09.51.10:142][  0]LogConfig: Setting CVar [[gc.IncrementalBeginDestroyEnabled:1]]
[2020.10.19-09.51.10:142][  0]LogConfig: Setting CVar [[gc.CreateGCClusters:1]]
[2020.10.19-09.51.10:142][  0]LogConfig: Setting CVar [[gc.MinGCClusterSize:5]]
[2020.10.19-09.51.10:142][  0]LogConfig: Setting CVar [[gc.ActorClusteringEnabled:0]]
[2020.10.19-09.51.10:142][  0]LogConfig: Setting CVar [[gc.BlueprintClusteringEnabled:0]]
[2020.10.19-09.51.10:142][  0]LogConfig: Setting CVar [[gc.UseDisregardForGCOnDedicatedServers:0]]
[2020.10.19-09.51.10:143][  0]LogConfig: Applying CVar settings from Section [/Script/Engine.NetworkSettings] File [C:/Users/Student 2020/Documents/VRLivePerformance/UnrealVRLivePerformance/UnrealVR/Saved/Config/Windows/Engine.ini]
[2020.10.19-09.51.10:143][  0]LogConfig: Applying CVar settings from Section [/Script/UnrealEd.CookerSettings] File [C:/Users/Student 2020/Documents/VRLivePerformance/UnrealVRLivePerformance/UnrealVR/Saved/Config/Windows/Engine.ini]
[2020.10.19-09.51.10:146][  0]LogConfig: Applying CVar settings from Section [ViewDistanceQuality@3] File [C:/Users/Student 2020/Documents/VRLivePerformance/UnrealVRLivePerformance/UnrealVR/Saved/Config/Windows/Scalability.ini]
[2020.10.19-09.51.10:146][  0]LogConfig: Setting CVar [[r.SkeletalMeshLODBias:0]]
[2020.10.19-09.51.10:146][  0]LogConfig: Setting CVar [[r.ViewDistanceScale:1.0]]
[2020.10.19-09.51.10:146][  0]LogConfig: Applying CVar settings from Section [AntiAliasingQuality@3] File [C:/Users/Student 2020/Documents/VRLivePerformance/UnrealVRLivePerformance/UnrealVR/Saved/Config/Windows/Scalability.ini]
[2020.10.19-09.51.10:146][  0]LogConfig: Setting CVar [[r.PostProcessAAQuality:4]]
[2020.10.19-09.51.10:146][  0]LogConfig: Applying CVar settings from Section [ShadowQuality@3] File [C:/Users/Student 2020/Documents/VRLivePerformance/UnrealVRLivePerformance/UnrealVR/Saved/Config/Windows/Scalability.ini]
[2020.10.19-09.51.10:146][  0]LogConfig: Setting CVar [[r.LightFunctionQuality:1]]
[2020.10.19-09.51.10:146][  0]LogConfig: Setting CVar [[r.ShadowQuality:5]]
[2020.10.19-09.51.10:146][  0]LogConfig: Setting CVar [[r.Shadow.CSM.MaxCascades:10]]
[2020.10.19-09.51.10:146][  0]LogConfig: Setting CVar [[r.Shadow.MaxResolution:2048]]
[2020.10.19-09.51.10:146][  0]LogConfig: Setting CVar [[r.Shadow.MaxCSMResolution:2048]]
[2020.10.19-09.51.10:146][  0]LogConfig: Setting CVar [[r.Shadow.RadiusThreshold:0.01]]
[2020.10.19-09.51.10:146][  0]LogConfig: Setting CVar [[r.Shadow.DistanceScale:1.0]]
[2020.10.19-09.51.10:146][  0]LogConfig: Setting CVar [[r.Shadow.CSM.TransitionScale:1.0]]
[2020.10.19-09.51.10:146][  0]LogConfig: Setting CVar [[r.Shadow.PreShadowResolutionFactor:1.0]]
[2020.10.19-09.51.10:146][  0]LogConfig: Setting CVar [[r.DistanceFieldShadowing:1]]
[2020.10.19-09.51.10:146][  0]LogConfig: Setting CVar [[r.DistanceFieldAO:1]]
[2020.10.19-09.51.10:146][  0]LogConfig: Setting CVar [[r.AOQuality:2]]
[2020.10.19-09.51.10:146][  0]LogConfig: Setting CVar [[r.VolumetricFog:1]]
[2020.10.19-09.51.10:146][  0]LogConfig: Setting CVar [[r.VolumetricFog.GridPixelSize:8]]
[2020.10.19-09.51.10:146][  0]LogConfig: Setting CVar [[r.VolumetricFog.GridSizeZ:128]]
[2020.10.19-09.51.10:146][  0]LogConfig: Setting CVar [[r.VolumetricFog.HistoryMissSupersampleCount:4]]
[2020.10.19-09.51.10:146][  0]LogConfig: Setting CVar [[r.LightMaxDrawDistanceScale:1]]
[2020.10.19-09.51.10:146][  0]LogConfig: Setting CVar [[r.CapsuleShadows:1]]
[2020.10.19-09.51.10:146][  0]LogConfig: Applying CVar settings from Section [PostProcessQuality@3] File [C:/Users/Student 2020/Documents/VRLivePerformance/UnrealVRLivePerformance/UnrealVR/Saved/Config/Windows/Scalability.ini]
[2020.10.19-09.51.10:146][  0]LogConfig: Setting CVar [[r.MotionBlurQuality:4]]
[2020.10.19-09.51.10:146][  0]LogConfig: Setting CVar [[r.AmbientOcclusionMipLevelFactor:0.4]]
[2020.10.19-09.51.10:146][  0]LogConfig: Setting CVar [[r.AmbientOcclusionMaxQuality:100]]
[2020.10.19-09.51.10:146][  0]LogConfig: Setting CVar [[r.AmbientOcclusionLevels:-1]]
[2020.10.19-09.51.10:146][  0]LogConfig: Setting CVar [[r.AmbientOcclusionRadiusScale:1.0]]
[2020.10.19-09.51.10:146][  0]LogConfig: Setting CVar [[r.DepthOfFieldQuality:2]]
[2020.10.19-09.51.10:146][  0]LogConfig: Setting CVar [[r.RenderTargetPoolMin:400]]
[2020.10.19-09.51.10:146][  0]LogConfig: Setting CVar [[r.LensFlareQuality:2]]
[2020.10.19-09.51.10:146][  0]LogConfig: Setting CVar [[r.SceneColorFringeQuality:1]]
[2020.10.19-09.51.10:146][  0]LogConfig: Setting CVar [[r.EyeAdaptationQuality:2]]
[2020.10.19-09.51.10:146][  0]LogConfig: Setting CVar [[r.BloomQuality:5]]
[2020.10.19-09.51.10:146][  0]LogConfig: Setting CVar [[r.FastBlurThreshold:100]]
[2020.10.19-09.51.10:146][  0]LogConfig: Setting CVar [[r.Upscale.Quality:3]]
[2020.10.19-09.51.10:146][  0]LogConfig: Setting CVar [[r.Tonemapper.GrainQuantization:1]]
[2020.10.19-09.51.10:146][  0]LogConfig: Setting CVar [[r.LightShaftQuality:1]]
[2020.10.19-09.51.10:146][  0]LogConfig: Setting CVar [[r.Filter.SizeScale:1]]
[2020.10.19-09.51.10:146][  0]LogConfig: Setting CVar [[r.Tonemapper.Quality:5]]
[2020.10.19-09.51.10:146][  0]LogConfig: Setting CVar [[r.DOF.Gather.AccumulatorQuality:1        ; higher gathering accumulator quality]]
[2020.10.19-09.51.10:146][  0]LogConfig: Setting CVar [[r.DOF.Gather.PostfilterMethod:1          ; Median3x3 postfilering method]]
[2020.10.19-09.51.10:146][  0]LogConfig: Setting CVar [[r.DOF.Gather.EnableBokehSettings:0       ; no bokeh simulation when gathering]]
[2020.10.19-09.51.10:146][  0]LogConfig: Setting CVar [[r.DOF.Gather.RingCount:4                 ; medium number of samples when gathering]]
[2020.10.19-09.51.10:146][  0]LogConfig: Setting CVar [[r.DOF.Scatter.ForegroundCompositing:1    ; additive foreground scattering]]
[2020.10.19-09.51.10:146][  0]LogConfig: Setting CVar [[r.DOF.Scatter.BackgroundCompositing:2    ; additive background scattering]]
[2020.10.19-09.51.10:146][  0]LogConfig: Setting CVar [[r.DOF.Scatter.EnableBokehSettings:1      ; bokeh simulation when scattering]]
[2020.10.19-09.51.10:147][  0]LogConfig: Setting CVar [[r.DOF.Scatter.MaxSpriteRatio:0.1         ; only a maximum of 10% of scattered bokeh]]
[2020.10.19-09.51.10:147][  0]LogConfig: Setting CVar [[r.DOF.Recombine.Quality:1                ; cheap slight out of focus]]
[2020.10.19-09.51.10:147][  0]LogConfig: Setting CVar [[r.DOF.Recombine.EnableBokehSettings:0    ; no bokeh simulation on slight out of focus]]
[2020.10.19-09.51.10:147][  0]LogConfig: Setting CVar [[r.DOF.TemporalAAQuality:1                ; more stable temporal accumulation]]
[2020.10.19-09.51.10:147][  0]LogConfig: Setting CVar [[r.DOF.Kernel.MaxForegroundRadius:0.025]]
[2020.10.19-09.51.10:147][  0]LogConfig: Setting CVar [[r.DOF.Kernel.MaxBackgroundRadius:0.025]]
[2020.10.19-09.51.10:147][  0]LogConfig: Applying CVar settings from Section [TextureQuality@3] File [C:/Users/Student 2020/Documents/VRLivePerformance/UnrealVRLivePerformance/UnrealVR/Saved/Config/Windows/Scalability.ini]
[2020.10.19-09.51.10:147][  0]LogConfig: Setting CVar [[r.Streaming.MipBias:0]]
[2020.10.19-09.51.10:147][  0]LogConfig: Setting CVar [[r.Streaming.AmortizeCPUToGPUCopy:0]]
[2020.10.19-09.51.10:147][  0]LogConfig: Setting CVar [[r.Streaming.MaxNumTexturesToStreamPerFrame:0]]
[2020.10.19-09.51.10:147][  0]LogConfig: Setting CVar [[r.Streaming.Boost:1]]
[2020.10.19-09.51.10:147][  0]LogConfig: Setting CVar [[r.MaxAnisotropy:8]]
[2020.10.19-09.51.10:147][  0]LogConfig: Setting CVar [[r.VT.MaxAnisotropy:8]]
[2020.10.19-09.51.10:147][  0]LogConfig: Setting CVar [[r.Streaming.LimitPoolSizeToVRAM:0]]
[2020.10.19-09.51.10:147][  0]LogConfig: Setting CVar [[r.Streaming.PoolSize:1000]]
[2020.10.19-09.51.10:147][  0]LogConfig: Setting CVar [[r.Streaming.MaxEffectiveScreenSize:0]]
[2020.10.19-09.51.10:147][  0]LogConfig: Applying CVar settings from Section [EffectsQuality@3] File [C:/Users/Student 2020/Documents/VRLivePerformance/UnrealVRLivePerformance/UnrealVR/Saved/Config/Windows/Scalability.ini]
[2020.10.19-09.51.10:147][  0]LogConfig: Setting CVar [[r.TranslucencyLightingVolumeDim:64]]
[2020.10.19-09.51.10:147][  0]LogConfig: Setting CVar [[r.RefractionQuality:2]]
[2020.10.19-09.51.10:147][  0]LogConfig: Setting CVar [[r.SSR.Quality:3]]
[2020.10.19-09.51.10:147][  0]LogConfig: Setting CVar [[r.SSR.HalfResSceneColor:0]]
[2020.10.19-09.51.10:147][  0]LogConfig: Setting CVar [[r.SceneColorFormat:4]]
[2020.10.19-09.51.10:147][  0]LogConfig: Setting CVar [[r.DetailMode:2]]
[2020.10.19-09.51.10:147][  0]LogConfig: Setting CVar [[r.TranslucencyVolumeBlur:1]]
[2020.10.19-09.51.10:147][  0]LogConfig: Setting CVar [[r.MaterialQualityLevel:1 ; High quality]]
[2020.10.19-09.51.10:147][  0]LogConfig: Setting CVar [[r.SSS.Scale:1]]
[2020.10.19-09.51.10:147][  0]LogConfig: Setting CVar [[r.SSS.SampleSet:2]]
[2020.10.19-09.51.10:147][  0]LogConfig: Setting CVar [[r.SSS.Quality:1]]
[2020.10.19-09.51.10:147][  0]LogConfig: Setting CVar [[r.SSS.HalfRes:0]]
[2020.10.19-09.51.10:147][  0]LogConfig: Setting CVar [[r.SSGI.Quality:3]]
[2020.10.19-09.51.10:147][  0]LogConfig: Setting CVar [[r.EmitterSpawnRateScale:1.0]]
[2020.10.19-09.51.10:147][  0]LogConfig: Setting CVar [[r.ParticleLightQuality:2]]
[2020.10.19-09.51.10:147][  0]LogConfig: Setting CVar [[r.SkyAtmosphere.AerialPerspectiveLUT.FastApplyOnOpaque:1 ; Always have FastSkyLUT 1 in this case to avoid wrong sky]]
[2020.10.19-09.51.10:147][  0]LogConfig: Setting CVar [[r.SkyAtmosphere.AerialPerspectiveLUT.SampleCountPerSlice:1]]
[2020.10.19-09.51.10:147][  0]LogConfig: Setting CVar [[r.SkyAtmosphere.AerialPerspectiveLUT.DepthResolution:16.0]]
[2020.10.19-09.51.10:147][  0]LogConfig: Setting CVar [[r.SkyAtmosphere.FastSkyLUT:1]]
[2020.10.19-09.51.10:147][  0]LogConfig: Setting CVar [[r.SkyAtmosphere.FastSkyLUT.SampleCountMin:4.0]]
[2020.10.19-09.51.10:147][  0]LogConfig: Setting CVar [[r.SkyAtmosphere.FastSkyLUT.SampleCountMax:32.0]]
[2020.10.19-09.51.10:147][  0]LogConfig: Setting CVar [[r.SkyAtmosphere.SampleCountMin:4.0]]
[2020.10.19-09.51.10:147][  0]LogConfig: Setting CVar [[r.SkyAtmosphere.SampleCountMax:32.0]]
[2020.10.19-09.51.10:147][  0]LogConfig: Setting CVar [[r.SkyAtmosphere.TransmittanceLUT.UseSmallFormat:0]]
[2020.10.19-09.51.10:147][  0]LogConfig: Setting CVar [[r.SkyAtmosphere.TransmittanceLUT.SampleCount:10.0]]
[2020.10.19-09.51.10:147][  0]LogConfig: Setting CVar [[r.SkyAtmosphere.MultiScatteringLUT.SampleCount:15.0]]
[2020.10.19-09.51.10:147][  0]LogConfig: Applying CVar settings from Section [FoliageQuality@3] File [C:/Users/Student 2020/Documents/VRLivePerformance/UnrealVRLivePerformance/UnrealVR/Saved/Config/Windows/Scalability.ini]
[2020.10.19-09.51.10:147][  0]LogConfig: Setting CVar [[foliage.DensityScale:1.0]]
[2020.10.19-09.51.10:147][  0]LogConfig: Setting CVar [[grass.DensityScale:1.0]]
[2020.10.19-09.51.10:147][  0]LogConfig: Applying CVar settings from Section [ShadingQuality@3] File [C:/Users/Student 2020/Documents/VRLivePerformance/UnrealVRLivePerformance/UnrealVR/Saved/Config/Windows/Scalability.ini]
[2020.10.19-09.51.10:147][  0]LogConfig: Setting CVar [[r.HairStrands.SkyLighting.SampleCount:16]]
[2020.10.19-09.51.10:147][  0]LogConfig: Setting CVar [[r.HairStrands.SkyLighting.JitterIntegration:0]]
[2020.10.19-09.51.10:147][  0]LogConfig: Setting CVar [[r.HairStrands.SkyAO.SampleCount:16]]
[2020.10.19-09.51.10:147][  0]LogConfig: Setting CVar [[r.HairStrands.DeepShadow.SuperSampling:0]]
[2020.10.19-09.51.10:147][  0]LogConfig: Setting CVar [[r.HairStrands.VisibilityPPLL:0]]
[2020.10.19-09.51.10:147][  0]LogConfig: Setting CVar [[r.HairStrands.RasterizationScale:0.5]]
[2020.10.19-09.51.10:147][  0]LogConfig: Setting CVar [[r.HairStrands.VelocityRasterizationScale:1]]
[2020.10.19-09.51.10:147][  0]LogInit: Selected Device Profile: [Windows]
[2020.10.19-09.51.10:147][  0]LogInit: Applying CVar settings loaded from the selected device profile: [Windows]
[2020.10.19-09.51.10:147][  0]LogHAL: Display: Platform has ~ 64 GB [68423581696 / 68719476736 / 64], which maps to Largest [LargestMinGB=32, LargerMinGB=12, DefaultMinGB=8, SmallerMinGB=6, SmallestMinGB=0)
[2020.10.19-09.51.10:147][  0]LogInit: Going up to parent DeviceProfile []
[2020.10.19-09.51.10:147][  0]LogConfig: Applying CVar settings from Section [ViewDistanceQuality@3] File [C:/Users/Student 2020/Documents/VRLivePerformance/UnrealVRLivePerformance/UnrealVR/Saved/Config/Windows/Scalability.ini]
[2020.10.19-09.51.10:147][  0]LogConfig: Setting CVar [[r.SkeletalMeshLODBias:0]]
[2020.10.19-09.51.10:147][  0]LogConfig: Setting CVar [[r.ViewDistanceScale:1.0]]
[2020.10.19-09.51.10:147][  0]LogConfig: Applying CVar settings from Section [AntiAliasingQuality@3] File [C:/Users/Student 2020/Documents/VRLivePerformance/UnrealVRLivePerformance/UnrealVR/Saved/Config/Windows/Scalability.ini]
[2020.10.19-09.51.10:147][  0]LogConfig: Setting CVar [[r.PostProcessAAQuality:4]]
[2020.10.19-09.51.10:147][  0]LogConfig: Applying CVar settings from Section [ShadowQuality@3] File [C:/Users/Student 2020/Documents/VRLivePerformance/UnrealVRLivePerformance/UnrealVR/Saved/Config/Windows/Scalability.ini]
[2020.10.19-09.51.10:147][  0]LogConfig: Setting CVar [[r.LightFunctionQuality:1]]
[2020.10.19-09.51.10:147][  0]LogConfig: Setting CVar [[r.ShadowQuality:5]]
[2020.10.19-09.51.10:147][  0]LogConfig: Setting CVar [[r.Shadow.CSM.MaxCascades:10]]
[2020.10.19-09.51.10:147][  0]LogConfig: Setting CVar [[r.Shadow.MaxResolution:2048]]
[2020.10.19-09.51.10:147][  0]LogConfig: Setting CVar [[r.Shadow.MaxCSMResolution:2048]]
[2020.10.19-09.51.10:147][  0]LogConfig: Setting CVar [[r.Shadow.RadiusThreshold:0.01]]
[2020.10.19-09.51.10:147][  0]LogConfig: Setting CVar [[r.Shadow.DistanceScale:1.0]]
[2020.10.19-09.51.10:147][  0]LogConfig: Setting CVar [[r.Shadow.CSM.TransitionScale:1.0]]
[2020.10.19-09.51.10:147][  0]LogConfig: Setting CVar [[r.Shadow.PreShadowResolutionFactor:1.0]]
[2020.10.19-09.51.10:147][  0]LogConfig: Setting CVar [[r.DistanceFieldShadowing:1]]
[2020.10.19-09.51.10:147][  0]LogConfig: Setting CVar [[r.DistanceFieldAO:1]]
[2020.10.19-09.51.10:148][  0]LogConfig: Setting CVar [[r.AOQuality:2]]
[2020.10.19-09.51.10:148][  0]LogConfig: Setting CVar [[r.VolumetricFog:1]]
[2020.10.19-09.51.10:148][  0]LogConfig: Setting CVar [[r.VolumetricFog.GridPixelSize:8]]
[2020.10.19-09.51.10:148][  0]LogConfig: Setting CVar [[r.VolumetricFog.GridSizeZ:128]]
[2020.10.19-09.51.10:148][  0]LogConfig: Setting CVar [[r.VolumetricFog.HistoryMissSupersampleCount:4]]
[2020.10.19-09.51.10:148][  0]LogConfig: Setting CVar [[r.LightMaxDrawDistanceScale:1]]
[2020.10.19-09.51.10:148][  0]LogConfig: Setting CVar [[r.CapsuleShadows:1]]
[2020.10.19-09.51.10:148][  0]LogConfig: Applying CVar settings from Section [PostProcessQuality@3] File [C:/Users/Student 2020/Documents/VRLivePerformance/UnrealVRLivePerformance/UnrealVR/Saved/Config/Windows/Scalability.ini]
[2020.10.19-09.51.10:148][  0]LogConfig: Setting CVar [[r.MotionBlurQuality:4]]
[2020.10.19-09.51.10:148][  0]LogConfig: Setting CVar [[r.AmbientOcclusionMipLevelFactor:0.4]]
[2020.10.19-09.51.10:148][  0]LogConfig: Setting CVar [[r.AmbientOcclusionMaxQuality:100]]
[2020.10.19-09.51.10:148][  0]LogConfig: Setting CVar [[r.AmbientOcclusionLevels:-1]]
[2020.10.19-09.51.10:148][  0]LogConfig: Setting CVar [[r.AmbientOcclusionRadiusScale:1.0]]
[2020.10.19-09.51.10:148][  0]LogConfig: Setting CVar [[r.DepthOfFieldQuality:2]]
[2020.10.19-09.51.10:148][  0]LogConfig: Setting CVar [[r.RenderTargetPoolMin:400]]
[2020.10.19-09.51.10:148][  0]LogConfig: Setting CVar [[r.LensFlareQuality:2]]
[2020.10.19-09.51.10:148][  0]LogConfig: Setting CVar [[r.SceneColorFringeQuality:1]]
[2020.10.19-09.51.10:148][  0]LogConfig: Setting CVar [[r.EyeAdaptationQuality:2]]
[2020.10.19-09.51.10:148][  0]LogConfig: Setting CVar [[r.BloomQuality:5]]
[2020.10.19-09.51.10:148][  0]LogConfig: Setting CVar [[r.FastBlurThreshold:100]]
[2020.10.19-09.51.10:148][  0]LogConfig: Setting CVar [[r.Upscale.Quality:3]]
[2020.10.19-09.51.10:148][  0]LogConfig: Setting CVar [[r.Tonemapper.GrainQuantization:1]]
[2020.10.19-09.51.10:148][  0]LogConfig: Setting CVar [[r.LightShaftQuality:1]]
[2020.10.19-09.51.10:148][  0]LogConfig: Setting CVar [[r.Filter.SizeScale:1]]
[2020.10.19-09.51.10:148][  0]LogConfig: Setting CVar [[r.Tonemapper.Quality:5]]
[2020.10.19-09.51.10:148][  0]LogConfig: Setting CVar [[r.DOF.Gather.AccumulatorQuality:1        ; higher gathering accumulator quality]]
[2020.10.19-09.51.10:148][  0]LogConfig: Setting CVar [[r.DOF.Gather.PostfilterMethod:1          ; Median3x3 postfilering method]]
[2020.10.19-09.51.10:148][  0]LogConfig: Setting CVar [[r.DOF.Gather.EnableBokehSettings:0       ; no bokeh simulation when gathering]]
[2020.10.19-09.51.10:148][  0]LogConfig: Setting CVar [[r.DOF.Gather.RingCount:4                 ; medium number of samples when gathering]]
[2020.10.19-09.51.10:148][  0]LogConfig: Setting CVar [[r.DOF.Scatter.ForegroundCompositing:1    ; additive foreground scattering]]
[2020.10.19-09.51.10:148][  0]LogConfig: Setting CVar [[r.DOF.Scatter.BackgroundCompositing:2    ; additive background scattering]]
[2020.10.19-09.51.10:148][  0]LogConfig: Setting CVar [[r.DOF.Scatter.EnableBokehSettings:1      ; bokeh simulation when scattering]]
[2020.10.19-09.51.10:148][  0]LogConfig: Setting CVar [[r.DOF.Scatter.MaxSpriteRatio:0.1         ; only a maximum of 10% of scattered bokeh]]
[2020.10.19-09.51.10:148][  0]LogConfig: Setting CVar [[r.DOF.Recombine.Quality:1                ; cheap slight out of focus]]
[2020.10.19-09.51.10:148][  0]LogConfig: Setting CVar [[r.DOF.Recombine.EnableBokehSettings:0    ; no bokeh simulation on slight out of focus]]
[2020.10.19-09.51.10:148][  0]LogConfig: Setting CVar [[r.DOF.TemporalAAQuality:1                ; more stable temporal accumulation]]
[2020.10.19-09.51.10:148][  0]LogConfig: Setting CVar [[r.DOF.Kernel.MaxForegroundRadius:0.025]]
[2020.10.19-09.51.10:148][  0]LogConfig: Setting CVar [[r.DOF.Kernel.MaxBackgroundRadius:0.025]]
[2020.10.19-09.51.10:148][  0]LogConfig: Applying CVar settings from Section [TextureQuality@3] File [C:/Users/Student 2020/Documents/VRLivePerformance/UnrealVRLivePerformance/UnrealVR/Saved/Config/Windows/Scalability.ini]
[2020.10.19-09.51.10:148][  0]LogConfig: Setting CVar [[r.Streaming.MipBias:0]]
[2020.10.19-09.51.10:148][  0]LogConfig: Setting CVar [[r.Streaming.AmortizeCPUToGPUCopy:0]]
[2020.10.19-09.51.10:148][  0]LogConfig: Setting CVar [[r.Streaming.MaxNumTexturesToStreamPerFrame:0]]
[2020.10.19-09.51.10:148][  0]LogConfig: Setting CVar [[r.Streaming.Boost:1]]
[2020.10.19-09.51.10:148][  0]LogConfig: Setting CVar [[r.MaxAnisotropy:8]]
[2020.10.19-09.51.10:148][  0]LogConfig: Setting CVar [[r.VT.MaxAnisotropy:8]]
[2020.10.19-09.51.10:148][  0]LogConfig: Setting CVar [[r.Streaming.LimitPoolSizeToVRAM:0]]
[2020.10.19-09.51.10:148][  0]LogConfig: Setting CVar [[r.Streaming.PoolSize:1000]]
[2020.10.19-09.51.10:148][  0]LogConfig: Setting CVar [[r.Streaming.MaxEffectiveScreenSize:0]]
[2020.10.19-09.51.10:148][  0]LogConfig: Applying CVar settings from Section [EffectsQuality@3] File [C:/Users/Student 2020/Documents/VRLivePerformance/UnrealVRLivePerformance/UnrealVR/Saved/Config/Windows/Scalability.ini]
[2020.10.19-09.51.10:148][  0]LogConfig: Setting CVar [[r.TranslucencyLightingVolumeDim:64]]
[2020.10.19-09.51.10:148][  0]LogConfig: Setting CVar [[r.RefractionQuality:2]]
[2020.10.19-09.51.10:148][  0]LogConfig: Setting CVar [[r.SSR.Quality:3]]
[2020.10.19-09.51.10:148][  0]LogConfig: Setting CVar [[r.SSR.HalfResSceneColor:0]]
[2020.10.19-09.51.10:148][  0]LogConfig: Setting CVar [[r.SceneColorFormat:4]]
[2020.10.19-09.51.10:148][  0]LogConfig: Setting CVar [[r.DetailMode:2]]
[2020.10.19-09.51.10:148][  0]LogConfig: Setting CVar [[r.TranslucencyVolumeBlur:1]]
[2020.10.19-09.51.10:148][  0]LogConfig: Setting CVar [[r.MaterialQualityLevel:1 ; High quality]]
[2020.10.19-09.51.10:148][  0]LogConfig: Setting CVar [[r.SSS.Scale:1]]
[2020.10.19-09.51.10:148][  0]LogConfig: Setting CVar [[r.SSS.SampleSet:2]]
[2020.10.19-09.51.10:148][  0]LogConfig: Setting CVar [[r.SSS.Quality:1]]
[2020.10.19-09.51.10:148][  0]LogConfig: Setting CVar [[r.SSS.HalfRes:0]]
[2020.10.19-09.51.10:148][  0]LogConfig: Setting CVar [[r.SSGI.Quality:3]]
[2020.10.19-09.51.10:148][  0]LogConfig: Setting CVar [[r.EmitterSpawnRateScale:1.0]]
[2020.10.19-09.51.10:148][  0]LogConfig: Setting CVar [[r.ParticleLightQuality:2]]
[2020.10.19-09.51.10:148][  0]LogConfig: Setting CVar [[r.SkyAtmosphere.AerialPerspectiveLUT.FastApplyOnOpaque:1 ; Always have FastSkyLUT 1 in this case to avoid wrong sky]]
[2020.10.19-09.51.10:148][  0]LogConfig: Setting CVar [[r.SkyAtmosphere.AerialPerspectiveLUT.SampleCountPerSlice:1]]
[2020.10.19-09.51.10:148][  0]LogConfig: Setting CVar [[r.SkyAtmosphere.AerialPerspectiveLUT.DepthResolution:16.0]]
[2020.10.19-09.51.10:148][  0]LogConfig: Setting CVar [[r.SkyAtmosphere.FastSkyLUT:1]]
[2020.10.19-09.51.10:148][  0]LogConfig: Setting CVar [[r.SkyAtmosphere.FastSkyLUT.SampleCountMin:4.0]]
[2020.10.19-09.51.10:148][  0]LogConfig: Setting CVar [[r.SkyAtmosphere.FastSkyLUT.SampleCountMax:32.0]]
[2020.10.19-09.51.10:148][  0]LogConfig: Setting CVar [[r.SkyAtmosphere.SampleCountMin:4.0]]
[2020.10.19-09.51.10:148][  0]LogConfig: Setting CVar [[r.SkyAtmosphere.SampleCountMax:32.0]]
[2020.10.19-09.51.10:148][  0]LogConfig: Setting CVar [[r.SkyAtmosphere.TransmittanceLUT.UseSmallFormat:0]]
[2020.10.19-09.51.10:148][  0]LogConfig: Setting CVar [[r.SkyAtmosphere.TransmittanceLUT.SampleCount:10.0]]
[2020.10.19-09.51.10:148][  0]LogConfig: Setting CVar [[r.SkyAtmosphere.MultiScatteringLUT.SampleCount:15.0]]
[2020.10.19-09.51.10:148][  0]LogConfig: Applying CVar settings from Section [FoliageQuality@3] File [C:/Users/Student 2020/Documents/VRLivePerformance/UnrealVRLivePerformance/UnrealVR/Saved/Config/Windows/Scalability.ini]
[2020.10.19-09.51.10:148][  0]LogConfig: Setting CVar [[foliage.DensityScale:1.0]]
[2020.10.19-09.51.10:148][  0]LogConfig: Setting CVar [[grass.DensityScale:1.0]]
[2020.10.19-09.51.10:148][  0]LogConfig: Applying CVar settings from Section [ShadingQuality@3] File [C:/Users/Student 2020/Documents/VRLivePerformance/UnrealVRLivePerformance/UnrealVR/Saved/Config/Windows/Scalability.ini]
[2020.10.19-09.51.10:148][  0]LogConfig: Setting CVar [[r.HairStrands.SkyLighting.SampleCount:16]]
[2020.10.19-09.51.10:148][  0]LogConfig: Setting CVar [[r.HairStrands.SkyLighting.JitterIntegration:0]]
[2020.10.19-09.51.10:148][  0]LogConfig: Setting CVar [[r.HairStrands.SkyAO.SampleCount:16]]
[2020.10.19-09.51.10:148][  0]LogConfig: Setting CVar [[r.HairStrands.DeepShadow.SuperSampling:0]]
[2020.10.19-09.51.10:148][  0]LogConfig: Setting CVar [[r.HairStrands.VisibilityPPLL:0]]
[2020.10.19-09.51.10:148][  0]LogConfig: Setting CVar [[r.HairStrands.RasterizationScale:0.5]]
[2020.10.19-09.51.10:148][  0]LogConfig: Setting CVar [[r.HairStrands.VelocityRasterizationScale:1]]
[2020.10.19-09.51.10:148][  0]LogConfig: Applying CVar settings from Section [Startup] File [../../../Engine/Config/ConsoleVariables.ini]
[2020.10.19-09.51.10:149][  0]LogConfig: Setting CVar [[net.UseAdaptiveNetUpdateFrequency:0]]
[2020.10.19-09.51.10:149][  0]LogConfig: Setting CVar [[p.chaos.AllowCreatePhysxBodies:1]]
[2020.10.19-09.51.10:149][  0]LogConfig: Setting CVar [[fx.SkipVectorVMBackendOptimizations:1]]
[2020.10.19-09.51.10:149][  0]LogConfig: Applying CVar settings from Section [ConsoleVariables] File [C:/Users/Student 2020/Documents/VRLivePerformance/UnrealVRLivePerformance/UnrealVR/Saved/Config/Windows/Engine.ini]
[2020.10.19-09.51.10:149][  0]LogInit: Computer: DESKTOP-S32ASB4
[2020.10.19-09.51.10:149][  0]LogInit: User: Student2020
[2020.10.19-09.51.10:149][  0]LogInit: CPU Page size=4096, Cores=8
[2020.10.19-09.51.10:149][  0]LogInit: High frequency timer resolution =10.000000 MHz
[2020.10.19-09.51.10:149][  0]LogMemory: Memory total: Physical=63.7GB (64GB approx)
[2020.10.19-09.51.10:149][  0]LogMemory: Platform Memory Stats for Windows
[2020.10.19-09.51.10:149][  0]LogMemory: Process Physical Memory: 124.08 MB used, 124.09 MB peak
[2020.10.19-09.51.10:149][  0]LogMemory: Process Virtual Memory: 109.76 MB used, 109.76 MB peak
[2020.10.19-09.51.10:149][  0]LogMemory: Physical Memory: 9828.50 MB used,  55425.31 MB free, 65253.81 MB total
[2020.10.19-09.51.10:149][  0]LogMemory: Virtual Memory: 5238.89 MB used,  134212488.00 MB free, 134217728.00 MB total
[2020.10.19-09.51.10:153][  0]LogWindows: WindowsPlatformFeatures enabled
[2020.10.19-09.51.10:184][  0]LogInit: Physics initialised using underlying interface: PhysX
[2020.10.19-09.51.10:184][  0]LogInit: Using OS detected language (en-US).
[2020.10.19-09.51.10:184][  0]LogInit: Using OS detected locale (en-US).
[2020.10.19-09.51.10:186][  0]LogTextLocalizationManager: No specific localization for 'en-US' exists, so the 'en' localization will be used.
[2020.10.19-09.51.10:351][  0]LogInit: Setting process to per monitor DPI aware
[2020.10.19-09.51.10:383][  0]LogSlate: New Slate User Created.  User Index 0, Is Virtual User: 0
[2020.10.19-09.51.10:383][  0]LogSlate: Slate User Registered.  User Index 0, Is Virtual User: 0
[2020.10.19-09.51.10:477][  0]LogD3D11RHI: D3D11 min allowed feature level: 11_0
[2020.10.19-09.51.10:478][  0]LogD3D11RHI: D3D11 max allowed feature level: 11_0
[2020.10.19-09.51.10:478][  0]LogD3D11RHI: D3D11 adapters:
[2020.10.19-09.51.10:552][  0]LogD3D11RHI:    0. 'NVIDIA GeForce RTX 2080 Ti' (Feature Level 11_0)
[2020.10.19-09.51.10:552][  0]LogD3D11RHI:       11049/0/32626 MB DedicatedVideo/DedicatedSystem/SharedSystem, Outputs:2, VendorId:0x10de
[2020.10.19-09.51.10:555][  0]LogD3D11RHI:    1. 'Microsoft Basic Render Driver' (Feature Level 11_0)
[2020.10.19-09.51.10:555][  0]LogD3D11RHI:       0/0/32626 MB DedicatedVideo/DedicatedSystem/SharedSystem, Outputs:0, VendorId:0x1414
[2020.10.19-09.51.10:555][  0]LogD3D11RHI: Chosen D3D11 Adapter: 0
[2020.10.19-09.51.10:565][  0]LogD3D11RHI: Creating new Direct3DDevice
[2020.10.19-09.51.10:565][  0]LogD3D11RHI:     GPU DeviceId: 0x1e04 (for the marketing name, search the web for "GPU Device Id")
[2020.10.19-09.51.10:565][  0]LogWindows: EnumDisplayDevices:
[2020.10.19-09.51.10:565][  0]LogWindows:    0. 'NVIDIA GeForce RTX 2080 Ti' (P:1 D:1)
[2020.10.19-09.51.10:565][  0]LogWindows:    1. 'NVIDIA GeForce RTX 2080 Ti' (P:0 D:1)
[2020.10.19-09.51.10:566][  0]LogWindows:    2. 'NVIDIA GeForce RTX 2080 Ti' (P:0 D:0)
[2020.10.19-09.51.10:566][  0]LogWindows:    3. 'NVIDIA GeForce RTX 2080 Ti' (P:0 D:0)
[2020.10.19-09.51.10:566][  0]LogWindows: DebugString: FoundDriverCount:4 
[2020.10.19-09.51.10:566][  0]LogD3D11RHI:     Adapter Name: NVIDIA GeForce RTX 2080 Ti
[2020.10.19-09.51.10:566][  0]LogD3D11RHI:   Driver Version: 452.06 (internal:27.21.14.5206, unified:452.06)
[2020.10.19-09.51.10:566][  0]LogD3D11RHI:      Driver Date: 8-12-2020
[2020.10.19-09.51.10:566][  0]LogRHI: Texture pool is 7734 MB (70% of 11049 MB)
[2020.10.19-09.51.10:624][  0]LogD3D11RHI: RHI has support for 64 bit atomics
[2020.10.19-09.51.10:626][  0]LogD3D11RHI: [Aftermath] Enabled and primed
[2020.10.19-09.51.10:626][  0]LogD3D11RHI: Async texture creation enabled
[2020.10.19-09.51.10:626][  0]LogD3D11RHI: Array index from any shader is supported
[2020.10.19-09.51.10:647][  0]LogD3D11RHI: GPU Timing Frequency: 1000.000000 (Debug: 2 2)
[2020.10.19-09.51.10:887][  0]LogTargetPlatformManager: Display: Loaded TargetPlatform 'AllDesktop'
[2020.10.19-09.51.10:907][  0]LogTargetPlatformManager: Display: Loaded TargetPlatform 'Android'
[2020.10.19-09.51.10:907][  0]LogTargetPlatformManager: Display: Loaded TargetPlatform 'Android_ASTC'
[2020.10.19-09.51.10:907][  0]LogTargetPlatformManager: Display: Loaded TargetPlatform 'Android_DXT'
[2020.10.19-09.51.10:907][  0]LogTargetPlatformManager: Display: Loaded TargetPlatform 'Android_ETC2'
[2020.10.19-09.51.10:907][  0]LogTargetPlatformManager: Display: Loaded TargetPlatform 'AndroidClient'
[2020.10.19-09.51.10:907][  0]LogTargetPlatformManager: Display: Loaded TargetPlatform 'Android_ASTCClient'
[2020.10.19-09.51.10:907][  0]LogTargetPlatformManager: Display: Loaded TargetPlatform 'Android_DXTClient'
[2020.10.19-09.51.10:907][  0]LogTargetPlatformManager: Display: Loaded TargetPlatform 'Android_ETC2Client'
[2020.10.19-09.51.10:907][  0]LogTargetPlatformManager: Display: Loaded TargetPlatform 'Android_Multi'
[2020.10.19-09.51.10:907][  0]LogTargetPlatformManager: Display: Loaded TargetPlatform 'Android_MultiClient'
[2020.10.19-09.51.10:927][  0]LogTargetPlatformManager: Display: Loaded TargetPlatform 'IOSClient'
[2020.10.19-09.51.10:927][  0]LogTargetPlatformManager: Display: Loaded TargetPlatform 'IOS'
[2020.10.19-09.51.10:936][  0]LogTargetPlatformManager: Display: Loaded TargetPlatform 'Linux'
[2020.10.19-09.51.10:944][  0]LogTargetPlatformManager: Display: Loaded TargetPlatform 'LinuxNoEditor'
[2020.10.19-09.51.10:952][  0]LogTargetPlatformManager: Display: Loaded TargetPlatform 'LinuxClient'
[2020.10.19-09.51.10:960][  0]LogTargetPlatformManager: Display: Loaded TargetPlatform 'LinuxServer'
[2020.10.19-09.51.10:968][  0]LogTargetPlatformManager: Display: Loaded TargetPlatform 'LinuxAArch64NoEditor'
[2020.10.19-09.51.10:976][  0]LogTargetPlatformManager: Display: Loaded TargetPlatform 'LinuxAArch64Client'
[2020.10.19-09.51.10:985][  0]LogTargetPlatformManager: Display: Loaded TargetPlatform 'LinuxAArch64Server'
[2020.10.19-09.51.11:009][  0]LogTargetPlatformManager: Display: Loaded TargetPlatform 'Lumin'
[2020.10.19-09.51.11:009][  0]LogTargetPlatformManager: Display: Loaded TargetPlatform 'LuminClient'
[2020.10.19-09.51.11:022][  0]LogTargetPlatformManager: Display: Loaded TargetPlatform 'TVOSClient'
[2020.10.19-09.51.11:023][  0]LogTargetPlatformManager: Display: Loaded TargetPlatform 'TVOS'
[2020.10.19-09.51.11:031][  0]LogTargetPlatformManager: Display: Loaded TargetPlatform 'WindowsNoEditor'
[2020.10.19-09.51.11:039][  0]LogTargetPlatformManager: Display: Loaded TargetPlatform 'Windows'
[2020.10.19-09.51.11:047][  0]LogTargetPlatformManager: Display: Loaded TargetPlatform 'WindowsClient'
[2020.10.19-09.51.11:056][  0]LogTargetPlatformManager: Display: Loaded TargetPlatform 'WindowsServer'
[2020.10.19-09.51.11:056][  0]LogTargetPlatformManager: Display: Building Assets For Windows
[2020.10.19-09.51.11:061][  0]LogAudioDebug: Display: Lib vorbis DLL was dynamically loaded.
[2020.10.19-09.51.11:109][  0]LogShaderCompilers: Guid format shader working directory is -45 characters bigger than the processId version (../../../../../../Users/Student 2020/Documents/VRLivePerformance/UnrealVRLivePerformance/UnrealVR/Intermediate/Shaders/WorkingDirectory/16664/).
[2020.10.19-09.51.11:110][  0]LogShaderCompilers: Cleaned the shader compiler working directory 'C:/Users/Student 2020/AppData/Local/Temp/UnrealShaderWorkingDir/90B0F2F842A4262FF366E49CC415A99D/'.
[2020.10.19-09.51.11:110][  0]LogXGEController: Cannot use XGE Controller as Incredibuild is not installed on this machine.
[2020.10.19-09.51.11:110][  0]LogShaderCompilers: Cannot use XGE Shader Compiler as Incredibuild is not installed on this machine.
[2020.10.19-09.51.11:110][  0]LogShaderCompilers: Display: Using Local Shader Compiler.
[2020.10.19-09.51.11:775][  0]LogDerivedDataCache: Display: Max Cache Size: 512 MB
[2020.10.19-09.51.11:837][  0]LogDerivedDataCache: Loaded boot cache 0.06s 94MB C:/Users/Student 2020/AppData/Local/UnrealEngine/4.25/DerivedDataCache/Boot.ddc.
[2020.10.19-09.51.11:837][  0]LogDerivedDataCache: Display: Loaded Boot cache: C:/Users/Student 2020/AppData/Local/UnrealEngine/4.25/DerivedDataCache/Boot.ddc
[2020.10.19-09.51.11:837][  0]LogDerivedDataCache: FDerivedDataBackendGraph:  Pak pak cache file ../../../../../../Users/Student 2020/Documents/VRLivePerformance/UnrealVRLivePerformance/UnrealVR/DerivedDataCache/DDC.ddp not found, will not use a pak cache.
[2020.10.19-09.51.11:837][  0]LogDerivedDataCache: Unable to find inner node Pak for hierarchical cache Hierarchy.
[2020.10.19-09.51.11:837][  0]LogDerivedDataCache: FDerivedDataBackendGraph:  CompressedPak pak cache file ../../../../../../Users/Student 2020/Documents/VRLivePerformance/UnrealVRLivePerformance/UnrealVR/DerivedDataCache/Compressed.ddp not found, will not use a pak cache.
[2020.10.19-09.51.11:837][  0]LogDerivedDataCache: Unable to find inner node CompressedPak for hierarchical cache Hierarchy.
[2020.10.19-09.51.11:846][  0]LogDerivedDataCache: Display: Pak cache opened for reading ../../../Engine/DerivedDataCache/Compressed.ddp.
[2020.10.19-09.51.11:846][  0]LogDerivedDataCache: FDerivedDataBackendGraph:  EnterprisePak pak cache file ../../../Enterprise/DerivedDataCache/Compressed.ddp not found, will not use a pak cache.
[2020.10.19-09.51.11:846][  0]LogDerivedDataCache: Unable to find inner node EnterprisePak for hierarchical cache Hierarchy.
[2020.10.19-09.51.11:848][  0]LogDerivedDataCache: Using Local data cache path C:/Users/Student 2020/AppData/Local/UnrealEngine/Common/DerivedDataCache: Writable
[2020.10.19-09.51.11:848][  0]LogDerivedDataCache: Shared data cache path not found in *engine.ini, will not use an Shared cache.
[2020.10.19-09.51.11:848][  0]LogDerivedDataCache: Unable to find inner node Shared for hierarchical cache Hierarchy.
[2020.10.19-09.51.11:893][  0]LogSlate: Using FreeType 2.10.0
[2020.10.19-09.51.11:894][  0]LogSlate: SlateFontServices - WITH_FREETYPE: 1, WITH_HARFBUZZ: 1
[2020.10.19-09.51.11:917][  0]LogAssetRegistry: FAssetRegistry took 0.0026 seconds to start up
[2020.10.19-09.51.12:118][  0]LogInit: Selected Device Profile: [Windows]
[2020.10.19-09.51.12:215][  0]LogMeshReduction: Using QuadricMeshReduction for automatic static mesh reduction
[2020.10.19-09.51.12:215][  0]LogMeshReduction: Using SimplygonMeshReduction for automatic skeletal mesh reduction
[2020.10.19-09.51.12:215][  0]LogMeshReduction: Using ProxyLODMeshReduction for automatic mesh merging
[2020.10.19-09.51.12:215][  0]LogMeshReduction: No distributed automatic mesh merging module available
[2020.10.19-09.51.12:215][  0]LogMeshMerging: No distributed automatic mesh merging module available
[2020.10.19-09.51.12:230][  0]LogNetVersion: UnrealVR 1.0.0, NetCL: 13144385, EngineNetVer: 14, GameNetVer: 0 (Checksum: 2192167523)
[2020.10.19-09.51.12:612][  0]LogAISub: UAISubsystem::UAISubsystem AISubsystem (000001E97487F880), frame # 0
[2020.10.19-09.51.12:612][  0]LogAISub: UAISubsystem::UAISubsystem AIPerceptionSystem (000001E974888CC0), frame # 0
[2020.10.19-09.51.12:613][  0]LogAISub: UAISubsystem::UAISubsystem EnvQueryManager (000001E9748F8A00), frame # 0
[2020.10.19-09.51.12:657][  0]LogPackageLocalizationCache: Processed 20 localized package path(s) for 1 prioritized culture(s) in 0.038450 seconds
[2020.10.19-09.51.12:662][  0]LogUObjectArray: 15917 objects as part of root set at end of initial load.
[2020.10.19-09.51.12:662][  0]LogUObjectAllocator: 3965568 out of 0 bytes used by permanent object pool.
[2020.10.19-09.51.12:662][  0]LogUObjectArray: CloseDisregardForGC: 0/0 objects in disregard for GC pool
[2020.10.19-09.51.12:957][  0]LogTcpMessaging: Initializing TcpMessaging bridge
[2020.10.19-09.51.12:961][  0]LogUdpMessaging: Initializing bridge on interface 0.0.0.0:0 to multicast group 230.0.0.1:6666.
[2020.10.19-09.51.13:032][  0]SourceControl: Source control is disabled
[2020.10.19-09.51.13:032][  0]SourceControl: Source control is disabled
[2020.10.19-09.51.13:034][  0]SourceControl: Source control is disabled
[2020.10.19-09.51.13:037][  0]SourceControl: Source control is disabled
[2020.10.19-09.51.13:043][  0]SourceControl: Source control is disabled
[2020.10.19-09.51.13:365][  0]LogAndroidPermission: UAndroidPermissionCallbackProxy::GetInstance
[2020.10.19-09.51.13:381][  0]LogAudioCaptureCore: Display: No Audio Capture implementations found. Audio input will be silent.
[2020.10.19-09.51.13:381][  0]LogAudioCaptureCore: Display: No Audio Capture implementations found. Audio input will be silent.
[2020.10.19-09.51.13:423][  0]LogOcInput: OculusInput pre-init called
[2020.10.19-09.51.13:638][  0]LogEngine: Initializing Engine...
[2020.10.19-09.51.13:639][  0]LogHMD: Oculus plugin initialized. Version: 4.25.3-13942748+++UE4+Release-4.25, OVRPlugin: 1.44.0
[2020.10.19-09.51.13:640][  0]LogStats: UGameplayTagsManager::InitializeManager -  0.000 s
[2020.10.19-09.51.13:741][  0]LogInit: Initializing FReadOnlyCVARCache
[2020.10.19-09.51.13:748][  0]LogAIModule: Creating AISystem for world Untitled
[2020.10.19-09.51.13:748][  0]LogAISub: UAISubsystem::UAISubsystem EnvQueryManager (000001E97C847C00), frame # 0
[2020.10.19-09.51.13:748][  0]LogAISub: UAISubsystem::UAISubsystem AIPerceptionSystem (000001E97C89E0C0), frame # 0
[2020.10.19-09.51.13:768][  0]LogAudioMixer: Display: Audio Mixer Platform Settings:
[2020.10.19-09.51.13:768][  0]LogAudioMixer: Display: 	Sample Rate:						  48000
[2020.10.19-09.51.13:768][  0]LogAudioMixer: Display: 	Callback Buffer Frame Size Requested: 1024
[2020.10.19-09.51.13:768][  0]LogAudioMixer: Display: 	Callback Buffer Frame Size To Use:	  1024
[2020.10.19-09.51.13:768][  0]LogAudioMixer: Display: 	Number of buffers to queue:			  2
[2020.10.19-09.51.13:768][  0]LogAudioMixer: Display: 	Max Channels (voices):				  32
[2020.10.19-09.51.13:768][  0]LogAudioMixer: Display: 	Number of Async Source Workers:		  0
[2020.10.19-09.51.13:768][  0]LogAudio: Display: AudioDevice MaxSources: 32
[2020.10.19-09.51.13:768][  0]LogAudio: Display: Using built-in audio occlusion.
[2020.10.19-09.51.13:768][  0]LogAudioMixer: Display: Initializing audio mixer.
[2020.10.19-09.51.13:784][  0]LogAudioMixer: Display: 0: FrontLeft
[2020.10.19-09.51.13:784][  0]LogAudioMixer: Display: 1: FrontRight
[2020.10.19-09.51.13:823][  0]LogAudioMixer: Display: Using Audio Device Headphones (2- Arctis 7 Game)
[2020.10.19-09.51.13:825][  0]LogAudioMixer: Display: Initializing Sound Submixes...
[2020.10.19-09.51.13:826][  0]LogAudioMixer: Display: Creating Master Submix 'MasterSubmixDefault'
[2020.10.19-09.51.13:826][  0]LogAudioMixer: Display: Creating Master Submix 'MasterReverbSubmixDefault'
[2020.10.19-09.51.13:827][  0]LogAudioMixer: Display: Creating Master Submix 'MasterEQSubmixDefault'
[2020.10.19-09.51.13:828][  0]LogInit: FAudioDevice initialized.
[2020.10.19-09.51.13:828][  0]LogNetVersion: Set ProjectVersion to 1.0.0.0. Version Checksum will be recalculated on next use.
[2020.10.19-09.51.13:877][  0]LogDerivedDataCache: Saved boot cache 0.05s 94MB C:/Users/Student 2020/AppData/Local/UnrealEngine/4.25/DerivedDataCache/Boot.ddc.
[2020.10.19-09.51.13:885][  0]LogInit: Texture streaming: Enabled
[2020.10.19-09.51.13:899][  0]LogEngineSessionManager: EngineSessionManager initialized
[2020.10.19-09.51.13:899][  0]LogEngineSessionManager: EngineSessionManager sent abnormal shutdown report. Type=AbnormalShutdown, SessionId={D6D1128E-47E7-DE35-C708-DCA518B33F9C}
[2020.10.19-09.51.13:899][  0]LogEditorSessionSummary: Verbose: Initializing EditorSessionSummaryWriter for editor session tracking
[2020.10.19-09.51.13:900][  0]LogEditorSessionSummary: EditorSessionSummaryWriter initialized
[2020.10.19-09.51.13:963][  0]LogInit: Transaction tracking system initialized
[2020.10.19-09.51.13:980][  0]BlueprintLog: New page: Editor Load
[2020.10.19-09.51.14:036][  0]LocalizationService: Localization service is disabled
[2020.10.19-09.51.14:163][  0]LogCook: Display: Max memory allowance for cook 16384mb min free memory 0mb
[2020.10.19-09.51.14:163][  0]LogCook: Display: Mobile HDR setting 1
[2020.10.19-09.51.14:274][  0]LogFileCache: Scanning file cache for directory 'C:/Users/Student 2020/Documents/VRLivePerformance/UnrealVRLivePerformance/UnrealVR/Content/' took 0.00s
[2020.10.19-09.51.14:445][  0]SourceControl: Source control is disabled
[2020.10.19-09.51.14:445][  0]LogUnrealEdMisc: Loading editor; pre map load, took 5.596
[2020.10.19-09.51.14:445][  0]Cmd: MAP LOAD FILE="../../../../../../Users/Student 2020/Documents/VRLivePerformance/UnrealVRLivePerformance/UnrealVR/Content/Maps/Lobby/Lobby.umap" TEMPLATE=0 SHOWPROGRESS=1 FEATURELEVEL=3
[2020.10.19-09.51.14:446][  0]LightingResults: New page: Lighting Build
[2020.10.19-09.51.14:446][  0]LogWorld: UWorld::CleanupWorld for Untitled, bSessionEnded=true, bCleanupResources=true
[2020.10.19-09.51.14:446][  0]LogSlate: InvalidateAllWidgets triggered.  All widgets were invalidated
[2020.10.19-09.51.14:446][  0]MapCheck: New page: Map Check
[2020.10.19-09.51.14:446][  0]LightingResults: New page: Lighting Build
[2020.10.19-09.51.14:467][  0]LogAISub: UAISubsystem::~UAISubsystem EnvQueryManager (000001E97C847C00), frame # 0
[2020.10.19-09.51.14:467][  0]LogAISub: UAISubsystem::~UAISubsystem AIPerceptionSystem (000001E97C89E0C0), frame # 0
[2020.10.19-09.51.14:468][  0]LogUObjectHash: Compacting FUObjectHashTables data took   0.68ms
[2020.10.19-09.51.14:638][  0]LogBlueprint: Warning: [Compiler PersistentLevel.Lobby] Node  Unknown  is not referencing a valid level actor
[2020.10.19-09.51.14:679][  0]LogAIModule: Creating AISystem for world Lobby
[2020.10.19-09.51.14:679][  0]LogAISub: UAISubsystem::UAISubsystem EnvQueryManager (000001E909F7BE00), frame # 0
[2020.10.19-09.51.14:679][  0]LogAISub: UAISubsystem::UAISubsystem AIPerceptionSystem (000001E90B0A8CC0), frame # 0
[2020.10.19-09.51.14:684][  0]LogEditorServer: Finished looking for orphan Actors (0.000 secs)
[2020.10.19-09.51.14:701][  0]LogUObjectHash: Compacting FUObjectHashTables data took   0.89ms
[2020.10.19-09.51.14:701][  0]Cmd: MAP CHECKDEP NOCLEARLOG
[2020.10.19-09.51.14:701][  0]MapCheck: Map check complete: 0 Error(s), 0 Warning(s), took 0.143ms to complete.
[2020.10.19-09.51.14:701][  0]LogFileHelpers: Loading map 'Lobby' took 0.256
[2020.10.19-09.51.14:704][  0]LogUnrealEdMisc: Total Editor Startup Time, took 5.855
[2020.10.19-09.51.14:847][  0]LogSlate: Updating window title bar state: overlay mode, drag disabled, window buttons hidden, title bar hidden
[2020.10.19-09.51.14:854][  0]LogSlate: Updating window title bar state: overlay mode, drag disabled, window buttons hidden, title bar hidden
[2020.10.19-09.51.14:860][  0]LogSlate: Updating window title bar state: overlay mode, drag disabled, window buttons hidden, title bar hidden
[2020.10.19-09.51.14:866][  0]LogSlate: Updating window title bar state: overlay mode, drag disabled, window buttons hidden, title bar hidden
[2020.10.19-09.51.14:872][  0]LogCollectionManager: Loaded 0 collections in 0.001574 seconds
[2020.10.19-09.51.14:888][  0]LogFileCache: Scanning file cache for directory 'C:/Users/Student 2020/Documents/VRLivePerformance/UnrealVRLivePerformance/UnrealVR/Saved/Collections/' took 0.00s
[2020.10.19-09.51.14:888][  0]LogFileCache: Scanning file cache for directory 'C:/Users/Student 2020/Documents/VRLivePerformance/UnrealVRLivePerformance/UnrealVR/Content/Developers/Student2020/Collections/' took 0.00s
[2020.10.19-09.51.14:888][  0]LogFileCache: Scanning file cache for directory 'C:/Users/Student 2020/Documents/VRLivePerformance/UnrealVRLivePerformance/UnrealVR/Content/Collections/' took 0.00s
[2020.10.19-09.51.14:888][  0]LogContentBrowser: Native class hierarchy populated in 0.0099 seconds. Added 3435 classes and 827 folders.
[2020.10.19-09.51.14:894][  0]LogContentBrowser: Native class hierarchy updated for 'WidgetCarousel' in 0.0009 seconds. Added 0 classes and 0 folders.
[2020.10.19-09.51.14:932][  0]LogContentBrowser: Native class hierarchy updated for 'AddContentDialog' in 0.0004 seconds. Added 0 classes and 0 folders.
[2020.10.19-09.51.14:933][  0]LogContentBrowser: Native class hierarchy updated for 'SceneOutliner' in 0.0004 seconds. Added 2 classes and 0 folders.
[2020.10.19-09.51.14:971][  0]LogSlate: Took 0.000145 seconds to synchronously load lazily loaded font '../../../Engine/Content/Slate/Fonts/Roboto-Regular.ttf' (155K)
[2020.10.19-09.51.14:972][  0]LogSlate: Took 0.000109 seconds to synchronously load lazily loaded font '../../../Engine/Content/Slate/Fonts/Roboto-Bold.ttf' (160K)
[2020.10.19-09.51.14:976][  0]LogSlate: Took 0.000117 seconds to synchronously load lazily loaded font '../../../Engine/Content/Editor/Slate/Fonts/FontAwesome.ttf' (139K)
[2020.10.19-09.51.15:037][  0]LogRenderer: Reallocating scene render targets to support 1616x808 Format 10 NumSamples 1 (Frame:1).
[2020.10.19-09.51.15:115][  0]LogContentBrowser: Native class hierarchy updated for 'HierarchicalLODOutliner' in 0.0004 seconds. Added 0 classes and 0 folders.
[2020.10.19-09.51.15:115][  0]LogLoad: (Engine Initialization) Total time: 6.27 seconds
[2020.10.19-09.51.15:115][  0]LogLoad: (Engine Initialization) Total Blueprint compile time: 0.00 seconds
[2020.10.19-09.51.15:126][  0]LogOcInput: OculusInput is initialized
[2020.10.19-09.51.15:155][  0]LogAssetRegistry: Asset discovery search completed in 3.2398 seconds
[2020.10.19-09.51.15:159][  0]LogCollectionManager: Fixed up redirectors for 0 collections in 0.000003 seconds (updated 0 objects)
[2020.10.19-09.51.15:164][  0]LogContentStreaming: Texture pool size now 1000 MB
[2020.10.19-09.51.16:146][ 62]LogSlate: Took 0.000165 seconds to synchronously load lazily loaded font '../../../Engine/Content/Slate/Fonts/Roboto-Light.ttf' (167K)
[2020.10.19-09.51.20:196][502]LogFileCache: Retrieving MD5 hashes for directory 'C:/Users/Student 2020/Documents/VRLivePerformance/UnrealVRLivePerformance/UnrealVR/Content/' took 5.07s
[2020.10.19-09.51.26:459][230]LogAssetEditorSubsystem: Opening Asset editor for WidgetBlueprint /Game/Maps/MainMapUI.MainMapUI
[2020.10.19-09.51.26:660][230]LogContentBrowser: Native class hierarchy updated for 'BlueprintGraph' in 0.0007 seconds. Added 125 classes and 0 folders.
[2020.10.19-09.51.27:744][230]LogSlate: Took 0.000124 seconds to synchronously load lazily loaded font '../../../Engine/Content/Slate/Fonts/Roboto-BoldCondensed.ttf' (158K)
[2020.10.19-09.51.31:617][608]LogSlate: Took 0.000181 seconds to synchronously load lazily loaded font '../../../Engine/Content/Slate/Fonts/Roboto-Italic.ttf' (157K)
[2020.10.19-09.52.06:188][642]BlueprintLog: New page: Compile MainMapUI
[2020.10.19-09.52.06:248][642]LogUObjectHash: Compacting FUObjectHashTables data took   3.60ms
[2020.10.19-09.52.06:741][692]Cmd: OBJ SAVEPACKAGE PACKAGE="/Game/Maps/MainMapUI" FILE="../../../../../../Users/Student 2020/Documents/VRLivePerformance/UnrealVRLivePerformance/UnrealVR/Content/Maps/MainMapUI.uasset" SILENT=true
[2020.10.19-09.52.06:769][692]LogSavePackage: Moving '../../../../../../Users/Student 2020/Documents/VRLivePerformance/UnrealVRLivePerformance/UnrealVR/Saved/MainMapUI579C0B2D402CFC843D7D9D99E7514418.tmp' to '../../../../../../Users/Student 2020/Documents/VRLivePerformance/UnrealVRLivePerformance/UnrealVR/Content/Maps/MainMapUI.uasset'
[2020.10.19-09.52.06:785][692]AssetCheck: New page: Asset Save: MainMapUI
[2020.10.19-09.52.06:785][692]LogContentValidation: Display: Validating WidgetBlueprint /Game/Maps/MainMapUI.MainMapUI
[2020.10.19-09.52.08:431][869]LogAssetEditorSubsystem: Opening Asset editor for World /Game/Maps/MainMap.MainMap
[2020.10.19-09.52.08:461][869]LogUObjectHash: Compacting FUObjectHashTables data took   3.04ms
[2020.10.19-09.52.08:463][869]Cmd: MAP LOAD FILE="../../../../../../Users/Student 2020/Documents/VRLivePerformance/UnrealVRLivePerformance/UnrealVR/Content/Maps/MainMap.umap" TEMPLATE=0 SHOWPROGRESS=1 FEATURELEVEL=3
[2020.10.19-09.52.08:463][869]LightingResults: New page: Lighting Build
[2020.10.19-09.52.08:463][869]LoadErrors: New page: Loading map: MainMap.umap
[2020.10.19-09.52.08:487][869]LogWorld: UWorld::CleanupWorld for Lobby, bSessionEnded=true, bCleanupResources=true
[2020.10.19-09.52.08:487][869]LogSlate: InvalidateAllWidgets triggered.  All widgets were invalidated
[2020.10.19-09.52.08:487][869]MapCheck: New page: Map Check
[2020.10.19-09.52.08:487][869]LightingResults: New page: Lighting Build
[2020.10.19-09.52.08:515][869]LogAISub: UAISubsystem::~UAISubsystem EnvQueryManager (000001E909F7BE00), frame # 5869
[2020.10.19-09.52.08:515][869]LogAISub: UAISubsystem::~UAISubsystem AIPerceptionSystem (000001E90B0A8CC0), frame # 5869
[2020.10.19-09.52.08:518][869]LogUObjectHash: Compacting FUObjectHashTables data took   2.54ms
[2020.10.19-09.52.08:520][869]LogStreaming: Display: ULevelStreaming::RequestLevel(/Game/Maps/Lobby/Lobby) is flushing async loading
[2020.10.19-09.52.08:520][869]LogStreaming: Display: Flushing async loaders.
[2020.10.19-09.52.08:524][869]LogBlueprint: Warning: [Compiler PersistentLevel.Lobby] Node  Unknown  is not referencing a valid level actor
[2020.10.19-09.52.08:529][869]LogStreaming: Display: ULevelStreaming::RequestLevel(/Game/Maps/EnvironmentMaps/SkyscraperMap/StageLevel) is flushing async loading
[2020.10.19-09.52.08:646][869]LogEditorServer: Finished looking for orphan Actors (0.000 secs)
[2020.10.19-09.52.08:646][869]LogAIModule: Creating AISystem for world MainMap
[2020.10.19-09.52.08:646][869]LogAISub: UAISubsystem::UAISubsystem EnvQueryManager (000001E986742C00), frame # 5869
[2020.10.19-09.52.08:646][869]LogAISub: UAISubsystem::UAISubsystem AIPerceptionSystem (000001E9551C8B80), frame # 5869
[2020.10.19-09.52.08:680][869]LogUObjectHash: Compacting FUObjectHashTables data took   2.74ms
[2020.10.19-09.52.08:718][869]Cmd: MAP CHECKDEP NOCLEARLOG
[2020.10.19-09.52.08:718][869]MapCheck: Map check complete: 0 Error(s), 0 Warning(s), took 0.246ms to complete.
[2020.10.19-09.52.08:718][869]LogFileHelpers: Loading map 'MainMap' took 0.255
[2020.10.19-09.52.10:615][ 85]LogTemp: Repeating last play command: Simulate
[2020.10.19-09.52.10:636][ 85]LogPlayLevel: PlayLevel: No blueprints needed recompiling
[2020.10.19-09.52.10:636][ 85]PIE: New page: SIE session: MainMap (Oct 19, 2020, 1:52:10 PM)
[2020.10.19-09.52.10:637][ 85]LogOnline: OSS: Creating online subsystem instance for: NULL
[2020.10.19-09.52.10:638][ 85]LogOnline: OSS: TryLoadSubsystemAndSetDefault: Loaded subsystem for module [NULL]
[2020.10.19-09.52.10:638][ 85]LogPlayLevel: Creating play world package: /Game/Maps/UEDPIE_0_MainMap
[2020.10.19-09.52.10:639][ 85]LogPlayLevel: PIE: StaticDuplicateObject took: (0.001217s)
[2020.10.19-09.52.10:640][ 85]LogAIModule: Creating AISystem for world MainMap
[2020.10.19-09.52.10:640][ 85]LogAISub: UAISubsystem::UAISubsystem EnvQueryManager (000001E96AB3B000), frame # 6085
[2020.10.19-09.52.10:640][ 85]LogAISub: UAISubsystem::UAISubsystem AIPerceptionSystem (000001E90B0E9580), frame # 6085
[2020.10.19-09.52.10:640][ 85]LogPlayLevel: PIE: World Init took: (0.000982s)
[2020.10.19-09.52.10:640][ 85]LogPlayLevel: PIE: Created PIE world by copying editor world from /Game/Maps/MainMap.MainMap to /Game/Maps/UEDPIE_0_MainMap.MainMap (0.002298s)
[2020.10.19-09.52.10:671][ 85]LogUObjectHash: Compacting FUObjectHashTables data took   2.24ms
[2020.10.19-09.52.10:672][ 85]LogAudioMixer: Display: Audio Mixer Platform Settings:
[2020.10.19-09.52.10:672][ 85]LogAudioMixer: Display: 	Sample Rate:						  48000
[2020.10.19-09.52.10:672][ 85]LogAudioMixer: Display: 	Callback Buffer Frame Size Requested: 1024
[2020.10.19-09.52.10:673][ 85]LogAudioMixer: Display: 	Callback Buffer Frame Size To Use:	  1024
[2020.10.19-09.52.10:673][ 85]LogAudioMixer: Display: 	Number of buffers to queue:			  2
[2020.10.19-09.52.10:673][ 85]LogAudioMixer: Display: 	Max Channels (voices):				  32
[2020.10.19-09.52.10:673][ 85]LogAudioMixer: Display: 	Number of Async Source Workers:		  0
[2020.10.19-09.52.10:673][ 85]LogAudio: Display: AudioDevice MaxSources: 32
[2020.10.19-09.52.10:673][ 85]LogAudio: Display: Using built-in audio occlusion.
[2020.10.19-09.52.10:673][ 85]LogAudioMixer: Display: Initializing audio mixer.
[2020.10.19-09.52.10:678][ 85]LogAudioMixer: Display: 0: FrontLeft
[2020.10.19-09.52.10:678][ 85]LogAudioMixer: Display: 1: FrontRight
[2020.10.19-09.52.10:694][ 85]LogAudioMixer: Display: Using Audio Device Headphones (2- Arctis 7 Game)
[2020.10.19-09.52.10:694][ 85]LogAudioMixer: Display: Initializing Sound Submixes...
[2020.10.19-09.52.10:694][ 85]LogAudioMixer: Display: Creating Master Submix 'MasterSubmixDefault'
[2020.10.19-09.52.10:694][ 85]LogAudioMixer: Display: Creating Master Submix 'MasterReverbSubmixDefault'
[2020.10.19-09.52.10:695][ 85]LogAudioMixer: Display: Creating Master Submix 'MasterEQSubmixDefault'
[2020.10.19-09.52.10:711][ 85]LogInit: FAudioDevice initialized.
[2020.10.19-09.52.10:718][ 85]LogLoad: Game class is 'GameModeBase'
[2020.10.19-09.52.10:719][ 85]LogWorld: Bringing World /Game/Maps/UEDPIE_0_MainMap.MainMap up for play (max tick rate 0) at 2020.10.19-11.52.10
[2020.10.19-09.52.10:719][ 85]LogWorld: Bringing up level for play took: 0.000416
[2020.10.19-09.52.10:719][ 85]LogOnline: OSS: Creating online subsystem instance for: :Context_3
[2020.10.19-09.52.10:720][ 85]LogGameMode: FindPlayerStart: PATHS NOT DEFINED or NO PLAYERSTART with positive rating
[2020.10.19-09.52.10:731][ 85]LogContentBrowser: Native class hierarchy updated for 'MovieSceneCapture' in 0.0005 seconds. Added 20 classes and 0 folders.
[2020.10.19-09.52.10:732][ 85]PIE: Server logged in
[2020.10.19-09.52.10:734][ 85]PIE: Play in editor total start time 0.099 seconds.
[2020.10.19-09.52.11:766][139]LogLevel: ActivateLevel /Game/Maps/Lobby/UEDPIE_0_Lobby 1 1 0
[2020.10.19-09.52.16:048][588]LogSlate: Updating window title bar state: overlay mode, drag disabled, window buttons hidden, title bar hidden
[2020.10.19-09.52.16:048][588]LogWorld: BeginTearingDown for /Game/Maps/UEDPIE_0_MainMap
[2020.10.19-09.52.16:048][588]LogWorld: UWorld::CleanupWorld for MainMap, bSessionEnded=true, bCleanupResources=true
[2020.10.19-09.52.16:048][588]LogSlate: InvalidateAllWidgets triggered.  All widgets were invalidated
[2020.10.19-09.52.16:055][588]LogPlayLevel: Display: Shutting down PIE online subsystems
[2020.10.19-09.52.16:061][588]LogSlate: InvalidateAllWidgets triggered.  All widgets were invalidated
[2020.10.19-09.52.16:112][588]LogSlate: Updating window title bar state: overlay mode, drag disabled, window buttons hidden, title bar hidden
[2020.10.19-09.52.16:138][588]LogAISub: UAISubsystem::~UAISubsystem AIPerceptionSystem (000001E90B0E9580), frame # 6588
[2020.10.19-09.52.16:138][588]LogAISub: UAISubsystem::~UAISubsystem EnvQueryManager (000001E96AB3B000), frame # 6588
[2020.10.19-09.52.16:159][588]LogUObjectHash: Compacting FUObjectHashTables data took   3.80ms
[2020.10.19-09.52.16:195][589]LogPlayLevel: Display: Destroying online subsystem :Context_3
[2020.10.19-09.52.16:251][589]LogUObjectHash: Compacting FUObjectHashTables data took   2.74ms
[2020.10.19-09.52.48:066][303]BlueprintLog: New page: Compile MainMapUI
[2020.10.19-09.52.48:099][303]LogUObjectHash: Compacting FUObjectHashTables data took   2.46ms
[2020.10.19-09.52.48:590][352]Cmd: OBJ SAVEPACKAGE PACKAGE="/Game/Maps/MainMapUI" FILE="../../../../../../Users/Student 2020/Documents/VRLivePerformance/UnrealVRLivePerformance/UnrealVR/Content/Maps/MainMapUI.uasset" SILENT=true
[2020.10.19-09.52.48:622][352]LogSavePackage: Moving '../../../../../../Users/Student 2020/Documents/VRLivePerformance/UnrealVRLivePerformance/UnrealVR/Saved/MainMapUI29FFD5ED4ED09387F273ACBAE0A63A11.tmp' to '../../../../../../Users/Student 2020/Documents/VRLivePerformance/UnrealVRLivePerformance/UnrealVR/Content/Maps/MainMapUI.uasset'
[2020.10.19-09.52.48:639][352]AssetCheck: New page: Asset Save: MainMapUI
[2020.10.19-09.52.48:639][352]LogContentValidation: Display: Validating WidgetBlueprint /Game/Maps/MainMapUI.MainMapUI
[2020.10.19-09.52.50:831][594]LogTemp: Repeating last play command: Simulate
[2020.10.19-09.52.50:856][594]LogPlayLevel: PlayLevel: No blueprints needed recompiling
[2020.10.19-09.52.50:856][594]PIE: New page: SIE session: MainMap (Oct 19, 2020, 1:52:50 PM)
[2020.10.19-09.52.50:856][594]LogPlayLevel: Creating play world package: /Game/Maps/UEDPIE_0_MainMap
[2020.10.19-09.52.50:857][594]LogPlayLevel: PIE: StaticDuplicateObject took: (0.001298s)
[2020.10.19-09.52.50:858][594]LogAIModule: Creating AISystem for world MainMap
[2020.10.19-09.52.50:858][594]LogAISub: UAISubsystem::UAISubsystem EnvQueryManager (000001E9873F2C00), frame # 10594
[2020.10.19-09.52.50:858][594]LogAISub: UAISubsystem::UAISubsystem AIPerceptionSystem (000001E954DAD580), frame # 10594
[2020.10.19-09.52.50:858][594]LogPlayLevel: PIE: World Init took: (0.000965s)
[2020.10.19-09.52.50:858][594]LogPlayLevel: PIE: Created PIE world by copying editor world from /Game/Maps/MainMap.MainMap to /Game/Maps/UEDPIE_0_MainMap.MainMap (0.002354s)
[2020.10.19-09.52.50:889][594]LogUObjectHash: Compacting FUObjectHashTables data took   2.91ms
[2020.10.19-09.52.50:890][594]LogAudioMixer: Display: Audio Mixer Platform Settings:
[2020.10.19-09.52.50:891][594]LogAudioMixer: Display: 	Sample Rate:						  48000
[2020.10.19-09.52.50:891][594]LogAudioMixer: Display: 	Callback Buffer Frame Size Requested: 1024
[2020.10.19-09.52.50:891][594]LogAudioMixer: Display: 	Callback Buffer Frame Size To Use:	  1024
[2020.10.19-09.52.50:891][594]LogAudioMixer: Display: 	Number of buffers to queue:			  2
[2020.10.19-09.52.50:891][594]LogAudioMixer: Display: 	Max Channels (voices):				  32
[2020.10.19-09.52.50:891][594]LogAudioMixer: Display: 	Number of Async Source Workers:		  0
[2020.10.19-09.52.50:891][594]LogAudio: Display: AudioDevice MaxSources: 32
[2020.10.19-09.52.50:891][594]LogAudio: Display: Using built-in audio occlusion.
[2020.10.19-09.52.50:891][594]LogAudioMixer: Display: Initializing audio mixer.
[2020.10.19-09.52.50:896][594]LogAudioMixer: Display: 0: FrontLeft
[2020.10.19-09.52.50:896][594]LogAudioMixer: Display: 1: FrontRight
[2020.10.19-09.52.50:911][594]LogAudioMixer: Display: Using Audio Device Headphones (2- Arctis 7 Game)
[2020.10.19-09.52.50:911][594]LogAudioMixer: Display: Initializing Sound Submixes...
[2020.10.19-09.52.50:911][594]LogAudioMixer: Display: Creating Master Submix 'MasterSubmixDefault'
[2020.10.19-09.52.50:911][594]LogAudioMixer: Display: Creating Master Submix 'MasterReverbSubmixDefault'
[2020.10.19-09.52.50:911][594]LogAudioMixer: Display: Creating Master Submix 'MasterEQSubmixDefault'
[2020.10.19-09.52.50:927][594]LogInit: FAudioDevice initialized.
[2020.10.19-09.52.50:938][594]LogLoad: Game class is 'GameModeBase'
[2020.10.19-09.52.50:938][594]LogWorld: Bringing World /Game/Maps/UEDPIE_0_MainMap.MainMap up for play (max tick rate 0) at 2020.10.19-11.52.50
[2020.10.19-09.52.50:939][594]LogWorld: Bringing up level for play took: 0.000407
[2020.10.19-09.52.50:939][594]LogOnline: OSS: Creating online subsystem instance for: :Context_4
[2020.10.19-09.52.50:940][594]LogGameMode: FindPlayerStart: PATHS NOT DEFINED or NO PLAYERSTART with positive rating
[2020.10.19-09.52.50:941][594]PIE: Server logged in
[2020.10.19-09.52.50:942][594]PIE: Play in editor total start time 0.09 seconds.
[2020.10.19-09.52.51:923][673]LogLevel: ActivateLevel /Game/Maps/Lobby/UEDPIE_0_Lobby 1 1 0
[2020.10.19-09.52.53:277][795]LogSlate: Updating window title bar state: overlay mode, drag disabled, window buttons hidden, title bar hidden
[2020.10.19-09.52.53:277][795]LogWorld: BeginTearingDown for /Game/Maps/UEDPIE_0_MainMap
[2020.10.19-09.52.53:278][795]LogWorld: UWorld::CleanupWorld for MainMap, bSessionEnded=true, bCleanupResources=true
[2020.10.19-09.52.53:278][795]LogSlate: InvalidateAllWidgets triggered.  All widgets were invalidated
[2020.10.19-09.52.53:289][795]LogPlayLevel: Display: Shutting down PIE online subsystems
[2020.10.19-09.52.53:294][795]LogSlate: InvalidateAllWidgets triggered.  All widgets were invalidated
[2020.10.19-09.52.53:339][795]LogSlate: Updating window title bar state: overlay mode, drag disabled, window buttons hidden, title bar hidden
[2020.10.19-09.52.53:340][795]LogAISub: UAISubsystem::~UAISubsystem AIPerceptionSystem (000001E954DAD580), frame # 10795
[2020.10.19-09.52.53:340][795]LogAISub: UAISubsystem::~UAISubsystem EnvQueryManager (000001E9873F2C00), frame # 10795
[2020.10.19-09.52.53:342][795]LogUObjectHash: Compacting FUObjectHashTables data took   2.27ms
[2020.10.19-09.52.53:380][796]LogPlayLevel: Display: Destroying online subsystem :Context_4
[2020.10.19-09.52.53:406][796]LogUObjectHash: Compacting FUObjectHashTables data took   2.19ms
[2020.10.19-09.52.57:607][232]LogUObjectHash: Compacting FUObjectHashTables data took   1.86ms
[2020.10.19-09.53.21:896][814]BlueprintLog: New page: Compile MainMapUI
[2020.10.19-09.53.21:929][814]LogUObjectHash: Compacting FUObjectHashTables data took   3.10ms
[2020.10.19-09.53.22:351][858]Cmd: OBJ SAVEPACKAGE PACKAGE="/Game/Maps/MainMapUI" FILE="../../../../../../Users/Student 2020/Documents/VRLivePerformance/UnrealVRLivePerformance/UnrealVR/Content/Maps/MainMapUI.uasset" SILENT=true
[2020.10.19-09.53.22:377][858]LogSavePackage: Moving '../../../../../../Users/Student 2020/Documents/VRLivePerformance/UnrealVRLivePerformance/UnrealVR/Saved/MainMapUI783835CA4BAFC960AF4F3C8A870D8E4C.tmp' to '../../../../../../Users/Student 2020/Documents/VRLivePerformance/UnrealVRLivePerformance/UnrealVR/Content/Maps/MainMapUI.uasset'
[2020.10.19-09.53.22:391][858]AssetCheck: New page: Asset Save: MainMapUI
[2020.10.19-09.53.22:391][858]LogContentValidation: Display: Validating WidgetBlueprint /Game/Maps/MainMapUI.MainMapUI
[2020.10.19-09.53.23:517][983]LogSlate: Window 'MainMapUI' being destroyed
[2020.10.19-09.53.23:522][983]LogSlate: Window 'MainMapUI' being destroyed
[2020.10.19-09.53.23:525][983]LogWorld: UWorld::CleanupWorld for World_1, bSessionEnded=true, bCleanupResources=true
[2020.10.19-09.53.23:525][983]LogSlate: InvalidateAllWidgets triggered.  All widgets were invalidated
[2020.10.19-09.53.23:551][983]LogWorld: UWorld::CleanupWorld for World_0, bSessionEnded=true, bCleanupResources=true
[2020.10.19-09.53.23:551][983]LogSlate: InvalidateAllWidgets triggered.  All widgets were invalidated
[2020.10.19-09.53.25:461][178]LogUObjectHash: Compacting FUObjectHashTables data took   2.88ms
[2020.10.19-09.53.25:590][178]LogSlate: Took 0.000156 seconds to synchronously load lazily loaded font '../../../Engine/Content/Slate/Fonts/Roboto-Light.ttf' (167K)
[2020.10.19-09.53.29:064][178]LogSlate: Window 'Delete Assets' being destroyed
[2020.10.19-09.53.47:802][695]LogAssetEditorSubsystem: Opening Asset editor for LevelScriptBlueprint /Game/Maps/MainMap.MainMap:PersistentLevel.MainMap
[2020.10.19-09.56.04:209][870]BlueprintLog: New page: Compile MainMap
[2020.10.19-09.56.04:268][870]LogUObjectHash: Compacting FUObjectHashTables data took   2.81ms
[2020.10.19-09.56.04:744][916]LogUObjectHash: Compacting FUObjectHashTables data took   1.94ms
[2020.10.19-09.56.04:776][916]LogSavePackage: Moving '../../../../../../Users/Student 2020/Documents/VRLivePerformance/UnrealVRLivePerformance/UnrealVR/Saved/MainMap0C63557540ECDB64C7571A85156CA4BA.tmp' to '../../../../../../Users/Student 2020/Documents/VRLivePerformance/UnrealVRLivePerformance/UnrealVR/Content/Maps/MainMap.umap'
[2020.10.19-09.56.04:814][916]LogFileHelpers: Saving map 'MainMap' took 0.096
[2020.10.19-09.56.04:827][916]AssetCheck: New page: Asset Save: MainMap
[2020.10.19-09.56.04:827][916]LogContentValidation: Display: Validating World /Game/Maps/MainMap.MainMap
[2020.10.19-09.56.05:397][983]LogEditorViewport: Clicking Background
[2020.10.19-09.56.06:716][131]LogTemp: Repeating last play command: Standalone Game
[2020.10.19-09.56.06:762][131]LogUObjectHash: Compacting FUObjectHashTables data took   1.87ms
[2020.10.19-09.56.20:069][623]LogUObjectHash: Compacting FUObjectHashTables data took   1.82ms
[2020.10.19-09.56.24:819][623]LogSlate: Window 'Delete Assets' being destroyed
[2020.10.19-09.56.26:143][623]LogSlate: Window 'MainMap' being destroyed
[2020.10.19-09.56.26:176][623]LogWorld: UWorld::CleanupWorld for World_4, bSessionEnded=true, bCleanupResources=true
[2020.10.19-09.56.26:177][623]LogSlate: InvalidateAllWidgets triggered.  All widgets were invalidated
[2020.10.19-09.56.26:228][623]LogUObjectGlobals: Force Deleting 1 Package(s):
	Asset Name: /Game/Maps/MainMapUI.MainMapUI
[2020.10.19-09.56.27:054][623]LogUObjectHash: Compacting FUObjectHashTables data took   1.94ms
[2020.10.19-09.56.27:077][623]LogUObjectHash: Compacting FUObjectHashTables data took   1.67ms
[2020.10.19-09.56.27:098][623]LogUObjectHash: Compacting FUObjectHashTables data took   0.54ms
[2020.10.19-09.56.29:946][925]LogUObjectHash: Compacting FUObjectHashTables data took   1.44ms
[2020.10.19-09.56.29:973][925]LogSavePackage: Moving '../../../../../../Users/Student 2020/Documents/VRLivePerformance/UnrealVRLivePerformance/UnrealVR/Saved/MainMapB3CCF5904B8B89213A1DC6961D8E1F52.tmp' to '../../../../../../Users/Student 2020/Documents/VRLivePerformance/UnrealVRLivePerformance/UnrealVR/Content/Maps/MainMap.umap'
[2020.10.19-09.56.30:011][925]LogFileHelpers: Saving map 'MainMap' took 0.089
[2020.10.19-09.56.30:025][925]AssetCheck: New page: Asset Save: MainMap
[2020.10.19-09.56.30:025][925]LogContentValidation: Display: Validating World /Game/Maps/MainMap.MainMap
[2020.10.19-09.56.30:940][ 29]LogAssetEditorSubsystem: Opening Asset editor for World /Game/Maps/MainMap.MainMap
[2020.10.19-09.56.30:961][ 29]LogUObjectHash: Compacting FUObjectHashTables data took   1.36ms
[2020.10.19-09.56.30:963][ 29]Cmd: MAP LOAD FILE="../../../../../../Users/Student 2020/Documents/VRLivePerformance/UnrealVRLivePerformance/UnrealVR/Content/Maps/MainMap.umap" TEMPLATE=0 SHOWPROGRESS=1 FEATURELEVEL=3
[2020.10.19-09.56.30:963][ 29]LightingResults: New page: Lighting Build
[2020.10.19-09.56.30:963][ 29]LoadErrors: New page: Loading map: MainMap.umap
[2020.10.19-09.56.30:997][ 29]LogWorld: UWorld::CleanupWorld for MainMap, bSessionEnded=true, bCleanupResources=true
[2020.10.19-09.56.30:998][ 29]LogSlate: InvalidateAllWidgets triggered.  All widgets were invalidated
[2020.10.19-09.56.30:998][ 29]LogWorld: UWorld::CleanupWorld for Lobby, bSessionEnded=true, bCleanupResources=true
[2020.10.19-09.56.30:998][ 29]LogSlate: InvalidateAllWidgets triggered.  All widgets were invalidated
[2020.10.19-09.56.30:998][ 29]LogWorld: UWorld::CleanupWorld for StageLevel, bSessionEnded=true, bCleanupResources=true
[2020.10.19-09.56.30:998][ 29]LogSlate: InvalidateAllWidgets triggered.  All widgets were invalidated
[2020.10.19-09.56.30:998][ 29]MapCheck: New page: Map Check
[2020.10.19-09.56.30:998][ 29]LightingResults: New page: Lighting Build
[2020.10.19-09.56.31:022][ 29]LogAISub: UAISubsystem::~UAISubsystem AIPerceptionSystem (000001E9551C8B80), frame # 32029
[2020.10.19-09.56.31:022][ 29]LogAISub: UAISubsystem::~UAISubsystem EnvQueryManager (000001E986742C00), frame # 32029
[2020.10.19-09.56.31:024][ 29]LogUObjectHash: Compacting FUObjectHashTables data took   2.18ms
[2020.10.19-09.56.31:032][ 29]LogAIModule: Creating AISystem for world MainMap
[2020.10.19-09.56.31:032][ 29]LogAISub: UAISubsystem::UAISubsystem EnvQueryManager (000001E909F79000), frame # 32029
[2020.10.19-09.56.31:032][ 29]LogAISub: UAISubsystem::UAISubsystem AIPerceptionSystem (000001E90A18A0C0), frame # 32029
[2020.10.19-09.56.31:034][ 29]LogStreaming: Display: ULevelStreaming::RequestLevel(/Game/Maps/EnvironmentMaps/SkyscraperMap/StageLevel) is flushing async loading
[2020.10.19-09.56.31:034][ 29]LogStreaming: Display: Flushing async loaders.
[2020.10.19-09.56.31:067][ 29]LogStreaming: Display: ULevelStreaming::RequestLevel(/Game/Maps/Lobby/Lobby) is flushing async loading
[2020.10.19-09.56.31:072][ 29]LogBlueprint: Warning: [Compiler PersistentLevel.Lobby] Node  Unknown  is not referencing a valid level actor
[2020.10.19-09.56.31:077][ 29]LogEditorServer: Finished looking for orphan Actors (0.000 secs)
[2020.10.19-09.56.31:099][ 29]LogUObjectHash: Compacting FUObjectHashTables data took   2.00ms
[2020.10.19-09.56.31:137][ 29]Cmd: MAP CHECKDEP NOCLEARLOG
[2020.10.19-09.56.31:137][ 29]MapCheck: Map check complete: 0 Error(s), 0 Warning(s), took 0.262ms to complete.
[2020.10.19-09.56.31:137][ 29]LogFileHelpers: Loading map 'MainMap' took 0.175
[2020.10.19-09.56.31:204][ 29]LogUObjectHash: Compacting FUObjectHashTables data took   0.52ms
[2020.10.19-09.56.52:196][391]LogSlate: Window 'Editor Preferences' being destroyed
[2020.10.19-09.57.47:463][259]LogSlate: Window 'Project Settings' being destroyed
[2020.10.19-09.57.47:468][259]LogSlate: Window 'Project Settings' being destroyed
[2020.10.19-10.00.13:562][968]LogPlayLevel: PlayLevel: No blueprints needed recompiling
[2020.10.19-10.00.13:562][968]LogHMD: Initializing OVRPlugin session
[2020.10.19-10.00.13:685][968]LogHMD: Allocating Oculus 3296 x 1776 rendertarget swapchain
[2020.10.19-10.00.13:686][968]PIE: New page: PIE session: MainMap (Oct 19, 2020, 2:00:13 PM)
[2020.10.19-10.00.13:686][968]LogPlayLevel: Creating play world package: /Game/Maps/UEDPIE_0_MainMap
[2020.10.19-10.00.13:688][968]LogPlayLevel: PIE: StaticDuplicateObject took: (0.001491s)
[2020.10.19-10.00.13:688][968]LogAIModule: Creating AISystem for world MainMap
[2020.10.19-10.00.13:688][968]LogAISub: UAISubsystem::UAISubsystem EnvQueryManager (000001E988373C00), frame # 41968
[2020.10.19-10.00.13:688][968]LogAISub: UAISubsystem::UAISubsystem AIPerceptionSystem (000001E985AED800), frame # 41968
[2020.10.19-10.00.13:689][968]LogPlayLevel: PIE: World Init took: (0.001064s)
[2020.10.19-10.00.13:689][968]LogPlayLevel: PIE: Created PIE world by copying editor world from /Game/Maps/MainMap.MainMap to /Game/Maps/UEDPIE_0_MainMap.MainMap (0.002664s)
[2020.10.19-10.00.13:772][968]LogUObjectHash: Compacting FUObjectHashTables data took   3.42ms
[2020.10.19-10.00.13:777][968]LogAudioMixer: Display: Audio Mixer Platform Settings:
[2020.10.19-10.00.13:777][968]LogAudioMixer: Display: 	Sample Rate:						  48000
[2020.10.19-10.00.13:777][968]LogAudioMixer: Display: 	Callback Buffer Frame Size Requested: 1024
[2020.10.19-10.00.13:777][968]LogAudioMixer: Display: 	Callback Buffer Frame Size To Use:	  1024
[2020.10.19-10.00.13:777][968]LogAudioMixer: Display: 	Number of buffers to queue:			  2
[2020.10.19-10.00.13:777][968]LogAudioMixer: Display: 	Max Channels (voices):				  32
[2020.10.19-10.00.13:777][968]LogAudioMixer: Display: 	Number of Async Source Workers:		  0
[2020.10.19-10.00.13:777][968]LogAudio: Display: AudioDevice MaxSources: 32
[2020.10.19-10.00.13:778][968]LogAudio: Display: Using built-in audio occlusion.
[2020.10.19-10.00.13:778][968]LogAudioMixer: Display: Initializing audio mixer.
[2020.10.19-10.00.13:781][968]LogAudioMixer: Display: 0: FrontLeft
[2020.10.19-10.00.13:781][968]LogAudioMixer: Display: 1: FrontRight
[2020.10.19-10.00.13:782][968]LogAudioMixer: Display: 0: FrontLeft
[2020.10.19-10.00.13:782][968]LogAudioMixer: Display: 1: FrontRight
[2020.10.19-10.00.13:785][968]LogAudioMixer: Display: 0: FrontLeft
[2020.10.19-10.00.13:785][968]LogAudioMixer: Display: 1: FrontRight
[2020.10.19-10.00.13:801][968]LogAudioMixer: Display: Using Audio Device Headphones (2- Rift S)
[2020.10.19-10.00.13:802][968]LogAudioMixer: Display: Initializing Sound Submixes...
[2020.10.19-10.00.13:802][968]LogAudioMixer: Display: Creating Master Submix 'MasterSubmixDefault'
[2020.10.19-10.00.13:802][968]LogAudioMixer: Display: Creating Master Submix 'MasterReverbSubmixDefault'
[2020.10.19-10.00.13:802][968]LogAudioMixer: Display: Creating Master Submix 'MasterEQSubmixDefault'
[2020.10.19-10.00.13:817][968]LogInit: FAudioDevice initialized.
[2020.10.19-10.00.13:826][968]LogSlate: Updating window title bar state: overlay mode, drag disabled, window buttons hidden, title bar hidden
[2020.10.19-10.00.13:883][968]LogLoad: Game class is 'GameModeBase'
[2020.10.19-10.00.13:884][968]LogWorld: Bringing World /Game/Maps/UEDPIE_0_MainMap.MainMap up for play (max tick rate 0) at 2020.10.19-12.00.13
[2020.10.19-10.00.13:885][968]LogWorld: Bringing up level for play took: 0.000507
[2020.10.19-10.00.13:885][968]LogOnline: OSS: Creating online subsystem instance for: :Context_9
[2020.10.19-10.00.13:887][968]LogLevel: ActivateLevel /Game/Maps/Lobby/UEDPIE_0_Lobby 1 1 0
[2020.10.19-10.00.13:889][968]PIE: Server logged in
[2020.10.19-10.00.13:890][968]PIE: Play in editor total start time 0.332 seconds.
[2020.10.19-10.00.13:891][968]LogEngine: Changing dynamic resolution state.
[2020.10.19-10.00.13:901][968]LogRenderer: Warning: Resizing VR buffer to 3296 by 1776
[2020.10.19-10.00.13:901][968]LogRenderer: Reallocating scene render targets to support 3296x1776 Format 10 NumSamples 1 (Frame:1).
[2020.10.19-10.00.13:901][968]LogHMD: Allocating Oculus 3296 x 1776 depth rendertarget swapchain
[2020.10.19-10.00.13:924][970]LogProfilingDebugging: Allocated a 1024 x 1024 texture for HMD canvas layer
[2020.10.19-10.00.23:970][923]LogSlate: Updating window title bar state: overlay mode, drag disabled, window buttons hidden, title bar hidden
[2020.10.19-10.00.23:970][923]LogWorld: BeginTearingDown for /Game/Maps/UEDPIE_0_MainMap
[2020.10.19-10.00.24:007][923]LogSlate: Window 'UnrealVR Preview [NetMode: Standalone] (64-bit/Windows) OculusHMD' being destroyed
[2020.10.19-10.00.24:037][923]LogWorld: UWorld::CleanupWorld for MainMap, bSessionEnded=true, bCleanupResources=true
[2020.10.19-10.00.24:037][923]LogSlate: InvalidateAllWidgets triggered.  All widgets were invalidated
[2020.10.19-10.00.24:044][923]LogPlayLevel: Display: Shutting down PIE online subsystems
[2020.10.19-10.00.24:049][923]LogSlate: InvalidateAllWidgets triggered.  All widgets were invalidated
[2020.10.19-10.00.24:101][923]LogAISub: UAISubsystem::~UAISubsystem AIPerceptionSystem (000001E985AED800), frame # 42923
[2020.10.19-10.00.24:102][923]LogAISub: UAISubsystem::~UAISubsystem EnvQueryManager (000001E988373C00), frame # 42923
[2020.10.19-10.00.24:125][923]LogUObjectHash: Compacting FUObjectHashTables data took   2.83ms
[2020.10.19-10.00.24:160][924]LogPlayLevel: Display: Destroying online subsystem :Context_9
[2020.10.19-10.00.24:192][924]LogUObjectHash: Compacting FUObjectHashTables data took   1.73ms
[2020.10.19-10.00.24:193][924]LogEngine: Changing dynamic resolution state.
[2020.10.19-10.00.27:454][296]LogAssetEditorSubsystem: Opening Asset editor for World /Game/Maps/Lobby/Lobby.Lobby
[2020.10.19-10.00.27:471][296]LogUObjectHash: Compacting FUObjectHashTables data took   0.49ms
[2020.10.19-10.00.27:473][296]Cmd: MAP LOAD FILE="../../../../../../Users/Student 2020/Documents/VRLivePerformance/UnrealVRLivePerformance/UnrealVR/Content/Maps/Lobby/Lobby.umap" TEMPLATE=0 SHOWPROGRESS=1 FEATURELEVEL=3
[2020.10.19-10.00.27:474][296]LightingResults: New page: Lighting Build
[2020.10.19-10.00.27:474][296]LoadErrors: New page: Loading map: Lobby.umap
[2020.10.19-10.00.27:498][296]LogWorld: UWorld::CleanupWorld for MainMap, bSessionEnded=true, bCleanupResources=true
[2020.10.19-10.00.27:498][296]LogSlate: InvalidateAllWidgets triggered.  All widgets were invalidated
[2020.10.19-10.00.27:498][296]LogWorld: UWorld::CleanupWorld for StageLevel, bSessionEnded=true, bCleanupResources=true
[2020.10.19-10.00.27:498][296]LogSlate: InvalidateAllWidgets triggered.  All widgets were invalidated
[2020.10.19-10.00.27:498][296]LogWorld: UWorld::CleanupWorld for Lobby, bSessionEnded=true, bCleanupResources=true
[2020.10.19-10.00.27:498][296]LogSlate: InvalidateAllWidgets triggered.  All widgets were invalidated
[2020.10.19-10.00.27:498][296]MapCheck: New page: Map Check
[2020.10.19-10.00.27:498][296]LightingResults: New page: Lighting Build
[2020.10.19-10.00.27:518][296]LogAISub: UAISubsystem::~UAISubsystem AIPerceptionSystem (000001E90A18A0C0), frame # 43296
[2020.10.19-10.00.27:518][296]LogAISub: UAISubsystem::~UAISubsystem EnvQueryManager (000001E909F79000), frame # 43296
[2020.10.19-10.00.27:520][296]LogUObjectHash: Compacting FUObjectHashTables data took   2.04ms
[2020.10.19-10.00.27:522][296]LogAIModule: Creating AISystem for world Lobby
[2020.10.19-10.00.27:522][296]LogAISub: UAISubsystem::UAISubsystem EnvQueryManager (000001E909FE8A00), frame # 43296
[2020.10.19-10.00.27:522][296]LogAISub: UAISubsystem::UAISubsystem AIPerceptionSystem (000001E90A18AC00), frame # 43296
[2020.10.19-10.00.27:525][296]LogEditorServer: Finished looking for orphan Actors (0.000 secs)
[2020.10.19-10.00.27:548][296]LogUObjectHash: Compacting FUObjectHashTables data took   1.61ms
[2020.10.19-10.00.27:586][296]Cmd: MAP CHECKDEP NOCLEARLOG
[2020.10.19-10.00.27:586][296]MapCheck: Map check complete: 0 Error(s), 0 Warning(s), took 0.164ms to complete.
[2020.10.19-10.00.27:586][296]LogFileHelpers: Loading map 'Lobby' took 0.112
[2020.10.19-10.00.27:648][296]LogUObjectHash: Compacting FUObjectHashTables data took   0.49ms
[2020.10.19-10.00.35:444][213]LogAssetEditorSubsystem: Opening Asset editor for Blueprint /Game/Blueprints/Temp/InteractableObject.InteractableObject
[2020.10.19-10.01.37:314][158]BlueprintLog: New page: Compile InteractableObject
[2020.10.19-10.01.37:362][158]LogUObjectHash: Compacting FUObjectHashTables data took   1.99ms
[2020.10.19-10.01.38:017][206]LogSavePackage: Moving '../../../../../../Users/Student 2020/Documents/VRLivePerformance/UnrealVRLivePerformance/UnrealVR/Saved/InteractableObjectC05CD9CB4DA195F389D2C6986D6A66B9.tmp' to '../../../../../../Users/Student 2020/Documents/VRLivePerformance/UnrealVRLivePerformance/UnrealVR/Content/Blueprints/Temp/InteractableObject.uasset'
[2020.10.19-10.01.38:034][206]AssetCheck: New page: Asset Save: InteractableObject
[2020.10.19-10.01.38:034][206]LogContentValidation: Display: Validating Blueprint /Game/Blueprints/Temp/InteractableObject.InteractableObject
[2020.10.19-10.10.27:951][ 72]LogUObjectHash: Compacting FUObjectHashTables data took   2.58ms
[2020.10.19-10.10.27:997][ 72]LogSavePackage: Moving '../../../../../../Users/Student 2020/Documents/VRLivePerformance/UnrealVRLivePerformance/UnrealVR/Saved/Lobby_Auto1A3D3B8E841A124C75C2C2FB212E9B1AA.tmp' to '../../../../../../Users/Student 2020/Documents/VRLivePerformance/UnrealVRLivePerformance/UnrealVR/Saved/Autosaves/Game/Maps/Lobby/Lobby_Auto1.umap'
[2020.10.19-10.10.28:001][ 72]LogFileHelpers: Editor autosave (incl. sublevels) for '/Game/Maps/Lobby/Lobby' took 0.081
[2020.10.19-10.10.28:001][ 72]LogFileHelpers: Editor autosave (incl. sublevels) for all levels took 0.081
[2020.10.19-10.34.11:271][790]LogTemp: Repeating last play command: VR Preview
[2020.10.19-10.34.11:297][790]LogPlayLevel: PlayLevel: No blueprints needed recompiling
[2020.10.19-10.34.11:297][790]LogHMD: Initializing OVRPlugin session
[2020.10.19-10.34.11:422][790]LogHMD: Allocating Oculus 3296 x 1776 rendertarget swapchain
[2020.10.19-10.34.11:423][790]PIE: New page: PIE session: Lobby (Oct 19, 2020, 2:34:11 PM)
[2020.10.19-10.34.11:423][790]LogPlayLevel: Creating play world package: /Game/Maps/Lobby/UEDPIE_0_Lobby
[2020.10.19-10.34.11:427][790]LogPlayLevel: PIE: StaticDuplicateObject took: (0.004227s)
[2020.10.19-10.34.11:428][790]LogAIModule: Creating AISystem for world Lobby
[2020.10.19-10.34.11:428][790]LogAISub: UAISubsystem::UAISubsystem EnvQueryManager (000001E9186E0A00), frame # 56790
[2020.10.19-10.34.11:428][790]LogAISub: UAISubsystem::UAISubsystem AIPerceptionSystem (000001E98C6ED940), frame # 56790
[2020.10.19-10.34.11:428][790]LogPlayLevel: PIE: World Init took: (0.001181s)
[2020.10.19-10.34.11:429][790]LogPlayLevel: PIE: Created PIE world by copying editor world from /Game/Maps/Lobby/Lobby.Lobby to /Game/Maps/Lobby/UEDPIE_0_Lobby.Lobby (0.005522s)
[2020.10.19-10.34.11:454][790]LogUObjectHash: Compacting FUObjectHashTables data took   1.79ms
[2020.10.19-10.34.11:458][790]LogAudioMixer: Display: Audio Mixer Platform Settings:
[2020.10.19-10.34.11:458][790]LogAudioMixer: Display: 	Sample Rate:						  48000
[2020.10.19-10.34.11:458][790]LogAudioMixer: Display: 	Callback Buffer Frame Size Requested: 1024
[2020.10.19-10.34.11:458][790]LogAudioMixer: Display: 	Callback Buffer Frame Size To Use:	  1024
[2020.10.19-10.34.11:458][790]LogAudioMixer: Display: 	Number of buffers to queue:			  2
[2020.10.19-10.34.11:458][790]LogAudioMixer: Display: 	Max Channels (voices):				  32
[2020.10.19-10.34.11:458][790]LogAudioMixer: Display: 	Number of Async Source Workers:		  0
[2020.10.19-10.34.11:458][790]LogAudio: Display: AudioDevice MaxSources: 32
[2020.10.19-10.34.11:459][790]LogAudio: Display: Using built-in audio occlusion.
[2020.10.19-10.34.11:459][790]LogAudioMixer: Display: Initializing audio mixer.
[2020.10.19-10.34.11:462][790]LogAudioMixer: Display: 0: FrontLeft
[2020.10.19-10.34.11:462][790]LogAudioMixer: Display: 1: FrontRight
[2020.10.19-10.34.11:464][790]LogAudioMixer: Display: 0: FrontLeft
[2020.10.19-10.34.11:464][790]LogAudioMixer: Display: 1: FrontRight
[2020.10.19-10.34.11:467][790]LogAudioMixer: Display: 0: FrontLeft
[2020.10.19-10.34.11:467][790]LogAudioMixer: Display: 1: FrontRight
[2020.10.19-10.34.11:482][790]LogAudioMixer: Display: Using Audio Device Headphones (2- Rift S)
[2020.10.19-10.34.11:482][790]LogAudioMixer: Display: Initializing Sound Submixes...
[2020.10.19-10.34.11:482][790]LogAudioMixer: Display: Creating Master Submix 'MasterSubmixDefault'
[2020.10.19-10.34.11:482][790]LogAudioMixer: Display: Creating Master Submix 'MasterReverbSubmixDefault'
[2020.10.19-10.34.11:483][790]LogAudioMixer: Display: Creating Master Submix 'MasterEQSubmixDefault'
[2020.10.19-10.34.11:499][790]LogInit: FAudioDevice initialized.
[2020.10.19-10.34.11:509][790]LogSlate: Updating window title bar state: overlay mode, drag disabled, window buttons hidden, title bar hidden
[2020.10.19-10.34.11:559][790]LogLoad: Game class is 'GameModeBase'
[2020.10.19-10.34.11:561][790]LogWorld: Bringing World /Game/Maps/Lobby/UEDPIE_0_Lobby.Lobby up for play (max tick rate 0) at 2020.10.19-12.34.11
[2020.10.19-10.34.11:561][790]LogWorld: Bringing up level for play took: 0.001125
[2020.10.19-10.34.11:561][790]LogOnline: OSS: Creating online subsystem instance for: :Context_11
[2020.10.19-10.34.11:573][790]PIE: Server logged in
[2020.10.19-10.34.11:576][790]PIE: Play in editor total start time 0.283 seconds.
[2020.10.19-10.34.11:576][790]LogEngine: Changing dynamic resolution state.
[2020.10.19-10.34.11:587][790]LogHMD: Allocating Oculus 3296 x 1776 depth rendertarget swapchain
[2020.10.19-10.34.11:692][793]LogProfilingDebugging: Allocated a 1024 x 1024 texture for HMD canvas layer
[2020.10.19-10.34.23:274][577]LogNet: Browse: /Game/Maps/EnvironmentMaps/SkyscraperMap/StageLevel
[2020.10.19-10.34.23:274][577]LogLoadingSplash: Loading texture for splash rp_manuel_animated_001_dif...
[2020.10.19-10.34.23:274][577]LogLoadingSplash: ...Success. 
[2020.10.19-10.34.23:274][577]LogHMD: FSplash::OnShow
[2020.10.19-10.34.23:274][577]LogLoad: LoadMap: /Game/Maps/EnvironmentMaps/SkyscraperMap/StageLevel
[2020.10.19-10.34.23:274][577]LogWorld: BeginTearingDown for /Game/Maps/Lobby/UEDPIE_0_Lobby
[2020.10.19-10.34.23:275][577]LogWorld: UWorld::CleanupWorld for Lobby, bSessionEnded=true, bCleanupResources=true
[2020.10.19-10.34.23:275][577]LogSlate: InvalidateAllWidgets triggered.  All widgets were invalidated
