Log file open, 10/20/20 12:00:05
LogInit: Display: Running engine for game: UnrealVR
LogPlatformFile: Not using cached read wrapper
LogTaskGraph: Started task graph with 5 named threads and 47 total threads with 3 sets of task threads.
LogStats: Stats thread started at 0.172178
LogD3D11RHI: Loaded GFSDK_Aftermath_Lib.x64.dll
LogICUInternationalization: ICU TimeZone Detection - Raw Offset: +1:00, Platform Override: ''
LogPluginManager: Mounting plugin Paper2D
LogPluginManager: Mounting plugin AISupport
LogPluginManager: Mounting plugin LightPropagationVolume
LogPluginManager: Mounting plugin CameraShakePreviewer
LogPluginManager: Mounting plugin ActorLayerUtilities
LogPluginManager: Mounting plugin AnimationSharing
LogPluginManager: Mounting plugin CLionSourceCodeAccess
LogPluginManager: Mounting plugin CodeLiteSourceCodeAccess
LogPluginManager: Mounting plugin GitSourceControl
LogPluginManager: Mounting plugin KDevelopSourceCodeAccess
LogPluginManager: Mounting plugin NullSourceCodeAccess
LogPluginManager: Mounting plugin PerforceSourceControl
LogPluginManager: Mounting plugin PlasticSourceControl
LogPluginManager: Mounting plugin RiderSourceCodeAccess
LogPluginManager: Mounting plugin SubversionSourceControl
LogPluginManager: Mounting plugin UObjectPlugin
LogPluginManager: Mounting plugin VisualStudioCodeSourceCodeAccess
LogPluginManager: Mounting plugin VisualStudioSourceCodeAccess
LogPluginManager: Mounting plugin XCodeSourceCodeAccess
LogPluginManager: Mounting plugin AssetManagerEditor
LogPluginManager: Mounting plugin CryptoKeys
LogPluginManager: Mounting plugin CurveEditorTools
LogPluginManager: Mounting plugin DataValidation
LogPluginManager: Mounting plugin EditorScriptingUtilities
LogPluginManager: Mounting plugin FacialAnimation
LogPluginManager: Mounting plugin GameplayTagsEditor
LogPluginManager: Mounting plugin GeometryMode
LogPluginManager: Mounting plugin MacGraphicsSwitching
LogPluginManager: Mounting plugin MaterialAnalyzer
LogPluginManager: Mounting plugin MobileLauncherProfileWizard
LogPluginManager: Mounting plugin PluginBrowser
LogPluginManager: Mounting plugin SpeedTreeImporter
LogPluginManager: Mounting plugin DatasmithContent
LogPluginManager: Mounting plugin VariantManagerContent
LogPluginManager: Mounting plugin AlembicImporter
LogPluginManager: Mounting plugin AutomationUtils
LogPluginManager: Mounting plugin BackChannel
LogPluginManager: Mounting plugin ChaosCloth
LogPluginManager: Mounting plugin ChaosClothEditor
LogPluginManager: Mounting plugin ChaosEditor
LogPluginManager: Mounting plugin ChaosNiagara
LogPluginManager: Mounting plugin ChaosSolverPlugin
LogPluginManager: Mounting plugin CharacterAI
LogPluginManager: Mounting plugin GeometryCache
LogPluginManager: Mounting plugin GeometryCollectionPlugin
LogPluginManager: Mounting plugin GeometryProcessing
LogPluginManager: Mounting plugin PlanarCut
LogPluginManager: Mounting plugin PlatformCrypto
LogPluginManager: Mounting plugin ProxyLODPlugin
LogPluginManager: Mounting plugin SkeletalReduction
LogPluginManager: Mounting plugin Niagara
LogPluginManager: Mounting plugin MagicLeap
LogPluginManager: Mounting plugin MagicLeapLightEstimation
LogPluginManager: Mounting plugin MagicLeapMedia
LogPluginManager: Mounting plugin MagicLeapPassableWorld
LogPluginManager: Mounting plugin MLSDK
LogPluginManager: Mounting plugin UIWS
LogPluginManager: Mounting plugin AndroidMedia
LogPluginManager: Mounting plugin AvfMedia
LogPluginManager: Mounting plugin ImgMedia
LogPluginManager: Mounting plugin MediaCompositing
LogPluginManager: Mounting plugin MediaPlayerEditor
LogPluginManager: Mounting plugin WebMMedia
LogPluginManager: Mounting plugin WmfMedia
LogPluginManager: Mounting plugin MeshPainting
LogPluginManager: Mounting plugin TcpMessaging
LogPluginManager: Mounting plugin UdpMessaging
LogPluginManager: Mounting plugin ActorSequence
LogPluginManager: Mounting plugin LevelSequenceEditor
LogPluginManager: Mounting plugin MatineeToLevelSequence
LogPluginManager: Mounting plugin MovieRenderPipeline
LogPluginManager: Mounting plugin TemplateSequence
LogPluginManager: Mounting plugin NetcodeUnitTest
LogPluginManager: Mounting plugin NUTUnrealEngine4
LogPluginManager: Mounting plugin OnlineSubsystemGooglePlay
LogPluginManager: Mounting plugin OnlineSubsystemIOS
LogPluginManager: Mounting plugin OnlineSubsystem
LogPluginManager: Mounting plugin OnlineSubsystemNull
LogPluginManager: Mounting plugin OnlineSubsystemUtils
LogPluginManager: Mounting plugin LauncherChunkInstaller
LogPluginManager: Mounting plugin AndroidDeviceProfileSelector
LogPluginManager: Mounting plugin AndroidMoviePlayer
LogPluginManager: Mounting plugin AndroidPermission
LogPluginManager: Mounting plugin AppleImageUtils
LogPluginManager: Mounting plugin AppleMoviePlayer
LogPluginManager: Mounting plugin ArchVisCharacter
LogPluginManager: Mounting plugin AssetTags
LogPluginManager: Mounting plugin AudioCapture
LogPluginManager: Mounting plugin CableComponent
LogPluginManager: Mounting plugin CustomMeshComponent
LogPluginManager: Mounting plugin EditableMesh
LogPluginManager: Mounting plugin ExampleDeviceProfileSelector
LogPluginManager: Mounting plugin GoogleCloudMessaging
LogPluginManager: Mounting plugin GooglePAD
LogPluginManager: Mounting plugin IOSDeviceProfileSelector
LogPluginManager: Mounting plugin LinuxDeviceProfileSelector
LogPluginManager: Mounting plugin LocationServicesBPLibrary
LogPluginManager: Mounting plugin MobilePatchingUtils
LogPluginManager: Mounting plugin OculusVR
LogPluginManager: Mounting plugin PhysXVehicles
LogPluginManager: Mounting plugin PostSplashScreen
LogPluginManager: Mounting plugin ProceduralMeshComponent
LogPluginManager: Mounting plugin RuntimePhysXCooking
LogPluginManager: Mounting plugin SignificanceManager
LogPluginManager: Mounting plugin SoundFields
LogPluginManager: Mounting plugin SteamVR
LogPluginManager: Mounting plugin Synthesis
LogPluginManager: Mounting plugin WebMMoviePlayer
LogPluginManager: Mounting plugin WindowsMoviePlayer
LogPluginManager: Mounting plugin ScreenshotTools
LogInit: Using libcurl 7.55.1-DEV
LogInit:  - built for x86_64-pc-win32
LogInit:  - supports SSL with OpenSSL/1.1.1
LogInit:  - supports HTTP deflate (compression) using libz 1.2.8
LogInit:  - other features:
LogInit:      CURL_VERSION_SSL
LogInit:      CURL_VERSION_LIBZ
LogInit:      CURL_VERSION_IPV6
LogInit:      CURL_VERSION_ASYNCHDNS
LogInit:      CURL_VERSION_LARGEFILE
LogInit:      CURL_VERSION_IDN
LogInit:  CurlRequestOptions (configurable via config and command line):
LogInit:  - bVerifyPeer = true  - Libcurl will verify peer certificate
LogInit:  - bUseHttpProxy = false  - Libcurl will NOT use HTTP proxy
LogInit:  - bDontReuseConnections = false  - Libcurl will reuse connections
LogInit:  - MaxHostConnections = 16  - Libcurl will limit the number of connections to a host
LogInit:  - LocalHostAddr = Default
LogInit:  - BufferSize = 65536
LogOnline: OSS: Creating online subsystem instance for: NULL
LogInit: WinSock: version 1.1 (2.2), MaxSocks=32767, MaxUdp=65467
LogOnline: OSS: TryLoadSubsystemAndSetDefault: Loaded subsystem for module [NULL]
LogOculusPluginWrapper: OculusPlugin initialized successfully
LogInit: Build: ++UE4+Release-4.25-CL-13942748
LogInit: Engine Version: 4.25.3-13942748+++UE4+Release-4.25
LogInit: Compatible Engine Version: 4.25.0-13144385+++UE4+Release-4.25
LogInit: Net CL: 13144385
LogInit: OS: Windows 10 (Release 2004) (), CPU: Intel(R) Core(TM) i7-7820X CPU @ 3.60GHz, GPU: NVIDIA GeForce RTX 2080 Ti
LogInit: Compiled (64-bit): Jul 25 2020 02:07:48
LogInit: Compiled with Visual C++: 19.24.28315.00
LogInit: Build Configuration: Development
LogInit: Branch Name: ++UE4+Release-4.25
LogInit: Command Line:  -EpicPortal -epicusername=Rimeh_ -epicuserid=3620de3b46744791bae9bb86c3c88c80 -epiclocale=en
LogInit: Base Directory: C:/Program Files/Epic Games/UE_4.25/Engine/Binaries/Win64/
LogInit: Allocator: TBB
LogInit: Installed Engine Build: 1
LogDevObjectVersion: Number of dev versions registered: 26
LogDevObjectVersion:   Dev-Blueprints (B0D832E4-1F89-4F0D-ACCF-7EB736FD4AA2): 10
LogDevObjectVersion:   Dev-Build (E1C64328-A22C-4D53-A36C-8E866417BD8C): 0
LogDevObjectVersion:   Dev-Core (375EC13C-06E4-48FB-B500-84F0262A717E): 4
LogDevObjectVersion:   Dev-Editor (E4B068ED-F494-42E9-A231-DA0B2E46BB41): 38
LogDevObjectVersion:   Dev-Framework (CFFC743F-43B0-4480-9391-14DF171D2073): 37
LogDevObjectVersion:   Dev-Mobile (B02B49B5-BB20-44E9-A304-32B752E40360): 2
LogDevObjectVersion:   Dev-Networking (A4E4105C-59A1-49B5-A7C5-40C4547EDFEE): 0
LogDevObjectVersion:   Dev-Online (39C831C9-5AE6-47DC-9A44-9C173E1C8E7C): 0
LogDevObjectVersion:   Dev-Physics (78F01B33-EBEA-4F98-B9B4-84EACCB95AA2): 4
LogDevObjectVersion:   Dev-Platform (6631380F-2D4D-43E0-8009-CF276956A95A): 0
LogDevObjectVersion:   Dev-Rendering (12F88B9F-8875-4AFC-A67C-D90C383ABD29): 43
LogDevObjectVersion:   Dev-Sequencer (7B5AE74C-D270-4C10-A958-57980B212A5A): 12
LogDevObjectVersion:   Dev-VR (D7296918-1DD6-4BDD-9DE2-64A83CC13884): 3
LogDevObjectVersion:   Dev-LoadTimes (C2A15278-BFE7-4AFE-6C17-90FF531DF755): 1
LogDevObjectVersion:   Private-Geometry (6EACA3D4-40EC-4CC1-B786-8BED09428FC5): 3
LogDevObjectVersion:   Dev-AnimPhys (29E575DD-E0A3-4627-9D10-D276232CDCEA): 17
LogDevObjectVersion:   Dev-Anim (AF43A65D-7FD3-4947-9873-3E8ED9C1BB05): 7
LogDevObjectVersion:   Dev-ReflectionCapture (6B266CEC-1EC7-4B8F-A30B-E4D90942FC07): 1
LogDevObjectVersion:   Dev-Automation (0DF73D61-A23F-47EA-B727-89E90C41499A): 1
LogDevObjectVersion:   FortniteMain (601D1886-AC64-4F84-AA16-D3DE0DEAC7D6): 31
LogDevObjectVersion:   Dev-Enterprise (9DFFBCD6-494F-0158-E221-12823C92A888): 10
LogDevObjectVersion:   Dev-Niagara (F2AED0AC-9AFE-416F-8664-AA7FFA26D6FC): 1
LogDevObjectVersion:   Dev-Destruction (174F1F0B-B4C6-45A5-B13F-2EE8D0FB917D): 10
LogDevObjectVersion:   Dev-Physics-Ext (35F94A83-E258-406C-A318-09F59610247C): 37
LogDevObjectVersion:   Dev-PhysicsMaterial-Chaos (B68FC16E-8B1B-42E2-B453-215C058844FE): 1
LogDevObjectVersion:   Dev-CineCamera (B2E18506-4273-CFC2-A54E-F4BB758BBA07): 1
LogInit: Presizing for max 25165824 objects, including 0 objects not considered by GC, pre-allocating 0 bytes for permanent pool.
LogConfig: Applying CVar settings from Section [/Script/Engine.StreamingSettings] File [C:/Users/Student 2020/Documents/VRLivePerformance/UnrealVRLivePerformance/UnrealVR/Saved/Config/Windows/Engine.ini]
LogConfig: Setting CVar [[s.MinBulkDataSizeForAsyncLoading:131072]]
LogConfig: Setting CVar [[s.AsyncLoadingThreadEnabled:0]]
LogConfig: Setting CVar [[s.EventDrivenLoaderEnabled:1]]
LogConfig: Setting CVar [[s.WarnIfTimeLimitExceeded:0]]
LogConfig: Setting CVar [[s.TimeLimitExceededMultiplier:1.5]]
LogConfig: Setting CVar [[s.TimeLimitExceededMinTime:0.005]]
LogConfig: Setting CVar [[s.UseBackgroundLevelStreaming:1]]
LogConfig: Setting CVar [[s.PriorityAsyncLoadingExtraTime:15.0]]
LogConfig: Setting CVar [[s.LevelStreamingActorsUpdateTimeLimit:5.0]]
LogConfig: Setting CVar [[s.PriorityLevelStreamingActorsUpdateExtraTime:5.0]]
LogConfig: Setting CVar [[s.LevelStreamingComponentsRegistrationGranularity:10]]
LogConfig: Setting CVar [[s.UnregisterComponentsTimeLimit:1.0]]
LogConfig: Setting CVar [[s.LevelStreamingComponentsUnregistrationGranularity:5]]
LogConfig: Setting CVar [[s.FlushStreamingOnExit:1]]
LogInit: Object subsystem initialized
LogConfig: Setting CVar [[con.DebugEarlyDefault:1]]
LogConfig: Setting CVar [[r.setres:1280x720]]
[2020.10.20-10.00.06:134][  0]LogConfig: Setting CVar [[r.VSync:0]]
[2020.10.20-10.00.06:134][  0]LogConfig: Setting CVar [[r.RHICmdBypass:0]]
[2020.10.20-10.00.06:134][  0]LogConfig: Applying CVar settings from Section [/Script/Engine.RendererSettings] File [C:/Users/Student 2020/Documents/VRLivePerformance/UnrealVRLivePerformance/UnrealVR/Saved/Config/Windows/Engine.ini]
[2020.10.20-10.00.06:134][  0]LogConfig: Setting CVar [[r.GPUCrashDebugging:0]]
[2020.10.20-10.00.06:134][  0]LogConfig: Applying CVar settings from Section [/Script/Engine.RendererOverrideSettings] File [C:/Users/Student 2020/Documents/VRLivePerformance/UnrealVRLivePerformance/UnrealVR/Saved/Config/Windows/Engine.ini]
[2020.10.20-10.00.06:134][  0]LogConfig: Applying CVar settings from Section [/Script/Engine.StreamingSettings] File [C:/Users/Student 2020/Documents/VRLivePerformance/UnrealVRLivePerformance/UnrealVR/Saved/Config/Windows/Engine.ini]
[2020.10.20-10.00.06:134][  0]LogConfig: Setting CVar [[s.MinBulkDataSizeForAsyncLoading:131072]]
[2020.10.20-10.00.06:134][  0]LogConfig: Setting CVar [[s.AsyncLoadingThreadEnabled:0]]
[2020.10.20-10.00.06:134][  0]LogConfig: Setting CVar [[s.EventDrivenLoaderEnabled:1]]
[2020.10.20-10.00.06:134][  0]LogConfig: Setting CVar [[s.WarnIfTimeLimitExceeded:0]]
[2020.10.20-10.00.06:134][  0]LogConfig: Setting CVar [[s.TimeLimitExceededMultiplier:1.5]]
[2020.10.20-10.00.06:134][  0]LogConfig: Setting CVar [[s.TimeLimitExceededMinTime:0.005]]
[2020.10.20-10.00.06:134][  0]LogConfig: Setting CVar [[s.UseBackgroundLevelStreaming:1]]
[2020.10.20-10.00.06:134][  0]LogConfig: Setting CVar [[s.PriorityAsyncLoadingExtraTime:15.0]]
[2020.10.20-10.00.06:134][  0]LogConfig: Setting CVar [[s.LevelStreamingActorsUpdateTimeLimit:5.0]]
[2020.10.20-10.00.06:134][  0]LogConfig: Setting CVar [[s.PriorityLevelStreamingActorsUpdateExtraTime:5.0]]
[2020.10.20-10.00.06:134][  0]LogConfig: Setting CVar [[s.LevelStreamingComponentsRegistrationGranularity:10]]
[2020.10.20-10.00.06:134][  0]LogConfig: Setting CVar [[s.UnregisterComponentsTimeLimit:1.0]]
[2020.10.20-10.00.06:134][  0]LogConfig: Setting CVar [[s.LevelStreamingComponentsUnregistrationGranularity:5]]
[2020.10.20-10.00.06:134][  0]LogConfig: Setting CVar [[s.FlushStreamingOnExit:1]]
[2020.10.20-10.00.06:134][  0]LogConfig: Applying CVar settings from Section [/Script/Engine.GarbageCollectionSettings] File [C:/Users/Student 2020/Documents/VRLivePerformance/UnrealVRLivePerformance/UnrealVR/Saved/Config/Windows/Engine.ini]
[2020.10.20-10.00.06:134][  0]LogConfig: Setting CVar [[gc.MaxObjectsNotConsideredByGC:1]]
[2020.10.20-10.00.06:134][  0]LogConfig: Setting CVar [[gc.SizeOfPermanentObjectPool:0]]
[2020.10.20-10.00.06:134][  0]LogConfig: Setting CVar [[gc.FlushStreamingOnGC:0]]
[2020.10.20-10.00.06:134][  0]LogConfig: Setting CVar [[gc.NumRetriesBeforeForcingGC:10]]
[2020.10.20-10.00.06:134][  0]LogConfig: Setting CVar [[gc.AllowParallelGC:1]]
[2020.10.20-10.00.06:134][  0]LogConfig: Setting CVar [[gc.TimeBetweenPurgingPendingKillObjects:61.1]]
[2020.10.20-10.00.06:134][  0]LogConfig: Setting CVar [[gc.MaxObjectsInEditor:25165824]]
[2020.10.20-10.00.06:134][  0]LogConfig: Setting CVar [[gc.IncrementalBeginDestroyEnabled:1]]
[2020.10.20-10.00.06:134][  0]LogConfig: Setting CVar [[gc.CreateGCClusters:1]]
[2020.10.20-10.00.06:134][  0]LogConfig: Setting CVar [[gc.MinGCClusterSize:5]]
[2020.10.20-10.00.06:134][  0]LogConfig: Setting CVar [[gc.ActorClusteringEnabled:0]]
[2020.10.20-10.00.06:134][  0]LogConfig: Setting CVar [[gc.BlueprintClusteringEnabled:0]]
[2020.10.20-10.00.06:134][  0]LogConfig: Setting CVar [[gc.UseDisregardForGCOnDedicatedServers:0]]
[2020.10.20-10.00.06:134][  0]LogConfig: Applying CVar settings from Section [/Script/Engine.NetworkSettings] File [C:/Users/Student 2020/Documents/VRLivePerformance/UnrealVRLivePerformance/UnrealVR/Saved/Config/Windows/Engine.ini]
[2020.10.20-10.00.06:134][  0]LogConfig: Applying CVar settings from Section [/Script/UnrealEd.CookerSettings] File [C:/Users/Student 2020/Documents/VRLivePerformance/UnrealVRLivePerformance/UnrealVR/Saved/Config/Windows/Engine.ini]
[2020.10.20-10.00.06:138][  0]LogConfig: Applying CVar settings from Section [ViewDistanceQuality@3] File [C:/Users/Student 2020/Documents/VRLivePerformance/UnrealVRLivePerformance/UnrealVR/Saved/Config/Windows/Scalability.ini]
[2020.10.20-10.00.06:138][  0]LogConfig: Setting CVar [[r.SkeletalMeshLODBias:0]]
[2020.10.20-10.00.06:138][  0]LogConfig: Setting CVar [[r.ViewDistanceScale:1.0]]
[2020.10.20-10.00.06:138][  0]LogConfig: Applying CVar settings from Section [AntiAliasingQuality@3] File [C:/Users/Student 2020/Documents/VRLivePerformance/UnrealVRLivePerformance/UnrealVR/Saved/Config/Windows/Scalability.ini]
[2020.10.20-10.00.06:138][  0]LogConfig: Setting CVar [[r.PostProcessAAQuality:4]]
[2020.10.20-10.00.06:138][  0]LogConfig: Applying CVar settings from Section [ShadowQuality@3] File [C:/Users/Student 2020/Documents/VRLivePerformance/UnrealVRLivePerformance/UnrealVR/Saved/Config/Windows/Scalability.ini]
[2020.10.20-10.00.06:138][  0]LogConfig: Setting CVar [[r.LightFunctionQuality:1]]
[2020.10.20-10.00.06:138][  0]LogConfig: Setting CVar [[r.ShadowQuality:5]]
[2020.10.20-10.00.06:138][  0]LogConfig: Setting CVar [[r.Shadow.CSM.MaxCascades:10]]
[2020.10.20-10.00.06:138][  0]LogConfig: Setting CVar [[r.Shadow.MaxResolution:2048]]
[2020.10.20-10.00.06:138][  0]LogConfig: Setting CVar [[r.Shadow.MaxCSMResolution:2048]]
[2020.10.20-10.00.06:138][  0]LogConfig: Setting CVar [[r.Shadow.RadiusThreshold:0.01]]
[2020.10.20-10.00.06:138][  0]LogConfig: Setting CVar [[r.Shadow.DistanceScale:1.0]]
[2020.10.20-10.00.06:138][  0]LogConfig: Setting CVar [[r.Shadow.CSM.TransitionScale:1.0]]
[2020.10.20-10.00.06:138][  0]LogConfig: Setting CVar [[r.Shadow.PreShadowResolutionFactor:1.0]]
[2020.10.20-10.00.06:138][  0]LogConfig: Setting CVar [[r.DistanceFieldShadowing:1]]
[2020.10.20-10.00.06:138][  0]LogConfig: Setting CVar [[r.DistanceFieldAO:1]]
[2020.10.20-10.00.06:138][  0]LogConfig: Setting CVar [[r.AOQuality:2]]
[2020.10.20-10.00.06:138][  0]LogConfig: Setting CVar [[r.VolumetricFog:1]]
[2020.10.20-10.00.06:138][  0]LogConfig: Setting CVar [[r.VolumetricFog.GridPixelSize:8]]
[2020.10.20-10.00.06:138][  0]LogConfig: Setting CVar [[r.VolumetricFog.GridSizeZ:128]]
[2020.10.20-10.00.06:138][  0]LogConfig: Setting CVar [[r.VolumetricFog.HistoryMissSupersampleCount:4]]
[2020.10.20-10.00.06:138][  0]LogConfig: Setting CVar [[r.LightMaxDrawDistanceScale:1]]
[2020.10.20-10.00.06:138][  0]LogConfig: Setting CVar [[r.CapsuleShadows:1]]
[2020.10.20-10.00.06:138][  0]LogConfig: Applying CVar settings from Section [PostProcessQuality@3] File [C:/Users/Student 2020/Documents/VRLivePerformance/UnrealVRLivePerformance/UnrealVR/Saved/Config/Windows/Scalability.ini]
[2020.10.20-10.00.06:138][  0]LogConfig: Setting CVar [[r.MotionBlurQuality:4]]
[2020.10.20-10.00.06:138][  0]LogConfig: Setting CVar [[r.AmbientOcclusionMipLevelFactor:0.4]]
[2020.10.20-10.00.06:138][  0]LogConfig: Setting CVar [[r.AmbientOcclusionMaxQuality:100]]
[2020.10.20-10.00.06:138][  0]LogConfig: Setting CVar [[r.AmbientOcclusionLevels:-1]]
[2020.10.20-10.00.06:138][  0]LogConfig: Setting CVar [[r.AmbientOcclusionRadiusScale:1.0]]
[2020.10.20-10.00.06:138][  0]LogConfig: Setting CVar [[r.DepthOfFieldQuality:2]]
[2020.10.20-10.00.06:138][  0]LogConfig: Setting CVar [[r.RenderTargetPoolMin:400]]
[2020.10.20-10.00.06:138][  0]LogConfig: Setting CVar [[r.LensFlareQuality:2]]
[2020.10.20-10.00.06:138][  0]LogConfig: Setting CVar [[r.SceneColorFringeQuality:1]]
[2020.10.20-10.00.06:138][  0]LogConfig: Setting CVar [[r.EyeAdaptationQuality:2]]
[2020.10.20-10.00.06:138][  0]LogConfig: Setting CVar [[r.BloomQuality:5]]
[2020.10.20-10.00.06:138][  0]LogConfig: Setting CVar [[r.FastBlurThreshold:100]]
[2020.10.20-10.00.06:138][  0]LogConfig: Setting CVar [[r.Upscale.Quality:3]]
[2020.10.20-10.00.06:138][  0]LogConfig: Setting CVar [[r.Tonemapper.GrainQuantization:1]]
[2020.10.20-10.00.06:138][  0]LogConfig: Setting CVar [[r.LightShaftQuality:1]]
[2020.10.20-10.00.06:138][  0]LogConfig: Setting CVar [[r.Filter.SizeScale:1]]
[2020.10.20-10.00.06:138][  0]LogConfig: Setting CVar [[r.Tonemapper.Quality:5]]
[2020.10.20-10.00.06:138][  0]LogConfig: Setting CVar [[r.DOF.Gather.AccumulatorQuality:1        ; higher gathering accumulator quality]]
[2020.10.20-10.00.06:138][  0]LogConfig: Setting CVar [[r.DOF.Gather.PostfilterMethod:1          ; Median3x3 postfilering method]]
[2020.10.20-10.00.06:138][  0]LogConfig: Setting CVar [[r.DOF.Gather.EnableBokehSettings:0       ; no bokeh simulation when gathering]]
[2020.10.20-10.00.06:138][  0]LogConfig: Setting CVar [[r.DOF.Gather.RingCount:4                 ; medium number of samples when gathering]]
[2020.10.20-10.00.06:138][  0]LogConfig: Setting CVar [[r.DOF.Scatter.ForegroundCompositing:1    ; additive foreground scattering]]
[2020.10.20-10.00.06:138][  0]LogConfig: Setting CVar [[r.DOF.Scatter.BackgroundCompositing:2    ; additive background scattering]]
[2020.10.20-10.00.06:138][  0]LogConfig: Setting CVar [[r.DOF.Scatter.EnableBokehSettings:1      ; bokeh simulation when scattering]]
[2020.10.20-10.00.06:138][  0]LogConfig: Setting CVar [[r.DOF.Scatter.MaxSpriteRatio:0.1         ; only a maximum of 10% of scattered bokeh]]
[2020.10.20-10.00.06:138][  0]LogConfig: Setting CVar [[r.DOF.Recombine.Quality:1                ; cheap slight out of focus]]
[2020.10.20-10.00.06:138][  0]LogConfig: Setting CVar [[r.DOF.Recombine.EnableBokehSettings:0    ; no bokeh simulation on slight out of focus]]
[2020.10.20-10.00.06:138][  0]LogConfig: Setting CVar [[r.DOF.TemporalAAQuality:1                ; more stable temporal accumulation]]
[2020.10.20-10.00.06:138][  0]LogConfig: Setting CVar [[r.DOF.Kernel.MaxForegroundRadius:0.025]]
[2020.10.20-10.00.06:138][  0]LogConfig: Setting CVar [[r.DOF.Kernel.MaxBackgroundRadius:0.025]]
[2020.10.20-10.00.06:139][  0]LogConfig: Applying CVar settings from Section [TextureQuality@3] File [C:/Users/Student 2020/Documents/VRLivePerformance/UnrealVRLivePerformance/UnrealVR/Saved/Config/Windows/Scalability.ini]
[2020.10.20-10.00.06:139][  0]LogConfig: Setting CVar [[r.Streaming.MipBias:0]]
[2020.10.20-10.00.06:139][  0]LogConfig: Setting CVar [[r.Streaming.AmortizeCPUToGPUCopy:0]]
[2020.10.20-10.00.06:139][  0]LogConfig: Setting CVar [[r.Streaming.MaxNumTexturesToStreamPerFrame:0]]
[2020.10.20-10.00.06:139][  0]LogConfig: Setting CVar [[r.Streaming.Boost:1]]
[2020.10.20-10.00.06:139][  0]LogConfig: Setting CVar [[r.MaxAnisotropy:8]]
[2020.10.20-10.00.06:139][  0]LogConfig: Setting CVar [[r.VT.MaxAnisotropy:8]]
[2020.10.20-10.00.06:139][  0]LogConfig: Setting CVar [[r.Streaming.LimitPoolSizeToVRAM:0]]
[2020.10.20-10.00.06:139][  0]LogConfig: Setting CVar [[r.Streaming.PoolSize:1000]]
[2020.10.20-10.00.06:139][  0]LogConfig: Setting CVar [[r.Streaming.MaxEffectiveScreenSize:0]]
[2020.10.20-10.00.06:139][  0]LogConfig: Applying CVar settings from Section [EffectsQuality@3] File [C:/Users/Student 2020/Documents/VRLivePerformance/UnrealVRLivePerformance/UnrealVR/Saved/Config/Windows/Scalability.ini]
[2020.10.20-10.00.06:139][  0]LogConfig: Setting CVar [[r.TranslucencyLightingVolumeDim:64]]
[2020.10.20-10.00.06:139][  0]LogConfig: Setting CVar [[r.RefractionQuality:2]]
[2020.10.20-10.00.06:139][  0]LogConfig: Setting CVar [[r.SSR.Quality:3]]
[2020.10.20-10.00.06:139][  0]LogConfig: Setting CVar [[r.SSR.HalfResSceneColor:0]]
[2020.10.20-10.00.06:139][  0]LogConfig: Setting CVar [[r.SceneColorFormat:4]]
[2020.10.20-10.00.06:139][  0]LogConfig: Setting CVar [[r.DetailMode:2]]
[2020.10.20-10.00.06:139][  0]LogConfig: Setting CVar [[r.TranslucencyVolumeBlur:1]]
[2020.10.20-10.00.06:139][  0]LogConfig: Setting CVar [[r.MaterialQualityLevel:1 ; High quality]]
[2020.10.20-10.00.06:139][  0]LogConfig: Setting CVar [[r.SSS.Scale:1]]
[2020.10.20-10.00.06:139][  0]LogConfig: Setting CVar [[r.SSS.SampleSet:2]]
[2020.10.20-10.00.06:139][  0]LogConfig: Setting CVar [[r.SSS.Quality:1]]
[2020.10.20-10.00.06:139][  0]LogConfig: Setting CVar [[r.SSS.HalfRes:0]]
[2020.10.20-10.00.06:139][  0]LogConfig: Setting CVar [[r.SSGI.Quality:3]]
[2020.10.20-10.00.06:139][  0]LogConfig: Setting CVar [[r.EmitterSpawnRateScale:1.0]]
[2020.10.20-10.00.06:139][  0]LogConfig: Setting CVar [[r.ParticleLightQuality:2]]
[2020.10.20-10.00.06:139][  0]LogConfig: Setting CVar [[r.SkyAtmosphere.AerialPerspectiveLUT.FastApplyOnOpaque:1 ; Always have FastSkyLUT 1 in this case to avoid wrong sky]]
[2020.10.20-10.00.06:139][  0]LogConfig: Setting CVar [[r.SkyAtmosphere.AerialPerspectiveLUT.SampleCountPerSlice:1]]
[2020.10.20-10.00.06:139][  0]LogConfig: Setting CVar [[r.SkyAtmosphere.AerialPerspectiveLUT.DepthResolution:16.0]]
[2020.10.20-10.00.06:139][  0]LogConfig: Setting CVar [[r.SkyAtmosphere.FastSkyLUT:1]]
[2020.10.20-10.00.06:139][  0]LogConfig: Setting CVar [[r.SkyAtmosphere.FastSkyLUT.SampleCountMin:4.0]]
[2020.10.20-10.00.06:139][  0]LogConfig: Setting CVar [[r.SkyAtmosphere.FastSkyLUT.SampleCountMax:32.0]]
[2020.10.20-10.00.06:139][  0]LogConfig: Setting CVar [[r.SkyAtmosphere.SampleCountMin:4.0]]
[2020.10.20-10.00.06:139][  0]LogConfig: Setting CVar [[r.SkyAtmosphere.SampleCountMax:32.0]]
[2020.10.20-10.00.06:139][  0]LogConfig: Setting CVar [[r.SkyAtmosphere.TransmittanceLUT.UseSmallFormat:0]]
[2020.10.20-10.00.06:139][  0]LogConfig: Setting CVar [[r.SkyAtmosphere.TransmittanceLUT.SampleCount:10.0]]
[2020.10.20-10.00.06:139][  0]LogConfig: Setting CVar [[r.SkyAtmosphere.MultiScatteringLUT.SampleCount:15.0]]
[2020.10.20-10.00.06:139][  0]LogConfig: Applying CVar settings from Section [FoliageQuality@3] File [C:/Users/Student 2020/Documents/VRLivePerformance/UnrealVRLivePerformance/UnrealVR/Saved/Config/Windows/Scalability.ini]
[2020.10.20-10.00.06:139][  0]LogConfig: Setting CVar [[foliage.DensityScale:1.0]]
[2020.10.20-10.00.06:139][  0]LogConfig: Setting CVar [[grass.DensityScale:1.0]]
[2020.10.20-10.00.06:139][  0]LogConfig: Applying CVar settings from Section [ShadingQuality@3] File [C:/Users/Student 2020/Documents/VRLivePerformance/UnrealVRLivePerformance/UnrealVR/Saved/Config/Windows/Scalability.ini]
[2020.10.20-10.00.06:139][  0]LogConfig: Setting CVar [[r.HairStrands.SkyLighting.SampleCount:16]]
[2020.10.20-10.00.06:139][  0]LogConfig: Setting CVar [[r.HairStrands.SkyLighting.JitterIntegration:0]]
[2020.10.20-10.00.06:139][  0]LogConfig: Setting CVar [[r.HairStrands.SkyAO.SampleCount:16]]
[2020.10.20-10.00.06:139][  0]LogConfig: Setting CVar [[r.HairStrands.DeepShadow.SuperSampling:0]]
[2020.10.20-10.00.06:139][  0]LogConfig: Setting CVar [[r.HairStrands.VisibilityPPLL:0]]
[2020.10.20-10.00.06:139][  0]LogConfig: Setting CVar [[r.HairStrands.RasterizationScale:0.5]]
[2020.10.20-10.00.06:139][  0]LogConfig: Setting CVar [[r.HairStrands.VelocityRasterizationScale:1]]
[2020.10.20-10.00.06:139][  0]LogInit: Selected Device Profile: [Windows]
[2020.10.20-10.00.06:139][  0]LogInit: Applying CVar settings loaded from the selected device profile: [Windows]
[2020.10.20-10.00.06:139][  0]LogHAL: Display: Platform has ~ 64 GB [68423581696 / 68719476736 / 64], which maps to Largest [LargestMinGB=32, LargerMinGB=12, DefaultMinGB=8, SmallerMinGB=6, SmallestMinGB=0)
[2020.10.20-10.00.06:139][  0]LogInit: Going up to parent DeviceProfile []
[2020.10.20-10.00.06:139][  0]LogConfig: Applying CVar settings from Section [ViewDistanceQuality@3] File [C:/Users/Student 2020/Documents/VRLivePerformance/UnrealVRLivePerformance/UnrealVR/Saved/Config/Windows/Scalability.ini]
[2020.10.20-10.00.06:139][  0]LogConfig: Setting CVar [[r.SkeletalMeshLODBias:0]]
[2020.10.20-10.00.06:139][  0]LogConfig: Setting CVar [[r.ViewDistanceScale:1.0]]
[2020.10.20-10.00.06:139][  0]LogConfig: Applying CVar settings from Section [AntiAliasingQuality@3] File [C:/Users/Student 2020/Documents/VRLivePerformance/UnrealVRLivePerformance/UnrealVR/Saved/Config/Windows/Scalability.ini]
[2020.10.20-10.00.06:139][  0]LogConfig: Setting CVar [[r.PostProcessAAQuality:4]]
[2020.10.20-10.00.06:139][  0]LogConfig: Applying CVar settings from Section [ShadowQuality@3] File [C:/Users/Student 2020/Documents/VRLivePerformance/UnrealVRLivePerformance/UnrealVR/Saved/Config/Windows/Scalability.ini]
[2020.10.20-10.00.06:139][  0]LogConfig: Setting CVar [[r.LightFunctionQuality:1]]
[2020.10.20-10.00.06:139][  0]LogConfig: Setting CVar [[r.ShadowQuality:5]]
[2020.10.20-10.00.06:139][  0]LogConfig: Setting CVar [[r.Shadow.CSM.MaxCascades:10]]
[2020.10.20-10.00.06:139][  0]LogConfig: Setting CVar [[r.Shadow.MaxResolution:2048]]
[2020.10.20-10.00.06:139][  0]LogConfig: Setting CVar [[r.Shadow.MaxCSMResolution:2048]]
[2020.10.20-10.00.06:139][  0]LogConfig: Setting CVar [[r.Shadow.RadiusThreshold:0.01]]
[2020.10.20-10.00.06:139][  0]LogConfig: Setting CVar [[r.Shadow.DistanceScale:1.0]]
[2020.10.20-10.00.06:139][  0]LogConfig: Setting CVar [[r.Shadow.CSM.TransitionScale:1.0]]
[2020.10.20-10.00.06:139][  0]LogConfig: Setting CVar [[r.Shadow.PreShadowResolutionFactor:1.0]]
[2020.10.20-10.00.06:139][  0]LogConfig: Setting CVar [[r.DistanceFieldShadowing:1]]
[2020.10.20-10.00.06:139][  0]LogConfig: Setting CVar [[r.DistanceFieldAO:1]]
[2020.10.20-10.00.06:139][  0]LogConfig: Setting CVar [[r.AOQuality:2]]
[2020.10.20-10.00.06:139][  0]LogConfig: Setting CVar [[r.VolumetricFog:1]]
[2020.10.20-10.00.06:139][  0]LogConfig: Setting CVar [[r.VolumetricFog.GridPixelSize:8]]
[2020.10.20-10.00.06:139][  0]LogConfig: Setting CVar [[r.VolumetricFog.GridSizeZ:128]]
[2020.10.20-10.00.06:139][  0]LogConfig: Setting CVar [[r.VolumetricFog.HistoryMissSupersampleCount:4]]
[2020.10.20-10.00.06:139][  0]LogConfig: Setting CVar [[r.LightMaxDrawDistanceScale:1]]
[2020.10.20-10.00.06:139][  0]LogConfig: Setting CVar [[r.CapsuleShadows:1]]
[2020.10.20-10.00.06:139][  0]LogConfig: Applying CVar settings from Section [PostProcessQuality@3] File [C:/Users/Student 2020/Documents/VRLivePerformance/UnrealVRLivePerformance/UnrealVR/Saved/Config/Windows/Scalability.ini]
[2020.10.20-10.00.06:139][  0]LogConfig: Setting CVar [[r.MotionBlurQuality:4]]
[2020.10.20-10.00.06:139][  0]LogConfig: Setting CVar [[r.AmbientOcclusionMipLevelFactor:0.4]]
[2020.10.20-10.00.06:139][  0]LogConfig: Setting CVar [[r.AmbientOcclusionMaxQuality:100]]
[2020.10.20-10.00.06:140][  0]LogConfig: Setting CVar [[r.AmbientOcclusionLevels:-1]]
[2020.10.20-10.00.06:140][  0]LogConfig: Setting CVar [[r.AmbientOcclusionRadiusScale:1.0]]
[2020.10.20-10.00.06:140][  0]LogConfig: Setting CVar [[r.DepthOfFieldQuality:2]]
[2020.10.20-10.00.06:140][  0]LogConfig: Setting CVar [[r.RenderTargetPoolMin:400]]
[2020.10.20-10.00.06:140][  0]LogConfig: Setting CVar [[r.LensFlareQuality:2]]
[2020.10.20-10.00.06:140][  0]LogConfig: Setting CVar [[r.SceneColorFringeQuality:1]]
[2020.10.20-10.00.06:140][  0]LogConfig: Setting CVar [[r.EyeAdaptationQuality:2]]
[2020.10.20-10.00.06:140][  0]LogConfig: Setting CVar [[r.BloomQuality:5]]
[2020.10.20-10.00.06:140][  0]LogConfig: Setting CVar [[r.FastBlurThreshold:100]]
[2020.10.20-10.00.06:140][  0]LogConfig: Setting CVar [[r.Upscale.Quality:3]]
[2020.10.20-10.00.06:140][  0]LogConfig: Setting CVar [[r.Tonemapper.GrainQuantization:1]]
[2020.10.20-10.00.06:140][  0]LogConfig: Setting CVar [[r.LightShaftQuality:1]]
[2020.10.20-10.00.06:140][  0]LogConfig: Setting CVar [[r.Filter.SizeScale:1]]
[2020.10.20-10.00.06:140][  0]LogConfig: Setting CVar [[r.Tonemapper.Quality:5]]
[2020.10.20-10.00.06:140][  0]LogConfig: Setting CVar [[r.DOF.Gather.AccumulatorQuality:1        ; higher gathering accumulator quality]]
[2020.10.20-10.00.06:140][  0]LogConfig: Setting CVar [[r.DOF.Gather.PostfilterMethod:1          ; Median3x3 postfilering method]]
[2020.10.20-10.00.06:140][  0]LogConfig: Setting CVar [[r.DOF.Gather.EnableBokehSettings:0       ; no bokeh simulation when gathering]]
[2020.10.20-10.00.06:140][  0]LogConfig: Setting CVar [[r.DOF.Gather.RingCount:4                 ; medium number of samples when gathering]]
[2020.10.20-10.00.06:140][  0]LogConfig: Setting CVar [[r.DOF.Scatter.ForegroundCompositing:1    ; additive foreground scattering]]
[2020.10.20-10.00.06:140][  0]LogConfig: Setting CVar [[r.DOF.Scatter.BackgroundCompositing:2    ; additive background scattering]]
[2020.10.20-10.00.06:140][  0]LogConfig: Setting CVar [[r.DOF.Scatter.EnableBokehSettings:1      ; bokeh simulation when scattering]]
[2020.10.20-10.00.06:140][  0]LogConfig: Setting CVar [[r.DOF.Scatter.MaxSpriteRatio:0.1         ; only a maximum of 10% of scattered bokeh]]
[2020.10.20-10.00.06:140][  0]LogConfig: Setting CVar [[r.DOF.Recombine.Quality:1                ; cheap slight out of focus]]
[2020.10.20-10.00.06:140][  0]LogConfig: Setting CVar [[r.DOF.Recombine.EnableBokehSettings:0    ; no bokeh simulation on slight out of focus]]
[2020.10.20-10.00.06:140][  0]LogConfig: Setting CVar [[r.DOF.TemporalAAQuality:1                ; more stable temporal accumulation]]
[2020.10.20-10.00.06:140][  0]LogConfig: Setting CVar [[r.DOF.Kernel.MaxForegroundRadius:0.025]]
[2020.10.20-10.00.06:140][  0]LogConfig: Setting CVar [[r.DOF.Kernel.MaxBackgroundRadius:0.025]]
[2020.10.20-10.00.06:140][  0]LogConfig: Applying CVar settings from Section [TextureQuality@3] File [C:/Users/Student 2020/Documents/VRLivePerformance/UnrealVRLivePerformance/UnrealVR/Saved/Config/Windows/Scalability.ini]
[2020.10.20-10.00.06:140][  0]LogConfig: Setting CVar [[r.Streaming.MipBias:0]]
[2020.10.20-10.00.06:140][  0]LogConfig: Setting CVar [[r.Streaming.AmortizeCPUToGPUCopy:0]]
[2020.10.20-10.00.06:140][  0]LogConfig: Setting CVar [[r.Streaming.MaxNumTexturesToStreamPerFrame:0]]
[2020.10.20-10.00.06:140][  0]LogConfig: Setting CVar [[r.Streaming.Boost:1]]
[2020.10.20-10.00.06:140][  0]LogConfig: Setting CVar [[r.MaxAnisotropy:8]]
[2020.10.20-10.00.06:140][  0]LogConfig: Setting CVar [[r.VT.MaxAnisotropy:8]]
[2020.10.20-10.00.06:140][  0]LogConfig: Setting CVar [[r.Streaming.LimitPoolSizeToVRAM:0]]
[2020.10.20-10.00.06:140][  0]LogConfig: Setting CVar [[r.Streaming.PoolSize:1000]]
[2020.10.20-10.00.06:140][  0]LogConfig: Setting CVar [[r.Streaming.MaxEffectiveScreenSize:0]]
[2020.10.20-10.00.06:140][  0]LogConfig: Applying CVar settings from Section [EffectsQuality@3] File [C:/Users/Student 2020/Documents/VRLivePerformance/UnrealVRLivePerformance/UnrealVR/Saved/Config/Windows/Scalability.ini]
[2020.10.20-10.00.06:140][  0]LogConfig: Setting CVar [[r.TranslucencyLightingVolumeDim:64]]
[2020.10.20-10.00.06:140][  0]LogConfig: Setting CVar [[r.RefractionQuality:2]]
[2020.10.20-10.00.06:140][  0]LogConfig: Setting CVar [[r.SSR.Quality:3]]
[2020.10.20-10.00.06:140][  0]LogConfig: Setting CVar [[r.SSR.HalfResSceneColor:0]]
[2020.10.20-10.00.06:140][  0]LogConfig: Setting CVar [[r.SceneColorFormat:4]]
[2020.10.20-10.00.06:140][  0]LogConfig: Setting CVar [[r.DetailMode:2]]
[2020.10.20-10.00.06:140][  0]LogConfig: Setting CVar [[r.TranslucencyVolumeBlur:1]]
[2020.10.20-10.00.06:140][  0]LogConfig: Setting CVar [[r.MaterialQualityLevel:1 ; High quality]]
[2020.10.20-10.00.06:140][  0]LogConfig: Setting CVar [[r.SSS.Scale:1]]
[2020.10.20-10.00.06:140][  0]LogConfig: Setting CVar [[r.SSS.SampleSet:2]]
[2020.10.20-10.00.06:140][  0]LogConfig: Setting CVar [[r.SSS.Quality:1]]
[2020.10.20-10.00.06:140][  0]LogConfig: Setting CVar [[r.SSS.HalfRes:0]]
[2020.10.20-10.00.06:140][  0]LogConfig: Setting CVar [[r.SSGI.Quality:3]]
[2020.10.20-10.00.06:140][  0]LogConfig: Setting CVar [[r.EmitterSpawnRateScale:1.0]]
[2020.10.20-10.00.06:140][  0]LogConfig: Setting CVar [[r.ParticleLightQuality:2]]
[2020.10.20-10.00.06:140][  0]LogConfig: Setting CVar [[r.SkyAtmosphere.AerialPerspectiveLUT.FastApplyOnOpaque:1 ; Always have FastSkyLUT 1 in this case to avoid wrong sky]]
[2020.10.20-10.00.06:140][  0]LogConfig: Setting CVar [[r.SkyAtmosphere.AerialPerspectiveLUT.SampleCountPerSlice:1]]
[2020.10.20-10.00.06:140][  0]LogConfig: Setting CVar [[r.SkyAtmosphere.AerialPerspectiveLUT.DepthResolution:16.0]]
[2020.10.20-10.00.06:140][  0]LogConfig: Setting CVar [[r.SkyAtmosphere.FastSkyLUT:1]]
[2020.10.20-10.00.06:140][  0]LogConfig: Setting CVar [[r.SkyAtmosphere.FastSkyLUT.SampleCountMin:4.0]]
[2020.10.20-10.00.06:140][  0]LogConfig: Setting CVar [[r.SkyAtmosphere.FastSkyLUT.SampleCountMax:32.0]]
[2020.10.20-10.00.06:140][  0]LogConfig: Setting CVar [[r.SkyAtmosphere.SampleCountMin:4.0]]
[2020.10.20-10.00.06:140][  0]LogConfig: Setting CVar [[r.SkyAtmosphere.SampleCountMax:32.0]]
[2020.10.20-10.00.06:140][  0]LogConfig: Setting CVar [[r.SkyAtmosphere.TransmittanceLUT.UseSmallFormat:0]]
[2020.10.20-10.00.06:140][  0]LogConfig: Setting CVar [[r.SkyAtmosphere.TransmittanceLUT.SampleCount:10.0]]
[2020.10.20-10.00.06:140][  0]LogConfig: Setting CVar [[r.SkyAtmosphere.MultiScatteringLUT.SampleCount:15.0]]
[2020.10.20-10.00.06:140][  0]LogConfig: Applying CVar settings from Section [FoliageQuality@3] File [C:/Users/Student 2020/Documents/VRLivePerformance/UnrealVRLivePerformance/UnrealVR/Saved/Config/Windows/Scalability.ini]
[2020.10.20-10.00.06:140][  0]LogConfig: Setting CVar [[foliage.DensityScale:1.0]]
[2020.10.20-10.00.06:140][  0]LogConfig: Setting CVar [[grass.DensityScale:1.0]]
[2020.10.20-10.00.06:140][  0]LogConfig: Applying CVar settings from Section [ShadingQuality@3] File [C:/Users/Student 2020/Documents/VRLivePerformance/UnrealVRLivePerformance/UnrealVR/Saved/Config/Windows/Scalability.ini]
[2020.10.20-10.00.06:140][  0]LogConfig: Setting CVar [[r.HairStrands.SkyLighting.SampleCount:16]]
[2020.10.20-10.00.06:140][  0]LogConfig: Setting CVar [[r.HairStrands.SkyLighting.JitterIntegration:0]]
[2020.10.20-10.00.06:140][  0]LogConfig: Setting CVar [[r.HairStrands.SkyAO.SampleCount:16]]
[2020.10.20-10.00.06:140][  0]LogConfig: Setting CVar [[r.HairStrands.DeepShadow.SuperSampling:0]]
[2020.10.20-10.00.06:140][  0]LogConfig: Setting CVar [[r.HairStrands.VisibilityPPLL:0]]
[2020.10.20-10.00.06:140][  0]LogConfig: Setting CVar [[r.HairStrands.RasterizationScale:0.5]]
[2020.10.20-10.00.06:140][  0]LogConfig: Setting CVar [[r.HairStrands.VelocityRasterizationScale:1]]
[2020.10.20-10.00.06:140][  0]LogConfig: Applying CVar settings from Section [Startup] File [../../../Engine/Config/ConsoleVariables.ini]
[2020.10.20-10.00.06:141][  0]LogConfig: Setting CVar [[net.UseAdaptiveNetUpdateFrequency:0]]
[2020.10.20-10.00.06:141][  0]LogConfig: Setting CVar [[p.chaos.AllowCreatePhysxBodies:1]]
[2020.10.20-10.00.06:141][  0]LogConfig: Setting CVar [[fx.SkipVectorVMBackendOptimizations:1]]
[2020.10.20-10.00.06:141][  0]LogConfig: Applying CVar settings from Section [ConsoleVariables] File [C:/Users/Student 2020/Documents/VRLivePerformance/UnrealVRLivePerformance/UnrealVR/Saved/Config/Windows/Engine.ini]
[2020.10.20-10.00.06:141][  0]LogInit: Computer: DESKTOP-S32ASB4
[2020.10.20-10.00.06:141][  0]LogInit: User: Student2020
[2020.10.20-10.00.06:141][  0]LogInit: CPU Page size=4096, Cores=8
[2020.10.20-10.00.06:141][  0]LogInit: High frequency timer resolution =10.000000 MHz
[2020.10.20-10.00.06:141][  0]LogMemory: Memory total: Physical=63.7GB (64GB approx)
[2020.10.20-10.00.06:141][  0]LogMemory: Platform Memory Stats for Windows
[2020.10.20-10.00.06:141][  0]LogMemory: Process Physical Memory: 124.36 MB used, 124.36 MB peak
[2020.10.20-10.00.06:141][  0]LogMemory: Process Virtual Memory: 109.60 MB used, 109.60 MB peak
[2020.10.20-10.00.06:141][  0]LogMemory: Physical Memory: 17101.05 MB used,  48152.77 MB free, 65253.81 MB total
[2020.10.20-10.00.06:141][  0]LogMemory: Virtual Memory: 5238.89 MB used,  134212488.00 MB free, 134217728.00 MB total
[2020.10.20-10.00.06:143][  0]LogWindows: WindowsPlatformFeatures enabled
[2020.10.20-10.00.06:167][  0]LogInit: Physics initialised using underlying interface: PhysX
[2020.10.20-10.00.06:168][  0]LogInit: Using OS detected language (en-US).
[2020.10.20-10.00.06:168][  0]LogInit: Using OS detected locale (en-US).
[2020.10.20-10.00.06:173][  0]LogTextLocalizationManager: No specific localization for 'en-US' exists, so the 'en' localization will be used.
[2020.10.20-10.00.06:357][  0]LogInit: Setting process to per monitor DPI aware
[2020.10.20-10.00.06:389][  0]LogSlate: New Slate User Created.  User Index 0, Is Virtual User: 0
[2020.10.20-10.00.06:389][  0]LogSlate: Slate User Registered.  User Index 0, Is Virtual User: 0
[2020.10.20-10.00.06:503][  0]LogD3D11RHI: D3D11 min allowed feature level: 11_0
[2020.10.20-10.00.06:503][  0]LogD3D11RHI: D3D11 max allowed feature level: 11_0
[2020.10.20-10.00.06:503][  0]LogD3D11RHI: D3D11 adapters:
[2020.10.20-10.00.06:581][  0]LogD3D11RHI:    0. 'NVIDIA GeForce RTX 2080 Ti' (Feature Level 11_0)
[2020.10.20-10.00.06:581][  0]LogD3D11RHI:       11049/0/32626 MB DedicatedVideo/DedicatedSystem/SharedSystem, Outputs:2, VendorId:0x10de
[2020.10.20-10.00.06:585][  0]LogD3D11RHI:    1. 'Microsoft Basic Render Driver' (Feature Level 11_0)
[2020.10.20-10.00.06:585][  0]LogD3D11RHI:       0/0/32626 MB DedicatedVideo/DedicatedSystem/SharedSystem, Outputs:0, VendorId:0x1414
[2020.10.20-10.00.06:585][  0]LogD3D11RHI: Chosen D3D11 Adapter: 0
[2020.10.20-10.00.06:596][  0]LogD3D11RHI: Creating new Direct3DDevice
[2020.10.20-10.00.06:596][  0]LogD3D11RHI:     GPU DeviceId: 0x1e04 (for the marketing name, search the web for "GPU Device Id")
[2020.10.20-10.00.06:596][  0]LogWindows: EnumDisplayDevices:
[2020.10.20-10.00.06:596][  0]LogWindows:    0. 'NVIDIA GeForce RTX 2080 Ti' (P:1 D:1)
[2020.10.20-10.00.06:596][  0]LogWindows:    1. 'NVIDIA GeForce RTX 2080 Ti' (P:0 D:1)
[2020.10.20-10.00.06:596][  0]LogWindows:    2. 'NVIDIA GeForce RTX 2080 Ti' (P:0 D:0)
[2020.10.20-10.00.06:597][  0]LogWindows:    3. 'NVIDIA GeForce RTX 2080 Ti' (P:0 D:0)
[2020.10.20-10.00.06:597][  0]LogWindows: DebugString: FoundDriverCount:4 
[2020.10.20-10.00.06:597][  0]LogD3D11RHI:     Adapter Name: NVIDIA GeForce RTX 2080 Ti
[2020.10.20-10.00.06:597][  0]LogD3D11RHI:   Driver Version: 452.06 (internal:27.21.14.5206, unified:452.06)
[2020.10.20-10.00.06:597][  0]LogD3D11RHI:      Driver Date: 8-12-2020
[2020.10.20-10.00.06:597][  0]LogRHI: Texture pool is 7734 MB (70% of 11049 MB)
[2020.10.20-10.00.06:662][  0]LogD3D11RHI: RHI has support for 64 bit atomics
[2020.10.20-10.00.06:664][  0]LogD3D11RHI: [Aftermath] Enabled and primed
[2020.10.20-10.00.06:664][  0]LogD3D11RHI: Async texture creation enabled
[2020.10.20-10.00.06:664][  0]LogD3D11RHI: Array index from any shader is supported
[2020.10.20-10.00.06:686][  0]LogD3D11RHI: GPU Timing Frequency: 1000.000000 (Debug: 2 2)
[2020.10.20-10.00.06:961][  0]LogTargetPlatformManager: Display: Loaded TargetPlatform 'AllDesktop'
[2020.10.20-10.00.06:981][  0]LogTargetPlatformManager: Display: Loaded TargetPlatform 'Android'
[2020.10.20-10.00.06:981][  0]LogTargetPlatformManager: Display: Loaded TargetPlatform 'Android_ASTC'
[2020.10.20-10.00.06:981][  0]LogTargetPlatformManager: Display: Loaded TargetPlatform 'Android_DXT'
[2020.10.20-10.00.06:981][  0]LogTargetPlatformManager: Display: Loaded TargetPlatform 'Android_ETC2'
[2020.10.20-10.00.06:981][  0]LogTargetPlatformManager: Display: Loaded TargetPlatform 'AndroidClient'
[2020.10.20-10.00.06:981][  0]LogTargetPlatformManager: Display: Loaded TargetPlatform 'Android_ASTCClient'
[2020.10.20-10.00.06:981][  0]LogTargetPlatformManager: Display: Loaded TargetPlatform 'Android_DXTClient'
[2020.10.20-10.00.06:981][  0]LogTargetPlatformManager: Display: Loaded TargetPlatform 'Android_ETC2Client'
[2020.10.20-10.00.06:981][  0]LogTargetPlatformManager: Display: Loaded TargetPlatform 'Android_Multi'
[2020.10.20-10.00.06:981][  0]LogTargetPlatformManager: Display: Loaded TargetPlatform 'Android_MultiClient'
[2020.10.20-10.00.07:002][  0]LogTargetPlatformManager: Display: Loaded TargetPlatform 'IOSClient'
[2020.10.20-10.00.07:002][  0]LogTargetPlatformManager: Display: Loaded TargetPlatform 'IOS'
[2020.10.20-10.00.07:012][  0]LogTargetPlatformManager: Display: Loaded TargetPlatform 'Linux'
[2020.10.20-10.00.07:020][  0]LogTargetPlatformManager: Display: Loaded TargetPlatform 'LinuxNoEditor'
[2020.10.20-10.00.07:029][  0]LogTargetPlatformManager: Display: Loaded TargetPlatform 'LinuxClient'
[2020.10.20-10.00.07:037][  0]LogTargetPlatformManager: Display: Loaded TargetPlatform 'LinuxServer'
[2020.10.20-10.00.07:045][  0]LogTargetPlatformManager: Display: Loaded TargetPlatform 'LinuxAArch64NoEditor'
[2020.10.20-10.00.07:053][  0]LogTargetPlatformManager: Display: Loaded TargetPlatform 'LinuxAArch64Client'
[2020.10.20-10.00.07:062][  0]LogTargetPlatformManager: Display: Loaded TargetPlatform 'LinuxAArch64Server'
[2020.10.20-10.00.07:086][  0]LogTargetPlatformManager: Display: Loaded TargetPlatform 'Lumin'
[2020.10.20-10.00.07:086][  0]LogTargetPlatformManager: Display: Loaded TargetPlatform 'LuminClient'
[2020.10.20-10.00.07:101][  0]LogTargetPlatformManager: Display: Loaded TargetPlatform 'TVOSClient'
[2020.10.20-10.00.07:101][  0]LogTargetPlatformManager: Display: Loaded TargetPlatform 'TVOS'
[2020.10.20-10.00.07:109][  0]LogTargetPlatformManager: Display: Loaded TargetPlatform 'WindowsNoEditor'
[2020.10.20-10.00.07:118][  0]LogTargetPlatformManager: Display: Loaded TargetPlatform 'Windows'
[2020.10.20-10.00.07:127][  0]LogTargetPlatformManager: Display: Loaded TargetPlatform 'WindowsClient'
[2020.10.20-10.00.07:135][  0]LogTargetPlatformManager: Display: Loaded TargetPlatform 'WindowsServer'
[2020.10.20-10.00.07:135][  0]LogTargetPlatformManager: Display: Building Assets For Windows
[2020.10.20-10.00.07:141][  0]LogAudioDebug: Display: Lib vorbis DLL was dynamically loaded.
[2020.10.20-10.00.07:190][  0]LogShaderCompilers: Guid format shader working directory is -45 characters bigger than the processId version (../../../../../../Users/Student 2020/Documents/VRLivePerformance/UnrealVRLivePerformance/UnrealVR/Intermediate/Shaders/WorkingDirectory/21948/).
[2020.10.20-10.00.07:190][  0]LogShaderCompilers: Cleaned the shader compiler working directory 'C:/Users/Student 2020/AppData/Local/Temp/UnrealShaderWorkingDir/2A2BEA874821F320FE8009A987E04ADD/'.
[2020.10.20-10.00.07:191][  0]LogXGEController: Cannot use XGE Controller as Incredibuild is not installed on this machine.
[2020.10.20-10.00.07:191][  0]LogShaderCompilers: Cannot use XGE Shader Compiler as Incredibuild is not installed on this machine.
[2020.10.20-10.00.07:191][  0]LogShaderCompilers: Display: Using Local Shader Compiler.
[2020.10.20-10.00.07:869][  0]LogDerivedDataCache: Display: Max Cache Size: 512 MB
[2020.10.20-10.00.07:933][  0]LogDerivedDataCache: Loaded boot cache 0.07s 94MB C:/Users/Student 2020/AppData/Local/UnrealEngine/4.25/DerivedDataCache/Boot.ddc.
[2020.10.20-10.00.07:933][  0]LogDerivedDataCache: Display: Loaded Boot cache: C:/Users/Student 2020/AppData/Local/UnrealEngine/4.25/DerivedDataCache/Boot.ddc
[2020.10.20-10.00.07:934][  0]LogDerivedDataCache: FDerivedDataBackendGraph:  Pak pak cache file ../../../../../../Users/Student 2020/Documents/VRLivePerformance/UnrealVRLivePerformance/UnrealVR/DerivedDataCache/DDC.ddp not found, will not use a pak cache.
[2020.10.20-10.00.07:934][  0]LogDerivedDataCache: Unable to find inner node Pak for hierarchical cache Hierarchy.
[2020.10.20-10.00.07:934][  0]LogDerivedDataCache: FDerivedDataBackendGraph:  CompressedPak pak cache file ../../../../../../Users/Student 2020/Documents/VRLivePerformance/UnrealVRLivePerformance/UnrealVR/DerivedDataCache/Compressed.ddp not found, will not use a pak cache.
[2020.10.20-10.00.07:934][  0]LogDerivedDataCache: Unable to find inner node CompressedPak for hierarchical cache Hierarchy.
[2020.10.20-10.00.07:943][  0]LogDerivedDataCache: Display: Pak cache opened for reading ../../../Engine/DerivedDataCache/Compressed.ddp.
[2020.10.20-10.00.07:943][  0]LogDerivedDataCache: FDerivedDataBackendGraph:  EnterprisePak pak cache file ../../../Enterprise/DerivedDataCache/Compressed.ddp not found, will not use a pak cache.
[2020.10.20-10.00.07:943][  0]LogDerivedDataCache: Unable to find inner node EnterprisePak for hierarchical cache Hierarchy.
[2020.10.20-10.00.07:944][  0]LogDerivedDataCache: Using Local data cache path C:/Users/Student 2020/AppData/Local/UnrealEngine/Common/DerivedDataCache: Writable
[2020.10.20-10.00.07:945][  0]LogDerivedDataCache: Shared data cache path not found in *engine.ini, will not use an Shared cache.
[2020.10.20-10.00.07:945][  0]LogDerivedDataCache: Unable to find inner node Shared for hierarchical cache Hierarchy.
[2020.10.20-10.00.07:995][  0]LogSlate: Using FreeType 2.10.0
[2020.10.20-10.00.07:996][  0]LogSlate: SlateFontServices - WITH_FREETYPE: 1, WITH_HARFBUZZ: 1
[2020.10.20-10.00.08:024][  0]LogAssetRegistry: FAssetRegistry took 0.0031 seconds to start up
[2020.10.20-10.00.08:257][  0]LogInit: Selected Device Profile: [Windows]
[2020.10.20-10.00.08:355][  0]LogMeshReduction: Using QuadricMeshReduction for automatic static mesh reduction
[2020.10.20-10.00.08:355][  0]LogMeshReduction: Using SimplygonMeshReduction for automatic skeletal mesh reduction
[2020.10.20-10.00.08:355][  0]LogMeshReduction: Using ProxyLODMeshReduction for automatic mesh merging
[2020.10.20-10.00.08:355][  0]LogMeshReduction: No distributed automatic mesh merging module available
[2020.10.20-10.00.08:355][  0]LogMeshMerging: No distributed automatic mesh merging module available
[2020.10.20-10.00.08:370][  0]LogNetVersion: UnrealVR 1.0.0, NetCL: 13144385, EngineNetVer: 14, GameNetVer: 0 (Checksum: 2192167523)
[2020.10.20-10.00.08:756][  0]LogAISub: UAISubsystem::UAISubsystem AISubsystem (000001A7CD93C340), frame # 0
[2020.10.20-10.00.08:756][  0]LogAISub: UAISubsystem::UAISubsystem AIPerceptionSystem (000001A7CD894CC0), frame # 0
[2020.10.20-10.00.08:757][  0]LogAISub: UAISubsystem::UAISubsystem EnvQueryManager (000001A7CD8E1E00), frame # 0
[2020.10.20-10.00.08:844][  0]LogPackageLocalizationCache: Processed 20 localized package path(s) for 1 prioritized culture(s) in 0.081234 seconds
[2020.10.20-10.00.08:849][  0]LogUObjectArray: 15917 objects as part of root set at end of initial load.
[2020.10.20-10.00.08:849][  0]LogUObjectAllocator: 3965568 out of 0 bytes used by permanent object pool.
[2020.10.20-10.00.08:849][  0]LogUObjectArray: CloseDisregardForGC: 0/0 objects in disregard for GC pool
[2020.10.20-10.00.09:158][  0]LogTcpMessaging: Initializing TcpMessaging bridge
[2020.10.20-10.00.09:162][  0]LogUdpMessaging: Initializing bridge on interface 0.0.0.0:0 to multicast group 230.0.0.1:6666.
[2020.10.20-10.00.09:249][  0]SourceControl: Source control is disabled
[2020.10.20-10.00.09:249][  0]SourceControl: Source control is disabled
[2020.10.20-10.00.09:252][  0]SourceControl: Source control is disabled
[2020.10.20-10.00.09:254][  0]SourceControl: Source control is disabled
[2020.10.20-10.00.09:260][  0]SourceControl: Source control is disabled
[2020.10.20-10.00.09:578][  0]LogAndroidPermission: UAndroidPermissionCallbackProxy::GetInstance
[2020.10.20-10.00.09:594][  0]LogAudioCaptureCore: Display: No Audio Capture implementations found. Audio input will be silent.
[2020.10.20-10.00.09:594][  0]LogAudioCaptureCore: Display: No Audio Capture implementations found. Audio input will be silent.
[2020.10.20-10.00.09:640][  0]LogOcInput: OculusInput pre-init called
[2020.10.20-10.00.09:864][  0]LogEngine: Initializing Engine...
[2020.10.20-10.00.09:864][  0]LogHMD: Oculus plugin initialized. Version: 4.25.3-13942748+++UE4+Release-4.25, OVRPlugin: 1.44.0
[2020.10.20-10.00.09:865][  0]LogStats: UGameplayTagsManager::InitializeManager -  0.000 s
[2020.10.20-10.00.09:968][  0]LogInit: Initializing FReadOnlyCVARCache
[2020.10.20-10.00.09:975][  0]LogAIModule: Creating AISystem for world Untitled
[2020.10.20-10.00.09:975][  0]LogAISub: UAISubsystem::UAISubsystem EnvQueryManager (000001A7DBFF9A00), frame # 0
[2020.10.20-10.00.09:975][  0]LogAISub: UAISubsystem::UAISubsystem AIPerceptionSystem (000001A7DC0260C0), frame # 0
[2020.10.20-10.00.09:998][  0]LogAudioMixer: Display: Audio Mixer Platform Settings:
[2020.10.20-10.00.09:998][  0]LogAudioMixer: Display: 	Sample Rate:						  48000
[2020.10.20-10.00.09:998][  0]LogAudioMixer: Display: 	Callback Buffer Frame Size Requested: 1024
[2020.10.20-10.00.09:998][  0]LogAudioMixer: Display: 	Callback Buffer Frame Size To Use:	  1024
[2020.10.20-10.00.09:998][  0]LogAudioMixer: Display: 	Number of buffers to queue:			  2
[2020.10.20-10.00.09:998][  0]LogAudioMixer: Display: 	Max Channels (voices):				  32
[2020.10.20-10.00.09:998][  0]LogAudioMixer: Display: 	Number of Async Source Workers:		  0
[2020.10.20-10.00.09:998][  0]LogAudio: Display: AudioDevice MaxSources: 32
[2020.10.20-10.00.09:998][  0]LogAudio: Display: Using built-in audio occlusion.
[2020.10.20-10.00.09:998][  0]LogAudioMixer: Display: Initializing audio mixer.
[2020.10.20-10.00.10:015][  0]LogAudioMixer: Display: 0: FrontLeft
[2020.10.20-10.00.10:015][  0]LogAudioMixer: Display: 1: FrontRight
[2020.10.20-10.00.10:048][  0]LogAudioMixer: Display: Using Audio Device Headphones (3- Arctis 7 Game)
[2020.10.20-10.00.10:049][  0]LogAudioMixer: Display: Initializing Sound Submixes...
[2020.10.20-10.00.10:050][  0]LogAudioMixer: Display: Creating Master Submix 'MasterSubmixDefault'
[2020.10.20-10.00.10:050][  0]LogAudioMixer: Display: Creating Master Submix 'MasterReverbSubmixDefault'
[2020.10.20-10.00.10:051][  0]LogAudioMixer: Display: Creating Master Submix 'MasterEQSubmixDefault'
[2020.10.20-10.00.10:052][  0]LogInit: FAudioDevice initialized.
[2020.10.20-10.00.10:052][  0]LogNetVersion: Set ProjectVersion to 1.0.0.0. Version Checksum will be recalculated on next use.
[2020.10.20-10.00.10:105][  0]LogDerivedDataCache: Saved boot cache 0.05s 94MB C:/Users/Student 2020/AppData/Local/UnrealEngine/4.25/DerivedDataCache/Boot.ddc.
[2020.10.20-10.00.10:116][  0]LogInit: Texture streaming: Enabled
[2020.10.20-10.00.10:132][  0]LogEngineSessionManager: EngineSessionManager initialized
[2020.10.20-10.00.10:132][  0]LogEngineSessionManager: EngineSessionManager sent abnormal shutdown report. Type=AbnormalShutdown, SessionId={A0066405-42B2-00BB-8115-989D21DE7159}
[2020.10.20-10.00.10:132][  0]LogEngineSessionManager: EngineSessionManager sent abnormal shutdown report. Type=AbnormalShutdown, SessionId={41D5AD0A-4A58-3E6E-5DB7-968CFFDA0E4C}
[2020.10.20-10.00.10:132][  0]LogEngineSessionManager: EngineSessionManager sent abnormal shutdown report. Type=Crashed, SessionId={69D8A31B-4633-D7C8-A641-C5AA39737AC7}
[2020.10.20-10.00.10:132][  0]LogEditorSessionSummary: Verbose: Initializing EditorSessionSummaryWriter for editor session tracking
[2020.10.20-10.00.10:133][  0]LogEditorSessionSummary: EditorSessionSummaryWriter initialized
[2020.10.20-10.00.10:205][  0]LogInit: Transaction tracking system initialized
[2020.10.20-10.00.10:223][  0]BlueprintLog: New page: Editor Load
[2020.10.20-10.00.10:284][  0]LocalizationService: Localization service is disabled
[2020.10.20-10.00.10:423][  0]LogCook: Display: Max memory allowance for cook 16384mb min free memory 0mb
[2020.10.20-10.00.10:423][  0]LogCook: Display: Mobile HDR setting 1
[2020.10.20-10.00.10:534][  0]LogFileCache: Scanning file cache for directory 'C:/Users/Student 2020/Documents/VRLivePerformance/UnrealVRLivePerformance/UnrealVR/Content/' took 0.00s
[2020.10.20-10.00.10:706][  0]SourceControl: Source control is disabled
[2020.10.20-10.00.10:706][  0]LogUnrealEdMisc: Loading editor; pre map load, took 5.880
[2020.10.20-10.00.10:706][  0]Cmd: MAP LOAD FILE="../../../../../../Users/Student 2020/Documents/VRLivePerformance/UnrealVRLivePerformance/UnrealVR/Content/Maps/Lobby/Lobby.umap" TEMPLATE=0 SHOWPROGRESS=1 FEATURELEVEL=3
[2020.10.20-10.00.10:707][  0]LightingResults: New page: Lighting Build
[2020.10.20-10.00.10:707][  0]LogWorld: UWorld::CleanupWorld for Untitled, bSessionEnded=true, bCleanupResources=true
[2020.10.20-10.00.10:707][  0]LogSlate: InvalidateAllWidgets triggered.  All widgets were invalidated
[2020.10.20-10.00.10:707][  0]MapCheck: New page: Map Check
[2020.10.20-10.00.10:707][  0]LightingResults: New page: Lighting Build
[2020.10.20-10.00.10:725][  0]LogAISub: UAISubsystem::~UAISubsystem EnvQueryManager (000001A7DBFF9A00), frame # 0
[2020.10.20-10.00.10:725][  0]LogAISub: UAISubsystem::~UAISubsystem AIPerceptionSystem (000001A7DC0260C0), frame # 0
[2020.10.20-10.00.10:725][  0]LogUObjectHash: Compacting FUObjectHashTables data took   0.70ms
[2020.10.20-10.00.10:915][  0]LogBlueprint: Warning: [Compiler PersistentLevel.Lobby] Node  Unknown  is not referencing a valid level actor
[2020.10.20-10.00.10:961][  0]LogAIModule: Creating AISystem for world Lobby
[2020.10.20-10.00.10:961][  0]LogAISub: UAISubsystem::UAISubsystem EnvQueryManager (000001A7C38FBE00), frame # 0
[2020.10.20-10.00.10:962][  0]LogAISub: UAISubsystem::UAISubsystem AIPerceptionSystem (000001A7C293A340), frame # 0
[2020.10.20-10.00.10:967][  0]LogEditorServer: Finished looking for orphan Actors (0.000 secs)
[2020.10.20-10.00.10:984][  0]LogUObjectHash: Compacting FUObjectHashTables data took   0.86ms
[2020.10.20-10.00.10:985][  0]Cmd: MAP CHECKDEP NOCLEARLOG
[2020.10.20-10.00.10:985][  0]MapCheck: Map check complete: 0 Error(s), 0 Warning(s), took 0.165ms to complete.
[2020.10.20-10.00.10:985][  0]LogFileHelpers: Loading map 'Lobby' took 0.278
[2020.10.20-10.00.10:989][  0]LogUnrealEdMisc: Total Editor Startup Time, took 6.162
[2020.10.20-10.00.11:113][  0]LogSlate: Updating window title bar state: overlay mode, drag disabled, window buttons hidden, title bar hidden
[2020.10.20-10.00.11:120][  0]LogSlate: Updating window title bar state: overlay mode, drag disabled, window buttons hidden, title bar hidden
[2020.10.20-10.00.11:127][  0]LogSlate: Updating window title bar state: overlay mode, drag disabled, window buttons hidden, title bar hidden
[2020.10.20-10.00.11:133][  0]LogSlate: Updating window title bar state: overlay mode, drag disabled, window buttons hidden, title bar hidden
[2020.10.20-10.00.11:146][  0]LogCollectionManager: Loaded 0 collections in 0.003287 seconds
[2020.10.20-10.00.11:159][  0]LogFileCache: Scanning file cache for directory 'C:/Users/Student 2020/Documents/VRLivePerformance/UnrealVRLivePerformance/UnrealVR/Saved/Collections/' took 0.00s
[2020.10.20-10.00.11:160][  0]LogFileCache: Scanning file cache for directory 'C:/Users/Student 2020/Documents/VRLivePerformance/UnrealVRLivePerformance/UnrealVR/Content/Developers/Student2020/Collections/' took 0.00s
[2020.10.20-10.00.11:160][  0]LogFileCache: Scanning file cache for directory 'C:/Users/Student 2020/Documents/VRLivePerformance/UnrealVRLivePerformance/UnrealVR/Content/Collections/' took 0.00s
[2020.10.20-10.00.11:160][  0]LogContentBrowser: Native class hierarchy populated in 0.0092 seconds. Added 3435 classes and 827 folders.
[2020.10.20-10.00.11:162][  0]LogContentBrowser: Native class hierarchy updated for 'WidgetCarousel' in 0.0004 seconds. Added 0 classes and 0 folders.
[2020.10.20-10.00.11:208][  0]LogContentBrowser: Native class hierarchy updated for 'AddContentDialog' in 0.0004 seconds. Added 0 classes and 0 folders.
[2020.10.20-10.00.11:209][  0]LogContentBrowser: Native class hierarchy updated for 'SceneOutliner' in 0.0004 seconds. Added 2 classes and 0 folders.
[2020.10.20-10.00.11:247][  0]LogSlate: Took 0.000155 seconds to synchronously load lazily loaded font '../../../Engine/Content/Slate/Fonts/Roboto-Regular.ttf' (155K)
[2020.10.20-10.00.11:249][  0]LogSlate: Took 0.000144 seconds to synchronously load lazily loaded font '../../../Engine/Content/Slate/Fonts/Roboto-Bold.ttf' (160K)
[2020.10.20-10.00.11:253][  0]LogSlate: Took 0.000195 seconds to synchronously load lazily loaded font '../../../Engine/Content/Editor/Slate/Fonts/FontAwesome.ttf' (139K)
[2020.10.20-10.00.11:314][  0]LogRenderer: Reallocating scene render targets to support 1616x808 Format 10 NumSamples 1 (Frame:1).
[2020.10.20-10.00.11:409][  0]LogContentBrowser: Native class hierarchy updated for 'HierarchicalLODOutliner' in 0.0004 seconds. Added 0 classes and 0 folders.
[2020.10.20-10.00.11:409][  0]LogLoad: (Engine Initialization) Total time: 6.58 seconds
[2020.10.20-10.00.11:409][  0]LogLoad: (Engine Initialization) Total Blueprint compile time: 0.00 seconds
[2020.10.20-10.00.11:419][  0]LogOcInput: OculusInput is initialized
[2020.10.20-10.00.11:450][  0]LogAssetRegistry: Asset discovery search completed in 3.4268 seconds
[2020.10.20-10.00.11:454][  0]LogCollectionManager: Fixed up redirectors for 0 collections in 0.000003 seconds (updated 0 objects)
[2020.10.20-10.00.11:455][  0]LogContentStreaming: Texture pool size now 1000 MB
[2020.10.20-10.00.12:449][107]LogSlate: Took 0.000215 seconds to synchronously load lazily loaded font '../../../Engine/Content/Slate/Fonts/Roboto-Light.ttf' (167K)
[2020.10.20-10.00.16:795][120]LogFileCache: Retrieving MD5 hashes for directory 'C:/Users/Student 2020/Documents/VRLivePerformance/UnrealVRLivePerformance/UnrealVR/Content/' took 5.37s
[2020.10.20-10.00.29:097][563]Candidate modules for hot reload:
[2020.10.20-10.00.29:097][563]  UnrealVR
[2020.10.20-10.00.29:097][563]Launching UnrealBuildTool... [C:/Program Files/Epic Games/UE_4.25/Engine/Binaries/DotNET/UnrealBuildTool.exe  -ModuleWithSuffix=UnrealVR,3272 UnrealVREditor Win64 Development -Project="C:/Users/Student 2020/Documents/VRLivePerformance/UnrealVRLivePerformance/UnrealVR/UnrealVR.uproject" "C:/Users/Student 2020/Documents/VRLivePerformance/UnrealVRLivePerformance/UnrealVR/UnrealVR.uproject"  -IgnoreJunk]
[2020.10.20-10.00.29:099][563]Warning: Starting HotReload took  0.0s.
[2020.10.20-10.00.30:590][696]CompilerResultsLog: New page: Compilation - Oct 20, 2020, 2:00:30 PM
[2020.10.20-10.00.30:590][696]CompilerResultsLog: Building UnrealVREditor...
[2020.10.20-10.00.30:590][696]CompilerResultsLog: Using Visual Studio 2019 14.27.29111 toolchain (C:\Program Files (x86)\Microsoft Visual Studio\2019\Community\VC\Tools\MSVC\14.27.29110) and Windows 10.0.18362.0 SDK (C:\Program Files (x86)\Windows Kits\10).
[2020.10.20-10.00.30:590][696]CompilerResultsLog: Building 3 actions with 16 processes...
[2020.10.20-10.00.30:590][696]CompilerResultsLog:   [1/3] UE4Editor-UnrealVR-3272.lib
[2020.10.20-10.00.30:590][696]CompilerResultsLog:      Creating library C:\Users\Student 2020\Documents\VRLivePerformance\UnrealVRLivePerformance\UnrealVR\Intermediate\Build\Win64\UE4Editor\Development\UnrealVR\UE4Editor-UnrealVR-3272.lib and object C:\Users\Student 2020\Documents\VRLivePerformance\UnrealVRLivePerformance\UnrealVR\Intermediate\Build\Win64\UE4Editor\Development\UnrealVR\UE4Editor-UnrealVR-3272.exp
[2020.10.20-10.00.30:590][696]CompilerResultsLog:   [2/3] UE4Editor-UnrealVR-3272.dll
[2020.10.20-10.00.30:590][696]CompilerResultsLog:      Creating library C:\Users\Student 2020\Documents\VRLivePerformance\UnrealVRLivePerformance\UnrealVR\Intermediate\Build\Win64\UE4Editor\Development\UnrealVR\UE4Editor-UnrealVR-3272.suppressed.lib and object C:\Users\Student 2020\Documents\VRLivePerformance\UnrealVRLivePerformance\UnrealVR\Intermediate\Build\Win64\UE4Editor\Development\UnrealVR\UE4Editor-UnrealVR-3272.suppressed.exp
[2020.10.20-10.00.30:590][696]CompilerResultsLog:   [3/3] UnrealVREditor.target
[2020.10.20-10.00.30:590][696]CompilerResultsLog: Total time in Parallel executor: 0.85 seconds
[2020.10.20-10.00.30:590][696]CompilerResultsLog: Total execution time: 1.39 seconds
[2020.10.20-10.00.30:590][696]LogMainFrame: MainFrame: Module compiling took 1.496 seconds
[2020.10.20-10.00.30:617][696]LogContentBrowser: Native class hierarchy updated for 'UnrealVR' in 0.0005 seconds. Added 2 classes and 3 folders.
[2020.10.20-10.00.30:618][696]Display: HotReload successful (6 functions remapped  0 scriptstructs remapped)
[2020.10.20-10.00.30:666][696]LogContentBrowser: Native class hierarchy populated in 0.0086 seconds. Added 3435 classes and 827 folders.
[2020.10.20-10.00.30:666][696]Display: HotReload took  1.6s.
[2020.10.20-10.00.36:615][371]LogAssetEditorSubsystem: Opening Asset editor for Blueprint /Game/VirtualRealityBP/Blueprints/BP_MotionController.BP_MotionController
[2020.10.20-10.00.36:857][371]LogContentBrowser: Native class hierarchy updated for 'BlueprintGraph' in 0.0008 seconds. Added 125 classes and 0 folders.
[2020.10.20-10.00.37:751][371]LogSlate: Took 0.000213 seconds to synchronously load lazily loaded font '../../../Engine/Content/Slate/Fonts/Roboto-BoldCondensed.ttf' (158K)
[2020.10.20-10.00.37:823][372]LogSlate: Took 0.000148 seconds to synchronously load lazily loaded font '../../../Engine/Content/Slate/Fonts/Roboto-Italic.ttf' (157K)
[2020.10.20-10.01.05:803][891]BlueprintLog: New page: Compile BP_MotionController
[2020.10.20-10.01.05:911][891]LogUObjectHash: Compacting FUObjectHashTables data took   1.92ms
[2020.10.20-10.01.05:972][891]LogSlate: Took 0.000164 seconds to synchronously load lazily loaded font '../../../Engine/Content/Slate/Fonts/DroidSansMono.ttf' (77K)
[2020.10.20-10.01.06:517][927]LogSavePackage: Moving '../../../../../../Users/Student 2020/Documents/VRLivePerformance/UnrealVRLivePerformance/UnrealVR/Saved/BP_MotionController53C890A5474B07E0F0C70C87256D7B7E.tmp' to '../../../../../../Users/Student 2020/Documents/VRLivePerformance/UnrealVRLivePerformance/UnrealVR/Content/VirtualRealityBP/Blueprints/BP_MotionController.uasset'
[2020.10.20-10.01.06:538][927]AssetCheck: New page: Asset Save: BP_MotionController
[2020.10.20-10.01.06:538][927]LogContentValidation: Display: Validating Blueprint /Game/VirtualRealityBP/Blueprints/BP_MotionController.BP_MotionController
[2020.10.20-10.01.08:839][150]LogEditorViewport: Clicking on Actor (LMB): InteractableObject_C (InteractableObject)
[2020.10.20-10.01.10:950][318]LogAssetEditorSubsystem: Opening Asset editor for Blueprint /Game/Blueprints/Temp/InteractableObject.InteractableObject
[2020.10.20-10.01.11:292][318]LogActor: Warning: InteractableObject_C /Engine/Transient.World_2:PersistentLevel.InteractableObject_C_0 has natively added scene component(s), but none of them were set as the actor's RootComponent - picking one arbitrarily
[2020.10.20-10.01.15:014][585]LogEditorViewport: Clicking on Actor (LMB): GlowStick_C (GlowStick7)
[2020.10.20-10.01.22:161][130]LogAssetEditorSubsystem: Opening Asset editor for Blueprint /Game/Blueprints/Interactables/GlowStick.GlowStick
[2020.10.20-10.01.22:502][130]LogActor: Warning: GlowStick_C /Engine/Transient.World_3:PersistentLevel.GlowStick_C_0 has natively added scene component(s), but none of them were set as the actor's RootComponent - picking one arbitrarily
[2020.10.20-10.01.48:582][208]LogActor: Warning: GlowStick_C /Game/Maps/Lobby/Lobby.Lobby:PersistentLevel.GlowStick2 has natively added scene component(s), but none of them were set as the actor's RootComponent - picking one arbitrarily
[2020.10.20-10.01.48:592][208]LogActor: Warning: GlowStick_C /Game/Maps/Lobby/Lobby.Lobby:PersistentLevel.GlowStick3 has natively added scene component(s), but none of them were set as the actor's RootComponent - picking one arbitrarily
[2020.10.20-10.01.48:593][208]LogActor: Warning: GlowStick_C /Game/Maps/Lobby/Lobby.Lobby:PersistentLevel.GlowStick4 has natively added scene component(s), but none of them were set as the actor's RootComponent - picking one arbitrarily
[2020.10.20-10.01.48:594][208]LogActor: Warning: GlowStick_C /Game/Maps/Lobby/Lobby.Lobby:PersistentLevel.GlowStick5 has natively added scene component(s), but none of them were set as the actor's RootComponent - picking one arbitrarily
[2020.10.20-10.01.48:595][208]LogActor: Warning: GlowStick_C /Game/Maps/Lobby/Lobby.Lobby:PersistentLevel.GlowStick6 has natively added scene component(s), but none of them were set as the actor's RootComponent - picking one arbitrarily
[2020.10.20-10.01.48:596][208]LogActor: Warning: GlowStick_C /Game/Maps/Lobby/Lobby.Lobby:PersistentLevel.GlowStick7 has natively added scene component(s), but none of them were set as the actor's RootComponent - picking one arbitrarily
[2020.10.20-10.01.48:596][208]LogActor: Warning: GlowStick_C /Game/Maps/Lobby/Lobby.Lobby:PersistentLevel.GlowStick_2 has natively added scene component(s), but none of them were set as the actor's RootComponent - picking one arbitrarily
[2020.10.20-10.01.48:597][208]LogActor: Warning: GlowStick_C /Engine/Transient.World_3:PersistentLevel.GlowStick_C_0 has natively added scene component(s), but none of them were set as the actor's RootComponent - picking one arbitrarily
[2020.10.20-10.01.48:646][208]LogUObjectHash: Compacting FUObjectHashTables data took   2.35ms
[2020.10.20-10.04.03:185][348]BlueprintLog: New page: Compile GlowStick
[2020.10.20-10.04.03:189][348]LogActor: Warning: GlowStick_C /Game/Maps/Lobby/Lobby.Lobby:PersistentLevel.GlowStick2 has natively added scene component(s), but none of them were set as the actor's RootComponent - picking one arbitrarily
[2020.10.20-10.04.03:189][348]LogActor: Warning: GlowStick_C /Game/Maps/Lobby/Lobby.Lobby:PersistentLevel.GlowStick3 has natively added scene component(s), but none of them were set as the actor's RootComponent - picking one arbitrarily
[2020.10.20-10.04.03:189][348]LogActor: Warning: GlowStick_C /Game/Maps/Lobby/Lobby.Lobby:PersistentLevel.GlowStick4 has natively added scene component(s), but none of them were set as the actor's RootComponent - picking one arbitrarily
[2020.10.20-10.04.03:190][348]LogActor: Warning: GlowStick_C /Game/Maps/Lobby/Lobby.Lobby:PersistentLevel.GlowStick5 has natively added scene component(s), but none of them were set as the actor's RootComponent - picking one arbitrarily
[2020.10.20-10.04.03:190][348]LogActor: Warning: GlowStick_C /Game/Maps/Lobby/Lobby.Lobby:PersistentLevel.GlowStick6 has natively added scene component(s), but none of them were set as the actor's RootComponent - picking one arbitrarily
[2020.10.20-10.04.03:190][348]LogActor: Warning: GlowStick_C /Game/Maps/Lobby/Lobby.Lobby:PersistentLevel.GlowStick7 has natively added scene component(s), but none of them were set as the actor's RootComponent - picking one arbitrarily
[2020.10.20-10.04.03:191][348]LogActor: Warning: GlowStick_C /Game/Maps/Lobby/Lobby.Lobby:PersistentLevel.GlowStick_2 has natively added scene component(s), but none of them were set as the actor's RootComponent - picking one arbitrarily
[2020.10.20-10.04.03:202][348]LogActor: Warning: GlowStick_C /Engine/Transient.World_3:PersistentLevel.GlowStick_C_0 has natively added scene component(s), but none of them were set as the actor's RootComponent - picking one arbitrarily
[2020.10.20-10.04.03:251][348]LogUObjectHash: Compacting FUObjectHashTables data took   2.25ms
[2020.10.20-10.04.03:767][383]LogActor: Warning: GlowStick_C /Engine/Transient.World_6:PersistentLevel.GlowStick_C_0 has natively added scene component(s), but none of them were set as the actor's RootComponent - picking one arbitrarily
[2020.10.20-10.04.03:820][383]LogSavePackage: Moving '../../../../../../Users/Student 2020/Documents/VRLivePerformance/UnrealVRLivePerformance/UnrealVR/Saved/GlowStickB20A05C84676AD8E977C2FB3897C83A8.tmp' to '../../../../../../Users/Student 2020/Documents/VRLivePerformance/UnrealVRLivePerformance/UnrealVR/Content/Blueprints/Interactables/GlowStick.uasset'
[2020.10.20-10.04.03:841][383]AssetCheck: New page: Asset Save: GlowStick
[2020.10.20-10.04.03:841][383]LogContentValidation: Display: Validating Blueprint /Game/Blueprints/Interactables/GlowStick.GlowStick
[2020.10.20-10.04.09:314][805]LogAssetEditorSubsystem: Opening Asset editor for World /Game/Maps/MainMap.MainMap
[2020.10.20-10.04.09:344][805]LogUObjectHash: Compacting FUObjectHashTables data took   2.02ms
[2020.10.20-10.04.11:422][805]LogSlate: Window 'Save Content' being destroyed
[2020.10.20-10.04.11:477][805]LogUObjectHash: Compacting FUObjectHashTables data took   0.55ms
[2020.10.20-10.04.11:528][805]LogSavePackage: Moving '../../../../../../Users/Student 2020/Documents/VRLivePerformance/UnrealVRLivePerformance/UnrealVR/Saved/LobbyCCC1C5644154F5F38658B9B162E0E858.tmp' to '../../../../../../Users/Student 2020/Documents/VRLivePerformance/UnrealVRLivePerformance/UnrealVR/Content/Maps/Lobby/Lobby.umap'
[2020.10.20-10.04.11:582][805]LogFileHelpers: Saving map 'Lobby' took 0.136
[2020.10.20-10.04.11:651][805]LogSavePackage: Moving '../../../../../../Users/Student 2020/Documents/VRLivePerformance/UnrealVRLivePerformance/UnrealVR/Saved/Lobby_BuiltData1BB3549D41727B69741950A252E53F68.tmp' to '../../../../../../Users/Student 2020/Documents/VRLivePerformance/UnrealVRLivePerformance/UnrealVR/Content/Maps/Lobby/Lobby_BuiltData.uasset'
[2020.10.20-10.04.11:657][805]Cmd: MAP LOAD FILE="../../../../../../Users/Student 2020/Documents/VRLivePerformance/UnrealVRLivePerformance/UnrealVR/Content/Maps/MainMap.umap" TEMPLATE=0 SHOWPROGRESS=1 FEATURELEVEL=3
[2020.10.20-10.04.11:657][805]LightingResults: New page: Lighting Build
[2020.10.20-10.04.11:657][805]LoadErrors: New page: Loading map: MainMap.umap
[2020.10.20-10.04.11:696][805]LogWorld: UWorld::CleanupWorld for Lobby, bSessionEnded=true, bCleanupResources=true
[2020.10.20-10.04.11:696][805]LogSlate: InvalidateAllWidgets triggered.  All widgets were invalidated
[2020.10.20-10.04.11:696][805]MapCheck: New page: Map Check
[2020.10.20-10.04.11:696][805]LightingResults: New page: Lighting Build
[2020.10.20-10.04.11:727][805]LogAISub: UAISubsystem::~UAISubsystem EnvQueryManager (000001A7C38FBE00), frame # 18805
[2020.10.20-10.04.11:727][805]LogAISub: UAISubsystem::~UAISubsystem AIPerceptionSystem (000001A7C293A340), frame # 18805
[2020.10.20-10.04.11:729][805]LogUObjectHash: Compacting FUObjectHashTables data took   1.94ms
[2020.10.20-10.04.11:732][805]LogStreaming: Display: ULevelStreaming::RequestLevel(/Game/Maps/Lobby/Lobby) is flushing async loading
[2020.10.20-10.04.11:732][805]LogStreaming: Display: Flushing async loaders.
[2020.10.20-10.04.11:743][805]LogBlueprint: Warning: [Compiler PersistentLevel.Lobby] Node  Unknown  is not referencing a valid level actor
[2020.10.20-10.04.11:749][805]LogStreaming: Display: ULevelStreaming::RequestLevel(/Game/Maps/EnvironmentMaps/SkyscraperMap/StageLevel) is flushing async loading
[2020.10.20-10.04.11:865][805]LogEditorServer: Finished looking for orphan Actors (0.000 secs)
[2020.10.20-10.04.11:865][805]LogAIModule: Creating AISystem for world MainMap
[2020.10.20-10.04.11:865][805]LogAISub: UAISubsystem::UAISubsystem EnvQueryManager (000001A7C3A95A00), frame # 18805
[2020.10.20-10.04.11:865][805]LogAISub: UAISubsystem::UAISubsystem AIPerceptionSystem (000001A7C2976980), frame # 18805
[2020.10.20-10.04.11:902][805]LogUObjectHash: Compacting FUObjectHashTables data took   2.00ms
[2020.10.20-10.04.11:942][805]Cmd: MAP CHECKDEP NOCLEARLOG
[2020.10.20-10.04.11:943][805]MapCheck: Map check complete: 0 Error(s), 0 Warning(s), took 0.274ms to complete.
[2020.10.20-10.04.11:943][805]LogFileHelpers: Loading map 'MainMap' took 0.286
[2020.10.20-10.04.12:013][805]AssetCheck: New page: Asset Save: multiple assets
[2020.10.20-10.04.12:013][805]LogContentValidation: Display: Validating World /Game/Maps/Lobby/Lobby.Lobby
[2020.10.20-10.04.12:013][805]LogContentValidation: Display: Validating MapBuildDataRegistry /Game/Maps/Lobby/Lobby_BuiltData.Lobby_BuiltData
[2020.10.20-10.04.16:036][ 51]LogTemp: Repeating last play command: VR Preview
[2020.10.20-10.04.16:062][ 51]LogPlayLevel: PlayLevel: No blueprints needed recompiling
[2020.10.20-10.04.16:062][ 51]LogHMD: Initializing OVRPlugin session
[2020.10.20-10.04.16:191][ 51]LogHMD: Allocating Oculus 3296 x 1776 rendertarget swapchain
[2020.10.20-10.04.16:192][ 51]PIE: New page: PIE session: MainMap (Oct 20, 2020, 2:04:16 PM)
[2020.10.20-10.04.16:193][ 51]LogOnline: OSS: Creating online subsystem instance for: NULL
[2020.10.20-10.04.16:194][ 51]LogOnline: OSS: TryLoadSubsystemAndSetDefault: Loaded subsystem for module [NULL]
[2020.10.20-10.04.16:194][ 51]LogPlayLevel: Creating play world package: /Game/Maps/UEDPIE_0_MainMap
[2020.10.20-10.04.16:198][ 51]LogPlayLevel: PIE: StaticDuplicateObject took: (0.003296s)
[2020.10.20-10.04.16:198][ 51]LogAIModule: Creating AISystem for world MainMap
[2020.10.20-10.04.16:199][ 51]LogAISub: UAISubsystem::UAISubsystem EnvQueryManager (000001A82544C800), frame # 19051
[2020.10.20-10.04.16:199][ 51]LogAISub: UAISubsystem::UAISubsystem AIPerceptionSystem (000001A825F4CA40), frame # 19051
[2020.10.20-10.04.16:199][ 51]LogPlayLevel: PIE: World Init took: (0.001087s)
[2020.10.20-10.04.16:199][ 51]LogPlayLevel: PIE: Created PIE world by copying editor world from /Game/Maps/MainMap.MainMap to /Game/Maps/UEDPIE_0_MainMap.MainMap (0.004535s)
[2020.10.20-10.04.16:230][ 51]LogUObjectHash: Compacting FUObjectHashTables data took   1.61ms
[2020.10.20-10.04.16:233][ 51]LogAudioMixer: Display: Audio Mixer Platform Settings:
[2020.10.20-10.04.16:233][ 51]LogAudioMixer: Display: 	Sample Rate:						  48000
[2020.10.20-10.04.16:233][ 51]LogAudioMixer: Display: 	Callback Buffer Frame Size Requested: 1024
[2020.10.20-10.04.16:233][ 51]LogAudioMixer: Display: 	Callback Buffer Frame Size To Use:	  1024
[2020.10.20-10.04.16:233][ 51]LogAudioMixer: Display: 	Number of buffers to queue:			  2
[2020.10.20-10.04.16:233][ 51]LogAudioMixer: Display: 	Max Channels (voices):				  32
[2020.10.20-10.04.16:233][ 51]LogAudioMixer: Display: 	Number of Async Source Workers:		  0
[2020.10.20-10.04.16:233][ 51]LogAudio: Display: AudioDevice MaxSources: 32
[2020.10.20-10.04.16:233][ 51]LogAudio: Display: Using built-in audio occlusion.
[2020.10.20-10.04.16:233][ 51]LogAudioMixer: Display: Initializing audio mixer.
[2020.10.20-10.04.16:237][ 51]LogAudioMixer: Display: 0: FrontLeft
[2020.10.20-10.04.16:237][ 51]LogAudioMixer: Display: 1: FrontRight
[2020.10.20-10.04.16:238][ 51]LogAudioMixer: Display: 0: FrontLeft
[2020.10.20-10.04.16:238][ 51]LogAudioMixer: Display: 1: FrontRight
[2020.10.20-10.04.16:240][ 51]LogAudioMixer: Display: 0: FrontLeft
[2020.10.20-10.04.16:240][ 51]LogAudioMixer: Display: 1: FrontRight
[2020.10.20-10.04.16:242][ 51]LogAudioMixer: Display: 0: FrontLeft
[2020.10.20-10.04.16:242][ 51]LogAudioMixer: Display: 1: FrontRight
[2020.10.20-10.04.16:266][ 51]LogAudioMixer: Display: Using Audio Device Headphones (2- Rift S)
[2020.10.20-10.04.16:266][ 51]LogAudioMixer: Display: Initializing Sound Submixes...
[2020.10.20-10.04.16:266][ 51]LogAudioMixer: Display: Creating Master Submix 'MasterSubmixDefault'
[2020.10.20-10.04.16:266][ 51]LogAudioMixer: Display: Creating Master Submix 'MasterReverbSubmixDefault'
[2020.10.20-10.04.16:266][ 51]LogAudioMixer: Display: Creating Master Submix 'MasterEQSubmixDefault'
[2020.10.20-10.04.16:280][ 51]LogInit: FAudioDevice initialized.
[2020.10.20-10.04.16:291][ 51]LogSlate: Updating window title bar state: overlay mode, drag disabled, window buttons hidden, title bar hidden
[2020.10.20-10.04.16:350][ 51]LogLoad: Game class is 'GameModeBase'
[2020.10.20-10.04.16:352][ 51]LogWorld: Bringing World /Game/Maps/UEDPIE_0_MainMap.MainMap up for play (max tick rate 0) at 2020.10.20-12.04.16
[2020.10.20-10.04.16:352][ 51]LogWorld: Bringing up level for play took: 0.001210
[2020.10.20-10.04.16:352][ 51]LogOnline: OSS: Creating online subsystem instance for: :Context_8
[2020.10.20-10.04.16:365][ 51]LogContentBrowser: Native class hierarchy updated for 'MovieSceneCapture' in 0.0005 seconds. Added 20 classes and 0 folders.
[2020.10.20-10.04.16:366][ 51]LogLevel: ActivateLevel /Game/Maps/Lobby/UEDPIE_0_Lobby 1 1 0
[2020.10.20-10.04.16:371][ 51]PIE: Server logged in
[2020.10.20-10.04.16:374][ 51]PIE: Play in editor total start time 0.315 seconds.
[2020.10.20-10.04.16:376][ 51]LogEngine: Changing dynamic resolution state.
[2020.10.20-10.04.16:393][ 51]LogRenderer: Warning: Resizing VR buffer to 3296 by 1776
[2020.10.20-10.04.16:393][ 51]LogRenderer: Reallocating scene render targets to support 3296x1776 Format 10 NumSamples 1 (Frame:1).
[2020.10.20-10.04.16:393][ 51]LogHMD: Allocating Oculus 3296 x 1776 depth rendertarget swapchain
[2020.10.20-10.04.16:733][ 53]LogProfilingDebugging: Allocated a 1024 x 1024 texture for HMD canvas layer
[2020.10.20-10.04.45:901][327]LogSlate: Updating window title bar state: overlay mode, drag disabled, window buttons hidden, title bar hidden
[2020.10.20-10.04.45:901][327]LogWorld: BeginTearingDown for /Game/Maps/UEDPIE_0_MainMap
[2020.10.20-10.04.45:989][327]LogSlate: Window 'UnrealVR Preview [NetMode: Standalone] (64-bit/Windows) OculusHMD' being destroyed
[2020.10.20-10.04.46:016][327]LogWorld: UWorld::CleanupWorld for MainMap, bSessionEnded=true, bCleanupResources=true
[2020.10.20-10.04.46:016][327]LogSlate: InvalidateAllWidgets triggered.  All widgets were invalidated
[2020.10.20-10.04.46:023][327]LogPlayLevel: Display: Shutting down PIE online subsystems
[2020.10.20-10.04.46:029][327]LogSlate: InvalidateAllWidgets triggered.  All widgets were invalidated
[2020.10.20-10.04.46:097][327]LogAISub: UAISubsystem::~UAISubsystem AIPerceptionSystem (000001A825F4CA40), frame # 21327
[2020.10.20-10.04.46:098][327]LogAISub: UAISubsystem::~UAISubsystem EnvQueryManager (000001A82544C800), frame # 21327
[2020.10.20-10.04.46:120][327]LogUObjectHash: Compacting FUObjectHashTables data took   3.40ms
[2020.10.20-10.04.46:164][328]LogPlayLevel: Display: Destroying online subsystem :Context_8
[2020.10.20-10.04.46:216][328]LogUObjectHash: Compacting FUObjectHashTables data took   7.26ms
[2020.10.20-10.04.46:216][328]LogEngine: Changing dynamic resolution state.
[2020.10.20-10.04.59:063][534]BlueprintLog: New page: Compile GlowStick
[2020.10.20-10.04.59:065][534]LogBlueprint: Warning: [Compiler GlowStick] Interactable.Mesh is not blueprint visible (BlueprintReadOnly or BlueprintReadWrite). Please fix mark up or cease accessing as this will be made an error in a future release.  Get Mesh
[2020.10.20-10.04.59:066][534]LogBlueprint: Warning: [Compiler GlowStick] Interactable.Mesh is not blueprint visible (BlueprintReadOnly or BlueprintReadWrite). Please fix mark up or cease accessing as this will be made an error in a future release.  Get Mesh
[2020.10.20-10.04.59:068][534]LogActor: Warning: GlowStick_C /Engine/Transient.World_6:PersistentLevel.GlowStick_C_0 has natively added scene component(s), but none of them were set as the actor's RootComponent - picking one arbitrarily
[2020.10.20-10.04.59:068][534]LogActor: Warning: GlowStick_C /Engine/Transient.World_3:PersistentLevel.GlowStick_C_0 has natively added scene component(s), but none of them were set as the actor's RootComponent - picking one arbitrarily
[2020.10.20-10.04.59:068][534]LogActor: Warning: GlowStick_C /Game/Maps/Lobby/Lobby.Lobby:PersistentLevel.GlowStick2 has natively added scene component(s), but none of them were set as the actor's RootComponent - picking one arbitrarily
[2020.10.20-10.04.59:069][534]LogActor: Warning: GlowStick_C /Game/Maps/Lobby/Lobby.Lobby:PersistentLevel.GlowStick3 has natively added scene component(s), but none of them were set as the actor's RootComponent - picking one arbitrarily
[2020.10.20-10.04.59:069][534]LogActor: Warning: GlowStick_C /Game/Maps/Lobby/Lobby.Lobby:PersistentLevel.GlowStick4 has natively added scene component(s), but none of them were set as the actor's RootComponent - picking one arbitrarily
[2020.10.20-10.04.59:069][534]LogActor: Warning: GlowStick_C /Game/Maps/Lobby/Lobby.Lobby:PersistentLevel.GlowStick5 has natively added scene component(s), but none of them were set as the actor's RootComponent - picking one arbitrarily
[2020.10.20-10.04.59:070][534]LogActor: Warning: GlowStick_C /Game/Maps/Lobby/Lobby.Lobby:PersistentLevel.GlowStick6 has natively added scene component(s), but none of them were set as the actor's RootComponent - picking one arbitrarily
[2020.10.20-10.04.59:070][534]LogActor: Warning: GlowStick_C /Game/Maps/Lobby/Lobby.Lobby:PersistentLevel.GlowStick7 has natively added scene component(s), but none of them were set as the actor's RootComponent - picking one arbitrarily
[2020.10.20-10.04.59:070][534]LogActor: Warning: GlowStick_C /Game/Maps/Lobby/Lobby.Lobby:PersistentLevel.GlowStick_2 has natively added scene component(s), but none of them were set as the actor's RootComponent - picking one arbitrarily
[2020.10.20-10.04.59:126][534]LogUObjectHash: Compacting FUObjectHashTables data took   3.07ms
[2020.10.20-10.04.59:130][534]LogActor: Warning: GlowStick_C /Engine/Transient.World_6:PersistentLevel.GlowStick_C_1 has natively added scene component(s), but none of them were set as the actor's RootComponent - picking one arbitrarily
[2020.10.20-10.04.59:552][565]LogSavePackage: Moving '../../../../../../Users/Student 2020/Documents/VRLivePerformance/UnrealVRLivePerformance/UnrealVR/Saved/GlowStick3A06FB854C8F29F13C0764BC6F621BD5.tmp' to '../../../../../../Users/Student 2020/Documents/VRLivePerformance/UnrealVRLivePerformance/UnrealVR/Content/Blueprints/Interactables/GlowStick.uasset'
[2020.10.20-10.04.59:576][565]AssetCheck: New page: Asset Save: GlowStick
[2020.10.20-10.04.59:576][565]LogContentValidation: Display: Validating Blueprint /Game/Blueprints/Interactables/GlowStick.GlowStick
[2020.10.20-10.05.47:227][242]Candidate modules for hot reload:
[2020.10.20-10.05.47:227][242]  UnrealVR
[2020.10.20-10.05.47:227][242]Launching UnrealBuildTool... [C:/Program Files/Epic Games/UE_4.25/Engine/Binaries/DotNET/UnrealBuildTool.exe  -ModuleWithSuffix=UnrealVR,2134 UnrealVREditor Win64 Development -Project="C:/Users/Student 2020/Documents/VRLivePerformance/UnrealVRLivePerformance/UnrealVR/UnrealVR.uproject" "C:/Users/Student 2020/Documents/VRLivePerformance/UnrealVRLivePerformance/UnrealVR/UnrealVR.uproject"  -IgnoreJunk]
[2020.10.20-10.05.47:229][242]Warning: Starting HotReload took  0.0s.
[2020.10.20-10.05.54:958][764]CompilerResultsLog: New page: Compilation - Oct 20, 2020, 2:05:54 PM
[2020.10.20-10.05.54:959][764]CompilerResultsLog: Parsing headers for UnrealVREditor
[2020.10.20-10.05.54:959][764]CompilerResultsLog:   Running UnrealHeaderTool "C:\Users\Student 2020\Documents\VRLivePerformance\UnrealVRLivePerformance\UnrealVR\UnrealVR.uproject" "C:\Users\Student 2020\Documents\VRLivePerformance\UnrealVRLivePerformance\UnrealVR\Intermediate\Build\Win64\UnrealVREditor\Development\UnrealVREditor.uhtmanifest" -LogCmds="loginit warning, logexit warning, logdatabase error" -Unattended -WarningsAsErrors -abslog="C:\Users\Student 2020\AppData\Local\UnrealBuildTool\Log_UHT.txt" -installed
[2020.10.20-10.05.54:959][764]CompilerResultsLog: Reflection code generated for UnrealVREditor in 5.1790119 seconds
[2020.10.20-10.05.54:959][764]CompilerResultsLog: Building UnrealVREditor...
[2020.10.20-10.05.54:959][764]CompilerResultsLog: Using Visual Studio 2019 14.27.29111 toolchain (C:\Program Files (x86)\Microsoft Visual Studio\2019\Community\VC\Tools\MSVC\14.27.29110) and Windows 10.0.18362.0 SDK (C:\Program Files (x86)\Windows Kits\10).
[2020.10.20-10.05.54:959][764]CompilerResultsLog: Building 8 actions with 16 processes...
[2020.10.20-10.05.54:959][764]CompilerResultsLog:   [1/8] Interactable.cpp
[2020.10.20-10.05.54:959][764]CompilerResultsLog:   [2/8] UnrealVR.init.gen.cpp
[2020.10.20-10.05.54:959][764]CompilerResultsLog:   [3/8] InteractionHelper.cpp
[2020.10.20-10.05.54:959][764]CompilerResultsLog:   [4/8] Interactable.gen.cpp
[2020.10.20-10.05.54:959][764]CompilerResultsLog:   [5/8] InteractionHelper.gen.cpp
[2020.10.20-10.05.54:959][764]CompilerResultsLog:   [6/8] UE4Editor-UnrealVR-2134.lib
[2020.10.20-10.05.54:959][764]CompilerResultsLog:      Creating library C:\Users\Student 2020\Documents\VRLivePerformance\UnrealVRLivePerformance\UnrealVR\Intermediate\Build\Win64\UE4Editor\Development\UnrealVR\UE4Editor-UnrealVR-2134.lib and object C:\Users\Student 2020\Documents\VRLivePerformance\UnrealVRLivePerformance\UnrealVR\Intermediate\Build\Win64\UE4Editor\Development\UnrealVR\UE4Editor-UnrealVR-2134.exp
[2020.10.20-10.05.54:959][764]CompilerResultsLog:   [7/8] UE4Editor-UnrealVR-2134.dll
[2020.10.20-10.05.54:959][764]CompilerResultsLog:      Creating library C:\Users\Student 2020\Documents\VRLivePerformance\UnrealVRLivePerformance\UnrealVR\Intermediate\Build\Win64\UE4Editor\Development\UnrealVR\UE4Editor-UnrealVR-2134.suppressed.lib and object C:\Users\Student 2020\Documents\VRLivePerformance\UnrealVRLivePerformance\UnrealVR\Intermediate\Build\Win64\UE4Editor\Development\UnrealVR\UE4Editor-UnrealVR-2134.suppressed.exp
[2020.10.20-10.05.54:959][764]CompilerResultsLog:   [8/8] UnrealVREditor.target
[2020.10.20-10.05.54:959][764]CompilerResultsLog: Total time in Parallel executor: 1.52 seconds
[2020.10.20-10.05.54:959][764]CompilerResultsLog: Total execution time: 7.35 seconds
[2020.10.20-10.05.54:959][764]LogMainFrame: MainFrame: Module compiling took 7.735 seconds
[2020.10.20-10.05.54:982][764]LogClass: Could not find existing class Interactable in package /Script/UnrealVR for HotReload, assuming new class
[2020.10.20-10.05.54:983][764]LogClass: Function Deselect is new.
[2020.10.20-10.05.54:983][764]LogClass: Function Grab is new.
[2020.10.20-10.05.54:983][764]LogClass: Function Interact is new.
[2020.10.20-10.05.54:983][764]LogClass: Function Release is new.
[2020.10.20-10.05.54:983][764]LogClass: Function Select is new.
[2020.10.20-10.05.54:999][764]LogHotReload: Re-instancing Interactable after hot-reload.
[2020.10.20-10.05.55:016][764]LogActor: Warning: GlowStick_C /Engine/Transient.World_3:PersistentLevel.GlowStick_C_0 has natively added scene component(s), but none of them were set as the actor's RootComponent - picking one arbitrarily
[2020.10.20-10.05.55:016][764]LogActor: Warning: GlowStick_C /Game/Maps/Lobby/Lobby.Lobby:PersistentLevel.GlowStick2 has natively added scene component(s), but none of them were set as the actor's RootComponent - picking one arbitrarily
[2020.10.20-10.05.55:017][764]LogActor: Warning: GlowStick_C /Game/Maps/Lobby/Lobby.Lobby:PersistentLevel.GlowStick3 has natively added scene component(s), but none of them were set as the actor's RootComponent - picking one arbitrarily
[2020.10.20-10.05.55:017][764]LogActor: Warning: GlowStick_C /Game/Maps/Lobby/Lobby.Lobby:PersistentLevel.GlowStick4 has natively added scene component(s), but none of them were set as the actor's RootComponent - picking one arbitrarily
[2020.10.20-10.05.55:017][764]LogActor: Warning: GlowStick_C /Game/Maps/Lobby/Lobby.Lobby:PersistentLevel.GlowStick5 has natively added scene component(s), but none of them were set as the actor's RootComponent - picking one arbitrarily
[2020.10.20-10.05.55:018][764]LogActor: Warning: GlowStick_C /Game/Maps/Lobby/Lobby.Lobby:PersistentLevel.GlowStick6 has natively added scene component(s), but none of them were set as the actor's RootComponent - picking one arbitrarily
[2020.10.20-10.05.55:018][764]LogActor: Warning: GlowStick_C /Game/Maps/Lobby/Lobby.Lobby:PersistentLevel.GlowStick7 has natively added scene component(s), but none of them were set as the actor's RootComponent - picking one arbitrarily
[2020.10.20-10.05.55:018][764]LogActor: Warning: GlowStick_C /Game/Maps/Lobby/Lobby.Lobby:PersistentLevel.GlowStick_2 has natively added scene component(s), but none of them were set as the actor's RootComponent - picking one arbitrarily
[2020.10.20-10.05.55:018][764]LogActor: Warning: GlowStick_C /Engine/Transient.World_6:PersistentLevel.GlowStick_C_1 has natively added scene component(s), but none of them were set as the actor's RootComponent - picking one arbitrarily
[2020.10.20-10.05.55:038][764]LogActor: Warning: GlowStick_C /Engine/Transient.World_6:PersistentLevel.GlowStick_C_2 has natively added scene component(s), but none of them were set as the actor's RootComponent - picking one arbitrarily
[2020.10.20-10.05.55:052][764]LogActor: Warning: InteractableObject_C /Engine/Transient.World_2:PersistentLevel.InteractableObject_C_0 has natively added scene component(s), but none of them were set as the actor's RootComponent - picking one arbitrarily
[2020.10.20-10.05.55:052][764]LogActor: Warning: InteractableObject_C /Game/Maps/Lobby/Lobby.Lobby:PersistentLevel.InteractableObject_2 has natively added scene component(s), but none of them were set as the actor's RootComponent - picking one arbitrarily
[2020.10.20-10.05.55:105][764]LogContentBrowser: Native class hierarchy updated for 'UnrealVR' in 0.0005 seconds. Added 2 classes and 3 folders.
[2020.10.20-10.05.55:111][764]Display: HotReload successful (1 functions remapped  0 scriptstructs remapped)
[2020.10.20-10.05.57:181][764]LogThreadingWindows: Error: Runnable thread PoolThread 43 crashed.
[2020.10.20-10.05.57:181][764]LogWindows: Error: === Critical error: ===
[2020.10.20-10.05.57:181][764]LogWindows: Error: 
[2020.10.20-10.05.57:181][764]LogWindows: Error: Fatal error!
[2020.10.20-10.05.57:181][764]LogWindows: Error: 
[2020.10.20-10.05.57:181][764]LogWindows: Error: Unhandled Exception: EXCEPTION_ACCESS_VIOLATION reading address 0x00000019
[2020.10.20-10.05.57:181][764]LogWindows: Error: 
[2020.10.20-10.05.57:181][764]LogWindows: Error: [Callstack] 0x00007ff964cd0db8 UE4Editor-CoreUObject.dll!UnknownFunction []
[2020.10.20-10.05.57:181][764]LogWindows: Error: [Callstack] 0x00007ff964dc5a25 UE4Editor-CoreUObject.dll!UnknownFunction []
[2020.10.20-10.05.57:181][764]LogWindows: Error: [Callstack] 0x00007ff964dc5ff2 UE4Editor-CoreUObject.dll!UnknownFunction []
[2020.10.20-10.05.57:181][764]LogWindows: Error: [Callstack] 0x00007ff964dc480a UE4Editor-CoreUObject.dll!UnknownFunction []
[2020.10.20-10.05.57:181][764]LogWindows: Error: [Callstack] 0x00007ff964dc3c9e UE4Editor-CoreUObject.dll!UnknownFunction []
[2020.10.20-10.05.57:181][764]LogWindows: Error: [Callstack] 0x00007ff98384c39c UE4Editor-HotReload.dll!UnknownFunction []
[2020.10.20-10.05.57:181][764]LogWindows: Error: [Callstack] 0x00007ff98384c13e UE4Editor-HotReload.dll!UnknownFunction []
[2020.10.20-10.05.57:181][764]LogWindows: Error: [Callstack] 0x00007ff96f4c62ed UE4Editor-Core.dll!UnknownFunction []
[2020.10.20-10.05.57:181][764]LogWindows: Error: [Callstack] 0x00007ff96f89025b UE4Editor-Core.dll!UnknownFunction []
[2020.10.20-10.05.57:181][764]LogWindows: Error: [Callstack] 0x00007ff96f887c30 UE4Editor-Core.dll!UnknownFunction []
[2020.10.20-10.05.57:181][764]LogWindows: Error: [Callstack] 0x00007ff9cc136fd4 KERNEL32.DLL!UnknownFunction []
[2020.10.20-10.05.57:181][764]LogWindows: Error: [Callstack] 0x00007ff9cc6bcec1 ntdll.dll!UnknownFunction []
[2020.10.20-10.05.57:181][764]LogWindows: Error: 
[2020.10.20-10.05.57:181][764]LogWindows: Error: Crash in runnable thread PoolThread 43
[2020.10.20-10.05.57:206][764]LogExit: Executing StaticShutdownAfterError
[2020.10.20-10.05.57:206][764]LogWindows: FPlatformMisc::RequestExit(1)
[2020.10.20-10.05.57:206][764]LogCore: Engine exit requested (reason: Win RequestExit)
[2020.10.20-10.05.57:216][764]Log file closed, 10/20/20 12:05:57
