Log file open, 10/08/20 15:42:41
LogInit: Display: Running engine for game: UnrealVR
LogPlatformFile: Not using cached read wrapper
LogTaskGraph: Started task graph with 5 named threads and 14 total threads with 3 sets of task threads.
LogStats: Stats thread started at 0.211321
LogD3D11RHI: Loaded GFSDK_Aftermath_Lib.x64.dll
LogICUInternationalization: ICU TimeZone Detection - Raw Offset: +1:00, Platform Override: ''
LogPluginManager: Mounting plugin Paper2D
LogPluginManager: Mounting plugin AISupport
LogPluginManager: Mounting plugin LightPropagationVolume
LogPluginManager: Mounting plugin CameraShakePreviewer
LogPluginManager: Mounting plugin ActorLayerUtilities
LogPluginManager: Mounting plugin AnimationSharing
LogPluginManager: Mounting plugin CLionSourceCodeAccess
LogPluginManager: Mounting plugin CodeLiteSourceCodeAccess
LogPluginManager: Mounting plugin GitSourceControl
LogPluginManager: Mounting plugin KDevelopSourceCodeAccess
LogPluginManager: Mounting plugin NullSourceCodeAccess
LogPluginManager: Mounting plugin PerforceSourceControl
LogPluginManager: Mounting plugin PlasticSourceControl
LogPluginManager: Mounting plugin RiderSourceCodeAccess
LogPluginManager: Mounting plugin SubversionSourceControl
LogPluginManager: Mounting plugin UObjectPlugin
LogPluginManager: Mounting plugin VisualStudioCodeSourceCodeAccess
LogPluginManager: Mounting plugin VisualStudioSourceCodeAccess
LogPluginManager: Mounting plugin XCodeSourceCodeAccess
LogPluginManager: Mounting plugin AssetManagerEditor
LogPluginManager: Mounting plugin CryptoKeys
LogPluginManager: Mounting plugin CurveEditorTools
LogPluginManager: Mounting plugin DataValidation
LogPluginManager: Mounting plugin EditorScriptingUtilities
LogPluginManager: Mounting plugin FacialAnimation
LogPluginManager: Mounting plugin GameplayTagsEditor
LogPluginManager: Mounting plugin GeometryMode
LogPluginManager: Mounting plugin MacGraphicsSwitching
LogPluginManager: Mounting plugin MaterialAnalyzer
LogPluginManager: Mounting plugin MobileLauncherProfileWizard
LogPluginManager: Mounting plugin PluginBrowser
LogPluginManager: Mounting plugin SpeedTreeImporter
LogPluginManager: Mounting plugin DatasmithContent
LogPluginManager: Mounting plugin VariantManagerContent
LogPluginManager: Mounting plugin AlembicImporter
LogPluginManager: Mounting plugin AutomationUtils
LogPluginManager: Mounting plugin BackChannel
LogPluginManager: Mounting plugin ChaosCloth
LogPluginManager: Mounting plugin ChaosClothEditor
LogPluginManager: Mounting plugin ChaosEditor
LogPluginManager: Mounting plugin ChaosNiagara
LogPluginManager: Mounting plugin ChaosSolverPlugin
LogPluginManager: Mounting plugin CharacterAI
LogPluginManager: Mounting plugin GeometryCache
LogPluginManager: Mounting plugin GeometryCollectionPlugin
LogPluginManager: Mounting plugin GeometryProcessing
LogPluginManager: Mounting plugin PlanarCut
LogPluginManager: Mounting plugin PlatformCrypto
LogPluginManager: Mounting plugin ProxyLODPlugin
LogPluginManager: Mounting plugin SkeletalReduction
LogPluginManager: Mounting plugin Niagara
LogPluginManager: Mounting plugin MagicLeap
LogPluginManager: Mounting plugin MagicLeapLightEstimation
LogPluginManager: Mounting plugin MagicLeapMedia
LogPluginManager: Mounting plugin MagicLeapPassableWorld
LogPluginManager: Mounting plugin MLSDK
LogPluginManager: Mounting plugin UIWS
LogPluginManager: Mounting plugin AndroidMedia
LogPluginManager: Mounting plugin AvfMedia
LogPluginManager: Mounting plugin ImgMedia
LogPluginManager: Mounting plugin MediaCompositing
LogPluginManager: Mounting plugin MediaPlayerEditor
LogPluginManager: Mounting plugin WebMMedia
LogPluginManager: Mounting plugin WmfMedia
LogPluginManager: Mounting plugin MeshPainting
LogPluginManager: Mounting plugin TcpMessaging
LogPluginManager: Mounting plugin UdpMessaging
LogPluginManager: Mounting plugin ActorSequence
LogPluginManager: Mounting plugin LevelSequenceEditor
LogPluginManager: Mounting plugin MatineeToLevelSequence
LogPluginManager: Mounting plugin MovieRenderPipeline
LogPluginManager: Mounting plugin TemplateSequence
LogPluginManager: Mounting plugin NetcodeUnitTest
LogPluginManager: Mounting plugin NUTUnrealEngine4
LogPluginManager: Mounting plugin OnlineSubsystemGooglePlay
LogPluginManager: Mounting plugin OnlineSubsystemIOS
LogPluginManager: Mounting plugin OnlineSubsystem
LogPluginManager: Mounting plugin OnlineSubsystemNull
LogPluginManager: Mounting plugin OnlineSubsystemUtils
LogPluginManager: Mounting plugin LauncherChunkInstaller
LogPluginManager: Mounting plugin AndroidDeviceProfileSelector
LogPluginManager: Mounting plugin AndroidMoviePlayer
LogPluginManager: Mounting plugin AndroidPermission
LogPluginManager: Mounting plugin AppleImageUtils
LogPluginManager: Mounting plugin AppleMoviePlayer
LogPluginManager: Mounting plugin ArchVisCharacter
LogPluginManager: Mounting plugin AssetTags
LogPluginManager: Mounting plugin AudioCapture
LogPluginManager: Mounting plugin CableComponent
LogPluginManager: Mounting plugin CustomMeshComponent
LogPluginManager: Mounting plugin EditableMesh
LogPluginManager: Mounting plugin ExampleDeviceProfileSelector
LogPluginManager: Mounting plugin GoogleCloudMessaging
LogPluginManager: Mounting plugin GooglePAD
LogPluginManager: Mounting plugin IOSDeviceProfileSelector
LogPluginManager: Mounting plugin LinuxDeviceProfileSelector
LogPluginManager: Mounting plugin LocationServicesBPLibrary
LogPluginManager: Mounting plugin MobilePatchingUtils
LogPluginManager: Mounting plugin OculusVR
LogPluginManager: Mounting plugin PhysXVehicles
LogPluginManager: Mounting plugin PostSplashScreen
LogPluginManager: Mounting plugin ProceduralMeshComponent
LogPluginManager: Mounting plugin RuntimePhysXCooking
LogPluginManager: Mounting plugin SignificanceManager
LogPluginManager: Mounting plugin SoundFields
LogPluginManager: Mounting plugin SteamVR
LogPluginManager: Mounting plugin Synthesis
LogPluginManager: Mounting plugin WebMMoviePlayer
LogPluginManager: Mounting plugin WindowsMoviePlayer
LogPluginManager: Mounting plugin ScreenshotTools
LogInit: Using libcurl 7.55.1-DEV
LogInit:  - built for x86_64-pc-win32
LogInit:  - supports SSL with OpenSSL/1.1.1
LogInit:  - supports HTTP deflate (compression) using libz 1.2.8
LogInit:  - other features:
LogInit:      CURL_VERSION_SSL
LogInit:      CURL_VERSION_LIBZ
LogInit:      CURL_VERSION_IPV6
LogInit:      CURL_VERSION_ASYNCHDNS
LogInit:      CURL_VERSION_LARGEFILE
LogInit:      CURL_VERSION_IDN
LogInit:  CurlRequestOptions (configurable via config and command line):
LogInit:  - bVerifyPeer = true  - Libcurl will verify peer certificate
LogInit:  - bUseHttpProxy = false  - Libcurl will NOT use HTTP proxy
LogInit:  - bDontReuseConnections = false  - Libcurl will reuse connections
LogInit:  - MaxHostConnections = 16  - Libcurl will limit the number of connections to a host
LogInit:  - LocalHostAddr = Default
LogInit:  - BufferSize = 65536
LogOnline: OSS: Creating online subsystem instance for: NULL
LogInit: WinSock: version 1.1 (2.2), MaxSocks=32767, MaxUdp=65467
LogOnline: OSS: TryLoadSubsystemAndSetDefault: Loaded subsystem for module [NULL]
LogOculusPluginWrapper: OculusPlugin initialized successfully
LogInit: Build: ++UE4+Release-4.25-CL-13942748
LogInit: Engine Version: 4.25.3-13942748+++UE4+Release-4.25
LogInit: Compatible Engine Version: 4.25.0-13144385+++UE4+Release-4.25
LogInit: Net CL: 13144385
LogInit: OS: Windows 10 (Release 1909) (), CPU: Intel(R) Core(TM) i5-6500 CPU @ 3.20GHz, GPU: NVIDIA GeForce GTX 1060 6GB
LogInit: Compiled (64-bit): Jul 25 2020 02:07:48
LogInit: Compiled with Visual C++: 19.24.28315.00
LogInit: Build Configuration: Development
LogInit: Branch Name: ++UE4+Release-4.25
LogInit: Command Line:  -EpicPortal -epicusername=Rimeh_ -epicuserid=3620de3b46744791bae9bb86c3c88c80 -epiclocale=en
LogInit: Base Directory: C:/Program Files/Epic Games/UE_4.25/Engine/Binaries/Win64/
LogInit: Allocator: TBB
LogInit: Installed Engine Build: 1
LogDevObjectVersion: Number of dev versions registered: 26
LogDevObjectVersion:   Dev-Blueprints (B0D832E4-1F89-4F0D-ACCF-7EB736FD4AA2): 10
LogDevObjectVersion:   Dev-Build (E1C64328-A22C-4D53-A36C-8E866417BD8C): 0
LogDevObjectVersion:   Dev-Core (375EC13C-06E4-48FB-B500-84F0262A717E): 4
LogDevObjectVersion:   Dev-Editor (E4B068ED-F494-42E9-A231-DA0B2E46BB41): 38
LogDevObjectVersion:   Dev-Framework (CFFC743F-43B0-4480-9391-14DF171D2073): 37
LogDevObjectVersion:   Dev-Mobile (B02B49B5-BB20-44E9-A304-32B752E40360): 2
LogDevObjectVersion:   Dev-Networking (A4E4105C-59A1-49B5-A7C5-40C4547EDFEE): 0
LogDevObjectVersion:   Dev-Online (39C831C9-5AE6-47DC-9A44-9C173E1C8E7C): 0
LogDevObjectVersion:   Dev-Physics (78F01B33-EBEA-4F98-B9B4-84EACCB95AA2): 4
LogDevObjectVersion:   Dev-Platform (6631380F-2D4D-43E0-8009-CF276956A95A): 0
LogDevObjectVersion:   Dev-Rendering (12F88B9F-8875-4AFC-A67C-D90C383ABD29): 43
LogDevObjectVersion:   Dev-Sequencer (7B5AE74C-D270-4C10-A958-57980B212A5A): 12
LogDevObjectVersion:   Dev-VR (D7296918-1DD6-4BDD-9DE2-64A83CC13884): 3
LogDevObjectVersion:   Dev-LoadTimes (C2A15278-BFE7-4AFE-6C17-90FF531DF755): 1
LogDevObjectVersion:   Private-Geometry (6EACA3D4-40EC-4CC1-B786-8BED09428FC5): 3
LogDevObjectVersion:   Dev-AnimPhys (29E575DD-E0A3-4627-9D10-D276232CDCEA): 17
LogDevObjectVersion:   Dev-Anim (AF43A65D-7FD3-4947-9873-3E8ED9C1BB05): 7
LogDevObjectVersion:   Dev-ReflectionCapture (6B266CEC-1EC7-4B8F-A30B-E4D90942FC07): 1
LogDevObjectVersion:   Dev-Automation (0DF73D61-A23F-47EA-B727-89E90C41499A): 1
LogDevObjectVersion:   FortniteMain (601D1886-AC64-4F84-AA16-D3DE0DEAC7D6): 31
LogDevObjectVersion:   Dev-Enterprise (9DFFBCD6-494F-0158-E221-12823C92A888): 10
LogDevObjectVersion:   Dev-Niagara (F2AED0AC-9AFE-416F-8664-AA7FFA26D6FC): 1
LogDevObjectVersion:   Dev-Destruction (174F1F0B-B4C6-45A5-B13F-2EE8D0FB917D): 10
LogDevObjectVersion:   Dev-Physics-Ext (35F94A83-E258-406C-A318-09F59610247C): 37
LogDevObjectVersion:   Dev-PhysicsMaterial-Chaos (B68FC16E-8B1B-42E2-B453-215C058844FE): 1
LogDevObjectVersion:   Dev-CineCamera (B2E18506-4273-CFC2-A54E-F4BB758BBA07): 1
LogInit: Presizing for max 25165824 objects, including 0 objects not considered by GC, pre-allocating 0 bytes for permanent pool.
LogConfig: Applying CVar settings from Section [/Script/Engine.StreamingSettings] File [C:/Users/454928/Documents/School/Year 4/SSS/Project/VRLivePerformance/UnrealVRLivePerformance/UnrealVR/Saved/Config/Windows/Engine.ini]
LogConfig: Setting CVar [[s.MinBulkDataSizeForAsyncLoading:131072]]
LogConfig: Setting CVar [[s.AsyncLoadingThreadEnabled:0]]
LogConfig: Setting CVar [[s.EventDrivenLoaderEnabled:1]]
LogConfig: Setting CVar [[s.WarnIfTimeLimitExceeded:0]]
LogConfig: Setting CVar [[s.TimeLimitExceededMultiplier:1.5]]
LogConfig: Setting CVar [[s.TimeLimitExceededMinTime:0.005]]
LogConfig: Setting CVar [[s.UseBackgroundLevelStreaming:1]]
LogConfig: Setting CVar [[s.PriorityAsyncLoadingExtraTime:15.0]]
LogConfig: Setting CVar [[s.LevelStreamingActorsUpdateTimeLimit:5.0]]
LogConfig: Setting CVar [[s.PriorityLevelStreamingActorsUpdateExtraTime:5.0]]
LogConfig: Setting CVar [[s.LevelStreamingComponentsRegistrationGranularity:10]]
LogConfig: Setting CVar [[s.UnregisterComponentsTimeLimit:1.0]]
LogConfig: Setting CVar [[s.LevelStreamingComponentsUnregistrationGranularity:5]]
LogConfig: Setting CVar [[s.FlushStreamingOnExit:1]]
LogInit: Object subsystem initialized
LogConfig: Setting CVar [[con.DebugEarlyDefault:1]]
LogConfig: Setting CVar [[r.setres:1280x720]]
[2020.10.08-13.42.41:911][  0]LogConfig: Setting CVar [[r.VSync:0]]
[2020.10.08-13.42.41:911][  0]LogConfig: Setting CVar [[r.RHICmdBypass:0]]
[2020.10.08-13.42.41:911][  0]LogConfig: Applying CVar settings from Section [/Script/Engine.RendererSettings] File [C:/Users/454928/Documents/School/Year 4/SSS/Project/VRLivePerformance/UnrealVRLivePerformance/UnrealVR/Saved/Config/Windows/Engine.ini]
[2020.10.08-13.42.41:911][  0]LogConfig: Setting CVar [[r.GPUCrashDebugging:0]]
[2020.10.08-13.42.41:911][  0]LogConfig: Applying CVar settings from Section [/Script/Engine.RendererOverrideSettings] File [C:/Users/454928/Documents/School/Year 4/SSS/Project/VRLivePerformance/UnrealVRLivePerformance/UnrealVR/Saved/Config/Windows/Engine.ini]
[2020.10.08-13.42.41:911][  0]LogConfig: Applying CVar settings from Section [/Script/Engine.StreamingSettings] File [C:/Users/454928/Documents/School/Year 4/SSS/Project/VRLivePerformance/UnrealVRLivePerformance/UnrealVR/Saved/Config/Windows/Engine.ini]
[2020.10.08-13.42.41:911][  0]LogConfig: Setting CVar [[s.MinBulkDataSizeForAsyncLoading:131072]]
[2020.10.08-13.42.41:911][  0]LogConfig: Setting CVar [[s.AsyncLoadingThreadEnabled:0]]
[2020.10.08-13.42.41:911][  0]LogConfig: Setting CVar [[s.EventDrivenLoaderEnabled:1]]
[2020.10.08-13.42.41:911][  0]LogConfig: Setting CVar [[s.WarnIfTimeLimitExceeded:0]]
[2020.10.08-13.42.41:911][  0]LogConfig: Setting CVar [[s.TimeLimitExceededMultiplier:1.5]]
[2020.10.08-13.42.41:911][  0]LogConfig: Setting CVar [[s.TimeLimitExceededMinTime:0.005]]
[2020.10.08-13.42.41:911][  0]LogConfig: Setting CVar [[s.UseBackgroundLevelStreaming:1]]
[2020.10.08-13.42.41:911][  0]LogConfig: Setting CVar [[s.PriorityAsyncLoadingExtraTime:15.0]]
[2020.10.08-13.42.41:911][  0]LogConfig: Setting CVar [[s.LevelStreamingActorsUpdateTimeLimit:5.0]]
[2020.10.08-13.42.41:911][  0]LogConfig: Setting CVar [[s.PriorityLevelStreamingActorsUpdateExtraTime:5.0]]
[2020.10.08-13.42.41:911][  0]LogConfig: Setting CVar [[s.LevelStreamingComponentsRegistrationGranularity:10]]
[2020.10.08-13.42.41:911][  0]LogConfig: Setting CVar [[s.UnregisterComponentsTimeLimit:1.0]]
[2020.10.08-13.42.41:911][  0]LogConfig: Setting CVar [[s.LevelStreamingComponentsUnregistrationGranularity:5]]
[2020.10.08-13.42.41:911][  0]LogConfig: Setting CVar [[s.FlushStreamingOnExit:1]]
[2020.10.08-13.42.41:911][  0]LogConfig: Applying CVar settings from Section [/Script/Engine.GarbageCollectionSettings] File [C:/Users/454928/Documents/School/Year 4/SSS/Project/VRLivePerformance/UnrealVRLivePerformance/UnrealVR/Saved/Config/Windows/Engine.ini]
[2020.10.08-13.42.41:911][  0]LogConfig: Setting CVar [[gc.MaxObjectsNotConsideredByGC:1]]
[2020.10.08-13.42.41:911][  0]LogConfig: Setting CVar [[gc.SizeOfPermanentObjectPool:0]]
[2020.10.08-13.42.41:911][  0]LogConfig: Setting CVar [[gc.FlushStreamingOnGC:0]]
[2020.10.08-13.42.41:911][  0]LogConfig: Setting CVar [[gc.NumRetriesBeforeForcingGC:10]]
[2020.10.08-13.42.41:911][  0]LogConfig: Setting CVar [[gc.AllowParallelGC:1]]
[2020.10.08-13.42.41:911][  0]LogConfig: Setting CVar [[gc.TimeBetweenPurgingPendingKillObjects:61.1]]
[2020.10.08-13.42.41:911][  0]LogConfig: Setting CVar [[gc.MaxObjectsInEditor:25165824]]
[2020.10.08-13.42.41:911][  0]LogConfig: Setting CVar [[gc.IncrementalBeginDestroyEnabled:1]]
[2020.10.08-13.42.41:911][  0]LogConfig: Setting CVar [[gc.CreateGCClusters:1]]
[2020.10.08-13.42.41:911][  0]LogConfig: Setting CVar [[gc.MinGCClusterSize:5]]
[2020.10.08-13.42.41:911][  0]LogConfig: Setting CVar [[gc.ActorClusteringEnabled:0]]
[2020.10.08-13.42.41:911][  0]LogConfig: Setting CVar [[gc.BlueprintClusteringEnabled:0]]
[2020.10.08-13.42.41:911][  0]LogConfig: Setting CVar [[gc.UseDisregardForGCOnDedicatedServers:0]]
[2020.10.08-13.42.41:911][  0]LogConfig: Applying CVar settings from Section [/Script/Engine.NetworkSettings] File [C:/Users/454928/Documents/School/Year 4/SSS/Project/VRLivePerformance/UnrealVRLivePerformance/UnrealVR/Saved/Config/Windows/Engine.ini]
[2020.10.08-13.42.41:911][  0]LogConfig: Applying CVar settings from Section [/Script/UnrealEd.CookerSettings] File [C:/Users/454928/Documents/School/Year 4/SSS/Project/VRLivePerformance/UnrealVRLivePerformance/UnrealVR/Saved/Config/Windows/Engine.ini]
[2020.10.08-13.42.41:923][  0]LogConfig: Applying CVar settings from Section [ViewDistanceQuality@3] File [C:/Users/454928/Documents/School/Year 4/SSS/Project/VRLivePerformance/UnrealVRLivePerformance/UnrealVR/Saved/Config/Windows/Scalability.ini]
[2020.10.08-13.42.41:923][  0]LogConfig: Setting CVar [[r.SkeletalMeshLODBias:0]]
[2020.10.08-13.42.41:923][  0]LogConfig: Setting CVar [[r.ViewDistanceScale:1.0]]
[2020.10.08-13.42.41:923][  0]LogConfig: Applying CVar settings from Section [AntiAliasingQuality@3] File [C:/Users/454928/Documents/School/Year 4/SSS/Project/VRLivePerformance/UnrealVRLivePerformance/UnrealVR/Saved/Config/Windows/Scalability.ini]
[2020.10.08-13.42.41:923][  0]LogConfig: Setting CVar [[r.PostProcessAAQuality:4]]
[2020.10.08-13.42.41:923][  0]LogConfig: Applying CVar settings from Section [ShadowQuality@3] File [C:/Users/454928/Documents/School/Year 4/SSS/Project/VRLivePerformance/UnrealVRLivePerformance/UnrealVR/Saved/Config/Windows/Scalability.ini]
[2020.10.08-13.42.41:923][  0]LogConfig: Setting CVar [[r.LightFunctionQuality:1]]
[2020.10.08-13.42.41:923][  0]LogConfig: Setting CVar [[r.ShadowQuality:5]]
[2020.10.08-13.42.41:923][  0]LogConfig: Setting CVar [[r.Shadow.CSM.MaxCascades:10]]
[2020.10.08-13.42.41:923][  0]LogConfig: Setting CVar [[r.Shadow.MaxResolution:2048]]
[2020.10.08-13.42.41:924][  0]LogConfig: Setting CVar [[r.Shadow.MaxCSMResolution:2048]]
[2020.10.08-13.42.41:924][  0]LogConfig: Setting CVar [[r.Shadow.RadiusThreshold:0.01]]
[2020.10.08-13.42.41:924][  0]LogConfig: Setting CVar [[r.Shadow.DistanceScale:1.0]]
[2020.10.08-13.42.41:924][  0]LogConfig: Setting CVar [[r.Shadow.CSM.TransitionScale:1.0]]
[2020.10.08-13.42.41:924][  0]LogConfig: Setting CVar [[r.Shadow.PreShadowResolutionFactor:1.0]]
[2020.10.08-13.42.41:924][  0]LogConfig: Setting CVar [[r.DistanceFieldShadowing:1]]
[2020.10.08-13.42.41:924][  0]LogConfig: Setting CVar [[r.DistanceFieldAO:1]]
[2020.10.08-13.42.41:924][  0]LogConfig: Setting CVar [[r.AOQuality:2]]
[2020.10.08-13.42.41:924][  0]LogConfig: Setting CVar [[r.VolumetricFog:1]]
[2020.10.08-13.42.41:924][  0]LogConfig: Setting CVar [[r.VolumetricFog.GridPixelSize:8]]
[2020.10.08-13.42.41:924][  0]LogConfig: Setting CVar [[r.VolumetricFog.GridSizeZ:128]]
[2020.10.08-13.42.41:924][  0]LogConfig: Setting CVar [[r.VolumetricFog.HistoryMissSupersampleCount:4]]
[2020.10.08-13.42.41:924][  0]LogConfig: Setting CVar [[r.LightMaxDrawDistanceScale:1]]
[2020.10.08-13.42.41:924][  0]LogConfig: Setting CVar [[r.CapsuleShadows:1]]
[2020.10.08-13.42.41:924][  0]LogConfig: Applying CVar settings from Section [PostProcessQuality@3] File [C:/Users/454928/Documents/School/Year 4/SSS/Project/VRLivePerformance/UnrealVRLivePerformance/UnrealVR/Saved/Config/Windows/Scalability.ini]
[2020.10.08-13.42.41:924][  0]LogConfig: Setting CVar [[r.MotionBlurQuality:4]]
[2020.10.08-13.42.41:924][  0]LogConfig: Setting CVar [[r.AmbientOcclusionMipLevelFactor:0.4]]
[2020.10.08-13.42.41:924][  0]LogConfig: Setting CVar [[r.AmbientOcclusionMaxQuality:100]]
[2020.10.08-13.42.41:924][  0]LogConfig: Setting CVar [[r.AmbientOcclusionLevels:-1]]
[2020.10.08-13.42.41:924][  0]LogConfig: Setting CVar [[r.AmbientOcclusionRadiusScale:1.0]]
[2020.10.08-13.42.41:924][  0]LogConfig: Setting CVar [[r.DepthOfFieldQuality:2]]
[2020.10.08-13.42.41:924][  0]LogConfig: Setting CVar [[r.RenderTargetPoolMin:400]]
[2020.10.08-13.42.41:924][  0]LogConfig: Setting CVar [[r.LensFlareQuality:2]]
[2020.10.08-13.42.41:924][  0]LogConfig: Setting CVar [[r.SceneColorFringeQuality:1]]
[2020.10.08-13.42.41:924][  0]LogConfig: Setting CVar [[r.EyeAdaptationQuality:2]]
[2020.10.08-13.42.41:924][  0]LogConfig: Setting CVar [[r.BloomQuality:5]]
[2020.10.08-13.42.41:924][  0]LogConfig: Setting CVar [[r.FastBlurThreshold:100]]
[2020.10.08-13.42.41:924][  0]LogConfig: Setting CVar [[r.Upscale.Quality:3]]
[2020.10.08-13.42.41:924][  0]LogConfig: Setting CVar [[r.Tonemapper.GrainQuantization:1]]
[2020.10.08-13.42.41:924][  0]LogConfig: Setting CVar [[r.LightShaftQuality:1]]
[2020.10.08-13.42.41:924][  0]LogConfig: Setting CVar [[r.Filter.SizeScale:1]]
[2020.10.08-13.42.41:924][  0]LogConfig: Setting CVar [[r.Tonemapper.Quality:5]]
[2020.10.08-13.42.41:924][  0]LogConfig: Setting CVar [[r.DOF.Gather.AccumulatorQuality:1        ; higher gathering accumulator quality]]
[2020.10.08-13.42.41:924][  0]LogConfig: Setting CVar [[r.DOF.Gather.PostfilterMethod:1          ; Median3x3 postfilering method]]
[2020.10.08-13.42.41:924][  0]LogConfig: Setting CVar [[r.DOF.Gather.EnableBokehSettings:0       ; no bokeh simulation when gathering]]
[2020.10.08-13.42.41:924][  0]LogConfig: Setting CVar [[r.DOF.Gather.RingCount:4                 ; medium number of samples when gathering]]
[2020.10.08-13.42.41:924][  0]LogConfig: Setting CVar [[r.DOF.Scatter.ForegroundCompositing:1    ; additive foreground scattering]]
[2020.10.08-13.42.41:924][  0]LogConfig: Setting CVar [[r.DOF.Scatter.BackgroundCompositing:2    ; additive background scattering]]
[2020.10.08-13.42.41:924][  0]LogConfig: Setting CVar [[r.DOF.Scatter.EnableBokehSettings:1      ; bokeh simulation when scattering]]
[2020.10.08-13.42.41:924][  0]LogConfig: Setting CVar [[r.DOF.Scatter.MaxSpriteRatio:0.1         ; only a maximum of 10% of scattered bokeh]]
[2020.10.08-13.42.41:924][  0]LogConfig: Setting CVar [[r.DOF.Recombine.Quality:1                ; cheap slight out of focus]]
[2020.10.08-13.42.41:924][  0]LogConfig: Setting CVar [[r.DOF.Recombine.EnableBokehSettings:0    ; no bokeh simulation on slight out of focus]]
[2020.10.08-13.42.41:924][  0]LogConfig: Setting CVar [[r.DOF.TemporalAAQuality:1                ; more stable temporal accumulation]]
[2020.10.08-13.42.41:924][  0]LogConfig: Setting CVar [[r.DOF.Kernel.MaxForegroundRadius:0.025]]
[2020.10.08-13.42.41:924][  0]LogConfig: Setting CVar [[r.DOF.Kernel.MaxBackgroundRadius:0.025]]
[2020.10.08-13.42.41:924][  0]LogConfig: Applying CVar settings from Section [TextureQuality@3] File [C:/Users/454928/Documents/School/Year 4/SSS/Project/VRLivePerformance/UnrealVRLivePerformance/UnrealVR/Saved/Config/Windows/Scalability.ini]
[2020.10.08-13.42.41:924][  0]LogConfig: Setting CVar [[r.Streaming.MipBias:0]]
[2020.10.08-13.42.41:924][  0]LogConfig: Setting CVar [[r.Streaming.AmortizeCPUToGPUCopy:0]]
[2020.10.08-13.42.41:924][  0]LogConfig: Setting CVar [[r.Streaming.MaxNumTexturesToStreamPerFrame:0]]
[2020.10.08-13.42.41:924][  0]LogConfig: Setting CVar [[r.Streaming.Boost:1]]
[2020.10.08-13.42.41:924][  0]LogConfig: Setting CVar [[r.MaxAnisotropy:8]]
[2020.10.08-13.42.41:924][  0]LogConfig: Setting CVar [[r.VT.MaxAnisotropy:8]]
[2020.10.08-13.42.41:924][  0]LogConfig: Setting CVar [[r.Streaming.LimitPoolSizeToVRAM:0]]
[2020.10.08-13.42.41:924][  0]LogConfig: Setting CVar [[r.Streaming.PoolSize:1000]]
[2020.10.08-13.42.41:925][  0]LogConfig: Setting CVar [[r.Streaming.MaxEffectiveScreenSize:0]]
[2020.10.08-13.42.41:925][  0]LogConfig: Applying CVar settings from Section [EffectsQuality@3] File [C:/Users/454928/Documents/School/Year 4/SSS/Project/VRLivePerformance/UnrealVRLivePerformance/UnrealVR/Saved/Config/Windows/Scalability.ini]
[2020.10.08-13.42.41:925][  0]LogConfig: Setting CVar [[r.TranslucencyLightingVolumeDim:64]]
[2020.10.08-13.42.41:925][  0]LogConfig: Setting CVar [[r.RefractionQuality:2]]
[2020.10.08-13.42.41:925][  0]LogConfig: Setting CVar [[r.SSR.Quality:3]]
[2020.10.08-13.42.41:925][  0]LogConfig: Setting CVar [[r.SSR.HalfResSceneColor:0]]
[2020.10.08-13.42.41:925][  0]LogConfig: Setting CVar [[r.SceneColorFormat:4]]
[2020.10.08-13.42.41:925][  0]LogConfig: Setting CVar [[r.DetailMode:2]]
[2020.10.08-13.42.41:925][  0]LogConfig: Setting CVar [[r.TranslucencyVolumeBlur:1]]
[2020.10.08-13.42.41:925][  0]LogConfig: Setting CVar [[r.MaterialQualityLevel:1 ; High quality]]
[2020.10.08-13.42.41:925][  0]LogConfig: Setting CVar [[r.SSS.Scale:1]]
[2020.10.08-13.42.41:925][  0]LogConfig: Setting CVar [[r.SSS.SampleSet:2]]
[2020.10.08-13.42.41:925][  0]LogConfig: Setting CVar [[r.SSS.Quality:1]]
[2020.10.08-13.42.41:925][  0]LogConfig: Setting CVar [[r.SSS.HalfRes:0]]
[2020.10.08-13.42.41:925][  0]LogConfig: Setting CVar [[r.SSGI.Quality:3]]
[2020.10.08-13.42.41:925][  0]LogConfig: Setting CVar [[r.EmitterSpawnRateScale:1.0]]
[2020.10.08-13.42.41:925][  0]LogConfig: Setting CVar [[r.ParticleLightQuality:2]]
[2020.10.08-13.42.41:925][  0]LogConfig: Setting CVar [[r.SkyAtmosphere.AerialPerspectiveLUT.FastApplyOnOpaque:1 ; Always have FastSkyLUT 1 in this case to avoid wrong sky]]
[2020.10.08-13.42.41:925][  0]LogConfig: Setting CVar [[r.SkyAtmosphere.AerialPerspectiveLUT.SampleCountPerSlice:1]]
[2020.10.08-13.42.41:925][  0]LogConfig: Setting CVar [[r.SkyAtmosphere.AerialPerspectiveLUT.DepthResolution:16.0]]
[2020.10.08-13.42.41:925][  0]LogConfig: Setting CVar [[r.SkyAtmosphere.FastSkyLUT:1]]
[2020.10.08-13.42.41:925][  0]LogConfig: Setting CVar [[r.SkyAtmosphere.FastSkyLUT.SampleCountMin:4.0]]
[2020.10.08-13.42.41:925][  0]LogConfig: Setting CVar [[r.SkyAtmosphere.FastSkyLUT.SampleCountMax:32.0]]
[2020.10.08-13.42.41:925][  0]LogConfig: Setting CVar [[r.SkyAtmosphere.SampleCountMin:4.0]]
[2020.10.08-13.42.41:925][  0]LogConfig: Setting CVar [[r.SkyAtmosphere.SampleCountMax:32.0]]
[2020.10.08-13.42.41:925][  0]LogConfig: Setting CVar [[r.SkyAtmosphere.TransmittanceLUT.UseSmallFormat:0]]
[2020.10.08-13.42.41:925][  0]LogConfig: Setting CVar [[r.SkyAtmosphere.TransmittanceLUT.SampleCount:10.0]]
[2020.10.08-13.42.41:925][  0]LogConfig: Setting CVar [[r.SkyAtmosphere.MultiScatteringLUT.SampleCount:15.0]]
[2020.10.08-13.42.41:925][  0]LogConfig: Applying CVar settings from Section [FoliageQuality@3] File [C:/Users/454928/Documents/School/Year 4/SSS/Project/VRLivePerformance/UnrealVRLivePerformance/UnrealVR/Saved/Config/Windows/Scalability.ini]
[2020.10.08-13.42.41:925][  0]LogConfig: Setting CVar [[foliage.DensityScale:1.0]]
[2020.10.08-13.42.41:925][  0]LogConfig: Setting CVar [[grass.DensityScale:1.0]]
[2020.10.08-13.42.41:925][  0]LogConfig: Applying CVar settings from Section [ShadingQuality@3] File [C:/Users/454928/Documents/School/Year 4/SSS/Project/VRLivePerformance/UnrealVRLivePerformance/UnrealVR/Saved/Config/Windows/Scalability.ini]
[2020.10.08-13.42.41:925][  0]LogConfig: Setting CVar [[r.HairStrands.SkyLighting.SampleCount:16]]
[2020.10.08-13.42.41:925][  0]LogConfig: Setting CVar [[r.HairStrands.SkyLighting.JitterIntegration:0]]
[2020.10.08-13.42.41:925][  0]LogConfig: Setting CVar [[r.HairStrands.SkyAO.SampleCount:16]]
[2020.10.08-13.42.41:925][  0]LogConfig: Setting CVar [[r.HairStrands.DeepShadow.SuperSampling:0]]
[2020.10.08-13.42.41:925][  0]LogConfig: Setting CVar [[r.HairStrands.VisibilityPPLL:0]]
[2020.10.08-13.42.41:925][  0]LogConfig: Setting CVar [[r.HairStrands.RasterizationScale:0.5]]
[2020.10.08-13.42.41:925][  0]LogConfig: Setting CVar [[r.HairStrands.VelocityRasterizationScale:1]]
[2020.10.08-13.42.41:925][  0]LogInit: Selected Device Profile: [Windows]
[2020.10.08-13.42.41:925][  0]LogInit: Applying CVar settings loaded from the selected device profile: [Windows]
[2020.10.08-13.42.41:925][  0]LogHAL: Display: Platform has ~ 16 GB [17142865920 / 17179869184 / 16], which maps to Larger [LargestMinGB=32, LargerMinGB=12, DefaultMinGB=8, SmallerMinGB=6, SmallestMinGB=0)
[2020.10.08-13.42.41:925][  0]LogInit: Going up to parent DeviceProfile []
[2020.10.08-13.42.41:925][  0]LogConfig: Applying CVar settings from Section [ViewDistanceQuality@3] File [C:/Users/454928/Documents/School/Year 4/SSS/Project/VRLivePerformance/UnrealVRLivePerformance/UnrealVR/Saved/Config/Windows/Scalability.ini]
[2020.10.08-13.42.41:925][  0]LogConfig: Setting CVar [[r.SkeletalMeshLODBias:0]]
[2020.10.08-13.42.41:926][  0]LogConfig: Setting CVar [[r.ViewDistanceScale:1.0]]
[2020.10.08-13.42.41:926][  0]LogConfig: Applying CVar settings from Section [AntiAliasingQuality@3] File [C:/Users/454928/Documents/School/Year 4/SSS/Project/VRLivePerformance/UnrealVRLivePerformance/UnrealVR/Saved/Config/Windows/Scalability.ini]
[2020.10.08-13.42.41:926][  0]LogConfig: Setting CVar [[r.PostProcessAAQuality:4]]
[2020.10.08-13.42.41:926][  0]LogConfig: Applying CVar settings from Section [ShadowQuality@3] File [C:/Users/454928/Documents/School/Year 4/SSS/Project/VRLivePerformance/UnrealVRLivePerformance/UnrealVR/Saved/Config/Windows/Scalability.ini]
[2020.10.08-13.42.41:926][  0]LogConfig: Setting CVar [[r.LightFunctionQuality:1]]
[2020.10.08-13.42.41:926][  0]LogConfig: Setting CVar [[r.ShadowQuality:5]]
[2020.10.08-13.42.41:926][  0]LogConfig: Setting CVar [[r.Shadow.CSM.MaxCascades:10]]
[2020.10.08-13.42.41:926][  0]LogConfig: Setting CVar [[r.Shadow.MaxResolution:2048]]
[2020.10.08-13.42.41:926][  0]LogConfig: Setting CVar [[r.Shadow.MaxCSMResolution:2048]]
[2020.10.08-13.42.41:926][  0]LogConfig: Setting CVar [[r.Shadow.RadiusThreshold:0.01]]
[2020.10.08-13.42.41:926][  0]LogConfig: Setting CVar [[r.Shadow.DistanceScale:1.0]]
[2020.10.08-13.42.41:926][  0]LogConfig: Setting CVar [[r.Shadow.CSM.TransitionScale:1.0]]
[2020.10.08-13.42.41:926][  0]LogConfig: Setting CVar [[r.Shadow.PreShadowResolutionFactor:1.0]]
[2020.10.08-13.42.41:926][  0]LogConfig: Setting CVar [[r.DistanceFieldShadowing:1]]
[2020.10.08-13.42.41:926][  0]LogConfig: Setting CVar [[r.DistanceFieldAO:1]]
[2020.10.08-13.42.41:926][  0]LogConfig: Setting CVar [[r.AOQuality:2]]
[2020.10.08-13.42.41:926][  0]LogConfig: Setting CVar [[r.VolumetricFog:1]]
[2020.10.08-13.42.41:926][  0]LogConfig: Setting CVar [[r.VolumetricFog.GridPixelSize:8]]
[2020.10.08-13.42.41:926][  0]LogConfig: Setting CVar [[r.VolumetricFog.GridSizeZ:128]]
[2020.10.08-13.42.41:926][  0]LogConfig: Setting CVar [[r.VolumetricFog.HistoryMissSupersampleCount:4]]
[2020.10.08-13.42.41:926][  0]LogConfig: Setting CVar [[r.LightMaxDrawDistanceScale:1]]
[2020.10.08-13.42.41:926][  0]LogConfig: Setting CVar [[r.CapsuleShadows:1]]
[2020.10.08-13.42.41:926][  0]LogConfig: Applying CVar settings from Section [PostProcessQuality@3] File [C:/Users/454928/Documents/School/Year 4/SSS/Project/VRLivePerformance/UnrealVRLivePerformance/UnrealVR/Saved/Config/Windows/Scalability.ini]
[2020.10.08-13.42.41:926][  0]LogConfig: Setting CVar [[r.MotionBlurQuality:4]]
[2020.10.08-13.42.41:926][  0]LogConfig: Setting CVar [[r.AmbientOcclusionMipLevelFactor:0.4]]
[2020.10.08-13.42.41:926][  0]LogConfig: Setting CVar [[r.AmbientOcclusionMaxQuality:100]]
[2020.10.08-13.42.41:926][  0]LogConfig: Setting CVar [[r.AmbientOcclusionLevels:-1]]
[2020.10.08-13.42.41:926][  0]LogConfig: Setting CVar [[r.AmbientOcclusionRadiusScale:1.0]]
[2020.10.08-13.42.41:926][  0]LogConfig: Setting CVar [[r.DepthOfFieldQuality:2]]
[2020.10.08-13.42.41:926][  0]LogConfig: Setting CVar [[r.RenderTargetPoolMin:400]]
[2020.10.08-13.42.41:926][  0]LogConfig: Setting CVar [[r.LensFlareQuality:2]]
[2020.10.08-13.42.41:926][  0]LogConfig: Setting CVar [[r.SceneColorFringeQuality:1]]
[2020.10.08-13.42.41:926][  0]LogConfig: Setting CVar [[r.EyeAdaptationQuality:2]]
[2020.10.08-13.42.41:926][  0]LogConfig: Setting CVar [[r.BloomQuality:5]]
[2020.10.08-13.42.41:926][  0]LogConfig: Setting CVar [[r.FastBlurThreshold:100]]
[2020.10.08-13.42.41:926][  0]LogConfig: Setting CVar [[r.Upscale.Quality:3]]
[2020.10.08-13.42.41:926][  0]LogConfig: Setting CVar [[r.Tonemapper.GrainQuantization:1]]
[2020.10.08-13.42.41:926][  0]LogConfig: Setting CVar [[r.LightShaftQuality:1]]
[2020.10.08-13.42.41:926][  0]LogConfig: Setting CVar [[r.Filter.SizeScale:1]]
[2020.10.08-13.42.41:926][  0]LogConfig: Setting CVar [[r.Tonemapper.Quality:5]]
[2020.10.08-13.42.41:926][  0]LogConfig: Setting CVar [[r.DOF.Gather.AccumulatorQuality:1        ; higher gathering accumulator quality]]
[2020.10.08-13.42.41:926][  0]LogConfig: Setting CVar [[r.DOF.Gather.PostfilterMethod:1          ; Median3x3 postfilering method]]
[2020.10.08-13.42.41:926][  0]LogConfig: Setting CVar [[r.DOF.Gather.EnableBokehSettings:0       ; no bokeh simulation when gathering]]
[2020.10.08-13.42.41:926][  0]LogConfig: Setting CVar [[r.DOF.Gather.RingCount:4                 ; medium number of samples when gathering]]
[2020.10.08-13.42.41:926][  0]LogConfig: Setting CVar [[r.DOF.Scatter.ForegroundCompositing:1    ; additive foreground scattering]]
[2020.10.08-13.42.41:926][  0]LogConfig: Setting CVar [[r.DOF.Scatter.BackgroundCompositing:2    ; additive background scattering]]
[2020.10.08-13.42.41:926][  0]LogConfig: Setting CVar [[r.DOF.Scatter.EnableBokehSettings:1      ; bokeh simulation when scattering]]
[2020.10.08-13.42.41:926][  0]LogConfig: Setting CVar [[r.DOF.Scatter.MaxSpriteRatio:0.1         ; only a maximum of 10% of scattered bokeh]]
[2020.10.08-13.42.41:926][  0]LogConfig: Setting CVar [[r.DOF.Recombine.Quality:1                ; cheap slight out of focus]]
[2020.10.08-13.42.41:926][  0]LogConfig: Setting CVar [[r.DOF.Recombine.EnableBokehSettings:0    ; no bokeh simulation on slight out of focus]]
[2020.10.08-13.42.41:926][  0]LogConfig: Setting CVar [[r.DOF.TemporalAAQuality:1                ; more stable temporal accumulation]]
[2020.10.08-13.42.41:926][  0]LogConfig: Setting CVar [[r.DOF.Kernel.MaxForegroundRadius:0.025]]
[2020.10.08-13.42.41:926][  0]LogConfig: Setting CVar [[r.DOF.Kernel.MaxBackgroundRadius:0.025]]
[2020.10.08-13.42.41:926][  0]LogConfig: Applying CVar settings from Section [TextureQuality@3] File [C:/Users/454928/Documents/School/Year 4/SSS/Project/VRLivePerformance/UnrealVRLivePerformance/UnrealVR/Saved/Config/Windows/Scalability.ini]
[2020.10.08-13.42.41:926][  0]LogConfig: Setting CVar [[r.Streaming.MipBias:0]]
[2020.10.08-13.42.41:926][  0]LogConfig: Setting CVar [[r.Streaming.AmortizeCPUToGPUCopy:0]]
[2020.10.08-13.42.41:926][  0]LogConfig: Setting CVar [[r.Streaming.MaxNumTexturesToStreamPerFrame:0]]
[2020.10.08-13.42.41:926][  0]LogConfig: Setting CVar [[r.Streaming.Boost:1]]
[2020.10.08-13.42.41:926][  0]LogConfig: Setting CVar [[r.MaxAnisotropy:8]]
[2020.10.08-13.42.41:926][  0]LogConfig: Setting CVar [[r.VT.MaxAnisotropy:8]]
[2020.10.08-13.42.41:926][  0]LogConfig: Setting CVar [[r.Streaming.LimitPoolSizeToVRAM:0]]
[2020.10.08-13.42.41:926][  0]LogConfig: Setting CVar [[r.Streaming.PoolSize:1000]]
[2020.10.08-13.42.41:927][  0]LogConfig: Setting CVar [[r.Streaming.MaxEffectiveScreenSize:0]]
[2020.10.08-13.42.41:927][  0]LogConfig: Applying CVar settings from Section [EffectsQuality@3] File [C:/Users/454928/Documents/School/Year 4/SSS/Project/VRLivePerformance/UnrealVRLivePerformance/UnrealVR/Saved/Config/Windows/Scalability.ini]
[2020.10.08-13.42.41:927][  0]LogConfig: Setting CVar [[r.TranslucencyLightingVolumeDim:64]]
[2020.10.08-13.42.41:927][  0]LogConfig: Setting CVar [[r.RefractionQuality:2]]
[2020.10.08-13.42.41:927][  0]LogConfig: Setting CVar [[r.SSR.Quality:3]]
[2020.10.08-13.42.41:927][  0]LogConfig: Setting CVar [[r.SSR.HalfResSceneColor:0]]
[2020.10.08-13.42.41:927][  0]LogConfig: Setting CVar [[r.SceneColorFormat:4]]
[2020.10.08-13.42.41:927][  0]LogConfig: Setting CVar [[r.DetailMode:2]]
[2020.10.08-13.42.41:927][  0]LogConfig: Setting CVar [[r.TranslucencyVolumeBlur:1]]
[2020.10.08-13.42.41:927][  0]LogConfig: Setting CVar [[r.MaterialQualityLevel:1 ; High quality]]
[2020.10.08-13.42.41:927][  0]LogConfig: Setting CVar [[r.SSS.Scale:1]]
[2020.10.08-13.42.41:927][  0]LogConfig: Setting CVar [[r.SSS.SampleSet:2]]
[2020.10.08-13.42.41:927][  0]LogConfig: Setting CVar [[r.SSS.Quality:1]]
[2020.10.08-13.42.41:927][  0]LogConfig: Setting CVar [[r.SSS.HalfRes:0]]
[2020.10.08-13.42.41:927][  0]LogConfig: Setting CVar [[r.SSGI.Quality:3]]
[2020.10.08-13.42.41:927][  0]LogConfig: Setting CVar [[r.EmitterSpawnRateScale:1.0]]
[2020.10.08-13.42.41:927][  0]LogConfig: Setting CVar [[r.ParticleLightQuality:2]]
[2020.10.08-13.42.41:927][  0]LogConfig: Setting CVar [[r.SkyAtmosphere.AerialPerspectiveLUT.FastApplyOnOpaque:1 ; Always have FastSkyLUT 1 in this case to avoid wrong sky]]
[2020.10.08-13.42.41:927][  0]LogConfig: Setting CVar [[r.SkyAtmosphere.AerialPerspectiveLUT.SampleCountPerSlice:1]]
[2020.10.08-13.42.41:927][  0]LogConfig: Setting CVar [[r.SkyAtmosphere.AerialPerspectiveLUT.DepthResolution:16.0]]
[2020.10.08-13.42.41:927][  0]LogConfig: Setting CVar [[r.SkyAtmosphere.FastSkyLUT:1]]
[2020.10.08-13.42.41:927][  0]LogConfig: Setting CVar [[r.SkyAtmosphere.FastSkyLUT.SampleCountMin:4.0]]
[2020.10.08-13.42.41:927][  0]LogConfig: Setting CVar [[r.SkyAtmosphere.FastSkyLUT.SampleCountMax:32.0]]
[2020.10.08-13.42.41:927][  0]LogConfig: Setting CVar [[r.SkyAtmosphere.SampleCountMin:4.0]]
[2020.10.08-13.42.41:927][  0]LogConfig: Setting CVar [[r.SkyAtmosphere.SampleCountMax:32.0]]
[2020.10.08-13.42.41:927][  0]LogConfig: Setting CVar [[r.SkyAtmosphere.TransmittanceLUT.UseSmallFormat:0]]
[2020.10.08-13.42.41:927][  0]LogConfig: Setting CVar [[r.SkyAtmosphere.TransmittanceLUT.SampleCount:10.0]]
[2020.10.08-13.42.41:927][  0]LogConfig: Setting CVar [[r.SkyAtmosphere.MultiScatteringLUT.SampleCount:15.0]]
[2020.10.08-13.42.41:927][  0]LogConfig: Applying CVar settings from Section [FoliageQuality@3] File [C:/Users/454928/Documents/School/Year 4/SSS/Project/VRLivePerformance/UnrealVRLivePerformance/UnrealVR/Saved/Config/Windows/Scalability.ini]
[2020.10.08-13.42.41:927][  0]LogConfig: Setting CVar [[foliage.DensityScale:1.0]]
[2020.10.08-13.42.41:927][  0]LogConfig: Setting CVar [[grass.DensityScale:1.0]]
[2020.10.08-13.42.41:927][  0]LogConfig: Applying CVar settings from Section [ShadingQuality@3] File [C:/Users/454928/Documents/School/Year 4/SSS/Project/VRLivePerformance/UnrealVRLivePerformance/UnrealVR/Saved/Config/Windows/Scalability.ini]
[2020.10.08-13.42.41:927][  0]LogConfig: Setting CVar [[r.HairStrands.SkyLighting.SampleCount:16]]
[2020.10.08-13.42.41:927][  0]LogConfig: Setting CVar [[r.HairStrands.SkyLighting.JitterIntegration:0]]
[2020.10.08-13.42.41:927][  0]LogConfig: Setting CVar [[r.HairStrands.SkyAO.SampleCount:16]]
[2020.10.08-13.42.41:927][  0]LogConfig: Setting CVar [[r.HairStrands.DeepShadow.SuperSampling:0]]
[2020.10.08-13.42.41:927][  0]LogConfig: Setting CVar [[r.HairStrands.VisibilityPPLL:0]]
[2020.10.08-13.42.41:927][  0]LogConfig: Setting CVar [[r.HairStrands.RasterizationScale:0.5]]
[2020.10.08-13.42.41:927][  0]LogConfig: Setting CVar [[r.HairStrands.VelocityRasterizationScale:1]]
[2020.10.08-13.42.41:927][  0]LogConfig: Applying CVar settings from Section [Startup] File [../../../Engine/Config/ConsoleVariables.ini]
[2020.10.08-13.42.41:927][  0]LogConfig: Setting CVar [[net.UseAdaptiveNetUpdateFrequency:0]]
[2020.10.08-13.42.41:927][  0]LogConfig: Setting CVar [[p.chaos.AllowCreatePhysxBodies:1]]
[2020.10.08-13.42.41:928][  0]LogConfig: Setting CVar [[fx.SkipVectorVMBackendOptimizations:1]]
[2020.10.08-13.42.41:928][  0]LogConfig: Applying CVar settings from Section [ConsoleVariables] File [C:/Users/454928/Documents/School/Year 4/SSS/Project/VRLivePerformance/UnrealVRLivePerformance/UnrealVR/Saved/Config/Windows/Engine.ini]
[2020.10.08-13.42.41:928][  0]LogInit: Computer: DESKTOP-MHPMF2O
[2020.10.08-13.42.41:928][  0]LogInit: User: 454928
[2020.10.08-13.42.41:928][  0]LogInit: CPU Page size=4096, Cores=4
[2020.10.08-13.42.41:928][  0]LogInit: High frequency timer resolution =10.000000 MHz
[2020.10.08-13.42.41:928][  0]LogMemory: Memory total: Physical=16.0GB (16GB approx)
[2020.10.08-13.42.41:928][  0]LogMemory: Platform Memory Stats for Windows
[2020.10.08-13.42.41:928][  0]LogMemory: Process Physical Memory: 120.92 MB used, 120.92 MB peak
[2020.10.08-13.42.41:928][  0]LogMemory: Process Virtual Memory: 106.18 MB used, 106.18 MB peak
[2020.10.08-13.42.41:928][  0]LogMemory: Physical Memory: 10231.62 MB used,  6117.09 MB free, 16348.71 MB total
[2020.10.08-13.42.41:928][  0]LogMemory: Virtual Memory: 5180.20 MB used,  134212544.00 MB free, 134217728.00 MB total
[2020.10.08-13.42.41:934][  0]LogWindows: WindowsPlatformFeatures enabled
[2020.10.08-13.42.41:986][  0]LogInit: Physics initialised using underlying interface: PhysX
[2020.10.08-13.42.41:987][  0]LogInit: Using OS detected language (en-US).
[2020.10.08-13.42.41:987][  0]LogInit: Using OS detected locale (en-NL).
[2020.10.08-13.42.41:991][  0]LogTextLocalizationManager: No specific localization for 'en-US' exists, so the 'en' localization will be used.
[2020.10.08-13.42.42:228][  0]LogInit: Setting process to per monitor DPI aware
[2020.10.08-13.42.42:273][  0]LogSlate: New Slate User Created.  User Index 0, Is Virtual User: 0
[2020.10.08-13.42.42:273][  0]LogSlate: Slate User Registered.  User Index 0, Is Virtual User: 0
[2020.10.08-13.42.42:425][  0]LogD3D11RHI: D3D11 min allowed feature level: 11_0
[2020.10.08-13.42.42:425][  0]LogD3D11RHI: D3D11 max allowed feature level: 11_0
[2020.10.08-13.42.42:425][  0]LogD3D11RHI: D3D11 adapters:
[2020.10.08-13.42.42:487][  0]LogD3D11RHI:    0. 'NVIDIA GeForce GTX 1060 6GB' (Feature Level 11_0)
[2020.10.08-13.42.42:487][  0]LogD3D11RHI:       6052/0/8174 MB DedicatedVideo/DedicatedSystem/SharedSystem, Outputs:3, VendorId:0x10de
[2020.10.08-13.42.42:490][  0]LogD3D11RHI:    1. 'Microsoft Basic Render Driver' (Feature Level 11_0)
[2020.10.08-13.42.42:490][  0]LogD3D11RHI:       0/0/8174 MB DedicatedVideo/DedicatedSystem/SharedSystem, Outputs:0, VendorId:0x1414
[2020.10.08-13.42.42:490][  0]LogD3D11RHI: Chosen D3D11 Adapter: 0
[2020.10.08-13.42.42:499][  0]LogD3D11RHI: Creating new Direct3DDevice
[2020.10.08-13.42.42:499][  0]LogD3D11RHI:     GPU DeviceId: 0x1c03 (for the marketing name, search the web for "GPU Device Id")
[2020.10.08-13.42.42:499][  0]LogWindows: EnumDisplayDevices:
[2020.10.08-13.42.42:499][  0]LogWindows:    0. 'NVIDIA GeForce GTX 1060 6GB' (P:1 D:1)
[2020.10.08-13.42.42:500][  0]LogWindows:    1. 'NVIDIA GeForce GTX 1060 6GB' (P:0 D:1)
[2020.10.08-13.42.42:500][  0]LogWindows:    2. 'NVIDIA GeForce GTX 1060 6GB' (P:0 D:1)
[2020.10.08-13.42.42:500][  0]LogWindows:    3. 'NVIDIA GeForce GTX 1060 6GB' (P:0 D:0)
[2020.10.08-13.42.42:501][  0]LogWindows: DebugString: FoundDriverCount:4 
[2020.10.08-13.42.42:501][  0]LogD3D11RHI:     Adapter Name: NVIDIA GeForce GTX 1060 6GB
[2020.10.08-13.42.42:501][  0]LogD3D11RHI:   Driver Version: 456.55 (internal:27.21.14.5655, unified:456.55)
[2020.10.08-13.42.42:501][  0]LogD3D11RHI:      Driver Date: 9-24-2020
[2020.10.08-13.42.42:501][  0]LogRHI: Texture pool is 4236 MB (70% of 6052 MB)
[2020.10.08-13.42.42:547][  0]LogD3D11RHI: RHI has support for 64 bit atomics
[2020.10.08-13.42.42:550][  0]LogD3D11RHI: [Aftermath] Enabled and primed
[2020.10.08-13.42.42:550][  0]LogD3D11RHI: Async texture creation enabled
[2020.10.08-13.42.42:550][  0]LogD3D11RHI: Array index from any shader is supported
[2020.10.08-13.42.42:552][  0]LogD3D11RHI: HDR output is supported on display 0 (NvId: 0x80061082).
[2020.10.08-13.42.42:575][  0]LogD3D11RHI: GPU Timing Frequency: 1000.000000 (Debug: 2 1)
[2020.10.08-13.42.42:908][  0]LogTargetPlatformManager: Display: Loaded TargetPlatform 'AllDesktop'
[2020.10.08-13.42.42:935][  0]LogTargetPlatformManager: Display: Loaded TargetPlatform 'Android'
[2020.10.08-13.42.42:935][  0]LogTargetPlatformManager: Display: Loaded TargetPlatform 'Android_ASTC'
[2020.10.08-13.42.42:935][  0]LogTargetPlatformManager: Display: Loaded TargetPlatform 'Android_DXT'
[2020.10.08-13.42.42:935][  0]LogTargetPlatformManager: Display: Loaded TargetPlatform 'Android_ETC2'
[2020.10.08-13.42.42:935][  0]LogTargetPlatformManager: Display: Loaded TargetPlatform 'AndroidClient'
[2020.10.08-13.42.42:935][  0]LogTargetPlatformManager: Display: Loaded TargetPlatform 'Android_ASTCClient'
[2020.10.08-13.42.42:935][  0]LogTargetPlatformManager: Display: Loaded TargetPlatform 'Android_DXTClient'
[2020.10.08-13.42.42:935][  0]LogTargetPlatformManager: Display: Loaded TargetPlatform 'Android_ETC2Client'
[2020.10.08-13.42.42:935][  0]LogTargetPlatformManager: Display: Loaded TargetPlatform 'Android_Multi'
[2020.10.08-13.42.42:935][  0]LogTargetPlatformManager: Display: Loaded TargetPlatform 'Android_MultiClient'
[2020.10.08-13.42.42:961][  0]LogTargetPlatformManager: Display: Loaded TargetPlatform 'IOSClient'
[2020.10.08-13.42.42:961][  0]LogTargetPlatformManager: Display: Loaded TargetPlatform 'IOS'
[2020.10.08-13.42.42:973][  0]LogTargetPlatformManager: Display: Loaded TargetPlatform 'Linux'
[2020.10.08-13.42.42:984][  0]LogTargetPlatformManager: Display: Loaded TargetPlatform 'LinuxNoEditor'
[2020.10.08-13.42.42:994][  0]LogTargetPlatformManager: Display: Loaded TargetPlatform 'LinuxClient'
[2020.10.08-13.42.43:004][  0]LogTargetPlatformManager: Display: Loaded TargetPlatform 'LinuxServer'
[2020.10.08-13.42.43:015][  0]LogTargetPlatformManager: Display: Loaded TargetPlatform 'LinuxAArch64NoEditor'
[2020.10.08-13.42.43:025][  0]LogTargetPlatformManager: Display: Loaded TargetPlatform 'LinuxAArch64Client'
[2020.10.08-13.42.43:035][  0]LogTargetPlatformManager: Display: Loaded TargetPlatform 'LinuxAArch64Server'
[2020.10.08-13.42.43:065][  0]LogTargetPlatformManager: Display: Loaded TargetPlatform 'Lumin'
[2020.10.08-13.42.43:065][  0]LogTargetPlatformManager: Display: Loaded TargetPlatform 'LuminClient'
[2020.10.08-13.42.43:084][  0]LogTargetPlatformManager: Display: Loaded TargetPlatform 'TVOSClient'
[2020.10.08-13.42.43:084][  0]LogTargetPlatformManager: Display: Loaded TargetPlatform 'TVOS'
[2020.10.08-13.42.43:094][  0]LogTargetPlatformManager: Display: Loaded TargetPlatform 'WindowsNoEditor'
[2020.10.08-13.42.43:104][  0]LogTargetPlatformManager: Display: Loaded TargetPlatform 'Windows'
[2020.10.08-13.42.43:115][  0]LogTargetPlatformManager: Display: Loaded TargetPlatform 'WindowsClient'
[2020.10.08-13.42.43:126][  0]LogTargetPlatformManager: Display: Loaded TargetPlatform 'WindowsServer'
[2020.10.08-13.42.43:126][  0]LogTargetPlatformManager: Display: Building Assets For Windows
[2020.10.08-13.42.43:134][  0]LogAudioDebug: Display: Lib vorbis DLL was dynamically loaded.
[2020.10.08-13.42.43:197][  0]LogShaderCompilers: Guid format shader working directory is -71 characters bigger than the processId version (../../../../../../Users/454928/Documents/School/Year 4/SSS/Project/VRLivePerformance/UnrealVRLivePerformance/UnrealVR/Intermediate/Shaders/WorkingDirectory/23700/).
[2020.10.08-13.42.43:197][  0]LogShaderCompilers: Cleaned the shader compiler working directory 'C:/Users/454928/AppData/Local/Temp/UnrealShaderWorkingDir/1B1C6973455CA74FCF7F3EB9615E4EEC/'.
[2020.10.08-13.42.43:198][  0]LogXGEController: Cannot use XGE Controller as Incredibuild is not installed on this machine.
[2020.10.08-13.42.43:198][  0]LogShaderCompilers: Cannot use XGE Shader Compiler as Incredibuild is not installed on this machine.
[2020.10.08-13.42.43:198][  0]LogShaderCompilers: Display: Using Local Shader Compiler.
[2020.10.08-13.42.44:089][  0]LogDerivedDataCache: Display: Max Cache Size: 512 MB
[2020.10.08-13.42.44:165][  0]LogDerivedDataCache: Loaded boot cache 0.07s 94MB C:/Users/454928/AppData/Local/UnrealEngine/4.25/DerivedDataCache/Boot.ddc.
[2020.10.08-13.42.44:165][  0]LogDerivedDataCache: Display: Loaded Boot cache: C:/Users/454928/AppData/Local/UnrealEngine/4.25/DerivedDataCache/Boot.ddc
[2020.10.08-13.42.44:165][  0]LogDerivedDataCache: FDerivedDataBackendGraph:  Pak pak cache file ../../../../../../Users/454928/Documents/School/Year 4/SSS/Project/VRLivePerformance/UnrealVRLivePerformance/UnrealVR/DerivedDataCache/DDC.ddp not found, will not use a pak cache.
[2020.10.08-13.42.44:165][  0]LogDerivedDataCache: Unable to find inner node Pak for hierarchical cache Hierarchy.
[2020.10.08-13.42.44:165][  0]LogDerivedDataCache: FDerivedDataBackendGraph:  CompressedPak pak cache file ../../../../../../Users/454928/Documents/School/Year 4/SSS/Project/VRLivePerformance/UnrealVRLivePerformance/UnrealVR/DerivedDataCache/Compressed.ddp not found, will not use a pak cache.
[2020.10.08-13.42.44:165][  0]LogDerivedDataCache: Unable to find inner node CompressedPak for hierarchical cache Hierarchy.
[2020.10.08-13.42.44:177][  0]LogDerivedDataCache: Display: Pak cache opened for reading ../../../Engine/DerivedDataCache/Compressed.ddp.
[2020.10.08-13.42.44:177][  0]LogDerivedDataCache: FDerivedDataBackendGraph:  EnterprisePak pak cache file ../../../Enterprise/DerivedDataCache/Compressed.ddp not found, will not use a pak cache.
[2020.10.08-13.42.44:177][  0]LogDerivedDataCache: Unable to find inner node EnterprisePak for hierarchical cache Hierarchy.
[2020.10.08-13.42.44:178][  0]LogDerivedDataCache: Using Local data cache path C:/Users/454928/AppData/Local/UnrealEngine/Common/DerivedDataCache: Writable
[2020.10.08-13.42.44:179][  0]LogDerivedDataCache: Shared data cache path not found in *engine.ini, will not use an Shared cache.
[2020.10.08-13.42.44:179][  0]LogDerivedDataCache: Unable to find inner node Shared for hierarchical cache Hierarchy.
[2020.10.08-13.42.44:241][  0]LogSlate: Using FreeType 2.10.0
[2020.10.08-13.42.44:241][  0]LogSlate: SlateFontServices - WITH_FREETYPE: 1, WITH_HARFBUZZ: 1
[2020.10.08-13.42.44:270][  0]LogAssetRegistry: FAssetRegistry took 0.0029 seconds to start up
[2020.10.08-13.42.44:546][  0]LogInit: Selected Device Profile: [Windows]
[2020.10.08-13.42.44:684][  0]LogMeshReduction: Using QuadricMeshReduction for automatic static mesh reduction
[2020.10.08-13.42.44:684][  0]LogMeshReduction: Using SimplygonMeshReduction for automatic skeletal mesh reduction
[2020.10.08-13.42.44:684][  0]LogMeshReduction: Using ProxyLODMeshReduction for automatic mesh merging
[2020.10.08-13.42.44:684][  0]LogMeshReduction: No distributed automatic mesh merging module available
[2020.10.08-13.42.44:684][  0]LogMeshMerging: No distributed automatic mesh merging module available
[2020.10.08-13.42.44:711][  0]LogNetVersion: UnrealVR 1.0.0, NetCL: 13144385, EngineNetVer: 14, GameNetVer: 0 (Checksum: 2192167523)
[2020.10.08-13.42.45:216][  0]LogAISub: UAISubsystem::UAISubsystem AISubsystem (000001BDD2DA4380), frame # 0
[2020.10.08-13.42.45:216][  0]LogAISub: UAISubsystem::UAISubsystem AIPerceptionSystem (000001BDD2CE9080), frame # 0
[2020.10.08-13.42.45:217][  0]LogAISub: UAISubsystem::UAISubsystem EnvQueryManager (000001BDD2D3DC00), frame # 0
[2020.10.08-13.42.45:292][  0]LogPackageLocalizationCache: Processed 20 localized package path(s) for 1 prioritized culture(s) in 0.066393 seconds
[2020.10.08-13.42.45:298][  0]LogUObjectArray: 15917 objects as part of root set at end of initial load.
[2020.10.08-13.42.45:298][  0]LogUObjectAllocator: 3965568 out of 0 bytes used by permanent object pool.
[2020.10.08-13.42.45:298][  0]LogUObjectArray: CloseDisregardForGC: 0/0 objects in disregard for GC pool
[2020.10.08-13.42.45:650][  0]LogTcpMessaging: Initializing TcpMessaging bridge
[2020.10.08-13.42.45:655][  0]LogUdpMessaging: Initializing bridge on interface 0.0.0.0:0 to multicast group 230.0.0.1:6666.
[2020.10.08-13.42.45:746][  0]SourceControl: Source control is disabled
[2020.10.08-13.42.45:746][  0]SourceControl: Source control is disabled
[2020.10.08-13.42.45:749][  0]SourceControl: Source control is disabled
[2020.10.08-13.42.45:753][  0]SourceControl: Source control is disabled
[2020.10.08-13.42.45:762][  0]SourceControl: Source control is disabled
[2020.10.08-13.42.46:146][  0]LogAndroidPermission: UAndroidPermissionCallbackProxy::GetInstance
[2020.10.08-13.42.46:167][  0]LogAudioCaptureCore: Display: No Audio Capture implementations found. Audio input will be silent.
[2020.10.08-13.42.46:167][  0]LogAudioCaptureCore: Display: No Audio Capture implementations found. Audio input will be silent.
[2020.10.08-13.42.46:219][  0]LogOcInput: OculusInput pre-init called
[2020.10.08-13.42.46:518][  0]LogEngine: Initializing Engine...
[2020.10.08-13.42.46:519][  0]LogHMD: Oculus plugin initialized. Version: 4.25.3-13942748+++UE4+Release-4.25, OVRPlugin: 1.44.0
[2020.10.08-13.42.46:520][  0]LogStats: UGameplayTagsManager::InitializeManager -  0.000 s
[2020.10.08-13.42.46:658][  0]LogInit: Initializing FReadOnlyCVARCache
[2020.10.08-13.42.46:670][  0]LogAIModule: Creating AISystem for world Untitled
[2020.10.08-13.42.46:670][  0]LogAISub: UAISubsystem::UAISubsystem EnvQueryManager (000001BDD7E00C00), frame # 0
[2020.10.08-13.42.46:670][  0]LogAISub: UAISubsystem::UAISubsystem AIPerceptionSystem (000001BDD7E28F40), frame # 0
[2020.10.08-13.42.46:688][  0]LogAudioMixer: Display: Audio Mixer Platform Settings:
[2020.10.08-13.42.46:688][  0]LogAudioMixer: Display: 	Sample Rate:						  48000
[2020.10.08-13.42.46:689][  0]LogAudioMixer: Display: 	Callback Buffer Frame Size Requested: 1024
[2020.10.08-13.42.46:689][  0]LogAudioMixer: Display: 	Callback Buffer Frame Size To Use:	  1024
[2020.10.08-13.42.46:689][  0]LogAudioMixer: Display: 	Number of buffers to queue:			  2
[2020.10.08-13.42.46:689][  0]LogAudioMixer: Display: 	Max Channels (voices):				  32
[2020.10.08-13.42.46:689][  0]LogAudioMixer: Display: 	Number of Async Source Workers:		  0
[2020.10.08-13.42.46:689][  0]LogAudio: Display: AudioDevice MaxSources: 32
[2020.10.08-13.42.46:689][  0]LogAudio: Display: Using built-in audio occlusion.
[2020.10.08-13.42.46:689][  0]LogAudioMixer: Display: Initializing audio mixer.
[2020.10.08-13.42.46:714][  0]LogAudioMixer: Display: 0: FrontLeft
[2020.10.08-13.42.46:714][  0]LogAudioMixer: Display: 1: FrontRight
[2020.10.08-13.42.46:801][  0]LogAudioMixer: Display: Using Audio Device Headphones (Arctis 7 Game)
[2020.10.08-13.42.46:805][  0]LogAudioMixer: Display: Initializing Sound Submixes...
[2020.10.08-13.42.46:807][  0]LogAudioMixer: Display: Creating Master Submix 'MasterSubmixDefault'
[2020.10.08-13.42.46:807][  0]LogAudioMixer: Display: Creating Master Submix 'MasterReverbSubmixDefault'
[2020.10.08-13.42.46:808][  0]LogAudioMixer: Display: Creating Master Submix 'MasterEQSubmixDefault'
[2020.10.08-13.42.46:810][  0]LogInit: FAudioDevice initialized.
[2020.10.08-13.42.46:810][  0]LogNetVersion: Set ProjectVersion to 1.0.0.0. Version Checksum will be recalculated on next use.
[2020.10.08-13.42.47:187][  0]LogDerivedDataCache: Saved boot cache 0.38s 94MB C:/Users/454928/AppData/Local/UnrealEngine/4.25/DerivedDataCache/Boot.ddc.
[2020.10.08-13.42.47:192][  0]LogInit: Texture streaming: Enabled
[2020.10.08-13.42.47:210][  0]LogEngineSessionManager: EngineSessionManager initialized
[2020.10.08-13.42.47:210][  0]LogEngineSessionManager: EngineSessionManager sent abnormal shutdown report. Type=AbnormalShutdown, SessionId={8BDA58A7-463D-96FC-5641-78B24763FF4F}
[2020.10.08-13.42.47:210][  0]LogEditorSessionSummary: Verbose: Initializing EditorSessionSummaryWriter for editor session tracking
[2020.10.08-13.42.47:212][  0]LogEditorSessionSummary: EditorSessionSummaryWriter initialized
[2020.10.08-13.42.47:297][  0]LogInit: Transaction tracking system initialized
[2020.10.08-13.42.47:319][  0]BlueprintLog: New page: Editor Load
[2020.10.08-13.42.47:386][  0]LocalizationService: Localization service is disabled
[2020.10.08-13.42.47:551][  0]LogCook: Display: Max memory allowance for cook 16384mb min free memory 0mb
[2020.10.08-13.42.47:551][  0]LogCook: Display: Mobile HDR setting 1
[2020.10.08-13.42.47:677][  0]LogFileCache: Scanning file cache for directory 'C:/Users/454928/Documents/School/Year 4/SSS/Project/VRLivePerformance/UnrealVRLivePerformance/UnrealVR/Content/' took 0.00s
[2020.10.08-13.42.47:924][  0]SourceControl: Source control is disabled
[2020.10.08-13.42.47:924][  0]LogUnrealEdMisc: Loading editor; pre map load, took 7.759
[2020.10.08-13.42.47:924][  0]Cmd: MAP LOAD FILE="../../../Engine/Content/Maps/Templates/Template_Default.umap" TEMPLATE=1 SHOWPROGRESS=1 FEATURELEVEL=3
[2020.10.08-13.42.47:925][  0]LightingResults: New page: Lighting Build
[2020.10.08-13.42.47:925][  0]LogWorld: UWorld::CleanupWorld for Untitled, bSessionEnded=true, bCleanupResources=true
[2020.10.08-13.42.47:925][  0]LogSlate: InvalidateAllWidgets triggered.  All widgets were invalidated
[2020.10.08-13.42.47:926][  0]MapCheck: New page: Map Check
[2020.10.08-13.42.47:926][  0]LightingResults: New page: Lighting Build
[2020.10.08-13.42.47:935][  0]LogAISub: UAISubsystem::~UAISubsystem EnvQueryManager (000001BDD7E00C00), frame # 0
[2020.10.08-13.42.47:935][  0]LogAISub: UAISubsystem::~UAISubsystem AIPerceptionSystem (000001BDD7E28F40), frame # 0
[2020.10.08-13.42.47:936][  0]LogUObjectHash: Compacting FUObjectHashTables data took   0.84ms
[2020.10.08-13.42.48:030][  0]LogAIModule: Creating AISystem for world Untitled_1
[2020.10.08-13.42.48:030][  0]LogAISub: UAISubsystem::UAISubsystem EnvQueryManager (000001BDC2E80A00), frame # 0
[2020.10.08-13.42.48:030][  0]LogAISub: UAISubsystem::UAISubsystem AIPerceptionSystem (000001BDE1A69F80), frame # 0
[2020.10.08-13.42.48:038][  0]LogEditorServer: Finished looking for orphan Actors (0.000 secs)
[2020.10.08-13.42.48:056][  0]LogUObjectHash: Compacting FUObjectHashTables data took   0.81ms
[2020.10.08-13.42.48:057][  0]Cmd: MAP CHECKDEP NOCLEARLOG
[2020.10.08-13.42.48:057][  0]MapCheck: Map check complete: 0 Error(s), 0 Warning(s), took 0,186ms to complete.
[2020.10.08-13.42.48:057][  0]LogFileHelpers: Loading map 'Template_Default' took 0.133
[2020.10.08-13.42.48:060][  0]LogUnrealEdMisc: Total Editor Startup Time, took 7.895
[2020.10.08-13.42.48:335][  0]LogSlate: Updating window title bar state: overlay mode, drag disabled, window buttons hidden, title bar hidden
[2020.10.08-13.42.48:343][  0]LogSlate: Updating window title bar state: overlay mode, drag disabled, window buttons hidden, title bar hidden
[2020.10.08-13.42.48:352][  0]LogSlate: Updating window title bar state: overlay mode, drag disabled, window buttons hidden, title bar hidden
[2020.10.08-13.42.48:361][  0]LogSlate: Updating window title bar state: overlay mode, drag disabled, window buttons hidden, title bar hidden
[2020.10.08-13.42.48:368][  0]LogCollectionManager: Loaded 0 collections in 0.001849 seconds
[2020.10.08-13.42.48:384][  0]LogFileCache: Scanning file cache for directory 'C:/Users/454928/Documents/School/Year 4/SSS/Project/VRLivePerformance/UnrealVRLivePerformance/UnrealVR/Saved/Collections/' took 0.00s
[2020.10.08-13.42.48:384][  0]LogFileCache: Scanning file cache for directory 'C:/Users/454928/Documents/School/Year 4/SSS/Project/VRLivePerformance/UnrealVRLivePerformance/UnrealVR/Content/Developers/454928/Collections/' took 0.00s
[2020.10.08-13.42.48:384][  0]LogFileCache: Scanning file cache for directory 'C:/Users/454928/Documents/School/Year 4/SSS/Project/VRLivePerformance/UnrealVRLivePerformance/UnrealVR/Content/Collections/' took 0.00s
[2020.10.08-13.42.48:384][  0]LogContentBrowser: Native class hierarchy populated in 0.0113 seconds. Added 3435 classes and 827 folders.
[2020.10.08-13.42.48:387][  0]LogContentBrowser: Native class hierarchy updated for 'WidgetCarousel' in 0.0004 seconds. Added 0 classes and 0 folders.
[2020.10.08-13.42.48:444][  0]LogContentBrowser: Native class hierarchy updated for 'AddContentDialog' in 0.0004 seconds. Added 0 classes and 0 folders.
[2020.10.08-13.42.48:445][  0]LogContentBrowser: Native class hierarchy updated for 'SceneOutliner' in 0.0004 seconds. Added 2 classes and 0 folders.
[2020.10.08-13.42.48:534][  0]LogSlate: Took 0.000228 seconds to synchronously load lazily loaded font '../../../Engine/Content/Slate/Fonts/Roboto-Regular.ttf' (155K)
[2020.10.08-13.42.48:535][  0]LogSlate: Took 0.000153 seconds to synchronously load lazily loaded font '../../../Engine/Content/Slate/Fonts/Roboto-Bold.ttf' (160K)
[2020.10.08-13.42.48:540][  0]LogSlate: Took 0.000175 seconds to synchronously load lazily loaded font '../../../Engine/Content/Editor/Slate/Fonts/FontAwesome.ttf' (139K)
[2020.10.08-13.42.48:652][  0]LogRenderer: Reallocating scene render targets to support 1208x572 Format 10 NumSamples 1 (Frame:1).
[2020.10.08-13.42.48:940][  0]LogContentBrowser: Native class hierarchy updated for 'HierarchicalLODOutliner' in 0.0007 seconds. Added 0 classes and 0 folders.
[2020.10.08-13.42.48:940][  0]LogLoad: (Engine Initialization) Total time: 8.78 seconds
[2020.10.08-13.42.48:940][  0]LogLoad: (Engine Initialization) Total Blueprint compile time: 0.00 seconds
[2020.10.08-13.42.48:957][  0]LogOcInput: OculusInput is initialized
[2020.10.08-13.42.48:996][  0]LogAssetRegistry: Asset discovery search completed in 4.7261 seconds
[2020.10.08-13.42.49:001][  0]LogCollectionManager: Fixed up redirectors for 0 collections in 0.000003 seconds (updated 0 objects)
[2020.10.08-13.42.49:003][  0]LogContentStreaming: Texture pool size now 1000 MB
[2020.10.08-13.42.49:029][  0]LogSlate: Took 0.000148 seconds to synchronously load lazily loaded font '../../../Engine/Content/Slate/Fonts/Roboto-Light.ttf' (167K)
[2020.10.08-13.42.49:041][  1]LogFileCache: Retrieving MD5 hashes for directory 'C:/Users/454928/Documents/School/Year 4/SSS/Project/VRLivePerformance/UnrealVRLivePerformance/UnrealVR/Content/' took 0.08s
[2020.10.08-13.42.54:970][639]LogSlate: Took 0.000306 seconds to synchronously load lazily loaded font '../../../Engine/Content/Slate/Fonts/Roboto-Light.ttf' (167K)
[2020.10.08-13.42.55:164][639]LogBlueprint: Warning: [Compiler PersistentLevel.Lobby] Node  Unknown  is not referencing a valid level actor
[2020.10.08-13.42.55:217][639]LogAssetEditorSubsystem: Opening Asset editor for World /Game/Maps/Lobby/Lobby.Lobby
[2020.10.08-13.42.55:228][639]LogUObjectHash: Compacting FUObjectHashTables data took   0.91ms
[2020.10.08-13.42.55:229][639]LightingResults: New page: Lighting Build
[2020.10.08-13.42.55:230][639]LoadErrors: New page: Loading map: Lobby.umap
[2020.10.08-13.42.55:230][639]LogWorld: UWorld::CleanupWorld for Untitled_1, bSessionEnded=true, bCleanupResources=true
[2020.10.08-13.42.55:230][639]LogSlate: InvalidateAllWidgets triggered.  All widgets were invalidated
[2020.10.08-13.42.55:230][639]MapCheck: New page: Map Check
[2020.10.08-13.42.55:230][639]LightingResults: New page: Lighting Build
[2020.10.08-13.42.55:240][639]LogAISub: UAISubsystem::~UAISubsystem EnvQueryManager (000001BDC2E80A00), frame # 639
[2020.10.08-13.42.55:240][639]LogAISub: UAISubsystem::~UAISubsystem AIPerceptionSystem (000001BDE1A69F80), frame # 639
[2020.10.08-13.42.55:241][639]LogUObjectHash: Compacting FUObjectHashTables data took   0.77ms
[2020.10.08-13.42.55:316][639]LogEditorServer: Finished looking for orphan Actors (0.000 secs)
[2020.10.08-13.42.55:316][639]LogAIModule: Creating AISystem for world Lobby
[2020.10.08-13.42.55:316][639]LogAISub: UAISubsystem::UAISubsystem EnvQueryManager (000001BDE966E200), frame # 639
[2020.10.08-13.42.55:316][639]LogAISub: UAISubsystem::UAISubsystem AIPerceptionSystem (000001BDFEB87380), frame # 639
[2020.10.08-13.42.55:328][639]LogUObjectHash: Compacting FUObjectHashTables data took   0.70ms
[2020.10.08-13.42.55:379][639]Cmd: MAP CHECKDEP NOCLEARLOG
[2020.10.08-13.42.55:379][639]MapCheck: Map check complete: 0 Error(s), 0 Warning(s), took 0,27ms to complete.
[2020.10.08-13.42.55:379][639]LogFileHelpers: Loading map 'Lobby' took 0.150
[2020.10.08-13.42.56:573][749]LogEditorViewport: Clicking on Actor (LMB): InteractableObject_C (InteractableCube)
[2020.10.08-13.42.59:319][ 58]LogAssetEditorSubsystem: Opening Asset editor for Blueprint /Game/Blueprints/Temp/InteractableObject.InteractableObject
[2020.10.08-13.42.59:531][ 58]LogContentBrowser: Native class hierarchy updated for 'BlueprintGraph' in 0.0008 seconds. Added 125 classes and 0 folders.
[2020.10.08-13.43.00:616][ 58]LogSlate: Took 0.000294 seconds to synchronously load lazily loaded font '../../../Engine/Content/Slate/Fonts/Roboto-BoldCondensed.ttf' (158K)
[2020.10.08-13.43.08:335][625]BlueprintLog: New page: Compile InteractableObject
[2020.10.08-13.43.08:389][625]LogUObjectHash: Compacting FUObjectHashTables data took   2.14ms
[2020.10.08-13.43.08:450][625]LogSlate: Took 0.000128 seconds to synchronously load lazily loaded font '../../../Engine/Content/Slate/Fonts/DroidSansMono.ttf' (77K)
[2020.10.08-13.43.09:105][663]LogSavePackage: Moving '../../../../../../Users/454928/Documents/School/Year 4/SSS/Project/VRLivePerformance/UnrealVRLivePerformance/UnrealVR/Saved/InteractableObject72791AD2403F153DB3CE06B0521394C6.tmp' to '../../../../../../Users/454928/Documents/School/Year 4/SSS/Project/VRLivePerformance/UnrealVRLivePerformance/UnrealVR/Content/Blueprints/Temp/InteractableObject.uasset'
[2020.10.08-13.43.09:124][663]AssetCheck: New page: Asset Save: InteractableObject
[2020.10.08-13.43.09:124][663]LogContentValidation: Display: Validating Blueprint /Game/Blueprints/Temp/InteractableObject.InteractableObject
[2020.10.08-13.43.10:236][742]LogTemp: Repeating last play command: VR Preview
[2020.10.08-13.43.10:266][742]LogPlayLevel: PlayLevel: No blueprints needed recompiling
[2020.10.08-13.43.10:267][742]LogHMD: Initializing OVRPlugin session
[2020.10.08-13.43.10:414][742]LogHMD: Allocating Oculus 3008 x 1616 rendertarget swapchain
[2020.10.08-13.43.10:415][742]PIE: New page: PIE session: Lobby (8 Oct 2020, 17:43:10)
[2020.10.08-13.43.10:416][742]LogOnline: OSS: Creating online subsystem instance for: NULL
[2020.10.08-13.43.10:418][742]LogOnline: OSS: TryLoadSubsystemAndSetDefault: Loaded subsystem for module [NULL]
[2020.10.08-13.43.10:418][742]LogPlayLevel: Creating play world package: /Game/Maps/Lobby/UEDPIE_0_Lobby
[2020.10.08-13.43.10:422][742]LogPlayLevel: PIE: StaticDuplicateObject took: (0.004432s)
[2020.10.08-13.43.10:424][742]LogAIModule: Creating AISystem for world Lobby
[2020.10.08-13.43.10:424][742]LogAISub: UAISubsystem::UAISubsystem EnvQueryManager (000001BDE92B7E00), frame # 1742
[2020.10.08-13.43.10:424][742]LogAISub: UAISubsystem::UAISubsystem AIPerceptionSystem (000001BDE92C3D80), frame # 1742
[2020.10.08-13.43.10:424][742]LogPlayLevel: PIE: World Init took: (0.001401s)
[2020.10.08-13.43.10:424][742]LogPlayLevel: PIE: Created PIE world by copying editor world from /Game/Maps/Lobby/Lobby.Lobby to /Game/Maps/Lobby/UEDPIE_0_Lobby.Lobby (0.006008s)
[2020.10.08-13.43.10:445][742]LogUObjectHash: Compacting FUObjectHashTables data took   2.16ms
[2020.10.08-13.43.10:447][742]LogAudioMixer: Display: Audio Mixer Platform Settings:
[2020.10.08-13.43.10:447][742]LogAudioMixer: Display: 	Sample Rate:						  48000
[2020.10.08-13.43.10:447][742]LogAudioMixer: Display: 	Callback Buffer Frame Size Requested: 1024
[2020.10.08-13.43.10:447][742]LogAudioMixer: Display: 	Callback Buffer Frame Size To Use:	  1024
[2020.10.08-13.43.10:447][742]LogAudioMixer: Display: 	Number of buffers to queue:			  2
[2020.10.08-13.43.10:447][742]LogAudioMixer: Display: 	Max Channels (voices):				  32
[2020.10.08-13.43.10:447][742]LogAudioMixer: Display: 	Number of Async Source Workers:		  0
[2020.10.08-13.43.10:447][742]LogAudio: Display: AudioDevice MaxSources: 32
[2020.10.08-13.43.10:448][742]LogAudio: Display: Using built-in audio occlusion.
[2020.10.08-13.43.10:448][742]LogAudioMixer: Display: Initializing audio mixer.
[2020.10.08-13.43.10:453][742]LogAudioMixer: Display: 0: FrontLeft
[2020.10.08-13.43.10:453][742]LogAudioMixer: Display: 1: FrontRight
[2020.10.08-13.43.10:456][742]LogAudioMixer: Display: 0: FrontLeft
[2020.10.08-13.43.10:456][742]LogAudioMixer: Display: 1: FrontRight
[2020.10.08-13.43.10:458][742]LogAudioMixer: Display: 0: FrontLeft
[2020.10.08-13.43.10:458][742]LogAudioMixer: Display: 1: FrontRight
[2020.10.08-13.43.10:461][742]LogAudioMixer: Display: 0: FrontLeft
[2020.10.08-13.43.10:461][742]LogAudioMixer: Display: 1: FrontRight
[2020.10.08-13.43.10:463][742]LogAudioMixer: Display: 0: FrontLeft
[2020.10.08-13.43.10:463][742]LogAudioMixer: Display: 1: FrontRight
[2020.10.08-13.43.10:468][742]LogAudioMixer: Display: 0: FrontLeft
[2020.10.08-13.43.10:468][742]LogAudioMixer: Display: 1: FrontRight
[2020.10.08-13.43.10:534][742]LogAudioMixer: Display: Using Audio Device Headphones (2- Rift S)
[2020.10.08-13.43.10:535][742]LogAudioMixer: Display: Initializing Sound Submixes...
[2020.10.08-13.43.10:535][742]LogAudioMixer: Display: Creating Master Submix 'MasterSubmixDefault'
[2020.10.08-13.43.10:535][742]LogAudioMixer: Display: Creating Master Submix 'MasterReverbSubmixDefault'
[2020.10.08-13.43.10:535][742]LogAudioMixer: Display: Creating Master Submix 'MasterEQSubmixDefault'
[2020.10.08-13.43.10:551][742]LogInit: FAudioDevice initialized.
[2020.10.08-13.43.10:565][742]LogSlate: Updating window title bar state: overlay mode, drag disabled, window buttons hidden, title bar hidden
[2020.10.08-13.43.10:624][742]LogLoad: Game class is 'GameModeBase'
[2020.10.08-13.43.10:626][742]LogWorld: Bringing World /Game/Maps/Lobby/UEDPIE_0_Lobby.Lobby up for play (max tick rate 0) at 2020.10.08-15.43.10
[2020.10.08-13.43.10:627][742]LogWorld: Bringing up level for play took: 0.001552
[2020.10.08-13.43.10:627][742]LogOnline: OSS: Creating online subsystem instance for: :Context_3
[2020.10.08-13.43.10:631][742]LogContentBrowser: Native class hierarchy updated for 'MovieSceneCapture' in 0.0006 seconds. Added 20 classes and 0 folders.
[2020.10.08-13.43.10:640][742]PIE: Server logged in
[2020.10.08-13.43.10:644][742]PIE: Play in editor total start time 0,382 seconds.
[2020.10.08-13.43.10:645][742]LogEngine: Changing dynamic resolution state.
[2020.10.08-13.43.10:660][742]LogRenderer: Warning: Resizing VR buffer to 3008 by 1616
[2020.10.08-13.43.10:660][742]LogRenderer: Reallocating scene render targets to support 3008x1616 Format 10 NumSamples 1 (Frame:1).
[2020.10.08-13.43.10:660][742]LogHMD: Allocating Oculus 3008 x 1616 depth rendertarget swapchain
[2020.10.08-13.43.17:619][164]LogBlueprintUserMessages: [InteractableCube] OnSelect
[2020.10.08-13.43.17:643][166]LogProfilingDebugging: Allocated a 1024 x 1024 texture for HMD canvas layer
[2020.10.08-13.43.18:532][232]LogNet: Browse: /Game/Maps/EnvironmentMaps/SkyscraperMap/StageLevel
[2020.10.08-13.43.18:532][232]LogLoadingSplash: Loading texture for splash rp_manuel_animated_001_dif...
[2020.10.08-13.43.18:534][232]LogLoadingSplash: ...Success. 
[2020.10.08-13.43.18:534][232]LogHMD: FSplash::OnShow
[2020.10.08-13.43.18:534][232]LogLoad: LoadMap: /Game/Maps/EnvironmentMaps/SkyscraperMap/StageLevel
[2020.10.08-13.43.18:534][232]LogWorld: BeginTearingDown for /Game/Maps/Lobby/UEDPIE_0_Lobby
[2020.10.08-13.43.18:535][232]LogWorld: UWorld::CleanupWorld for Lobby, bSessionEnded=true, bCleanupResources=true
[2020.10.08-13.43.18:535][232]LogSlate: InvalidateAllWidgets triggered.  All widgets were invalidated
